{"start_time": 1569073773.4355683, "plan": [[[{"Plan": {"Actual Startup Time": 0.093, "Plan Rows": 1, "Node Type": "Aggregate", "Actual Loops": 1, "Actual Total Time": 0.093, "Actual Rows": 1, "Plan Width": 32, "Startup Cost": 82399.85, "Strategy": "Plain", "Total Cost": 82399.86, "Plans": [{"Actual Startup Time": 0.091, "Plan Rows": 1, "Join Filter": "(mi.movie_id = t.id)", "Actual Loops": 1, "Startup Cost": 66.99, "Rows Removed by Join Filter": 0, "Plans": [{"Actual Startup Time": 0.09, "Plan Rows": 1, "Join Filter": "(ci.person_id = n.id)", "Actual Loops": 1, "Startup Cost": 66.56, "Rows Removed by Join Filter": 0, "Plans": [{"Actual Startup Time": 0.089, "Plan Rows": 1, "Join Filter": "(mi.info_type_id = it.id)", "Actual Loops": 1, "Startup Cost": 66.13, "Rows Removed by Join Filter": 0, "Plans": [{"Actual Startup Time": 0.089, "Plan Rows": 1, "Actual Loops": 1, "Startup Cost": 66.13, "Plans": [{"Actual Startup Time": 0.089, "Plan Rows": 1, "Actual Loops": 1, "Startup Cost": 65.71, "Plans": [{"Actual Startup Time": 0.089, "Plan Rows": 1, "Join Filter": "(mi.movie_id = ci.movie_id)", "Actual Loops": 1, "Startup Cost": 65.28, "Rows Removed by Join Filter": 0, "Plans": [{"Actual Startup Time": 0.089, "Plan Rows": 1, "Actual Loops": 1, "Startup Cost": 21.71, "Hash Cond": "(mc.movie_id = mi.movie_id)", "Plans": [{"Actual Startup Time": 0.029, "Plan Rows": 156134, "Actual Loops": 1, "Rows Removed by Filter": 5, "Startup Cost": 0.0, "Alias": "mc", "Node Type": "Seq Scan", "Actual Total Time": 0.029, "Actual Rows": 1, "Relation Name": "movie_companies", "Filter": "((note IS NOT NULL) AND ((note ~~ '%(2006)%'::text) OR (note ~~ '%(theatrical)%'::text)))", "Parent Relationship": "Outer", "Total Cost": 57926.93, "Plan Width": 8}, {"Actual Startup Time": 0.001, "Plan Rows": 1, "Peak Memory Usage": 8, "Actual Loops": 1, "Startup Cost": 21.7, "Original Hash Batches": 1, "Plans": [{"Actual Startup Time": 0.0, "Plan Rows": 1, "Actual Loops": 1, "Rows Removed by Filter": 0, "Startup Cost": 0.0, "Alias": "mi", "Node Type": "Seq Scan", "Actual Total Time": 0.0, "Actual Rows": 0, "Relation Name": "movie_info", "Filter": "((info IS NOT NULL) AND ((info ~~ '%UK:% 200%'::text) OR (info ~~ '%Japan:% 198%'::text)))", "Parent Relationship": "Outer", "Total Cost": 21.7, "Plan Width": 8}], "Hash Buckets": 1024, "Original Hash Buckets": 1024, "Node Type": "Hash", "Actual Total Time": 0.001, "Actual Rows": 0, "Parent Relationship": "Inner", "Hash Batches": 1, "Total Cost": 21.7, "Plan Width": 8}], "Join Type": "Inner", "Node Type": "Hash Join", "Actual Total Time": 0.089, "Actual Rows": 0, "Parent Relationship": "Outer", "Total Cost": 58534.16, "Plan Width": 16}, {"Actual Startup Time": 0.0, "Plan Rows": 1, "Actual Loops": 0, "Startup Cost": 43.57, "Hash Cond": "(an.person_id = ci.person_id)", "Plans": [{"Actual Startup Time": 0.0, "Plan Rows": 902055, "Actual Loops": 0, "Startup Cost": 0.0, "Alias": "an", "Node Type": "Seq Scan", "Actual Total Time": 0.0, "Actual Rows": 0, "Parent Relationship": "Outer", "Relation Name": "aka_name", "Total Cost": 20425.55, "Plan Width": 4}, {"Actual Startup Time": 0.0, "Plan Rows": 1, "Node Type": "Hash", "Actual Loops": 0, "Actual Total Time": 0.0, "Actual Rows": 0, "Startup Cost": 43.56, "Plan Width": 12, "Parent Relationship": "Inner", "Total Cost": 43.56, "Plans": [{"Actual Startup Time": 0.0, "Plan Rows": 1, "Actual Loops": 0, "Startup Cost": 18.93, "Hash Cond": "(ci.role_id = rt.id)", "Plans": [{"Actual Startup Time": 0.0, "Plan Rows": 19, "Actual Loops": 0, "Rows Removed by Filter": 0, "Startup Cost": 0.0, "Alias": "ci", "Node Type": "Seq Scan", "Actual Total Time": 0.0, "Actual Rows": 0, "Relation Name": "cast_info", "Filter": "(note = ANY ('{(voice),(uncredited),\"(as Russel Yuen)\",\"(voice) (archive footage)\"}'::text[]))", "Parent Relationship": "Outer", "Total Cost": 24.55, "Plan Width": 16}, {"Actual Startup Time": 0.0, "Plan Rows": 4, "Node Type": "Hash", "Actual Loops": 0, "Actual Total Time": 0.0, "Actual Rows": 0, "Startup Cost": 18.88, "Plan Width": 4, "Parent Relationship": "Inner", "Total Cost": 18.88, "Plans": [{"Actual Startup Time": 0.0, "Plan Rows": 4, "Actual Loops": 0, "Rows Removed by Filter": 0, "Startup Cost": 0.0, "Alias": "rt", "Node Type": "Seq Scan", "Actual Total Time": 0.0, "Actual Rows": 0, "Relation Name": "role_type", "Filter": "((role)::text = 'actor'::text)", "Parent Relationship": "Outer", "Total Cost": 18.88, "Plan Width": 4}]}], "Join Type": "Inner", "Node Type": "Hash Join", "Actual Total Time": 0.0, "Actual Rows": 0, "Parent Relationship": "Outer", "Total Cost": 43.56, "Plan Width": 12}]}], "Join Type": "Inner", "Node Type": "Hash Join", "Actual Total Time": 0.0, "Actual Rows": 0, "Parent Relationship": "Inner", "Total Cost": 23851.85, "Plan Width": 16}], "Join Type": "Inner", "Node Type": "Nested Loop", "Actual Total Time": 0.089, "Actual Rows": 0, "Parent Relationship": "Outer", "Total Cost": 82386.02, "Plan Width": 32}, {"Index Name": "char_name_pkey", "Actual Startup Time": 0.0, "Relation Name": "char_name", "Actual Loops": 0, "Plan Rows": 1, "Startup Cost": 0.43, "Rows Removed by Index Recheck": 0, "Parent Relationship": "Inner", "Alias": "chn", "Node Type": "Index Only Scan", "Scan Direction": "Forward", "Actual Total Time": 0.0, "Actual Rows": 0, "Heap Fetches": 0, "Index Cond": "(id = ci.person_role_id)", "Total Cost": 8.45, "Plan Width": 4}], "Join Type": "Inner", "Node Type": "Nested Loop", "Actual Total Time": 0.089, "Actual Rows": 0, "Parent Relationship": "Outer", "Total Cost": 82394.47, "Plan Width": 28}, {"Index Name": "company_name_pkey", "Actual Startup Time": 0.0, "Relation Name": "company_name", "Actual Loops": 0, "Plan Rows": 1, "Startup Cost": 0.42, "Rows Removed by Index Recheck": 0, "Rows Removed by Filter": 0, "Alias": "cn", "Node Type": "Index Scan", "Scan Direction": "Forward", "Actual Total Time": 0.0, "Actual Rows": 0, "Index Cond": "(id = mc.company_id)", "Filter": "((country_code)::text = '[fr]'::text)", "Parent Relationship": "Inner", "Total Cost": 0.54, "Plan Width": 4}], "Join Type": "Inner", "Node Type": "Nested Loop", "Actual Total Time": 0.089, "Actual Rows": 0, "Parent Relationship": "Outer", "Total Cost": 82395.02, "Plan Width": 24}, {"Actual Startup Time": 0.0, "Plan Rows": 1, "Actual Loops": 0, "Rows Removed by Filter": 0, "Startup Cost": 0.0, "Alias": "it", "Node Type": "Seq Scan", "Actual Total Time": 0.0, "Actual Rows": 0, "Relation Name": "info_type", "Filter": "((info)::text = 'release dates'::text)", "Parent Relationship": "Inner", "Total Cost": 2.41, "Plan Width": 4}], "Join Type": "Inner", "Node Type": "Nested Loop", "Actual Total Time": 0.089, "Actual Rows": 0, "Parent Relationship": "Outer", "Total Cost": 82397.45, "Plan Width": 20}, {"Index Name": "name_pkey", "Actual Startup Time": 0.0, "Relation Name": "name", "Actual Loops": 0, "Plan Rows": 1, "Startup Cost": 0.43, "Rows Removed by Index Recheck": 0, "Rows Removed by Filter": 0, "Alias": "n", "Node Type": "Index Scan", "Scan Direction": "Forward", "Actual Total Time": 0.0, "Actual Rows": 0, "Index Cond": "(id = an.person_id)", "Filter": "((name ~~ '%Haw%'::text) AND ((gender)::text = 'm'::text))", "Parent Relationship": "Inner", "Total Cost": 0.77, "Plan Width": 19}], "Join Type": "Inner", "Node Type": "Nested Loop", "Actual Total Time": 0.09, "Actual Rows": 0, "Parent Relationship": "Outer", "Total Cost": 82398.23, "Plan Width": 27}, {"Index Name": "title_pkey", "Actual Startup Time": 0.0, "Relation Name": "title", "Actual Loops": 0, "Plan Rows": 1, "Startup Cost": 0.43, "Rows Removed by Index Recheck": 0, "Rows Removed by Filter": 0, "Alias": "t", "Node Type": "Index Scan", "Scan Direction": "Forward", "Actual Total Time": 0.0, "Actual Rows": 0, "Index Cond": "(id = mc.movie_id)", "Filter": "((production_year >= 2004) AND (production_year <= 2010))", "Parent Relationship": "Inner", "Total Cost": 1.61, "Plan Width": 21}], "Join Type": "Inner", "Node Type": "Nested Loop", "Actual Total Time": 0.091, "Actual Rows": 0, "Parent Relationship": "Outer", "Total Cost": 82399.84, "Plan Width": 32}]}, "Triggers": [], "Planning Time": 37.635, "Execution Time": 0.522}]]]}
{"start_time": 1569073773.4355683, "plan": [[[{"Plan": {"Actual Startup Time": 0.053, "Plan Rows": 1, "Node Type": "Aggregate", "Actual Loops": 1, "Actual Total Time": 0.054, "Actual Rows": 1, "Plan Width": 32, "Startup Cost": 82124.71, "Strategy": "Plain", "Total Cost": 82124.72, "Plans": [{"Actual Startup Time": 0.051, "Plan Rows": 1, "Join Filter": "(ci.person_id = n.id)", "Actual Loops": 1, "Startup Cost": 45.28, "Rows Removed by Join Filter": 0, "Plans": [{"Actual Startup Time": 0.051, "Plan Rows": 1, "Join Filter": "(mi.info_type_id = it.id)", "Actual Loops": 1, "Startup Cost": 44.85, "Rows Removed by Join Filter": 0, "Plans": [{"Actual Startup Time": 0.05, "Plan Rows": 1, "Join Filter": "(t.id = mi.movie_id)", "Actual Loops": 1, "Startup Cost": 44.85, "Rows Removed by Join Filter": 0, "Plans": [{"Actual Startup Time": 0.05, "Plan Rows": 1, "Actual Loops": 1, "Startup Cost": 44.85, "Plans": [{"Actual Startup Time": 0.05, "Plan Rows": 1, "Actual Loops": 1, "Startup Cost": 44.42, "Plans": [{"Actual Startup Time": 0.05, "Plan Rows": 1, "Join Filter": "(ci.movie_id = mc.movie_id)", "Actual Loops": 1, "Startup Cost": 44.0, "Rows Removed by Join Filter": 0, "Plans": [{"Actual Startup Time": 0.049, "Plan Rows": 1, "Actual Loops": 1, "Startup Cost": 44.0, "Plans": [{"Actual Startup Time": 0.049, "Plan Rows": 1, "Actual Loops": 1, "Startup Cost": 43.57, "Hash Cond": "(an.person_id = ci.person_id)", "Plans": [{"Actual Startup Time": 0.008, "Plan Rows": 902055, "Actual Loops": 1, "Startup Cost": 0.0, "Alias": "an", "Node Type": "Seq Scan", "Actual Total Time": 0.008, "Actual Rows": 1, "Parent Relationship": "Outer", "Relation Name": "aka_name", "Total Cost": 20425.55, "Plan Width": 4}, {"Actual Startup Time": 0.002, "Plan Rows": 1, "Peak Memory Usage": 8, "Actual Loops": 1, "Startup Cost": 43.56, "Original Hash Batches": 1, "Plans": [{"Actual Startup Time": 0.0, "Plan Rows": 1, "Actual Loops": 1, "Startup Cost": 18.93, "Hash Cond": "(ci.role_id = rt.id)", "Plans": [{"Actual Startup Time": 0.0, "Plan Rows": 19, "Actual Loops": 1, "Rows Removed by Filter": 0, "Startup Cost": 0.0, "Alias": "ci", "Node Type": "Seq Scan", "Actual Total Time": 0.0, "Actual Rows": 0, "Relation Name": "cast_info", "Filter": "(note = ANY ('{\"(as Dave Nicholls)\",\"(as Anthony T. Pennelo)\",(voice),\"(as Governor Bill Weld)\"}'::text[]))", "Parent Relationship": "Outer", "Total Cost": 24.55, "Plan Width": 16}, {"Actual Startup Time": 0.0, "Plan Rows": 4, "Node Type": "Hash", "Actual Loops": 0, "Actual Total Time": 0.0, "Actual Rows": 0, "Startup Cost": 18.88, "Plan Width": 4, "Parent Relationship": "Inner", "Total Cost": 18.88, "Plans": [{"Actual Startup Time": 0.0, "Plan Rows": 4, "Actual Loops": 0, "Rows Removed by Filter": 0, "Startup Cost": 0.0, "Alias": "rt", "Node Type": "Seq Scan", "Actual Total Time": 0.0, "Actual Rows": 0, "Relation Name": "role_type", "Filter": "((role)::text = 'actor'::text)", "Parent Relationship": "Outer", "Total Cost": 18.88, "Plan Width": 4}]}], "Join Type": "Inner", "Node Type": "Hash Join", "Actual Total Time": 0.0, "Actual Rows": 0, "Parent Relationship": "Outer", "Total Cost": 43.56, "Plan Width": 12}], "Hash Buckets": 1024, "Original Hash Buckets": 1024, "Node Type": "Hash", "Actual Total Time": 0.002, "Actual Rows": 0, "Parent Relationship": "Inner", "Hash Batches": 1, "Total Cost": 43.56, "Plan Width": 12}], "Join Type": "Inner", "Node Type": "Hash Join", "Actual Total Time": 0.049, "Actual Rows": 0, "Parent Relationship": "Outer", "Total Cost": 23851.85, "Plan Width": 16}, {"Index Name": "char_name_pkey", "Actual Startup Time": 0.0, "Relation Name": "char_name", "Actual Loops": 0, "Plan Rows": 1, "Startup Cost": 0.43, "Rows Removed by Index Recheck": 0, "Parent Relationship": "Inner", "Alias": "chn", "Node Type": "Index Only Scan", "Scan Direction": "Forward", "Actual Total Time": 0.0, "Actual Rows": 0, "Heap Fetches": 0, "Index Cond": "(id = ci.person_role_id)", "Total Cost": 8.45, "Plan Width": 4}], "Join Type": "Inner", "Node Type": "Nested Loop", "Actual Total Time": 0.049, "Actual Rows": 0, "Parent Relationship": "Outer", "Total Cost": 23860.3, "Plan Width": 12}, {"Actual Startup Time": 0.0, "Plan Rows": 24525, "Actual Loops": 0, "Rows Removed by Filter": 0, "Startup Cost": 0.0, "Alias": "mc", "Node Type": "Seq Scan", "Actual Total Time": 0.0, "Actual Rows": 0, "Relation Name": "movie_companies", "Filter": "((note IS NOT NULL) AND ((note ~~ '%(Blu-ray)%'::text) OR (note ~~ '%(Sweden)%'::text)))", "Parent Relationship": "Inner", "Total Cost": 57926.93, "Plan Width": 8}], "Join Type": "Inner", "Node Type": "Nested Loop", "Actual Total Time": 0.05, "Actual Rows": 0, "Parent Relationship": "Outer", "Total Cost": 82093.8, "Plan Width": 20}, {"Index Name": "company_name_pkey", "Actual Startup Time": 0.0, "Relation Name": "company_name", "Actual Loops": 0, "Plan Rows": 1, "Startup Cost": 0.42, "Rows Removed by Index Recheck": 0, "Rows Removed by Filter": 0, "Alias": "cn", "Node Type": "Index Scan", "Scan Direction": "Forward", "Actual Total Time": 0.0, "Actual Rows": 0, "Index Cond": "(id = mc.company_id)", "Filter": "((country_code)::text = '[se]'::text)", "Parent Relationship": "Inner", "Total Cost": 1.07, "Plan Width": 4}], "Join Type": "Inner", "Node Type": "Nested Loop", "Actual Total Time": 0.05, "Actual Rows": 0, "Parent Relationship": "Outer", "Total Cost": 82094.88, "Plan Width": 16}, {"Index Name": "title_pkey", "Actual Startup Time": 0.0, "Relation Name": "title", "Actual Loops": 0, "Plan Rows": 1, "Startup Cost": 0.43, "Rows Removed by Index Recheck": 0, "Rows Removed by Filter": 0, "Alias": "t", "Node Type": "Index Scan", "Scan Direction": "Forward", "Actual Total Time": 0.0, "Actual Rows": 0, "Index Cond": "(id = mc.movie_id)", "Filter": "((production_year >= 1977) AND (production_year <= 2006))", "Parent Relationship": "Inner", "Total Cost": 4.9, "Plan Width": 21}], "Join Type": "Inner", "Node Type": "Nested Loop", "Actual Total Time": 0.05, "Actual Rows": 0, "Parent Relationship": "Outer", "Total Cost": 82099.79, "Plan Width": 37}, {"Actual Startup Time": 0.0, "Plan Rows": 1, "Actual Loops": 0, "Rows Removed by Filter": 0, "Startup Cost": 0.0, "Alias": "mi", "Node Type": "Seq Scan", "Actual Total Time": 0.0, "Actual Rows": 0, "Relation Name": "movie_info", "Filter": "((info IS NOT NULL) AND ((info ~~ '%Uruguay:% 199%'::text) OR (info ~~ '%France:% 194%'::text)))", "Parent Relationship": "Inner", "Total Cost": 21.7, "Plan Width": 8}], "Join Type": "Inner", "Node Type": "Nested Loop", "Actual Total Time": 0.05, "Actual Rows": 0, "Parent Relationship": "Outer", "Total Cost": 82121.5, "Plan Width": 29}, {"Actual Startup Time": 0.0, "Plan Rows": 1, "Actual Loops": 0, "Rows Removed by Filter": 0, "Startup Cost": 0.0, "Alias": "it", "Node Type": "Seq Scan", "Actual Total Time": 0.0, "Actual Rows": 0, "Relation Name": "info_type", "Filter": "((info)::text = 'release dates'::text)", "Parent Relationship": "Inner", "Total Cost": 2.41, "Plan Width": 4}], "Join Type": "Inner", "Node Type": "Nested Loop", "Actual Total Time": 0.051, "Actual Rows": 0, "Parent Relationship": "Outer", "Total Cost": 82123.93, "Plan Width": 25}, {"Index Name": "name_pkey", "Actual Startup Time": 0.0, "Relation Name": "name", "Actual Loops": 0, "Plan Rows": 1, "Startup Cost": 0.43, "Rows Removed by Index Recheck": 0, "Rows Removed by Filter": 0, "Alias": "n", "Node Type": "Index Scan", "Scan Direction": "Forward", "Actual Total Time": 0.0, "Actual Rows": 0, "Index Cond": "(id = an.person_id)", "Filter": "((name ~~ '%Pe%'::text) AND ((gender)::text = 'm'::text))", "Parent Relationship": "Inner", "Total Cost": 0.77, "Plan Width": 19}], "Join Type": "Inner", "Node Type": "Nested Loop", "Actual Total Time": 0.051, "Actual Rows": 0, "Parent Relationship": "Outer", "Total Cost": 82124.71, "Plan Width": 32}]}, "Triggers": [], "Planning Time": 22.504, "Execution Time": 0.333}]]]}
{"start_time": 1569073773.4355683, "plan": [[[{"Plan": {"Actual Startup Time": 0.076, "Plan Rows": 1, "Node Type": "Aggregate", "Actual Loops": 1, "Actual Total Time": 0.076, "Actual Rows": 1, "Plan Width": 32, "Startup Cost": 82302.68, "Strategy": "Plain", "Total Cost": 82302.69, "Plans": [{"Actual Startup Time": 0.073, "Plan Rows": 1, "Join Filter": "(mi.movie_id = t.id)", "Actual Loops": 1, "Startup Cost": 69.45, "Rows Removed by Join Filter": 0, "Plans": [{"Actual Startup Time": 0.072, "Plan Rows": 1, "Join Filter": "(ci.person_id = n.id)", "Actual Loops": 1, "Startup Cost": 69.02, "Rows Removed by Join Filter": 0, "Plans": [{"Actual Startup Time": 0.071, "Plan Rows": 1, "Join Filter": "(mi.info_type_id = it.id)", "Actual Loops": 1, "Startup Cost": 68.59, "Rows Removed by Join Filter": 0, "Plans": [{"Actual Startup Time": 0.071, "Plan Rows": 1, "Actual Loops": 1, "Startup Cost": 68.59, "Plans": [{"Actual Startup Time": 0.071, "Plan Rows": 1, "Actual Loops": 1, "Startup Cost": 68.17, "Plans": [{"Actual Startup Time": 0.071, "Plan Rows": 1, "Join Filter": "(mi.movie_id = ci.movie_id)", "Actual Loops": 1, "Startup Cost": 67.74, "Rows Removed by Join Filter": 0, "Plans": [{"Actual Startup Time": 0.071, "Plan Rows": 1, "Actual Loops": 1, "Startup Cost": 21.71, "Hash Cond": "(mc.movie_id = mi.movie_id)", "Plans": [{"Actual Startup Time": 0.019, "Plan Rows": 129498, "Actual Loops": 1, "Rows Removed by Filter": 1, "Startup Cost": 0.0, "Alias": "mc", "Node Type": "Seq Scan", "Actual Total Time": 0.019, "Actual Rows": 1, "Relation Name": "movie_companies", "Filter": "((note IS NOT NULL) AND ((note ~~ '%(DVD)%'::text) OR (note ~~ '%(Japan)%'::text)))", "Parent Relationship": "Outer", "Total Cost": 57926.93, "Plan Width": 8}, {"Actual Startup Time": 0.0, "Plan Rows": 1, "Peak Memory Usage": 8, "Actual Loops": 1, "Startup Cost": 21.7, "Original Hash Batches": 1, "Plans": [{"Actual Startup Time": 0.0, "Plan Rows": 1, "Actual Loops": 1, "Rows Removed by Filter": 0, "Startup Cost": 0.0, "Alias": "mi", "Node Type": "Seq Scan", "Actual Total Time": 0.0, "Actual Rows": 0, "Relation Name": "movie_info", "Filter": "((info IS NOT NULL) AND ((info ~~ '%Norway:% 201%'::text) OR (info ~~ '%Croatia:% 200%'::text)))", "Parent Relationship": "Outer", "Total Cost": 21.7, "Plan Width": 8}], "Hash Buckets": 1024, "Original Hash Buckets": 1024, "Node Type": "Hash", "Actual Total Time": 0.0, "Actual Rows": 0, "Parent Relationship": "Inner", "Hash Batches": 1, "Total Cost": 21.7, "Plan Width": 8}], "Join Type": "Inner", "Node Type": "Hash Join", "Actual Total Time": 0.071, "Actual Rows": 0, "Parent Relationship": "Outer", "Total Cost": 58434.28, "Plan Width": 16}, {"Actual Startup Time": 0.0, "Plan Rows": 1, "Actual Loops": 0, "Startup Cost": 46.03, "Hash Cond": "(an.person_id = ci.person_id)", "Plans": [{"Actual Startup Time": 0.0, "Plan Rows": 902055, "Actual Loops": 0, "Startup Cost": 0.0, "Alias": "an", "Node Type": "Seq Scan", "Actual Total Time": 0.0, "Actual Rows": 0, "Parent Relationship": "Outer", "Relation Name": "aka_name", "Total Cost": 20425.55, "Plan Width": 4}, {"Actual Startup Time": 0.0, "Plan Rows": 1, "Node Type": "Hash", "Actual Loops": 0, "Actual Total Time": 0.0, "Actual Rows": 0, "Startup Cost": 46.02, "Plan Width": 12, "Parent Relationship": "Inner", "Total Cost": 46.02, "Plans": [{"Actual Startup Time": 0.0, "Plan Rows": 1, "Actual Loops": 0, "Startup Cost": 18.93, "Hash Cond": "(ci.role_id = rt.id)", "Plans": [{"Actual Startup Time": 0.0, "Plan Rows": 29, "Actual Loops": 0, "Rows Removed by Filter": 0, "Startup Cost": 0.0, "Alias": "ci", "Node Type": "Seq Scan", "Actual Total Time": 0.0, "Actual Rows": 0, "Relation Name": "cast_info", "Filter": "(note = ANY ('{\"(as Lejon O. Stewart)\",\"(as Jimmy Tamborello)\",\"(as D. Lucey)\",(voice),\"(as Reginald Barshem Footman)\",(uncredited)}'::text[]))", "Parent Relationship": "Outer", "Total Cost": 26.98, "Plan Width": 16}, {"Actual Startup Time": 0.0, "Plan Rows": 4, "Node Type": "Hash", "Actual Loops": 0, "Actual Total Time": 0.0, "Actual Rows": 0, "Startup Cost": 18.88, "Plan Width": 4, "Parent Relationship": "Inner", "Total Cost": 18.88, "Plans": [{"Actual Startup Time": 0.0, "Plan Rows": 4, "Actual Loops": 0, "Rows Removed by Filter": 0, "Startup Cost": 0.0, "Alias": "rt", "Node Type": "Seq Scan", "Actual Total Time": 0.0, "Actual Rows": 0, "Relation Name": "role_type", "Filter": "((role)::text = 'actor'::text)", "Parent Relationship": "Outer", "Total Cost": 18.88, "Plan Width": 4}]}], "Join Type": "Inner", "Node Type": "Hash Join", "Actual Total Time": 0.0, "Actual Rows": 0, "Parent Relationship": "Outer", "Total Cost": 46.02, "Plan Width": 12}]}], "Join Type": "Inner", "Node Type": "Hash Join", "Actual Total Time": 0.0, "Actual Rows": 0, "Parent Relationship": "Inner", "Total Cost": 23854.31, "Plan Width": 16}], "Join Type": "Inner", "Node Type": "Nested Loop", "Actual Total Time": 0.071, "Actual Rows": 0, "Parent Relationship": "Outer", "Total Cost": 82288.59, "Plan Width": 32}, {"Index Name": "char_name_pkey", "Actual Startup Time": 0.0, "Relation Name": "char_name", "Actual Loops": 0, "Plan Rows": 1, "Startup Cost": 0.43, "Rows Removed by Index Recheck": 0, "Parent Relationship": "Inner", "Alias": "chn", "Node Type": "Index Only Scan", "Scan Direction": "Forward", "Actual Total Time": 0.0, "Actual Rows": 0, "Heap Fetches": 0, "Index Cond": "(id = ci.person_role_id)", "Total Cost": 8.45, "Plan Width": 4}], "Join Type": "Inner", "Node Type": "Nested Loop", "Actual Total Time": 0.071, "Actual Rows": 0, "Parent Relationship": "Outer", "Total Cost": 82297.05, "Plan Width": 28}, {"Index Name": "company_name_pkey", "Actual Startup Time": 0.0, "Relation Name": "company_name", "Actual Loops": 0, "Plan Rows": 1, "Startup Cost": 0.42, "Rows Removed by Index Recheck": 0, "Rows Removed by Filter": 0, "Alias": "cn", "Node Type": "Index Scan", "Scan Direction": "Forward", "Actual Total Time": 0.0, "Actual Rows": 0, "Index Cond": "(id = mc.company_id)", "Filter": "((country_code)::text = '[jp]'::text)", "Parent Relationship": "Inner", "Total Cost": 0.56, "Plan Width": 4}], "Join Type": "Inner", "Node Type": "Nested Loop", "Actual Total Time": 0.071, "Actual Rows": 0, "Parent Relationship": "Outer", "Total Cost": 82297.62, "Plan Width": 24}, {"Actual Startup Time": 0.0, "Plan Rows": 1, "Actual Loops": 0, "Rows Removed by Filter": 0, "Startup Cost": 0.0, "Alias": "it", "Node Type": "Seq Scan", "Actual Total Time": 0.0, "Actual Rows": 0, "Relation Name": "info_type", "Filter": "((info)::text = 'release dates'::text)", "Parent Relationship": "Inner", "Total Cost": 2.41, "Plan Width": 4}], "Join Type": "Inner", "Node Type": "Nested Loop", "Actual Total Time": 0.071, "Actual Rows": 0, "Parent Relationship": "Outer", "Total Cost": 82300.05, "Plan Width": 20}, {"Index Name": "name_pkey", "Actual Startup Time": 0.0, "Relation Name": "name", "Actual Loops": 0, "Plan Rows": 1, "Startup Cost": 0.43, "Rows Removed by Index Recheck": 0, "Rows Removed by Filter": 0, "Alias": "n", "Node Type": "Index Scan", "Scan Direction": "Forward", "Actual Total Time": 0.0, "Actual Rows": 0, "Index Cond": "(id = an.person_id)", "Filter": "((name ~~ '%Jam%'::text) AND ((gender)::text = 'm'::text))", "Parent Relationship": "Inner", "Total Cost": 0.77, "Plan Width": 19}], "Join Type": "Inner", "Node Type": "Nested Loop", "Actual Total Time": 0.072, "Actual Rows": 0, "Parent Relationship": "Outer", "Total Cost": 82300.82, "Plan Width": 27}, {"Index Name": "title_pkey", "Actual Startup Time": 0.0, "Relation Name": "title", "Actual Loops": 0, "Plan Rows": 1, "Startup Cost": 0.43, "Rows Removed by Index Recheck": 0, "Rows Removed by Filter": 0, "Alias": "t", "Node Type": "Index Scan", "Scan Direction": "Forward", "Actual Total Time": 0.0, "Actual Rows": 0, "Index Cond": "(id = mc.movie_id)", "Filter": "((production_year >= 1938) AND (production_year <= 2013))", "Parent Relationship": "Inner", "Total Cost": 1.84, "Plan Width": 21}], "Join Type": "Inner", "Node Type": "Nested Loop", "Actual Total Time": 0.073, "Actual Rows": 0, "Parent Relationship": "Outer", "Total Cost": 82302.68, "Plan Width": 32}]}, "Triggers": [], "Planning Time": 22.934, "Execution Time": 0.441}]]]}
{"start_time": 1569073773.4355683, "plan": [[[{"Plan": {"Actual Startup Time": 0.06, "Plan Rows": 1, "Node Type": "Aggregate", "Actual Loops": 1, "Actual Total Time": 0.06, "Actual Rows": 1, "Plan Width": 32, "Startup Cost": 82712.29, "Strategy": "Plain", "Total Cost": 82712.3, "Plans": [{"Actual Startup Time": 0.058, "Plan Rows": 1, "Join Filter": "(mi.movie_id = t.id)", "Actual Loops": 1, "Startup Cost": 68.22, "Rows Removed by Join Filter": 0, "Plans": [{"Actual Startup Time": 0.057, "Plan Rows": 1, "Join Filter": "(ci.person_id = n.id)", "Actual Loops": 1, "Startup Cost": 67.79, "Rows Removed by Join Filter": 0, "Plans": [{"Actual Startup Time": 0.057, "Plan Rows": 1, "Join Filter": "(mi.info_type_id = it.id)", "Actual Loops": 1, "Startup Cost": 67.36, "Rows Removed by Join Filter": 0, "Plans": [{"Actual Startup Time": 0.057, "Plan Rows": 1, "Actual Loops": 1, "Startup Cost": 67.36, "Plans": [{"Actual Startup Time": 0.056, "Plan Rows": 1, "Actual Loops": 1, "Startup Cost": 66.94, "Plans": [{"Actual Startup Time": 0.056, "Plan Rows": 1, "Join Filter": "(mi.movie_id = ci.movie_id)", "Actual Loops": 1, "Startup Cost": 66.51, "Rows Removed by Join Filter": 0, "Plans": [{"Actual Startup Time": 0.056, "Plan Rows": 1, "Actual Loops": 1, "Startup Cost": 21.71, "Hash Cond": "(mc.movie_id = mi.movie_id)", "Plans": [{"Actual Startup Time": 0.014, "Plan Rows": 239238, "Actual Loops": 1, "Rows Removed by Filter": 0, "Startup Cost": 0.0, "Alias": "mc", "Node Type": "Seq Scan", "Actual Total Time": 0.014, "Actual Rows": 1, "Relation Name": "movie_companies", "Filter": "((note IS NOT NULL) AND ((note ~~ '%(200%)%'::text) OR (note ~~ '%(Netherlands)%'::text)))", "Parent Relationship": "Outer", "Total Cost": 57926.93, "Plan Width": 8}, {"Actual Startup Time": 0.0, "Plan Rows": 1, "Peak Memory Usage": 8, "Actual Loops": 1, "Startup Cost": 21.7, "Original Hash Batches": 1, "Plans": [{"Actual Startup Time": 0.0, "Plan Rows": 1, "Actual Loops": 1, "Rows Removed by Filter": 0, "Startup Cost": 0.0, "Alias": "mi", "Node Type": "Seq Scan", "Actual Total Time": 0.0, "Actual Rows": 0, "Relation Name": "movie_info", "Filter": "((info IS NOT NULL) AND ((info ~~ '%Estonia:% 200%'::text) OR (info ~~ '%Russia:% 201%'::text)))", "Parent Relationship": "Outer", "Total Cost": 21.7, "Plan Width": 8}], "Hash Buckets": 1024, "Original Hash Buckets": 1024, "Node Type": "Hash", "Actual Total Time": 0.0, "Actual Rows": 0, "Parent Relationship": "Inner", "Hash Batches": 1, "Total Cost": 21.7, "Plan Width": 8}], "Join Type": "Inner", "Node Type": "Hash Join", "Actual Total Time": 0.056, "Actual Rows": 0, "Parent Relationship": "Outer", "Total Cost": 58845.8, "Plan Width": 16}, {"Actual Startup Time": 0.0, "Plan Rows": 1, "Actual Loops": 0, "Startup Cost": 44.8, "Hash Cond": "(an.person_id = ci.person_id)", "Plans": [{"Actual Startup Time": 0.0, "Plan Rows": 902055, "Actual Loops": 0, "Startup Cost": 0.0, "Alias": "an", "Node Type": "Seq Scan", "Actual Total Time": 0.0, "Actual Rows": 0, "Parent Relationship": "Outer", "Relation Name": "aka_name", "Total Cost": 20425.55, "Plan Width": 4}, {"Actual Startup Time": 0.0, "Plan Rows": 1, "Node Type": "Hash", "Actual Loops": 0, "Actual Total Time": 0.0, "Actual Rows": 0, "Startup Cost": 44.79, "Plan Width": 12, "Parent Relationship": "Inner", "Total Cost": 44.79, "Plans": [{"Actual Startup Time": 0.0, "Plan Rows": 1, "Actual Loops": 0, "Startup Cost": 18.93, "Hash Cond": "(ci.role_id = rt.id)", "Plans": [{"Actual Startup Time": 0.0, "Plan Rows": 24, "Actual Loops": 0, "Rows Removed by Filter": 0, "Startup Cost": 0.0, "Alias": "ci", "Node Type": "Seq Scan", "Actual Total Time": 0.0, "Actual Rows": 0, "Relation Name": "cast_info", "Filter": "(note = ANY ('{\"(as Dave Nicholls)\",\"(as David Ross)\",(uncredited),\"(as Carol E. Hall)\",\"(archive footage) (uncredited)\"}'::text[]))", "Parent Relationship": "Outer", "Total Cost": 25.76, "Plan Width": 16}, {"Actual Startup Time": 0.0, "Plan Rows": 4, "Node Type": "Hash", "Actual Loops": 0, "Actual Total Time": 0.0, "Actual Rows": 0, "Startup Cost": 18.88, "Plan Width": 4, "Parent Relationship": "Inner", "Total Cost": 18.88, "Plans": [{"Actual Startup Time": 0.0, "Plan Rows": 4, "Actual Loops": 0, "Rows Removed by Filter": 0, "Startup Cost": 0.0, "Alias": "rt", "Node Type": "Seq Scan", "Actual Total Time": 0.0, "Actual Rows": 0, "Relation Name": "role_type", "Filter": "((role)::text = 'actress'::text)", "Parent Relationship": "Outer", "Total Cost": 18.88, "Plan Width": 4}]}], "Join Type": "Inner", "Node Type": "Hash Join", "Actual Total Time": 0.0, "Actual Rows": 0, "Parent Relationship": "Outer", "Total Cost": 44.79, "Plan Width": 12}]}], "Join Type": "Inner", "Node Type": "Hash Join", "Actual Total Time": 0.0, "Actual Rows": 0, "Parent Relationship": "Inner", "Total Cost": 23853.08, "Plan Width": 16}], "Join Type": "Inner", "Node Type": "Nested Loop", "Actual Total Time": 0.056, "Actual Rows": 0, "Parent Relationship": "Outer", "Total Cost": 82698.89, "Plan Width": 32}, {"Index Name": "char_name_pkey", "Actual Startup Time": 0.0, "Relation Name": "char_name", "Actual Loops": 0, "Plan Rows": 1, "Startup Cost": 0.43, "Rows Removed by Index Recheck": 0, "Parent Relationship": "Inner", "Alias": "chn", "Node Type": "Index Only Scan", "Scan Direction": "Forward", "Actual Total Time": 0.0, "Actual Rows": 0, "Heap Fetches": 0, "Index Cond": "(id = ci.person_role_id)", "Total Cost": 8.45, "Plan Width": 4}], "Join Type": "Inner", "Node Type": "Nested Loop", "Actual Total Time": 0.056, "Actual Rows": 0, "Parent Relationship": "Outer", "Total Cost": 82707.35, "Plan Width": 28}, {"Index Name": "company_name_pkey", "Actual Startup Time": 0.0, "Relation Name": "company_name", "Actual Loops": 0, "Plan Rows": 1, "Startup Cost": 0.42, "Rows Removed by Index Recheck": 0, "Rows Removed by Filter": 0, "Alias": "cn", "Node Type": "Index Scan", "Scan Direction": "Forward", "Actual Total Time": 0.0, "Actual Rows": 0, "Index Cond": "(id = mc.company_id)", "Filter": "((country_code)::text = '[nl]'::text)", "Parent Relationship": "Inner", "Total Cost": 0.5, "Plan Width": 4}], "Join Type": "Inner", "Node Type": "Nested Loop", "Actual Total Time": 0.057, "Actual Rows": 0, "Parent Relationship": "Outer", "Total Cost": 82707.86, "Plan Width": 24}, {"Actual Startup Time": 0.0, "Plan Rows": 1, "Actual Loops": 0, "Rows Removed by Filter": 0, "Startup Cost": 0.0, "Alias": "it", "Node Type": "Seq Scan", "Actual Total Time": 0.0, "Actual Rows": 0, "Relation Name": "info_type", "Filter": "((info)::text = 'release dates'::text)", "Parent Relationship": "Inner", "Total Cost": 2.41, "Plan Width": 4}], "Join Type": "Inner", "Node Type": "Nested Loop", "Actual Total Time": 0.057, "Actual Rows": 0, "Parent Relationship": "Outer", "Total Cost": 82710.29, "Plan Width": 20}, {"Index Name": "name_pkey", "Actual Startup Time": 0.0, "Relation Name": "name", "Actual Loops": 0, "Plan Rows": 1, "Startup Cost": 0.43, "Rows Removed by Index Recheck": 0, "Rows Removed by Filter": 0, "Alias": "n", "Node Type": "Index Scan", "Scan Direction": "Forward", "Actual Total Time": 0.0, "Actual Rows": 0, "Index Cond": "(id = an.person_id)", "Filter": "((name ~~ '%Ar%'::text) AND ((gender)::text = 'f'::text))", "Parent Relationship": "Inner", "Total Cost": 0.77, "Plan Width": 19}], "Join Type": "Inner", "Node Type": "Nested Loop", "Actual Total Time": 0.057, "Actual Rows": 0, "Parent Relationship": "Outer", "Total Cost": 82711.06, "Plan Width": 27}, {"Index Name": "title_pkey", "Actual Startup Time": 0.0, "Relation Name": "title", "Actual Loops": 0, "Plan Rows": 1, "Startup Cost": 0.43, "Rows Removed by Index Recheck": 0, "Rows Removed by Filter": 0, "Alias": "t", "Node Type": "Index Scan", "Scan Direction": "Forward", "Actual Total Time": 0.0, "Actual Rows": 0, "Index Cond": "(id = mc.movie_id)", "Filter": "((production_year >= 1960) AND (production_year <= 2007))", "Parent Relationship": "Inner", "Total Cost": 1.2, "Plan Width": 21}], "Join Type": "Inner", "Node Type": "Nested Loop", "Actual Total Time": 0.058, "Actual Rows": 0, "Parent Relationship": "Outer", "Total Cost": 82712.28, "Plan Width": 32}]}, "Triggers": [], "Planning Time": 22.988, "Execution Time": 0.389}]]]}
{"start_time": 1569073773.4355683, "plan": [[[{"Plan": {"Actual Startup Time": 0.07, "Plan Rows": 1, "Node Type": "Aggregate", "Actual Loops": 1, "Actual Total Time": 0.07, "Actual Rows": 1, "Plan Width": 32, "Startup Cost": 83032.24, "Strategy": "Plain", "Total Cost": 83032.25, "Plans": [{"Actual Startup Time": 0.068, "Plan Rows": 1, "Join Filter": "(mi.movie_id = t.id)", "Actual Loops": 1, "Startup Cost": 69.45, "Rows Removed by Join Filter": 0, "Plans": [{"Actual Startup Time": 0.068, "Plan Rows": 1, "Join Filter": "(ci.person_id = n.id)", "Actual Loops": 1, "Startup Cost": 69.02, "Rows Removed by Join Filter": 0, "Plans": [{"Actual Startup Time": 0.067, "Plan Rows": 1, "Join Filter": "(mi.info_type_id = it.id)", "Actual Loops": 1, "Startup Cost": 68.59, "Rows Removed by Join Filter": 0, "Plans": [{"Actual Startup Time": 0.067, "Plan Rows": 1, "Actual Loops": 1, "Startup Cost": 68.59, "Plans": [{"Actual Startup Time": 0.067, "Plan Rows": 1, "Actual Loops": 1, "Startup Cost": 68.17, "Plans": [{"Actual Startup Time": 0.066, "Plan Rows": 1, "Join Filter": "(mi.movie_id = ci.movie_id)", "Actual Loops": 1, "Startup Cost": 67.74, "Rows Removed by Join Filter": 0, "Plans": [{"Actual Startup Time": 0.066, "Plan Rows": 1, "Actual Loops": 1, "Startup Cost": 21.71, "Hash Cond": "(mc.movie_id = mi.movie_id)", "Plans": [{"Actual Startup Time": 0.017, "Plan Rows": 324288, "Actual Loops": 1, "Rows Removed by Filter": 0, "Startup Cost": 0.0, "Alias": "mc", "Node Type": "Seq Scan", "Actual Total Time": 0.017, "Actual Rows": 1, "Relation Name": "movie_companies", "Filter": "((note IS NOT NULL) AND ((note ~~ '%(DVD)%'::text) OR (note ~~ '%(200%)%'::text)))", "Parent Relationship": "Outer", "Total Cost": 57926.93, "Plan Width": 8}, {"Actual Startup Time": 0.001, "Plan Rows": 1, "Peak Memory Usage": 8, "Actual Loops": 1, "Startup Cost": 21.7, "Original Hash Batches": 1, "Plans": [{"Actual Startup Time": 0.0, "Plan Rows": 1, "Actual Loops": 1, "Rows Removed by Filter": 0, "Startup Cost": 0.0, "Alias": "mi", "Node Type": "Seq Scan", "Actual Total Time": 0.0, "Actual Rows": 0, "Relation Name": "movie_info", "Filter": "((info IS NOT NULL) AND ((info ~~ '%Malta:% 199%'::text) OR (info ~~ '%UK:% 199%'::text)))", "Parent Relationship": "Outer", "Total Cost": 21.7, "Plan Width": 8}], "Hash Buckets": 1024, "Original Hash Buckets": 1024, "Node Type": "Hash", "Actual Total Time": 0.001, "Actual Rows": 0, "Parent Relationship": "Inner", "Hash Batches": 1, "Total Cost": 21.7, "Plan Width": 8}], "Join Type": "Inner", "Node Type": "Hash Join", "Actual Total Time": 0.066, "Actual Rows": 0, "Parent Relationship": "Outer", "Total Cost": 59164.74, "Plan Width": 16}, {"Actual Startup Time": 0.0, "Plan Rows": 1, "Actual Loops": 0, "Startup Cost": 46.03, "Hash Cond": "(an.person_id = ci.person_id)", "Plans": [{"Actual Startup Time": 0.0, "Plan Rows": 902055, "Actual Loops": 0, "Startup Cost": 0.0, "Alias": "an", "Node Type": "Seq Scan", "Actual Total Time": 0.0, "Actual Rows": 0, "Parent Relationship": "Outer", "Relation Name": "aka_name", "Total Cost": 20425.55, "Plan Width": 4}, {"Actual Startup Time": 0.0, "Plan Rows": 1, "Node Type": "Hash", "Actual Loops": 0, "Actual Total Time": 0.0, "Actual Rows": 0, "Startup Cost": 46.02, "Plan Width": 12, "Parent Relationship": "Inner", "Total Cost": 46.02, "Plans": [{"Actual Startup Time": 0.0, "Plan Rows": 1, "Actual Loops": 0, "Startup Cost": 18.93, "Hash Cond": "(ci.role_id = rt.id)", "Plans": [{"Actual Startup Time": 0.0, "Plan Rows": 29, "Actual Loops": 0, "Rows Removed by Filter": 0, "Startup Cost": 0.0, "Alias": "ci", "Node Type": "Seq Scan", "Actual Total Time": 0.0, "Actual Rows": 0, "Relation Name": "cast_info", "Filter": "(note = ANY ('{\"(archive footage) (uncredited)\",\"(as Joe Lamb)\",(voice),\"(as Julie Newmeyer)\",\"(as Jeremy Johnson)\",(uncredited)}'::text[]))", "Parent Relationship": "Outer", "Total Cost": 26.98, "Plan Width": 16}, {"Actual Startup Time": 0.0, "Plan Rows": 4, "Node Type": "Hash", "Actual Loops": 0, "Actual Total Time": 0.0, "Actual Rows": 0, "Startup Cost": 18.88, "Plan Width": 4, "Parent Relationship": "Inner", "Total Cost": 18.88, "Plans": [{"Actual Startup Time": 0.0, "Plan Rows": 4, "Actual Loops": 0, "Rows Removed by Filter": 0, "Startup Cost": 0.0, "Alias": "rt", "Node Type": "Seq Scan", "Actual Total Time": 0.0, "Actual Rows": 0, "Relation Name": "role_type", "Filter": "((role)::text = 'actor'::text)", "Parent Relationship": "Outer", "Total Cost": 18.88, "Plan Width": 4}]}], "Join Type": "Inner", "Node Type": "Hash Join", "Actual Total Time": 0.0, "Actual Rows": 0, "Parent Relationship": "Outer", "Total Cost": 46.02, "Plan Width": 12}]}], "Join Type": "Inner", "Node Type": "Hash Join", "Actual Total Time": 0.0, "Actual Rows": 0, "Parent Relationship": "Inner", "Total Cost": 23854.31, "Plan Width": 16}], "Join Type": "Inner", "Node Type": "Nested Loop", "Actual Total Time": 0.066, "Actual Rows": 0, "Parent Relationship": "Outer", "Total Cost": 83019.06, "Plan Width": 32}, {"Index Name": "char_name_pkey", "Actual Startup Time": 0.0, "Relation Name": "char_name", "Actual Loops": 0, "Plan Rows": 1, "Startup Cost": 0.43, "Rows Removed by Index Recheck": 0, "Parent Relationship": "Inner", "Alias": "chn", "Node Type": "Index Only Scan", "Scan Direction": "Forward", "Actual Total Time": 0.0, "Actual Rows": 0, "Heap Fetches": 0, "Index Cond": "(id = ci.person_role_id)", "Total Cost": 8.45, "Plan Width": 4}], "Join Type": "Inner", "Node Type": "Nested Loop", "Actual Total Time": 0.067, "Actual Rows": 0, "Parent Relationship": "Outer", "Total Cost": 83027.51, "Plan Width": 28}, {"Index Name": "company_name_pkey", "Actual Startup Time": 0.0, "Relation Name": "company_name", "Actual Loops": 0, "Plan Rows": 1, "Startup Cost": 0.42, "Rows Removed by Index Recheck": 0, "Rows Removed by Filter": 0, "Alias": "cn", "Node Type": "Index Scan", "Scan Direction": "Forward", "Actual Total Time": 0.0, "Actual Rows": 0, "Index Cond": "(id = mc.company_id)", "Filter": "((country_code)::text = '[fr]'::text)", "Parent Relationship": "Inner", "Total Cost": 0.49, "Plan Width": 4}], "Join Type": "Inner", "Node Type": "Nested Loop", "Actual Total Time": 0.067, "Actual Rows": 0, "Parent Relationship": "Outer", "Total Cost": 83028.01, "Plan Width": 24}, {"Actual Startup Time": 0.0, "Plan Rows": 1, "Actual Loops": 0, "Rows Removed by Filter": 0, "Startup Cost": 0.0, "Alias": "it", "Node Type": "Seq Scan", "Actual Total Time": 0.0, "Actual Rows": 0, "Relation Name": "info_type", "Filter": "((info)::text = 'release dates'::text)", "Parent Relationship": "Inner", "Total Cost": 2.41, "Plan Width": 4}], "Join Type": "Inner", "Node Type": "Nested Loop", "Actual Total Time": 0.067, "Actual Rows": 0, "Parent Relationship": "Outer", "Total Cost": 83030.44, "Plan Width": 20}, {"Index Name": "name_pkey", "Actual Startup Time": 0.0, "Relation Name": "name", "Actual Loops": 0, "Plan Rows": 1, "Startup Cost": 0.43, "Rows Removed by Index Recheck": 0, "Rows Removed by Filter": 0, "Alias": "n", "Node Type": "Index Scan", "Scan Direction": "Forward", "Actual Total Time": 0.0, "Actual Rows": 0, "Index Cond": "(id = an.person_id)", "Filter": "((name ~~ '%La%'::text) AND ((gender)::text = 'm'::text))", "Parent Relationship": "Inner", "Total Cost": 0.77, "Plan Width": 19}], "Join Type": "Inner", "Node Type": "Nested Loop", "Actual Total Time": 0.068, "Actual Rows": 0, "Parent Relationship": "Outer", "Total Cost": 83031.22, "Plan Width": 27}, {"Index Name": "title_pkey", "Actual Startup Time": 0.0, "Relation Name": "title", "Actual Loops": 0, "Plan Rows": 1, "Startup Cost": 0.43, "Rows Removed by Index Recheck": 0, "Rows Removed by Filter": 0, "Alias": "t", "Node Type": "Index Scan", "Scan Direction": "Forward", "Actual Total Time": 0.0, "Actual Rows": 0, "Index Cond": "(id = mc.movie_id)", "Filter": "((production_year >= 1998) AND (production_year <= 2009))", "Parent Relationship": "Inner", "Total Cost": 1.01, "Plan Width": 21}], "Join Type": "Inner", "Node Type": "Nested Loop", "Actual Total Time": 0.068, "Actual Rows": 0, "Parent Relationship": "Outer", "Total Cost": 83032.24, "Plan Width": 32}]}, "Triggers": [], "Planning Time": 36.426, "Execution Time": 0.447}]]]}
{"start_time": 1569073773.4355683, "plan": [[[{"Plan": {"Actual Startup Time": 0.054, "Plan Rows": 1, "Node Type": "Aggregate", "Actual Loops": 1, "Actual Total Time": 0.054, "Actual Rows": 1, "Plan Width": 32, "Startup Cost": 83075.21, "Strategy": "Plain", "Total Cost": 83075.22, "Plans": [{"Actual Startup Time": 0.051, "Plan Rows": 1, "Join Filter": "(mi.movie_id = t.id)", "Actual Loops": 1, "Startup Cost": 66.99, "Rows Removed by Join Filter": 0, "Plans": [{"Actual Startup Time": 0.051, "Plan Rows": 1, "Join Filter": "(ci.person_id = n.id)", "Actual Loops": 1, "Startup Cost": 66.56, "Rows Removed by Join Filter": 0, "Plans": [{"Actual Startup Time": 0.051, "Plan Rows": 1, "Join Filter": "(mi.info_type_id = it.id)", "Actual Loops": 1, "Startup Cost": 66.13, "Rows Removed by Join Filter": 0, "Plans": [{"Actual Startup Time": 0.051, "Plan Rows": 1, "Actual Loops": 1, "Startup Cost": 66.13, "Plans": [{"Actual Startup Time": 0.051, "Plan Rows": 1, "Actual Loops": 1, "Startup Cost": 65.71, "Plans": [{"Actual Startup Time": 0.05, "Plan Rows": 1, "Join Filter": "(mi.movie_id = ci.movie_id)", "Actual Loops": 1, "Startup Cost": 65.28, "Rows Removed by Join Filter": 0, "Plans": [{"Actual Startup Time": 0.049, "Plan Rows": 1, "Actual Loops": 1, "Startup Cost": 21.71, "Hash Cond": "(mc.movie_id = mi.movie_id)", "Plans": [{"Actual Startup Time": 0.011, "Plan Rows": 336409, "Actual Loops": 1, "Rows Removed by Filter": 0, "Startup Cost": 0.0, "Alias": "mc", "Node Type": "Seq Scan", "Actual Total Time": 0.011, "Actual Rows": 1, "Relation Name": "movie_companies", "Filter": "((note IS NOT NULL) AND ((note ~~ '%(200%)%'::text) OR (note ~~ '%(theatrical)%'::text)))", "Parent Relationship": "Outer", "Total Cost": 57926.93, "Plan Width": 8}, {"Actual Startup Time": 0.001, "Plan Rows": 1, "Peak Memory Usage": 8, "Actual Loops": 1, "Startup Cost": 21.7, "Original Hash Batches": 1, "Plans": [{"Actual Startup Time": 0.0, "Plan Rows": 1, "Actual Loops": 1, "Rows Removed by Filter": 0, "Startup Cost": 0.0, "Alias": "mi", "Node Type": "Seq Scan", "Actual Total Time": 0.0, "Actual Rows": 0, "Relation Name": "movie_info", "Filter": "((info IS NOT NULL) AND ((info ~~ '%Hungary:% 200%'::text) OR (info ~~ '%West Germany:% 195%'::text)))", "Parent Relationship": "Outer", "Total Cost": 21.7, "Plan Width": 8}], "Hash Buckets": 1024, "Original Hash Buckets": 1024, "Node Type": "Hash", "Actual Total Time": 0.001, "Actual Rows": 0, "Parent Relationship": "Inner", "Hash Batches": 1, "Total Cost": 21.7, "Plan Width": 8}], "Join Type": "Inner", "Node Type": "Hash Join", "Actual Total Time": 0.049, "Actual Rows": 0, "Parent Relationship": "Outer", "Total Cost": 59210.19, "Plan Width": 16}, {"Actual Startup Time": 0.0, "Plan Rows": 1, "Actual Loops": 0, "Startup Cost": 43.57, "Hash Cond": "(an.person_id = ci.person_id)", "Plans": [{"Actual Startup Time": 0.0, "Plan Rows": 902055, "Actual Loops": 0, "Startup Cost": 0.0, "Alias": "an", "Node Type": "Seq Scan", "Actual Total Time": 0.0, "Actual Rows": 0, "Parent Relationship": "Outer", "Relation Name": "aka_name", "Total Cost": 20425.55, "Plan Width": 4}, {"Actual Startup Time": 0.0, "Plan Rows": 1, "Node Type": "Hash", "Actual Loops": 0, "Actual Total Time": 0.0, "Actual Rows": 0, "Startup Cost": 43.56, "Plan Width": 12, "Parent Relationship": "Inner", "Total Cost": 43.56, "Plans": [{"Actual Startup Time": 0.0, "Plan Rows": 1, "Actual Loops": 0, "Startup Cost": 18.93, "Hash Cond": "(ci.role_id = rt.id)", "Plans": [{"Actual Startup Time": 0.0, "Plan Rows": 19, "Actual Loops": 0, "Rows Removed by Filter": 0, "Startup Cost": 0.0, "Alias": "ci", "Node Type": "Seq Scan", "Actual Total Time": 0.0, "Actual Rows": 0, "Relation Name": "cast_info", "Filter": "(note = ANY ('{\"(as Richard Sarafian)\",(uncredited),(voice),\"(voice: French version)\"}'::text[]))", "Parent Relationship": "Outer", "Total Cost": 24.55, "Plan Width": 16}, {"Actual Startup Time": 0.0, "Plan Rows": 4, "Node Type": "Hash", "Actual Loops": 0, "Actual Total Time": 0.0, "Actual Rows": 0, "Startup Cost": 18.88, "Plan Width": 4, "Parent Relationship": "Inner", "Total Cost": 18.88, "Plans": [{"Actual Startup Time": 0.0, "Plan Rows": 4, "Actual Loops": 0, "Rows Removed by Filter": 0, "Startup Cost": 0.0, "Alias": "rt", "Node Type": "Seq Scan", "Actual Total Time": 0.0, "Actual Rows": 0, "Relation Name": "role_type", "Filter": "((role)::text = 'actor'::text)", "Parent Relationship": "Outer", "Total Cost": 18.88, "Plan Width": 4}]}], "Join Type": "Inner", "Node Type": "Hash Join", "Actual Total Time": 0.0, "Actual Rows": 0, "Parent Relationship": "Outer", "Total Cost": 43.56, "Plan Width": 12}]}], "Join Type": "Inner", "Node Type": "Hash Join", "Actual Total Time": 0.0, "Actual Rows": 0, "Parent Relationship": "Inner", "Total Cost": 23851.85, "Plan Width": 16}], "Join Type": "Inner", "Node Type": "Nested Loop", "Actual Total Time": 0.05, "Actual Rows": 0, "Parent Relationship": "Outer", "Total Cost": 83062.05, "Plan Width": 32}, {"Index Name": "char_name_pkey", "Actual Startup Time": 0.0, "Relation Name": "char_name", "Actual Loops": 0, "Plan Rows": 1, "Startup Cost": 0.43, "Rows Removed by Index Recheck": 0, "Parent Relationship": "Inner", "Alias": "chn", "Node Type": "Index Only Scan", "Scan Direction": "Forward", "Actual Total Time": 0.0, "Actual Rows": 0, "Heap Fetches": 0, "Index Cond": "(id = ci.person_role_id)", "Total Cost": 8.45, "Plan Width": 4}], "Join Type": "Inner", "Node Type": "Nested Loop", "Actual Total Time": 0.051, "Actual Rows": 0, "Parent Relationship": "Outer", "Total Cost": 83070.51, "Plan Width": 28}, {"Index Name": "company_name_pkey", "Actual Startup Time": 0.0, "Relation Name": "company_name", "Actual Loops": 0, "Plan Rows": 1, "Startup Cost": 0.42, "Rows Removed by Index Recheck": 0, "Rows Removed by Filter": 0, "Alias": "cn", "Node Type": "Index Scan", "Scan Direction": "Forward", "Actual Total Time": 0.0, "Actual Rows": 0, "Index Cond": "(id = mc.company_id)", "Filter": "((country_code)::text = '[tw]'::text)", "Parent Relationship": "Inner", "Total Cost": 0.49, "Plan Width": 4}], "Join Type": "Inner", "Node Type": "Nested Loop", "Actual Total Time": 0.051, "Actual Rows": 0, "Parent Relationship": "Outer", "Total Cost": 83071.0, "Plan Width": 24}, {"Actual Startup Time": 0.0, "Plan Rows": 1, "Actual Loops": 0, "Rows Removed by Filter": 0, "Startup Cost": 0.0, "Alias": "it", "Node Type": "Seq Scan", "Actual Total Time": 0.0, "Actual Rows": 0, "Relation Name": "info_type", "Filter": "((info)::text = 'release dates'::text)", "Parent Relationship": "Inner", "Total Cost": 2.41, "Plan Width": 4}], "Join Type": "Inner", "Node Type": "Nested Loop", "Actual Total Time": 0.051, "Actual Rows": 0, "Parent Relationship": "Outer", "Total Cost": 83073.43, "Plan Width": 20}, {"Index Name": "name_pkey", "Actual Startup Time": 0.0, "Relation Name": "name", "Actual Loops": 0, "Plan Rows": 1, "Startup Cost": 0.43, "Rows Removed by Index Recheck": 0, "Rows Removed by Filter": 0, "Alias": "n", "Node Type": "Index Scan", "Scan Direction": "Forward", "Actual Total Time": 0.0, "Actual Rows": 0, "Index Cond": "(id = an.person_id)", "Filter": "((name ~~ '%Do%'::text) AND ((gender)::text = 'm'::text))", "Parent Relationship": "Inner", "Total Cost": 0.77, "Plan Width": 19}], "Join Type": "Inner", "Node Type": "Nested Loop", "Actual Total Time": 0.051, "Actual Rows": 0, "Parent Relationship": "Outer", "Total Cost": 83074.21, "Plan Width": 27}, {"Index Name": "title_pkey", "Actual Startup Time": 0.0, "Relation Name": "title", "Actual Loops": 0, "Plan Rows": 1, "Startup Cost": 0.43, "Rows Removed by Index Recheck": 0, "Rows Removed by Filter": 0, "Alias": "t", "Node Type": "Index Scan", "Scan Direction": "Forward", "Actual Total Time": 0.0, "Actual Rows": 0, "Index Cond": "(id = mc.movie_id)", "Filter": "((production_year >= 2001) AND (production_year <= 2011))", "Parent Relationship": "Inner", "Total Cost": 0.99, "Plan Width": 21}], "Join Type": "Inner", "Node Type": "Nested Loop", "Actual Total Time": 0.051, "Actual Rows": 0, "Parent Relationship": "Outer", "Total Cost": 83075.21, "Plan Width": 32}]}, "Triggers": [], "Planning Time": 21.494, "Execution Time": 0.328}]]]}
{"start_time": 1569073773.4355683, "plan": [[[{"Plan": {"Actual Startup Time": 0.33, "Plan Rows": 1, "Node Type": "Aggregate", "Actual Loops": 1, "Actual Total Time": 0.33, "Actual Rows": 1, "Plan Width": 32, "Startup Cost": 82717.06, "Strategy": "Plain", "Total Cost": 82717.07, "Plans": [{"Actual Startup Time": 0.328, "Plan Rows": 1, "Join Filter": "(mi.movie_id = t.id)", "Actual Loops": 1, "Startup Cost": 68.22, "Rows Removed by Join Filter": 0, "Plans": [{"Actual Startup Time": 0.328, "Plan Rows": 1, "Join Filter": "(ci.person_id = n.id)", "Actual Loops": 1, "Startup Cost": 67.79, "Rows Removed by Join Filter": 0, "Plans": [{"Actual Startup Time": 0.328, "Plan Rows": 1, "Join Filter": "(mi.info_type_id = it.id)", "Actual Loops": 1, "Startup Cost": 67.36, "Rows Removed by Join Filter": 0, "Plans": [{"Actual Startup Time": 0.327, "Plan Rows": 1, "Actual Loops": 1, "Startup Cost": 67.36, "Plans": [{"Actual Startup Time": 0.327, "Plan Rows": 1, "Actual Loops": 1, "Startup Cost": 66.94, "Plans": [{"Actual Startup Time": 0.327, "Plan Rows": 1, "Join Filter": "(mi.movie_id = ci.movie_id)", "Actual Loops": 1, "Startup Cost": 66.51, "Rows Removed by Join Filter": 0, "Plans": [{"Actual Startup Time": 0.327, "Plan Rows": 1, "Actual Loops": 1, "Startup Cost": 21.71, "Hash Cond": "(mc.movie_id = mi.movie_id)", "Plans": [{"Actual Startup Time": 0.282, "Plan Rows": 240511, "Actual Loops": 1, "Rows Removed by Filter": 368, "Startup Cost": 0.0, "Alias": "mc", "Node Type": "Seq Scan", "Actual Total Time": 0.282, "Actual Rows": 1, "Relation Name": "movie_companies", "Filter": "((note IS NOT NULL) AND ((note ~~ '%(theatrical)%'::text) OR (note ~~ '%(201%)%'::text)))", "Parent Relationship": "Outer", "Total Cost": 57926.93, "Plan Width": 8}, {"Actual Startup Time": 0.001, "Plan Rows": 1, "Peak Memory Usage": 8, "Actual Loops": 1, "Startup Cost": 21.7, "Original Hash Batches": 1, "Plans": [{"Actual Startup Time": 0.001, "Plan Rows": 1, "Actual Loops": 1, "Rows Removed by Filter": 0, "Startup Cost": 0.0, "Alias": "mi", "Node Type": "Seq Scan", "Actual Total Time": 0.001, "Actual Rows": 0, "Relation Name": "movie_info", "Filter": "((info IS NOT NULL) AND ((info ~~ '%Italy:% 201%'::text) OR (info ~~ '%Finland:% 199%'::text)))", "Parent Relationship": "Outer", "Total Cost": 21.7, "Plan Width": 8}], "Hash Buckets": 1024, "Original Hash Buckets": 1024, "Node Type": "Hash", "Actual Total Time": 0.001, "Actual Rows": 0, "Parent Relationship": "Inner", "Hash Batches": 1, "Total Cost": 21.7, "Plan Width": 8}], "Join Type": "Inner", "Node Type": "Hash Join", "Actual Total Time": 0.327, "Actual Rows": 0, "Parent Relationship": "Outer", "Total Cost": 58850.57, "Plan Width": 16}, {"Actual Startup Time": 0.0, "Plan Rows": 1, "Actual Loops": 0, "Startup Cost": 44.8, "Hash Cond": "(an.person_id = ci.person_id)", "Plans": [{"Actual Startup Time": 0.0, "Plan Rows": 902055, "Actual Loops": 0, "Startup Cost": 0.0, "Alias": "an", "Node Type": "Seq Scan", "Actual Total Time": 0.0, "Actual Rows": 0, "Parent Relationship": "Outer", "Relation Name": "aka_name", "Total Cost": 20425.55, "Plan Width": 4}, {"Actual Startup Time": 0.0, "Plan Rows": 1, "Node Type": "Hash", "Actual Loops": 0, "Actual Total Time": 0.0, "Actual Rows": 0, "Startup Cost": 44.79, "Plan Width": 12, "Parent Relationship": "Inner", "Total Cost": 44.79, "Plans": [{"Actual Startup Time": 0.0, "Plan Rows": 1, "Actual Loops": 0, "Startup Cost": 18.93, "Hash Cond": "(ci.role_id = rt.id)", "Plans": [{"Actual Startup Time": 0.0, "Plan Rows": 24, "Actual Loops": 0, "Rows Removed by Filter": 0, "Startup Cost": 0.0, "Alias": "ci", "Node Type": "Seq Scan", "Actual Total Time": 0.0, "Actual Rows": 0, "Relation Name": "cast_info", "Filter": "(note = ANY ('{\"(as Michael Gorevoy)\",\"(as Nick Mele)\",(voice),\"(as Dean Monroe McKenzie)\",(uncredited)}'::text[]))", "Parent Relationship": "Outer", "Total Cost": 25.76, "Plan Width": 16}, {"Actual Startup Time": 0.0, "Plan Rows": 4, "Node Type": "Hash", "Actual Loops": 0, "Actual Total Time": 0.0, "Actual Rows": 0, "Startup Cost": 18.88, "Plan Width": 4, "Parent Relationship": "Inner", "Total Cost": 18.88, "Plans": [{"Actual Startup Time": 0.0, "Plan Rows": 4, "Actual Loops": 0, "Rows Removed by Filter": 0, "Startup Cost": 0.0, "Alias": "rt", "Node Type": "Seq Scan", "Actual Total Time": 0.0, "Actual Rows": 0, "Relation Name": "role_type", "Filter": "((role)::text = 'actor'::text)", "Parent Relationship": "Outer", "Total Cost": 18.88, "Plan Width": 4}]}], "Join Type": "Inner", "Node Type": "Hash Join", "Actual Total Time": 0.0, "Actual Rows": 0, "Parent Relationship": "Outer", "Total Cost": 44.79, "Plan Width": 12}]}], "Join Type": "Inner", "Node Type": "Hash Join", "Actual Total Time": 0.0, "Actual Rows": 0, "Parent Relationship": "Inner", "Total Cost": 23853.08, "Plan Width": 16}], "Join Type": "Inner", "Node Type": "Nested Loop", "Actual Total Time": 0.327, "Actual Rows": 0, "Parent Relationship": "Outer", "Total Cost": 82703.66, "Plan Width": 32}, {"Index Name": "char_name_pkey", "Actual Startup Time": 0.0, "Relation Name": "char_name", "Actual Loops": 0, "Plan Rows": 1, "Startup Cost": 0.43, "Rows Removed by Index Recheck": 0, "Parent Relationship": "Inner", "Alias": "chn", "Node Type": "Index Only Scan", "Scan Direction": "Forward", "Actual Total Time": 0.0, "Actual Rows": 0, "Heap Fetches": 0, "Index Cond": "(id = ci.person_role_id)", "Total Cost": 8.45, "Plan Width": 4}], "Join Type": "Inner", "Node Type": "Nested Loop", "Actual Total Time": 0.327, "Actual Rows": 0, "Parent Relationship": "Outer", "Total Cost": 82712.12, "Plan Width": 28}, {"Index Name": "company_name_pkey", "Actual Startup Time": 0.0, "Relation Name": "company_name", "Actual Loops": 0, "Plan Rows": 1, "Startup Cost": 0.42, "Rows Removed by Index Recheck": 0, "Rows Removed by Filter": 0, "Alias": "cn", "Node Type": "Index Scan", "Scan Direction": "Forward", "Actual Total Time": 0.0, "Actual Rows": 0, "Index Cond": "(id = mc.company_id)", "Filter": "((country_code)::text = '[pt]'::text)", "Parent Relationship": "Inner", "Total Cost": 0.5, "Plan Width": 4}], "Join Type": "Inner", "Node Type": "Nested Loop", "Actual Total Time": 0.327, "Actual Rows": 0, "Parent Relationship": "Outer", "Total Cost": 82712.63, "Plan Width": 24}, {"Actual Startup Time": 0.0, "Plan Rows": 1, "Actual Loops": 0, "Rows Removed by Filter": 0, "Startup Cost": 0.0, "Alias": "it", "Node Type": "Seq Scan", "Actual Total Time": 0.0, "Actual Rows": 0, "Relation Name": "info_type", "Filter": "((info)::text = 'release dates'::text)", "Parent Relationship": "Inner", "Total Cost": 2.41, "Plan Width": 4}], "Join Type": "Inner", "Node Type": "Nested Loop", "Actual Total Time": 0.328, "Actual Rows": 0, "Parent Relationship": "Outer", "Total Cost": 82715.06, "Plan Width": 20}, {"Index Name": "name_pkey", "Actual Startup Time": 0.0, "Relation Name": "name", "Actual Loops": 0, "Plan Rows": 1, "Startup Cost": 0.43, "Rows Removed by Index Recheck": 0, "Rows Removed by Filter": 0, "Alias": "n", "Node Type": "Index Scan", "Scan Direction": "Forward", "Actual Total Time": 0.0, "Actual Rows": 0, "Index Cond": "(id = an.person_id)", "Filter": "((name ~~ '%Chr%'::text) AND ((gender)::text = 'm'::text))", "Parent Relationship": "Inner", "Total Cost": 0.77, "Plan Width": 19}], "Join Type": "Inner", "Node Type": "Nested Loop", "Actual Total Time": 0.328, "Actual Rows": 0, "Parent Relationship": "Outer", "Total Cost": 82715.84, "Plan Width": 27}, {"Index Name": "title_pkey", "Actual Startup Time": 0.0, "Relation Name": "title", "Actual Loops": 0, "Plan Rows": 1, "Startup Cost": 0.43, "Rows Removed by Index Recheck": 0, "Rows Removed by Filter": 0, "Alias": "t", "Node Type": "Index Scan", "Scan Direction": "Forward", "Actual Total Time": 0.0, "Actual Rows": 0, "Index Cond": "(id = mc.movie_id)", "Filter": "((production_year >= 1958) AND (production_year <= 2013))", "Parent Relationship": "Inner", "Total Cost": 1.2, "Plan Width": 21}], "Join Type": "Inner", "Node Type": "Nested Loop", "Actual Total Time": 0.328, "Actual Rows": 0, "Parent Relationship": "Outer", "Total Cost": 82717.05, "Plan Width": 32}]}, "Triggers": [], "Planning Time": 21.94, "Execution Time": 0.622}]]]}
{"start_time": 1569073773.4355683, "plan": [[[{"Plan": {"Actual Startup Time": 0.004, "Plan Rows": 1, "Node Type": "Aggregate", "Actual Loops": 1, "Actual Total Time": 0.004, "Actual Rows": 1, "Plan Width": 32, "Startup Cost": 82479.27, "Strategy": "Plain", "Total Cost": 82479.28, "Plans": [{"Actual Startup Time": 0.003, "Plan Rows": 1, "Join Filter": "(mi.movie_id = t.id)", "Actual Loops": 1, "Startup Cost": 24.05, "Rows Removed by Join Filter": 0, "Plans": [{"Actual Startup Time": 0.002, "Plan Rows": 1, "Actual Loops": 1, "Startup Cost": 23.62, "Plans": [{"Actual Startup Time": 0.002, "Plan Rows": 1, "Join Filter": "(ci.person_id = n.id)", "Actual Loops": 1, "Startup Cost": 23.47, "Rows Removed by Join Filter": 0, "Plans": [{"Actual Startup Time": 0.001, "Plan Rows": 1, "Join Filter": "(mi.info_type_id = it.id)", "Actual Loops": 1, "Startup Cost": 23.04, "Rows Removed by Join Filter": 0, "Plans": [{"Actual Startup Time": 0.001, "Plan Rows": 1, "Actual Loops": 1, "Startup Cost": 23.04, "Plans": [{"Actual Startup Time": 0.001, "Plan Rows": 1, "Join Filter": "(mi.movie_id = mc.movie_id)", "Actual Loops": 1, "Startup Cost": 22.62, "Rows Removed by Join Filter": 0, "Plans": [{"Actual Startup Time": 0.001, "Plan Rows": 1, "Actual Loops": 1, "Startup Cost": 22.62, "Plans": [{"Actual Startup Time": 0.001, "Plan Rows": 1, "Join Filter": "(ci.movie_id = mi.movie_id)", "Actual Loops": 1, "Startup Cost": 22.19, "Rows Removed by Join Filter": 0, "Plans": [{"Actual Startup Time": 0.001, "Plan Rows": 1, "Actual Loops": 1, "Rows Removed by Filter": 0, "Startup Cost": 0.0, "Alias": "mi", "Node Type": "Seq Scan", "Actual Total Time": 0.001, "Actual Rows": 0, "Relation Name": "movie_info", "Filter": "((info IS NOT NULL) AND ((info ~~ '%France:% 193%'::text) OR (info ~~ '%Australia:% 200%'::text)))", "Parent Relationship": "Outer", "Total Cost": 21.7, "Plan Width": 8}, {"Actual Startup Time": 0.0, "Plan Rows": 12, "Actual Loops": 0, "Startup Cost": 22.19, "Hash Cond": "(an.person_id = ci.person_id)", "Plans": [{"Actual Startup Time": 0.0, "Plan Rows": 902055, "Actual Loops": 0, "Startup Cost": 0.0, "Alias": "an", "Node Type": "Seq Scan", "Actual Total Time": 0.0, "Actual Rows": 0, "Parent Relationship": "Outer", "Relation Name": "aka_name", "Total Cost": 20425.55, "Plan Width": 4}, {"Actual Startup Time": 0.0, "Plan Rows": 5, "Node Type": "Hash", "Actual Loops": 0, "Actual Total Time": 0.0, "Actual Rows": 0, "Startup Cost": 22.12, "Plan Width": 16, "Parent Relationship": "Inner", "Total Cost": 22.12, "Plans": [{"Actual Startup Time": 0.0, "Plan Rows": 5, "Actual Loops": 0, "Rows Removed by Filter": 0, "Startup Cost": 0.0, "Alias": "ci", "Node Type": "Seq Scan", "Actual Total Time": 0.0, "Actual Rows": 0, "Relation Name": "cast_info", "Filter": "(note = '(uncredited)'::text)", "Parent Relationship": "Outer", "Total Cost": 22.12, "Plan Width": 16}]}], "Join Type": "Inner", "Node Type": "Hash Join", "Actual Total Time": 0.0, "Actual Rows": 0, "Parent Relationship": "Inner", "Total Cost": 23830.56, "Plan Width": 20}], "Join Type": "Inner", "Node Type": "Nested Loop", "Actual Total Time": 0.001, "Actual Rows": 0, "Parent Relationship": "Outer", "Total Cost": 23852.41, "Plan Width": 28}, {"Index Name": "char_name_pkey", "Actual Startup Time": 0.0, "Relation Name": "char_name", "Actual Loops": 0, "Plan Rows": 1, "Startup Cost": 0.43, "Rows Removed by Index Recheck": 0, "Parent Relationship": "Inner", "Alias": "chn", "Node Type": "Index Only Scan", "Scan Direction": "Forward", "Actual Total Time": 0.0, "Actual Rows": 0, "Heap Fetches": 0, "Index Cond": "(id = ci.person_role_id)", "Total Cost": 8.45, "Plan Width": 4}], "Join Type": "Inner", "Node Type": "Nested Loop", "Actual Total Time": 0.001, "Actual Rows": 0, "Parent Relationship": "Outer", "Total Cost": 23860.87, "Plan Width": 24}, {"Actual Startup Time": 0.0, "Plan Rows": 54331, "Actual Loops": 0, "Rows Removed by Filter": 0, "Startup Cost": 0.0, "Alias": "mc", "Node Type": "Seq Scan", "Actual Total Time": 0.0, "Actual Rows": 0, "Relation Name": "movie_companies", "Filter": "((note IS NOT NULL) AND ((note ~~ '%(????)%'::text) OR (note ~~ '%(Germany)%'::text)))", "Parent Relationship": "Inner", "Total Cost": 57926.93, "Plan Width": 8}], "Join Type": "Inner", "Node Type": "Nested Loop", "Actual Total Time": 0.001, "Actual Rows": 0, "Parent Relationship": "Outer", "Total Cost": 82466.94, "Plan Width": 32}, {"Index Name": "company_name_pkey", "Actual Startup Time": 0.0, "Relation Name": "company_name", "Actual Loops": 0, "Plan Rows": 1, "Startup Cost": 0.42, "Rows Removed by Index Recheck": 0, "Rows Removed by Filter": 0, "Alias": "cn", "Node Type": "Index Scan", "Scan Direction": "Forward", "Actual Total Time": 0.0, "Actual Rows": 0, "Index Cond": "(id = mc.company_id)", "Filter": "((country_code)::text = '[de]'::text)", "Parent Relationship": "Inner", "Total Cost": 0.72, "Plan Width": 4}], "Join Type": "Inner", "Node Type": "Nested Loop", "Actual Total Time": 0.001, "Actual Rows": 0, "Parent Relationship": "Outer", "Total Cost": 82467.68, "Plan Width": 28}, {"Actual Startup Time": 0.0, "Plan Rows": 1, "Actual Loops": 0, "Rows Removed by Filter": 0, "Startup Cost": 0.0, "Alias": "it", "Node Type": "Seq Scan", "Actual Total Time": 0.0, "Actual Rows": 0, "Relation Name": "info_type", "Filter": "((info)::text = 'release dates'::text)", "Parent Relationship": "Inner", "Total Cost": 2.41, "Plan Width": 4}], "Join Type": "Inner", "Node Type": "Nested Loop", "Actual Total Time": 0.001, "Actual Rows": 0, "Parent Relationship": "Outer", "Total Cost": 82470.1, "Plan Width": 24}, {"Index Name": "name_pkey", "Actual Startup Time": 0.0, "Relation Name": "name", "Actual Loops": 0, "Plan Rows": 1, "Startup Cost": 0.43, "Rows Removed by Index Recheck": 0, "Rows Removed by Filter": 0, "Alias": "n", "Node Type": "Index Scan", "Scan Direction": "Forward", "Actual Total Time": 0.0, "Actual Rows": 0, "Index Cond": "(id = an.person_id)", "Filter": "((name ~~ '%Ray%'::text) AND ((gender)::text = 'f'::text))", "Parent Relationship": "Inner", "Total Cost": 0.77, "Plan Width": 19}], "Join Type": "Inner", "Node Type": "Nested Loop", "Actual Total Time": 0.002, "Actual Rows": 0, "Parent Relationship": "Outer", "Total Cost": 82470.88, "Plan Width": 31}, {"Index Name": "role_type_pkey", "Actual Startup Time": 0.0, "Relation Name": "role_type", "Actual Loops": 0, "Plan Rows": 1, "Startup Cost": 0.15, "Rows Removed by Index Recheck": 0, "Rows Removed by Filter": 0, "Alias": "rt", "Node Type": "Index Scan", "Scan Direction": "Forward", "Actual Total Time": 0.0, "Actual Rows": 0, "Index Cond": "(id = ci.role_id)", "Filter": "((role)::text = 'actress'::text)", "Parent Relationship": "Inner", "Total Cost": 4.97, "Plan Width": 4}], "Join Type": "Inner", "Node Type": "Nested Loop", "Actual Total Time": 0.002, "Actual Rows": 0, "Parent Relationship": "Outer", "Total Cost": 82475.86, "Plan Width": 27}, {"Index Name": "title_pkey", "Actual Startup Time": 0.0, "Relation Name": "title", "Actual Loops": 0, "Plan Rows": 1, "Startup Cost": 0.43, "Rows Removed by Index Recheck": 0, "Rows Removed by Filter": 0, "Alias": "t", "Node Type": "Index Scan", "Scan Direction": "Forward", "Actual Total Time": 0.0, "Actual Rows": 0, "Index Cond": "(id = mc.movie_id)", "Filter": "((production_year >= 1930) AND (production_year <= 1939))", "Parent Relationship": "Inner", "Total Cost": 3.39, "Plan Width": 21}], "Join Type": "Inner", "Node Type": "Nested Loop", "Actual Total Time": 0.003, "Actual Rows": 0, "Parent Relationship": "Outer", "Total Cost": 82479.27, "Plan Width": 32}]}, "Triggers": [], "Planning Time": 21.991, "Execution Time": 0.336}]]]}
{"start_time": 1569073773.4355683, "plan": [[[{"Plan": {"Actual Startup Time": 0.062, "Plan Rows": 1, "Node Type": "Aggregate", "Actual Loops": 1, "Actual Total Time": 0.062, "Actual Rows": 1, "Plan Width": 32, "Startup Cost": 82823.11, "Strategy": "Plain", "Total Cost": 82823.12, "Plans": [{"Actual Startup Time": 0.058, "Plan Rows": 1, "Join Filter": "(mi.movie_id = t.id)", "Actual Loops": 1, "Startup Cost": 66.99, "Rows Removed by Join Filter": 0, "Plans": [{"Actual Startup Time": 0.057, "Plan Rows": 1, "Join Filter": "(ci.person_id = n.id)", "Actual Loops": 1, "Startup Cost": 66.56, "Rows Removed by Join Filter": 0, "Plans": [{"Actual Startup Time": 0.057, "Plan Rows": 1, "Join Filter": "(mi.info_type_id = it.id)", "Actual Loops": 1, "Startup Cost": 66.13, "Rows Removed by Join Filter": 0, "Plans": [{"Actual Startup Time": 0.057, "Plan Rows": 1, "Actual Loops": 1, "Startup Cost": 66.13, "Plans": [{"Actual Startup Time": 0.057, "Plan Rows": 1, "Actual Loops": 1, "Startup Cost": 65.71, "Plans": [{"Actual Startup Time": 0.057, "Plan Rows": 1, "Join Filter": "(mi.movie_id = ci.movie_id)", "Actual Loops": 1, "Startup Cost": 65.28, "Rows Removed by Join Filter": 0, "Plans": [{"Actual Startup Time": 0.056, "Plan Rows": 1, "Actual Loops": 1, "Startup Cost": 21.71, "Hash Cond": "(mc.movie_id = mi.movie_id)", "Plans": [{"Actual Startup Time": 0.018, "Plan Rows": 269143, "Actual Loops": 1, "Rows Removed by Filter": 3, "Startup Cost": 0.0, "Alias": "mc", "Node Type": "Seq Scan", "Actual Total Time": 0.018, "Actual Rows": 1, "Relation Name": "movie_companies", "Filter": "((note IS NOT NULL) AND ((note ~~ '%(USA)%'::text) OR (note ~~ '%(2000)%'::text)))", "Parent Relationship": "Outer", "Total Cost": 57926.93, "Plan Width": 8}, {"Actual Startup Time": 0.001, "Plan Rows": 1, "Peak Memory Usage": 8, "Actual Loops": 1, "Startup Cost": 21.7, "Original Hash Batches": 1, "Plans": [{"Actual Startup Time": 0.0, "Plan Rows": 1, "Actual Loops": 1, "Rows Removed by Filter": 0, "Startup Cost": 0.0, "Alias": "mi", "Node Type": "Seq Scan", "Actual Total Time": 0.0, "Actual Rows": 0, "Relation Name": "movie_info", "Filter": "((info IS NOT NULL) AND ((info ~~ '%Iceland:% 200%'::text) OR (info ~~ '%Norway:% 200%'::text)))", "Parent Relationship": "Outer", "Total Cost": 21.7, "Plan Width": 8}], "Hash Buckets": 1024, "Original Hash Buckets": 1024, "Node Type": "Hash", "Actual Total Time": 0.001, "Actual Rows": 0, "Parent Relationship": "Inner", "Hash Batches": 1, "Total Cost": 21.7, "Plan Width": 8}], "Join Type": "Inner", "Node Type": "Hash Join", "Actual Total Time": 0.056, "Actual Rows": 0, "Parent Relationship": "Outer", "Total Cost": 58957.94, "Plan Width": 16}, {"Actual Startup Time": 0.0, "Plan Rows": 1, "Actual Loops": 0, "Startup Cost": 43.57, "Hash Cond": "(an.person_id = ci.person_id)", "Plans": [{"Actual Startup Time": 0.0, "Plan Rows": 902055, "Actual Loops": 0, "Startup Cost": 0.0, "Alias": "an", "Node Type": "Seq Scan", "Actual Total Time": 0.0, "Actual Rows": 0, "Parent Relationship": "Outer", "Relation Name": "aka_name", "Total Cost": 20425.55, "Plan Width": 4}, {"Actual Startup Time": 0.0, "Plan Rows": 1, "Node Type": "Hash", "Actual Loops": 0, "Actual Total Time": 0.0, "Actual Rows": 0, "Startup Cost": 43.56, "Plan Width": 12, "Parent Relationship": "Inner", "Total Cost": 43.56, "Plans": [{"Actual Startup Time": 0.0, "Plan Rows": 1, "Actual Loops": 0, "Startup Cost": 18.93, "Hash Cond": "(ci.role_id = rt.id)", "Plans": [{"Actual Startup Time": 0.0, "Plan Rows": 19, "Actual Loops": 0, "Rows Removed by Filter": 0, "Startup Cost": 0.0, "Alias": "ci", "Node Type": "Seq Scan", "Actual Total Time": 0.0, "Actual Rows": 0, "Relation Name": "cast_info", "Filter": "(note = ANY ('{\"(as Jocelyn Sand)\",(uncredited),(unconfirmed),\"(archive sound) (uncredited)\"}'::text[]))", "Parent Relationship": "Outer", "Total Cost": 24.55, "Plan Width": 16}, {"Actual Startup Time": 0.0, "Plan Rows": 4, "Node Type": "Hash", "Actual Loops": 0, "Actual Total Time": 0.0, "Actual Rows": 0, "Startup Cost": 18.88, "Plan Width": 4, "Parent Relationship": "Inner", "Total Cost": 18.88, "Plans": [{"Actual Startup Time": 0.0, "Plan Rows": 4, "Actual Loops": 0, "Rows Removed by Filter": 0, "Startup Cost": 0.0, "Alias": "rt", "Node Type": "Seq Scan", "Actual Total Time": 0.0, "Actual Rows": 0, "Relation Name": "role_type", "Filter": "((role)::text = 'actress'::text)", "Parent Relationship": "Outer", "Total Cost": 18.88, "Plan Width": 4}]}], "Join Type": "Inner", "Node Type": "Hash Join", "Actual Total Time": 0.0, "Actual Rows": 0, "Parent Relationship": "Outer", "Total Cost": 43.56, "Plan Width": 12}]}], "Join Type": "Inner", "Node Type": "Hash Join", "Actual Total Time": 0.0, "Actual Rows": 0, "Parent Relationship": "Inner", "Total Cost": 23851.85, "Plan Width": 16}], "Join Type": "Inner", "Node Type": "Nested Loop", "Actual Total Time": 0.057, "Actual Rows": 0, "Parent Relationship": "Outer", "Total Cost": 82809.8, "Plan Width": 32}, {"Index Name": "char_name_pkey", "Actual Startup Time": 0.0, "Relation Name": "char_name", "Actual Loops": 0, "Plan Rows": 1, "Startup Cost": 0.43, "Rows Removed by Index Recheck": 0, "Parent Relationship": "Inner", "Alias": "chn", "Node Type": "Index Only Scan", "Scan Direction": "Forward", "Actual Total Time": 0.0, "Actual Rows": 0, "Heap Fetches": 0, "Index Cond": "(id = ci.person_role_id)", "Total Cost": 8.45, "Plan Width": 4}], "Join Type": "Inner", "Node Type": "Nested Loop", "Actual Total Time": 0.057, "Actual Rows": 0, "Parent Relationship": "Outer", "Total Cost": 82818.26, "Plan Width": 28}, {"Index Name": "company_name_pkey", "Actual Startup Time": 0.0, "Relation Name": "company_name", "Actual Loops": 0, "Plan Rows": 1, "Startup Cost": 0.42, "Rows Removed by Index Recheck": 0, "Rows Removed by Filter": 0, "Alias": "cn", "Node Type": "Index Scan", "Scan Direction": "Forward", "Actual Total Time": 0.0, "Actual Rows": 0, "Index Cond": "(id = mc.company_id)", "Filter": "((country_code)::text = '[us]'::text)", "Parent Relationship": "Inner", "Total Cost": 0.5, "Plan Width": 4}], "Join Type": "Inner", "Node Type": "Nested Loop", "Actual Total Time": 0.057, "Actual Rows": 0, "Parent Relationship": "Outer", "Total Cost": 82818.77, "Plan Width": 24}, {"Actual Startup Time": 0.0, "Plan Rows": 1, "Actual Loops": 0, "Rows Removed by Filter": 0, "Startup Cost": 0.0, "Alias": "it", "Node Type": "Seq Scan", "Actual Total Time": 0.0, "Actual Rows": 0, "Relation Name": "info_type", "Filter": "((info)::text = 'release dates'::text)", "Parent Relationship": "Inner", "Total Cost": 2.41, "Plan Width": 4}], "Join Type": "Inner", "Node Type": "Nested Loop", "Actual Total Time": 0.057, "Actual Rows": 0, "Parent Relationship": "Outer", "Total Cost": 82821.19, "Plan Width": 20}, {"Index Name": "name_pkey", "Actual Startup Time": 0.0, "Relation Name": "name", "Actual Loops": 0, "Plan Rows": 1, "Startup Cost": 0.43, "Rows Removed by Index Recheck": 0, "Rows Removed by Filter": 0, "Alias": "n", "Node Type": "Index Scan", "Scan Direction": "Forward", "Actual Total Time": 0.0, "Actual Rows": 0, "Index Cond": "(id = an.person_id)", "Filter": "((name ~~ '%Fri%'::text) AND ((gender)::text = 'f'::text))", "Parent Relationship": "Inner", "Total Cost": 0.77, "Plan Width": 19}], "Join Type": "Inner", "Node Type": "Nested Loop", "Actual Total Time": 0.057, "Actual Rows": 0, "Parent Relationship": "Outer", "Total Cost": 82821.97, "Plan Width": 27}, {"Index Name": "title_pkey", "Actual Startup Time": 0.0, "Relation Name": "title", "Actual Loops": 0, "Plan Rows": 1, "Startup Cost": 0.43, "Rows Removed by Index Recheck": 0, "Rows Removed by Filter": 0, "Alias": "t", "Node Type": "Index Scan", "Scan Direction": "Forward", "Actual Total Time": 0.0, "Actual Rows": 0, "Index Cond": "(id = mc.movie_id)", "Filter": "((production_year >= 1956) AND (production_year <= 2005))", "Parent Relationship": "Inner", "Total Cost": 1.12, "Plan Width": 21}], "Join Type": "Inner", "Node Type": "Nested Loop", "Actual Total Time": 0.058, "Actual Rows": 0, "Parent Relationship": "Outer", "Total Cost": 82823.1, "Plan Width": 32}]}, "Triggers": [], "Planning Time": 21.057, "Execution Time": 0.347}]]]}
{"start_time": 1569073773.4355683, "plan": [[[{"Plan": {"Actual Startup Time": 0.058, "Plan Rows": 1, "Node Type": "Aggregate", "Actual Loops": 1, "Actual Total Time": 0.059, "Actual Rows": 1, "Plan Width": 32, "Startup Cost": 83028.55, "Strategy": "Plain", "Total Cost": 83028.56, "Plans": [{"Actual Startup Time": 0.057, "Plan Rows": 1, "Join Filter": "(mi.movie_id = t.id)", "Actual Loops": 1, "Startup Cost": 65.76, "Rows Removed by Join Filter": 0, "Plans": [{"Actual Startup Time": 0.056, "Plan Rows": 1, "Join Filter": "(ci.person_id = n.id)", "Actual Loops": 1, "Startup Cost": 65.33, "Rows Removed by Join Filter": 0, "Plans": [{"Actual Startup Time": 0.055, "Plan Rows": 1, "Join Filter": "(mi.info_type_id = it.id)", "Actual Loops": 1, "Startup Cost": 64.9, "Rows Removed by Join Filter": 0, "Plans": [{"Actual Startup Time": 0.055, "Plan Rows": 1, "Actual Loops": 1, "Startup Cost": 64.9, "Plans": [{"Actual Startup Time": 0.055, "Plan Rows": 1, "Actual Loops": 1, "Startup Cost": 64.48, "Plans": [{"Actual Startup Time": 0.055, "Plan Rows": 1, "Join Filter": "(mi.movie_id = ci.movie_id)", "Actual Loops": 1, "Startup Cost": 64.05, "Rows Removed by Join Filter": 0, "Plans": [{"Actual Startup Time": 0.055, "Plan Rows": 1, "Actual Loops": 1, "Startup Cost": 21.71, "Hash Cond": "(mc.movie_id = mi.movie_id)", "Plans": [{"Actual Startup Time": 0.013, "Plan Rows": 324288, "Actual Loops": 1, "Rows Removed by Filter": 0, "Startup Cost": 0.0, "Alias": "mc", "Node Type": "Seq Scan", "Actual Total Time": 0.013, "Actual Rows": 1, "Relation Name": "movie_companies", "Filter": "((note IS NOT NULL) AND ((note ~~ '%(200%)%'::text) OR (note ~~ '%(DVD)%'::text)))", "Parent Relationship": "Outer", "Total Cost": 57926.93, "Plan Width": 8}, {"Actual Startup Time": 0.001, "Plan Rows": 1, "Peak Memory Usage": 8, "Actual Loops": 1, "Startup Cost": 21.7, "Original Hash Batches": 1, "Plans": [{"Actual Startup Time": 0.0, "Plan Rows": 1, "Actual Loops": 1, "Rows Removed by Filter": 0, "Startup Cost": 0.0, "Alias": "mi", "Node Type": "Seq Scan", "Actual Total Time": 0.0, "Actual Rows": 0, "Relation Name": "movie_info", "Filter": "((info IS NOT NULL) AND ((info ~~ '%Germany:% 200%'::text) OR (info ~~ '%Hungary:% 201%'::text)))", "Parent Relationship": "Outer", "Total Cost": 21.7, "Plan Width": 8}], "Hash Buckets": 1024, "Original Hash Buckets": 1024, "Node Type": "Hash", "Actual Total Time": 0.001, "Actual Rows": 0, "Parent Relationship": "Inner", "Hash Batches": 1, "Total Cost": 21.7, "Plan Width": 8}], "Join Type": "Inner", "Node Type": "Hash Join", "Actual Total Time": 0.055, "Actual Rows": 0, "Parent Relationship": "Outer", "Total Cost": 59164.74, "Plan Width": 16}, {"Actual Startup Time": 0.0, "Plan Rows": 1, "Actual Loops": 0, "Startup Cost": 42.34, "Hash Cond": "(an.person_id = ci.person_id)", "Plans": [{"Actual Startup Time": 0.0, "Plan Rows": 902055, "Actual Loops": 0, "Startup Cost": 0.0, "Alias": "an", "Node Type": "Seq Scan", "Actual Total Time": 0.0, "Actual Rows": 0, "Parent Relationship": "Outer", "Relation Name": "aka_name", "Total Cost": 20425.55, "Plan Width": 4}, {"Actual Startup Time": 0.0, "Plan Rows": 1, "Node Type": "Hash", "Actual Loops": 0, "Actual Total Time": 0.0, "Actual Rows": 0, "Startup Cost": 42.33, "Plan Width": 12, "Parent Relationship": "Inner", "Total Cost": 42.33, "Plans": [{"Actual Startup Time": 0.0, "Plan Rows": 1, "Actual Loops": 0, "Startup Cost": 18.93, "Hash Cond": "(ci.role_id = rt.id)", "Plans": [{"Actual Startup Time": 0.0, "Plan Rows": 15, "Actual Loops": 0, "Rows Removed by Filter": 0, "Startup Cost": 0.0, "Alias": "ci", "Node Type": "Seq Scan", "Actual Total Time": 0.0, "Actual Rows": 0, "Relation Name": "cast_info", "Filter": "(note = ANY ('{(voice),(uncredited),\"(as Dick Butler)\"}'::text[]))", "Parent Relationship": "Outer", "Total Cost": 23.34, "Plan Width": 16}, {"Actual Startup Time": 0.0, "Plan Rows": 4, "Node Type": "Hash", "Actual Loops": 0, "Actual Total Time": 0.0, "Actual Rows": 0, "Startup Cost": 18.88, "Plan Width": 4, "Parent Relationship": "Inner", "Total Cost": 18.88, "Plans": [{"Actual Startup Time": 0.0, "Plan Rows": 4, "Actual Loops": 0, "Rows Removed by Filter": 0, "Startup Cost": 0.0, "Alias": "rt", "Node Type": "Seq Scan", "Actual Total Time": 0.0, "Actual Rows": 0, "Relation Name": "role_type", "Filter": "((role)::text = 'actor'::text)", "Parent Relationship": "Outer", "Total Cost": 18.88, "Plan Width": 4}]}], "Join Type": "Inner", "Node Type": "Hash Join", "Actual Total Time": 0.0, "Actual Rows": 0, "Parent Relationship": "Outer", "Total Cost": 42.33, "Plan Width": 12}]}], "Join Type": "Inner", "Node Type": "Hash Join", "Actual Total Time": 0.0, "Actual Rows": 0, "Parent Relationship": "Inner", "Total Cost": 23850.62, "Plan Width": 16}], "Join Type": "Inner", "Node Type": "Nested Loop", "Actual Total Time": 0.055, "Actual Rows": 0, "Parent Relationship": "Outer", "Total Cost": 83015.37, "Plan Width": 32}, {"Index Name": "char_name_pkey", "Actual Startup Time": 0.0, "Relation Name": "char_name", "Actual Loops": 0, "Plan Rows": 1, "Startup Cost": 0.43, "Rows Removed by Index Recheck": 0, "Parent Relationship": "Inner", "Alias": "chn", "Node Type": "Index Only Scan", "Scan Direction": "Forward", "Actual Total Time": 0.0, "Actual Rows": 0, "Heap Fetches": 0, "Index Cond": "(id = ci.person_role_id)", "Total Cost": 8.45, "Plan Width": 4}], "Join Type": "Inner", "Node Type": "Nested Loop", "Actual Total Time": 0.055, "Actual Rows": 0, "Parent Relationship": "Outer", "Total Cost": 83023.82, "Plan Width": 28}, {"Index Name": "company_name_pkey", "Actual Startup Time": 0.0, "Relation Name": "company_name", "Actual Loops": 0, "Plan Rows": 1, "Startup Cost": 0.42, "Rows Removed by Index Recheck": 0, "Rows Removed by Filter": 0, "Alias": "cn", "Node Type": "Index Scan", "Scan Direction": "Forward", "Actual Total Time": 0.0, "Actual Rows": 0, "Index Cond": "(id = mc.company_id)", "Filter": "((country_code)::text = '[jp]'::text)", "Parent Relationship": "Inner", "Total Cost": 0.49, "Plan Width": 4}], "Join Type": "Inner", "Node Type": "Nested Loop", "Actual Total Time": 0.055, "Actual Rows": 0, "Parent Relationship": "Outer", "Total Cost": 83024.32, "Plan Width": 24}, {"Actual Startup Time": 0.0, "Plan Rows": 1, "Actual Loops": 0, "Rows Removed by Filter": 0, "Startup Cost": 0.0, "Alias": "it", "Node Type": "Seq Scan", "Actual Total Time": 0.0, "Actual Rows": 0, "Relation Name": "info_type", "Filter": "((info)::text = 'release dates'::text)", "Parent Relationship": "Inner", "Total Cost": 2.41, "Plan Width": 4}], "Join Type": "Inner", "Node Type": "Nested Loop", "Actual Total Time": 0.055, "Actual Rows": 0, "Parent Relationship": "Outer", "Total Cost": 83026.75, "Plan Width": 20}, {"Index Name": "name_pkey", "Actual Startup Time": 0.0, "Relation Name": "name", "Actual Loops": 0, "Plan Rows": 1, "Startup Cost": 0.43, "Rows Removed by Index Recheck": 0, "Rows Removed by Filter": 0, "Alias": "n", "Node Type": "Index Scan", "Scan Direction": "Forward", "Actual Total Time": 0.0, "Actual Rows": 0, "Index Cond": "(id = an.person_id)", "Filter": "((name ~~ '%Ral%'::text) AND ((gender)::text = 'm'::text))", "Parent Relationship": "Inner", "Total Cost": 0.77, "Plan Width": 19}], "Join Type": "Inner", "Node Type": "Nested Loop", "Actual Total Time": 0.056, "Actual Rows": 0, "Parent Relationship": "Outer", "Total Cost": 83027.53, "Plan Width": 27}, {"Index Name": "title_pkey", "Actual Startup Time": 0.0, "Relation Name": "title", "Actual Loops": 0, "Plan Rows": 1, "Startup Cost": 0.43, "Rows Removed by Index Recheck": 0, "Rows Removed by Filter": 0, "Alias": "t", "Node Type": "Index Scan", "Scan Direction": "Forward", "Actual Total Time": 0.0, "Actual Rows": 0, "Index Cond": "(id = mc.movie_id)", "Filter": "((production_year >= 1948) AND (production_year <= 2004))", "Parent Relationship": "Inner", "Total Cost": 1.01, "Plan Width": 21}], "Join Type": "Inner", "Node Type": "Nested Loop", "Actual Total Time": 0.057, "Actual Rows": 0, "Parent Relationship": "Outer", "Total Cost": 83028.55, "Plan Width": 32}]}, "Triggers": [], "Planning Time": 21.733, "Execution Time": 0.348}]]]}
