{"start_time": 1569073771.7933397, "plan": [[[{"Plan": {"Actual Startup Time": 0.047, "Plan Rows": 1, "Node Type": "Aggregate", "Actual Loops": 1, "Actual Total Time": 0.047, "Actual Rows": 1, "Plan Width": 32, "Startup Cost": 81925.17, "Strategy": "Plain", "Total Cost": 81925.18, "Plans": [{"Actual Startup Time": 0.045, "Plan Rows": 1, "Join Filter": "(ci.person_id = n.id)", "Actual Loops": 1, "Startup Cost": 46.51, "Rows Removed by Join Filter": 0, "Plans": [{"Actual Startup Time": 0.045, "Plan Rows": 1, "Join Filter": "(mi.info_type_id = it.id)", "Actual Loops": 1, "Startup Cost": 46.08, "Rows Removed by Join Filter": 0, "Plans": [{"Actual Startup Time": 0.045, "Plan Rows": 1, "Join Filter": "(t.id = mi.movie_id)", "Actual Loops": 1, "Startup Cost": 46.08, "Rows Removed by Join Filter": 0, "Plans": [{"Actual Startup Time": 0.043, "Plan Rows": 1, "Actual Loops": 1, "Startup Cost": 46.08, "Plans": [{"Actual Startup Time": 0.043, "Plan Rows": 1, "Actual Loops": 1, "Startup Cost": 45.65, "Plans": [{"Actual Startup Time": 0.043, "Plan Rows": 1, "Join Filter": "(ci.movie_id = mc.movie_id)", "Actual Loops": 1, "Startup Cost": 45.23, "Rows Removed by Join Filter": 0, "Plans": [{"Actual Startup Time": 0.043, "Plan Rows": 1, "Actual Loops": 1, "Startup Cost": 45.23, "Plans": [{"Actual Startup Time": 0.043, "Plan Rows": 1, "Actual Loops": 1, "Startup Cost": 44.8, "Hash Cond": "(an.person_id = ci.person_id)", "Plans": [{"Actual Startup Time": 0.007, "Plan Rows": 902055, "Actual Loops": 1, "Startup Cost": 0.0, "Alias": "an", "Node Type": "Seq Scan", "Actual Total Time": 0.007, "Actual Rows": 1, "Parent Relationship": "Outer", "Relation Name": "aka_name", "Total Cost": 20425.55, "Plan Width": 4}, {"Actual Startup Time": 0.001, "Plan Rows": 1, "Peak Memory Usage": 8, "Actual Loops": 1, "Startup Cost": 44.79, "Original Hash Batches": 1, "Plans": [{"Actual Startup Time": 0.001, "Plan Rows": 1, "Actual Loops": 1, "Startup Cost": 18.93, "Hash Cond": "(ci.role_id = rt.id)", "Plans": [{"Actual Startup Time": 0.0, "Plan Rows": 24, "Actual Loops": 1, "Rows Removed by Filter": 0, "Startup Cost": 0.0, "Alias": "ci", "Node Type": "Seq Scan", "Actual Total Time": 0.0, "Actual Rows": 0, "Relation Name": "cast_info", "Filter": "(note = ANY ('{\"(as Will Willoughby)\",\"(as Ghalib Al Saady)\",(uncredited),\"(as Miki Manojlovic)\",\"(school governor)\"}'::text[]))", "Parent Relationship": "Outer", "Total Cost": 25.76, "Plan Width": 16}, {"Actual Startup Time": 0.0, "Plan Rows": 4, "Node Type": "Hash", "Actual Loops": 0, "Actual Total Time": 0.0, "Actual Rows": 0, "Startup Cost": 18.88, "Plan Width": 4, "Parent Relationship": "Inner", "Total Cost": 18.88, "Plans": [{"Actual Startup Time": 0.0, "Plan Rows": 4, "Actual Loops": 0, "Rows Removed by Filter": 0, "Startup Cost": 0.0, "Alias": "rt", "Node Type": "Seq Scan", "Actual Total Time": 0.0, "Actual Rows": 0, "Relation Name": "role_type", "Filter": "((role)::text = 'actor'::text)", "Parent Relationship": "Outer", "Total Cost": 18.88, "Plan Width": 4}]}], "Join Type": "Inner", "Node Type": "Hash Join", "Actual Total Time": 0.001, "Actual Rows": 0, "Parent Relationship": "Outer", "Total Cost": 44.79, "Plan Width": 12}], "Hash Buckets": 1024, "Original Hash Buckets": 1024, "Node Type": "Hash", "Actual Total Time": 0.001, "Actual Rows": 0, "Parent Relationship": "Inner", "Hash Batches": 1, "Total Cost": 44.79, "Plan Width": 12}], "Join Type": "Inner", "Node Type": "Hash Join", "Actual Total Time": 0.043, "Actual Rows": 0, "Parent Relationship": "Outer", "Total Cost": 23853.08, "Plan Width": 16}, {"Index Name": "char_name_pkey", "Actual Startup Time": 0.0, "Relation Name": "char_name", "Actual Loops": 0, "Plan Rows": 1, "Startup Cost": 0.43, "Rows Removed by Index Recheck": 0, "Parent Relationship": "Inner", "Alias": "chn", "Node Type": "Index Only Scan", "Scan Direction": "Forward", "Actual Total Time": 0.0, "Actual Rows": 0, "Heap Fetches": 0, "Index Cond": "(id = ci.person_role_id)", "Total Cost": 8.45, "Plan Width": 4}], "Join Type": "Inner", "Node Type": "Nested Loop", "Actual Total Time": 0.043, "Actual Rows": 0, "Parent Relationship": "Outer", "Total Cost": 23861.53, "Plan Width": 12}, {"Actual Startup Time": 0.0, "Plan Rows": 8213, "Actual Loops": 0, "Rows Removed by Filter": 0, "Startup Cost": 0.0, "Alias": "mc", "Node Type": "Seq Scan", "Actual Total Time": 0.0, "Actual Rows": 0, "Relation Name": "movie_companies", "Filter": "((note IS NOT NULL) AND ((note ~~ '%(co-production)%'::text) OR (note ~~ '%(as Arte France Cinema)%'::text)))", "Parent Relationship": "Inner", "Total Cost": 57926.93, "Plan Width": 8}], "Join Type": "Inner", "Node Type": "Nested Loop", "Actual Total Time": 0.043, "Actual Rows": 0, "Parent Relationship": "Outer", "Total Cost": 81891.13, "Plan Width": 20}, {"Index Name": "company_name_pkey", "Actual Startup Time": 0.0, "Relation Name": "company_name", "Actual Loops": 0, "Plan Rows": 1, "Startup Cost": 0.42, "Rows Removed by Index Recheck": 0, "Rows Removed by Filter": 0, "Alias": "cn", "Node Type": "Index Scan", "Scan Direction": "Forward", "Actual Total Time": 0.0, "Actual Rows": 0, "Index Cond": "(id = mc.company_id)", "Filter": "((country_code)::text = '[fr]'::text)", "Parent Relationship": "Inner", "Total Cost": 2.31, "Plan Width": 4}], "Join Type": "Inner", "Node Type": "Nested Loop", "Actual Total Time": 0.043, "Actual Rows": 0, "Parent Relationship": "Outer", "Total Cost": 81893.45, "Plan Width": 16}, {"Index Name": "title_pkey", "Actual Startup Time": 0.0, "Relation Name": "title", "Actual Loops": 0, "Plan Rows": 1, "Startup Cost": 0.43, "Rows Removed by Index Recheck": 0, "Rows Removed by Filter": 0, "Alias": "t", "Node Type": "Index Scan", "Scan Direction": "Forward", "Actual Total Time": 0.0, "Actual Rows": 0, "Index Cond": "(id = mc.movie_id)", "Filter": "((production_year >= 1990) AND (production_year <= 2005))", "Parent Relationship": "Inner", "Total Cost": 6.79, "Plan Width": 21}], "Join Type": "Inner", "Node Type": "Nested Loop", "Actual Total Time": 0.043, "Actual Rows": 0, "Parent Relationship": "Outer", "Total Cost": 81900.25, "Plan Width": 37}, {"Actual Startup Time": 0.0, "Plan Rows": 1, "Actual Loops": 0, "Rows Removed by Filter": 0, "Startup Cost": 0.0, "Alias": "mi", "Node Type": "Seq Scan", "Actual Total Time": 0.0, "Actual Rows": 0, "Relation Name": "movie_info", "Filter": "((info IS NOT NULL) AND ((info ~~ '%Italy:% 199%'::text) OR (info ~~ '%Germany:% 199%'::text)))", "Parent Relationship": "Inner", "Total Cost": 21.7, "Plan Width": 8}], "Join Type": "Inner", "Node Type": "Nested Loop", "Actual Total Time": 0.045, "Actual Rows": 0, "Parent Relationship": "Outer", "Total Cost": 81921.97, "Plan Width": 29}, {"Actual Startup Time": 0.0, "Plan Rows": 1, "Actual Loops": 0, "Rows Removed by Filter": 0, "Startup Cost": 0.0, "Alias": "it", "Node Type": "Seq Scan", "Actual Total Time": 0.0, "Actual Rows": 0, "Relation Name": "info_type", "Filter": "((info)::text = 'release dates'::text)", "Parent Relationship": "Inner", "Total Cost": 2.41, "Plan Width": 4}], "Join Type": "Inner", "Node Type": "Nested Loop", "Actual Total Time": 0.045, "Actual Rows": 0, "Parent Relationship": "Outer", "Total Cost": 81924.39, "Plan Width": 25}, {"Index Name": "name_pkey", "Actual Startup Time": 0.0, "Relation Name": "name", "Actual Loops": 0, "Plan Rows": 1, "Startup Cost": 0.43, "Rows Removed by Index Recheck": 0, "Rows Removed by Filter": 0, "Alias": "n", "Node Type": "Index Scan", "Scan Direction": "Forward", "Actual Total Time": 0.0, "Actual Rows": 0, "Index Cond": "(id = an.person_id)", "Filter": "((name ~~ '%Pr%'::text) AND ((gender)::text = 'm'::text))", "Parent Relationship": "Inner", "Total Cost": 0.77, "Plan Width": 19}], "Join Type": "Inner", "Node Type": "Nested Loop", "Actual Total Time": 0.045, "Actual Rows": 0, "Parent Relationship": "Outer", "Total Cost": 81925.17, "Plan Width": 32}]}, "Triggers": [], "Planning Time": 22.459, "Execution Time": 0.32}]]]}
{"start_time": 1569073771.7933397, "plan": [[[{"Plan": {"Actual Startup Time": 0.07, "Plan Rows": 1, "Node Type": "Aggregate", "Actual Loops": 1, "Actual Total Time": 0.07, "Actual Rows": 1, "Plan Width": 32, "Startup Cost": 82250.75, "Strategy": "Plain", "Total Cost": 82250.76, "Plans": [{"Actual Startup Time": 0.067, "Plan Rows": 1, "Join Filter": "(ci.person_id = n.id)", "Actual Loops": 1, "Startup Cost": 47.74, "Rows Removed by Join Filter": 0, "Plans": [{"Actual Startup Time": 0.067, "Plan Rows": 1, "Join Filter": "(mi.info_type_id = it.id)", "Actual Loops": 1, "Startup Cost": 47.31, "Rows Removed by Join Filter": 0, "Plans": [{"Actual Startup Time": 0.067, "Plan Rows": 1, "Join Filter": "(t.id = mi.movie_id)", "Actual Loops": 1, "Startup Cost": 47.31, "Rows Removed by Join Filter": 0, "Plans": [{"Actual Startup Time": 0.067, "Plan Rows": 1, "Actual Loops": 1, "Startup Cost": 47.31, "Plans": [{"Actual Startup Time": 0.067, "Plan Rows": 1, "Actual Loops": 1, "Startup Cost": 46.88, "Plans": [{"Actual Startup Time": 0.065, "Plan Rows": 1, "Join Filter": "(ci.movie_id = mc.movie_id)", "Actual Loops": 1, "Startup Cost": 46.46, "Rows Removed by Join Filter": 0, "Plans": [{"Actual Startup Time": 0.065, "Plan Rows": 1, "Actual Loops": 1, "Startup Cost": 46.46, "Plans": [{"Actual Startup Time": 0.065, "Plan Rows": 1, "Actual Loops": 1, "Startup Cost": 46.03, "Hash Cond": "(an.person_id = ci.person_id)", "Plans": [{"Actual Startup Time": 0.009, "Plan Rows": 902055, "Actual Loops": 1, "Startup Cost": 0.0, "Alias": "an", "Node Type": "Seq Scan", "Actual Total Time": 0.009, "Actual Rows": 1, "Parent Relationship": "Outer", "Relation Name": "aka_name", "Total Cost": 20425.55, "Plan Width": 4}, {"Actual Startup Time": 0.001, "Plan Rows": 1, "Peak Memory Usage": 8, "Actual Loops": 1, "Startup Cost": 46.02, "Original Hash Batches": 1, "Plans": [{"Actual Startup Time": 0.001, "Plan Rows": 1, "Actual Loops": 1, "Startup Cost": 18.93, "Hash Cond": "(ci.role_id = rt.id)", "Plans": [{"Actual Startup Time": 0.001, "Plan Rows": 29, "Actual Loops": 1, "Rows Removed by Filter": 0, "Startup Cost": 0.0, "Alias": "ci", "Node Type": "Seq Scan", "Actual Total Time": 0.001, "Actual Rows": 0, "Relation Name": "cast_info", "Filter": "(note = ANY ('{\"(as Gary Klar)\",\"(as Gregory Daniel)\",(voice),(1983-1984),(uncredited),\"(as Joseph Downing)\"}'::text[]))", "Parent Relationship": "Outer", "Total Cost": 26.98, "Plan Width": 16}, {"Actual Startup Time": 0.0, "Plan Rows": 4, "Node Type": "Hash", "Actual Loops": 0, "Actual Total Time": 0.0, "Actual Rows": 0, "Startup Cost": 18.88, "Plan Width": 4, "Parent Relationship": "Inner", "Total Cost": 18.88, "Plans": [{"Actual Startup Time": 0.0, "Plan Rows": 4, "Actual Loops": 0, "Rows Removed by Filter": 0, "Startup Cost": 0.0, "Alias": "rt", "Node Type": "Seq Scan", "Actual Total Time": 0.0, "Actual Rows": 0, "Relation Name": "role_type", "Filter": "((role)::text = 'actor'::text)", "Parent Relationship": "Outer", "Total Cost": 18.88, "Plan Width": 4}]}], "Join Type": "Inner", "Node Type": "Hash Join", "Actual Total Time": 0.001, "Actual Rows": 0, "Parent Relationship": "Outer", "Total Cost": 46.02, "Plan Width": 12}], "Hash Buckets": 1024, "Original Hash Buckets": 1024, "Node Type": "Hash", "Actual Total Time": 0.001, "Actual Rows": 0, "Parent Relationship": "Inner", "Hash Batches": 1, "Total Cost": 46.02, "Plan Width": 12}], "Join Type": "Inner", "Node Type": "Hash Join", "Actual Total Time": 0.065, "Actual Rows": 0, "Parent Relationship": "Outer", "Total Cost": 23854.31, "Plan Width": 16}, {"Index Name": "char_name_pkey", "Actual Startup Time": 0.0, "Relation Name": "char_name", "Actual Loops": 0, "Plan Rows": 1, "Startup Cost": 0.43, "Rows Removed by Index Recheck": 0, "Parent Relationship": "Inner", "Alias": "chn", "Node Type": "Index Only Scan", "Scan Direction": "Forward", "Actual Total Time": 0.0, "Actual Rows": 0, "Heap Fetches": 0, "Index Cond": "(id = ci.person_role_id)", "Total Cost": 8.45, "Plan Width": 4}], "Join Type": "Inner", "Node Type": "Nested Loop", "Actual Total Time": 0.065, "Actual Rows": 0, "Parent Relationship": "Outer", "Total Cost": 23862.77, "Plan Width": 12}, {"Actual Startup Time": 0.0, "Plan Rows": 34482, "Actual Loops": 0, "Rows Removed by Filter": 0, "Startup Cost": 0.0, "Alias": "mc", "Node Type": "Seq Scan", "Actual Total Time": 0.0, "Actual Rows": 0, "Relation Name": "movie_companies", "Filter": "((note IS NOT NULL) AND ((note ~~ '%(198%)%'::text) OR (note ~~ '%(2005-2007)%'::text)))", "Parent Relationship": "Inner", "Total Cost": 57926.93, "Plan Width": 8}], "Join Type": "Inner", "Node Type": "Nested Loop", "Actual Total Time": 0.065, "Actual Rows": 0, "Parent Relationship": "Outer", "Total Cost": 82220.72, "Plan Width": 20}, {"Index Name": "company_name_pkey", "Actual Startup Time": 0.0, "Relation Name": "company_name", "Actual Loops": 0, "Plan Rows": 1, "Startup Cost": 0.42, "Rows Removed by Index Recheck": 0, "Rows Removed by Filter": 0, "Alias": "cn", "Node Type": "Index Scan", "Scan Direction": "Forward", "Actual Total Time": 0.0, "Actual Rows": 0, "Index Cond": "(id = mc.company_id)", "Filter": "((country_code)::text = '[us]'::text)", "Parent Relationship": "Inner", "Total Cost": 0.89, "Plan Width": 4}], "Join Type": "Inner", "Node Type": "Nested Loop", "Actual Total Time": 0.067, "Actual Rows": 0, "Parent Relationship": "Outer", "Total Cost": 82221.62, "Plan Width": 16}, {"Index Name": "title_pkey", "Actual Startup Time": 0.0, "Relation Name": "title", "Actual Loops": 0, "Plan Rows": 1, "Startup Cost": 0.43, "Rows Removed by Index Recheck": 0, "Rows Removed by Filter": 0, "Alias": "t", "Node Type": "Index Scan", "Scan Direction": "Forward", "Actual Total Time": 0.0, "Actual Rows": 0, "Index Cond": "(id = mc.movie_id)", "Filter": "((production_year >= 1951) AND (production_year <= 2007))", "Parent Relationship": "Inner", "Total Cost": 4.2, "Plan Width": 21}], "Join Type": "Inner", "Node Type": "Nested Loop", "Actual Total Time": 0.067, "Actual Rows": 0, "Parent Relationship": "Outer", "Total Cost": 82225.83, "Plan Width": 37}, {"Actual Startup Time": 0.0, "Plan Rows": 1, "Actual Loops": 0, "Rows Removed by Filter": 0, "Startup Cost": 0.0, "Alias": "mi", "Node Type": "Seq Scan", "Actual Total Time": 0.0, "Actual Rows": 0, "Relation Name": "movie_info", "Filter": "((info IS NOT NULL) AND ((info ~~ '%Sweden:% 200%'::text) OR (info ~~ '%Ukraine:% 201%'::text)))", "Parent Relationship": "Inner", "Total Cost": 21.7, "Plan Width": 8}], "Join Type": "Inner", "Node Type": "Nested Loop", "Actual Total Time": 0.067, "Actual Rows": 0, "Parent Relationship": "Outer", "Total Cost": 82247.54, "Plan Width": 29}, {"Actual Startup Time": 0.0, "Plan Rows": 1, "Actual Loops": 0, "Rows Removed by Filter": 0, "Startup Cost": 0.0, "Alias": "it", "Node Type": "Seq Scan", "Actual Total Time": 0.0, "Actual Rows": 0, "Relation Name": "info_type", "Filter": "((info)::text = 'release dates'::text)", "Parent Relationship": "Inner", "Total Cost": 2.41, "Plan Width": 4}], "Join Type": "Inner", "Node Type": "Nested Loop", "Actual Total Time": 0.067, "Actual Rows": 0, "Parent Relationship": "Outer", "Total Cost": 82249.97, "Plan Width": 25}, {"Index Name": "name_pkey", "Actual Startup Time": 0.0, "Relation Name": "name", "Actual Loops": 0, "Plan Rows": 1, "Startup Cost": 0.43, "Rows Removed by Index Recheck": 0, "Rows Removed by Filter": 0, "Alias": "n", "Node Type": "Index Scan", "Scan Direction": "Forward", "Actual Total Time": 0.0, "Actual Rows": 0, "Index Cond": "(id = an.person_id)", "Filter": "((name ~~ '%Cam%'::text) AND ((gender)::text = 'm'::text))", "Parent Relationship": "Inner", "Total Cost": 0.77, "Plan Width": 19}], "Join Type": "Inner", "Node Type": "Nested Loop", "Actual Total Time": 0.067, "Actual Rows": 0, "Parent Relationship": "Outer", "Total Cost": 82250.75, "Plan Width": 32}]}, "Triggers": [], "Planning Time": 21.598, "Execution Time": 0.354}]]]}
{"start_time": 1569073772.3329148, "plan": [[[{"Plan": {"Actual Startup Time": 0.058, "Plan Rows": 1, "Node Type": "Aggregate", "Actual Loops": 1, "Actual Total Time": 0.059, "Actual Rows": 1, "Plan Width": 32, "Startup Cost": 82311.66, "Strategy": "Plain", "Total Cost": 82311.67, "Plans": [{"Actual Startup Time": 0.055, "Plan Rows": 1, "Join Filter": "(ci.person_id = n.id)", "Actual Loops": 1, "Startup Cost": 46.51, "Rows Removed by Join Filter": 0, "Plans": [{"Actual Startup Time": 0.054, "Plan Rows": 1, "Join Filter": "(mi.info_type_id = it.id)", "Actual Loops": 1, "Startup Cost": 46.08, "Rows Removed by Join Filter": 0, "Plans": [{"Actual Startup Time": 0.054, "Plan Rows": 1, "Join Filter": "(t.id = mi.movie_id)", "Actual Loops": 1, "Startup Cost": 46.08, "Rows Removed by Join Filter": 0, "Plans": [{"Actual Startup Time": 0.054, "Plan Rows": 1, "Actual Loops": 1, "Startup Cost": 46.08, "Plans": [{"Actual Startup Time": 0.053, "Plan Rows": 1, "Actual Loops": 1, "Startup Cost": 45.65, "Plans": [{"Actual Startup Time": 0.053, "Plan Rows": 1, "Join Filter": "(ci.movie_id = mc.movie_id)", "Actual Loops": 1, "Startup Cost": 45.23, "Rows Removed by Join Filter": 0, "Plans": [{"Actual Startup Time": 0.053, "Plan Rows": 1, "Actual Loops": 1, "Startup Cost": 45.23, "Plans": [{"Actual Startup Time": 0.052, "Plan Rows": 1, "Actual Loops": 1, "Startup Cost": 44.8, "Hash Cond": "(an.person_id = ci.person_id)", "Plans": [{"Actual Startup Time": 0.009, "Plan Rows": 902055, "Actual Loops": 1, "Startup Cost": 0.0, "Alias": "an", "Node Type": "Seq Scan", "Actual Total Time": 0.009, "Actual Rows": 1, "Parent Relationship": "Outer", "Relation Name": "aka_name", "Total Cost": 20425.55, "Plan Width": 4}, {"Actual Startup Time": 0.001, "Plan Rows": 1, "Peak Memory Usage": 8, "Actual Loops": 1, "Startup Cost": 44.79, "Original Hash Batches": 1, "Plans": [{"Actual Startup Time": 0.001, "Plan Rows": 1, "Actual Loops": 1, "Startup Cost": 18.93, "Hash Cond": "(ci.role_id = rt.id)", "Plans": [{"Actual Startup Time": 0.0, "Plan Rows": 24, "Actual Loops": 1, "Rows Removed by Filter": 0, "Startup Cost": 0.0, "Alias": "ci", "Node Type": "Seq Scan", "Actual Total Time": 0.0, "Actual Rows": 0, "Relation Name": "cast_info", "Filter": "(note = ANY ('{\"(as Maurice Moscovich)\",\"(as Thomas Sangster)\",\"(as Jeffrey Galpin)\",(voice),(uncredited)}'::text[]))", "Parent Relationship": "Outer", "Total Cost": 25.76, "Plan Width": 16}, {"Actual Startup Time": 0.0, "Plan Rows": 4, "Node Type": "Hash", "Actual Loops": 0, "Actual Total Time": 0.0, "Actual Rows": 0, "Startup Cost": 18.88, "Plan Width": 4, "Parent Relationship": "Inner", "Total Cost": 18.88, "Plans": [{"Actual Startup Time": 0.0, "Plan Rows": 4, "Actual Loops": 0, "Rows Removed by Filter": 0, "Startup Cost": 0.0, "Alias": "rt", "Node Type": "Seq Scan", "Actual Total Time": 0.0, "Actual Rows": 0, "Relation Name": "role_type", "Filter": "((role)::text = 'actor'::text)", "Parent Relationship": "Outer", "Total Cost": 18.88, "Plan Width": 4}]}], "Join Type": "Inner", "Node Type": "Hash Join", "Actual Total Time": 0.001, "Actual Rows": 0, "Parent Relationship": "Outer", "Total Cost": 44.79, "Plan Width": 12}], "Hash Buckets": 1024, "Original Hash Buckets": 1024, "Node Type": "Hash", "Actual Total Time": 0.001, "Actual Rows": 0, "Parent Relationship": "Inner", "Hash Batches": 1, "Total Cost": 44.79, "Plan Width": 12}], "Join Type": "Inner", "Node Type": "Hash Join", "Actual Total Time": 0.052, "Actual Rows": 0, "Parent Relationship": "Outer", "Total Cost": 23853.08, "Plan Width": 16}, {"Index Name": "char_name_pkey", "Actual Startup Time": 0.0, "Relation Name": "char_name", "Actual Loops": 0, "Plan Rows": 1, "Startup Cost": 0.43, "Rows Removed by Index Recheck": 0, "Parent Relationship": "Inner", "Alias": "chn", "Node Type": "Index Only Scan", "Scan Direction": "Forward", "Actual Total Time": 0.0, "Actual Rows": 0, "Heap Fetches": 0, "Index Cond": "(id = ci.person_role_id)", "Total Cost": 8.45, "Plan Width": 4}], "Join Type": "Inner", "Node Type": "Nested Loop", "Actual Total Time": 0.053, "Actual Rows": 0, "Parent Relationship": "Outer", "Total Cost": 23861.53, "Plan Width": 12}, {"Actual Startup Time": 0.0, "Plan Rows": 39478, "Actual Loops": 0, "Rows Removed by Filter": 0, "Startup Cost": 0.0, "Alias": "mc", "Node Type": "Seq Scan", "Actual Total Time": 0.0, "Actual Rows": 0, "Relation Name": "movie_companies", "Filter": "((note IS NOT NULL) AND ((note ~~ '%(2012)%'::text) OR (note ~~ '%(Venezuela)%'::text)))", "Parent Relationship": "Inner", "Total Cost": 57926.93, "Plan Width": 8}], "Join Type": "Inner", "Node Type": "Nested Loop", "Actual Total Time": 0.053, "Actual Rows": 0, "Parent Relationship": "Outer", "Total Cost": 82281.94, "Plan Width": 20}, {"Index Name": "company_name_pkey", "Actual Startup Time": 0.0, "Relation Name": "company_name", "Actual Loops": 0, "Plan Rows": 1, "Startup Cost": 0.42, "Rows Removed by Index Recheck": 0, "Rows Removed by Filter": 0, "Alias": "cn", "Node Type": "Index Scan", "Scan Direction": "Forward", "Actual Total Time": 0.0, "Actual Rows": 0, "Index Cond": "(id = mc.company_id)", "Filter": "((country_code)::text = '[ve]'::text)", "Parent Relationship": "Inner", "Total Cost": 0.83, "Plan Width": 4}], "Join Type": "Inner", "Node Type": "Nested Loop", "Actual Total Time": 0.053, "Actual Rows": 0, "Parent Relationship": "Outer", "Total Cost": 82282.78, "Plan Width": 16}, {"Index Name": "title_pkey", "Actual Startup Time": 0.0, "Relation Name": "title", "Actual Loops": 0, "Plan Rows": 1, "Startup Cost": 0.43, "Rows Removed by Index Recheck": 0, "Rows Removed by Filter": 0, "Alias": "t", "Node Type": "Index Scan", "Scan Direction": "Forward", "Actual Total Time": 0.0, "Actual Rows": 0, "Index Cond": "(id = mc.movie_id)", "Filter": "((production_year >= 1933) AND (production_year <= 2013))", "Parent Relationship": "Inner", "Total Cost": 3.95, "Plan Width": 21}], "Join Type": "Inner", "Node Type": "Nested Loop", "Actual Total Time": 0.054, "Actual Rows": 0, "Parent Relationship": "Outer", "Total Cost": 82286.74, "Plan Width": 37}, {"Actual Startup Time": 0.0, "Plan Rows": 1, "Actual Loops": 0, "Rows Removed by Filter": 0, "Startup Cost": 0.0, "Alias": "mi", "Node Type": "Seq Scan", "Actual Total Time": 0.0, "Actual Rows": 0, "Relation Name": "movie_info", "Filter": "((info IS NOT NULL) AND ((info ~~ '%Bulgaria:% 201%'::text) OR (info ~~ '%Argentina:% 201%'::text)))", "Parent Relationship": "Inner", "Total Cost": 21.7, "Plan Width": 8}], "Join Type": "Inner", "Node Type": "Nested Loop", "Actual Total Time": 0.054, "Actual Rows": 0, "Parent Relationship": "Outer", "Total Cost": 82308.45, "Plan Width": 29}, {"Actual Startup Time": 0.0, "Plan Rows": 1, "Actual Loops": 0, "Rows Removed by Filter": 0, "Startup Cost": 0.0, "Alias": "it", "Node Type": "Seq Scan", "Actual Total Time": 0.0, "Actual Rows": 0, "Relation Name": "info_type", "Filter": "((info)::text = 'release dates'::text)", "Parent Relationship": "Inner", "Total Cost": 2.41, "Plan Width": 4}], "Join Type": "Inner", "Node Type": "Nested Loop", "Actual Total Time": 0.054, "Actual Rows": 0, "Parent Relationship": "Outer", "Total Cost": 82310.88, "Plan Width": 25}, {"Index Name": "name_pkey", "Actual Startup Time": 0.0, "Relation Name": "name", "Actual Loops": 0, "Plan Rows": 1, "Startup Cost": 0.43, "Rows Removed by Index Recheck": 0, "Rows Removed by Filter": 0, "Alias": "n", "Node Type": "Index Scan", "Scan Direction": "Forward", "Actual Total Time": 0.0, "Actual Rows": 0, "Index Cond": "(id = an.person_id)", "Filter": "((name ~~ '%Tat%'::text) AND ((gender)::text = 'm'::text))", "Parent Relationship": "Inner", "Total Cost": 0.77, "Plan Width": 19}], "Join Type": "Inner", "Node Type": "Nested Loop", "Actual Total Time": 0.055, "Actual Rows": 0, "Parent Relationship": "Outer", "Total Cost": 82311.66, "Plan Width": 32}]}, "Triggers": [], "Planning Time": 22.13, "Execution Time": 0.363}]]]}
{"start_time": 1569073772.3329148, "plan": [[[{"Plan": {"Actual Startup Time": 0.055, "Plan Rows": 1, "Node Type": "Aggregate", "Actual Loops": 1, "Actual Total Time": 0.055, "Actual Rows": 1, "Plan Width": 32, "Startup Cost": 82344.43, "Strategy": "Plain", "Total Cost": 82344.44, "Plans": [{"Actual Startup Time": 0.053, "Plan Rows": 1, "Join Filter": "(ci.person_id = n.id)", "Actual Loops": 1, "Startup Cost": 46.51, "Rows Removed by Join Filter": 0, "Plans": [{"Actual Startup Time": 0.052, "Plan Rows": 1, "Join Filter": "(mi.info_type_id = it.id)", "Actual Loops": 1, "Startup Cost": 46.08, "Rows Removed by Join Filter": 0, "Plans": [{"Actual Startup Time": 0.051, "Plan Rows": 1, "Join Filter": "(t.id = mi.movie_id)", "Actual Loops": 1, "Startup Cost": 46.08, "Rows Removed by Join Filter": 0, "Plans": [{"Actual Startup Time": 0.051, "Plan Rows": 1, "Actual Loops": 1, "Startup Cost": 46.08, "Plans": [{"Actual Startup Time": 0.051, "Plan Rows": 1, "Actual Loops": 1, "Startup Cost": 45.65, "Plans": [{"Actual Startup Time": 0.051, "Plan Rows": 1, "Join Filter": "(ci.movie_id = mc.movie_id)", "Actual Loops": 1, "Startup Cost": 45.23, "Rows Removed by Join Filter": 0, "Plans": [{"Actual Startup Time": 0.051, "Plan Rows": 1, "Actual Loops": 1, "Startup Cost": 45.23, "Plans": [{"Actual Startup Time": 0.051, "Plan Rows": 1, "Actual Loops": 1, "Startup Cost": 44.8, "Hash Cond": "(an.person_id = ci.person_id)", "Plans": [{"Actual Startup Time": 0.006, "Plan Rows": 902055, "Actual Loops": 1, "Startup Cost": 0.0, "Alias": "an", "Node Type": "Seq Scan", "Actual Total Time": 0.006, "Actual Rows": 1, "Parent Relationship": "Outer", "Relation Name": "aka_name", "Total Cost": 20425.55, "Plan Width": 4}, {"Actual Startup Time": 0.001, "Plan Rows": 1, "Peak Memory Usage": 8, "Actual Loops": 1, "Startup Cost": 44.79, "Original Hash Batches": 1, "Plans": [{"Actual Startup Time": 0.001, "Plan Rows": 1, "Actual Loops": 1, "Startup Cost": 18.93, "Hash Cond": "(ci.role_id = rt.id)", "Plans": [{"Actual Startup Time": 0.0, "Plan Rows": 24, "Actual Loops": 1, "Rows Removed by Filter": 0, "Startup Cost": 0.0, "Alias": "ci", "Node Type": "Seq Scan", "Actual Total Time": 0.0, "Actual Rows": 0, "Relation Name": "cast_info", "Filter": "(note = ANY ('{(voice),\"(as Steve Chambers)\",(uncredited),\"(as Gregory Daniel)\",\"(as Patrick F. McDade)\"}'::text[]))", "Parent Relationship": "Outer", "Total Cost": 25.76, "Plan Width": 16}, {"Actual Startup Time": 0.0, "Plan Rows": 4, "Node Type": "Hash", "Actual Loops": 0, "Actual Total Time": 0.0, "Actual Rows": 0, "Startup Cost": 18.88, "Plan Width": 4, "Parent Relationship": "Inner", "Total Cost": 18.88, "Plans": [{"Actual Startup Time": 0.0, "Plan Rows": 4, "Actual Loops": 0, "Rows Removed by Filter": 0, "Startup Cost": 0.0, "Alias": "rt", "Node Type": "Seq Scan", "Actual Total Time": 0.0, "Actual Rows": 0, "Relation Name": "role_type", "Filter": "((role)::text = 'actor'::text)", "Parent Relationship": "Outer", "Total Cost": 18.88, "Plan Width": 4}]}], "Join Type": "Inner", "Node Type": "Hash Join", "Actual Total Time": 0.001, "Actual Rows": 0, "Parent Relationship": "Outer", "Total Cost": 44.79, "Plan Width": 12}], "Hash Buckets": 1024, "Original Hash Buckets": 1024, "Node Type": "Hash", "Actual Total Time": 0.001, "Actual Rows": 0, "Parent Relationship": "Inner", "Hash Batches": 1, "Total Cost": 44.79, "Plan Width": 12}], "Join Type": "Inner", "Node Type": "Hash Join", "Actual Total Time": 0.051, "Actual Rows": 0, "Parent Relationship": "Outer", "Total Cost": 23853.08, "Plan Width": 16}, {"Index Name": "char_name_pkey", "Actual Startup Time": 0.0, "Relation Name": "char_name", "Actual Loops": 0, "Plan Rows": 1, "Startup Cost": 0.43, "Rows Removed by Index Recheck": 0, "Parent Relationship": "Inner", "Alias": "chn", "Node Type": "Index Only Scan", "Scan Direction": "Forward", "Actual Total Time": 0.0, "Actual Rows": 0, "Heap Fetches": 0, "Index Cond": "(id = ci.person_role_id)", "Total Cost": 8.45, "Plan Width": 4}], "Join Type": "Inner", "Node Type": "Nested Loop", "Actual Total Time": 0.051, "Actual Rows": 0, "Parent Relationship": "Outer", "Total Cost": 23861.53, "Plan Width": 12}, {"Actual Startup Time": 0.0, "Plan Rows": 42111, "Actual Loops": 0, "Rows Removed by Filter": 0, "Startup Cost": 0.0, "Alias": "mc", "Node Type": "Seq Scan", "Actual Total Time": 0.0, "Actual Rows": 0, "Relation Name": "movie_companies", "Filter": "((note IS NOT NULL) AND ((note ~~ '%(in association with)%'::text) OR (note ~~ '%(video)%'::text)))", "Parent Relationship": "Inner", "Total Cost": 57926.93, "Plan Width": 8}], "Join Type": "Inner", "Node Type": "Nested Loop", "Actual Total Time": 0.051, "Actual Rows": 0, "Parent Relationship": "Outer", "Total Cost": 82314.86, "Plan Width": 20}, {"Index Name": "company_name_pkey", "Actual Startup Time": 0.0, "Relation Name": "company_name", "Actual Loops": 0, "Plan Rows": 1, "Startup Cost": 0.42, "Rows Removed by Index Recheck": 0, "Rows Removed by Filter": 0, "Alias": "cn", "Node Type": "Index Scan", "Scan Direction": "Forward", "Actual Total Time": 0.0, "Actual Rows": 0, "Index Cond": "(id = mc.company_id)", "Filter": "((country_code)::text = '[us]'::text)", "Parent Relationship": "Inner", "Total Cost": 0.81, "Plan Width": 4}], "Join Type": "Inner", "Node Type": "Nested Loop", "Actual Total Time": 0.051, "Actual Rows": 0, "Parent Relationship": "Outer", "Total Cost": 82315.67, "Plan Width": 16}, {"Index Name": "title_pkey", "Actual Startup Time": 0.0, "Relation Name": "title", "Actual Loops": 0, "Plan Rows": 1, "Startup Cost": 0.43, "Rows Removed by Index Recheck": 0, "Rows Removed by Filter": 0, "Alias": "t", "Node Type": "Index Scan", "Scan Direction": "Forward", "Actual Total Time": 0.0, "Actual Rows": 0, "Index Cond": "(id = mc.movie_id)", "Filter": "((production_year >= 1994) AND (production_year <= 2011))", "Parent Relationship": "Inner", "Total Cost": 3.83, "Plan Width": 21}], "Join Type": "Inner", "Node Type": "Nested Loop", "Actual Total Time": 0.051, "Actual Rows": 0, "Parent Relationship": "Outer", "Total Cost": 82319.51, "Plan Width": 37}, {"Actual Startup Time": 0.0, "Plan Rows": 1, "Actual Loops": 0, "Rows Removed by Filter": 0, "Startup Cost": 0.0, "Alias": "mi", "Node Type": "Seq Scan", "Actual Total Time": 0.0, "Actual Rows": 0, "Relation Name": "movie_info", "Filter": "((info IS NOT NULL) AND ((info ~~ '%Sweden:% 199%'::text) OR (info ~~ '%Austria:% 199%'::text)))", "Parent Relationship": "Inner", "Total Cost": 21.7, "Plan Width": 8}], "Join Type": "Inner", "Node Type": "Nested Loop", "Actual Total Time": 0.051, "Actual Rows": 0, "Parent Relationship": "Outer", "Total Cost": 82341.22, "Plan Width": 29}, {"Actual Startup Time": 0.0, "Plan Rows": 1, "Actual Loops": 0, "Rows Removed by Filter": 0, "Startup Cost": 0.0, "Alias": "it", "Node Type": "Seq Scan", "Actual Total Time": 0.0, "Actual Rows": 0, "Relation Name": "info_type", "Filter": "((info)::text = 'release dates'::text)", "Parent Relationship": "Inner", "Total Cost": 2.41, "Plan Width": 4}], "Join Type": "Inner", "Node Type": "Nested Loop", "Actual Total Time": 0.052, "Actual Rows": 0, "Parent Relationship": "Outer", "Total Cost": 82343.65, "Plan Width": 25}, {"Index Name": "name_pkey", "Actual Startup Time": 0.0, "Relation Name": "name", "Actual Loops": 0, "Plan Rows": 1, "Startup Cost": 0.43, "Rows Removed by Index Recheck": 0, "Rows Removed by Filter": 0, "Alias": "n", "Node Type": "Index Scan", "Scan Direction": "Forward", "Actual Total Time": 0.0, "Actual Rows": 0, "Index Cond": "(id = an.person_id)", "Filter": "((name ~~ '%Dan%'::text) AND ((gender)::text = 'm'::text))", "Parent Relationship": "Inner", "Total Cost": 0.77, "Plan Width": 19}], "Join Type": "Inner", "Node Type": "Nested Loop", "Actual Total Time": 0.053, "Actual Rows": 0, "Parent Relationship": "Outer", "Total Cost": 82344.43, "Plan Width": 32}]}, "Triggers": [], "Planning Time": 21.809, "Execution Time": 0.345}]]]}
{"start_time": 1569073772.3329148, "plan": [[[{"Plan": {"Actual Startup Time": 0.049, "Plan Rows": 1, "Node Type": "Aggregate", "Actual Loops": 1, "Actual Total Time": 0.049, "Actual Rows": 1, "Plan Width": 32, "Startup Cost": 82370.81, "Strategy": "Plain", "Total Cost": 82370.82, "Plans": [{"Actual Startup Time": 0.047, "Plan Rows": 1, "Join Filter": "(ci.person_id = n.id)", "Actual Loops": 1, "Startup Cost": 45.28, "Rows Removed by Join Filter": 0, "Plans": [{"Actual Startup Time": 0.046, "Plan Rows": 1, "Join Filter": "(mi.info_type_id = it.id)", "Actual Loops": 1, "Startup Cost": 44.85, "Rows Removed by Join Filter": 0, "Plans": [{"Actual Startup Time": 0.046, "Plan Rows": 1, "Join Filter": "(t.id = mi.movie_id)", "Actual Loops": 1, "Startup Cost": 44.85, "Rows Removed by Join Filter": 0, "Plans": [{"Actual Startup Time": 0.046, "Plan Rows": 1, "Actual Loops": 1, "Startup Cost": 44.85, "Plans": [{"Actual Startup Time": 0.046, "Plan Rows": 1, "Actual Loops": 1, "Startup Cost": 44.42, "Plans": [{"Actual Startup Time": 0.045, "Plan Rows": 1, "Join Filter": "(ci.movie_id = mc.movie_id)", "Actual Loops": 1, "Startup Cost": 44.0, "Rows Removed by Join Filter": 0, "Plans": [{"Actual Startup Time": 0.045, "Plan Rows": 1, "Actual Loops": 1, "Startup Cost": 44.0, "Plans": [{"Actual Startup Time": 0.045, "Plan Rows": 1, "Actual Loops": 1, "Startup Cost": 43.57, "Hash Cond": "(an.person_id = ci.person_id)", "Plans": [{"Actual Startup Time": 0.006, "Plan Rows": 902055, "Actual Loops": 1, "Startup Cost": 0.0, "Alias": "an", "Node Type": "Seq Scan", "Actual Total Time": 0.006, "Actual Rows": 1, "Parent Relationship": "Outer", "Relation Name": "aka_name", "Total Cost": 20425.55, "Plan Width": 4}, {"Actual Startup Time": 0.001, "Plan Rows": 1, "Peak Memory Usage": 8, "Actual Loops": 1, "Startup Cost": 43.56, "Original Hash Batches": 1, "Plans": [{"Actual Startup Time": 0.001, "Plan Rows": 1, "Actual Loops": 1, "Startup Cost": 18.93, "Hash Cond": "(ci.role_id = rt.id)", "Plans": [{"Actual Startup Time": 0.001, "Plan Rows": 19, "Actual Loops": 1, "Rows Removed by Filter": 0, "Startup Cost": 0.0, "Alias": "ci", "Node Type": "Seq Scan", "Actual Total Time": 0.001, "Actual Rows": 0, "Relation Name": "cast_info", "Filter": "(note = ANY ('{\"(as Ash Jones)\",(uncredited),\"(as Rich Barlow)\",\"(archive footage) (uncredited)\"}'::text[]))", "Parent Relationship": "Outer", "Total Cost": 24.55, "Plan Width": 16}, {"Actual Startup Time": 0.0, "Plan Rows": 4, "Node Type": "Hash", "Actual Loops": 0, "Actual Total Time": 0.0, "Actual Rows": 0, "Startup Cost": 18.88, "Plan Width": 4, "Parent Relationship": "Inner", "Total Cost": 18.88, "Plans": [{"Actual Startup Time": 0.0, "Plan Rows": 4, "Actual Loops": 0, "Rows Removed by Filter": 0, "Startup Cost": 0.0, "Alias": "rt", "Node Type": "Seq Scan", "Actual Total Time": 0.0, "Actual Rows": 0, "Relation Name": "role_type", "Filter": "((role)::text = 'actor'::text)", "Parent Relationship": "Outer", "Total Cost": 18.88, "Plan Width": 4}]}], "Join Type": "Inner", "Node Type": "Hash Join", "Actual Total Time": 0.001, "Actual Rows": 0, "Parent Relationship": "Outer", "Total Cost": 43.56, "Plan Width": 12}], "Hash Buckets": 1024, "Original Hash Buckets": 1024, "Node Type": "Hash", "Actual Total Time": 0.001, "Actual Rows": 0, "Parent Relationship": "Inner", "Hash Batches": 1, "Total Cost": 43.56, "Plan Width": 12}], "Join Type": "Inner", "Node Type": "Hash Join", "Actual Total Time": 0.045, "Actual Rows": 0, "Parent Relationship": "Outer", "Total Cost": 23851.85, "Plan Width": 16}, {"Index Name": "char_name_pkey", "Actual Startup Time": 0.0, "Relation Name": "char_name", "Actual Loops": 0, "Plan Rows": 1, "Startup Cost": 0.43, "Rows Removed by Index Recheck": 0, "Parent Relationship": "Inner", "Alias": "chn", "Node Type": "Index Only Scan", "Scan Direction": "Forward", "Actual Total Time": 0.0, "Actual Rows": 0, "Heap Fetches": 0, "Index Cond": "(id = ci.person_role_id)", "Total Cost": 8.45, "Plan Width": 4}], "Join Type": "Inner", "Node Type": "Nested Loop", "Actual Total Time": 0.045, "Actual Rows": 0, "Parent Relationship": "Outer", "Total Cost": 23860.3, "Plan Width": 12}, {"Actual Startup Time": 0.0, "Plan Rows": 44328, "Actual Loops": 0, "Rows Removed by Filter": 0, "Startup Cost": 0.0, "Alias": "mc", "Node Type": "Seq Scan", "Actual Total Time": 0.0, "Actual Rows": 0, "Relation Name": "movie_companies", "Filter": "((note IS NOT NULL) AND ((note ~~ '%(2009)%'::text) OR (note ~~ '%(Spain)%'::text)))", "Parent Relationship": "Inner", "Total Cost": 57926.93, "Plan Width": 8}], "Join Type": "Inner", "Node Type": "Nested Loop", "Actual Total Time": 0.045, "Actual Rows": 0, "Parent Relationship": "Outer", "Total Cost": 82341.34, "Plan Width": 20}, {"Index Name": "company_name_pkey", "Actual Startup Time": 0.0, "Relation Name": "company_name", "Actual Loops": 0, "Plan Rows": 1, "Startup Cost": 0.42, "Rows Removed by Index Recheck": 0, "Rows Removed by Filter": 0, "Alias": "cn", "Node Type": "Index Scan", "Scan Direction": "Forward", "Actual Total Time": 0.0, "Actual Rows": 0, "Index Cond": "(id = mc.company_id)", "Filter": "((country_code)::text = '[es]'::text)", "Parent Relationship": "Inner", "Total Cost": 0.79, "Plan Width": 4}], "Join Type": "Inner", "Node Type": "Nested Loop", "Actual Total Time": 0.046, "Actual Rows": 0, "Parent Relationship": "Outer", "Total Cost": 82342.13, "Plan Width": 16}, {"Index Name": "title_pkey", "Actual Startup Time": 0.0, "Relation Name": "title", "Actual Loops": 0, "Plan Rows": 1, "Startup Cost": 0.43, "Rows Removed by Index Recheck": 0, "Rows Removed by Filter": 0, "Alias": "t", "Node Type": "Index Scan", "Scan Direction": "Forward", "Actual Total Time": 0.0, "Actual Rows": 0, "Index Cond": "(id = mc.movie_id)", "Filter": "((production_year >= 1982) AND (production_year <= 2013))", "Parent Relationship": "Inner", "Total Cost": 3.74, "Plan Width": 21}], "Join Type": "Inner", "Node Type": "Nested Loop", "Actual Total Time": 0.046, "Actual Rows": 0, "Parent Relationship": "Outer", "Total Cost": 82345.88, "Plan Width": 37}, {"Actual Startup Time": 0.0, "Plan Rows": 1, "Actual Loops": 0, "Rows Removed by Filter": 0, "Startup Cost": 0.0, "Alias": "mi", "Node Type": "Seq Scan", "Actual Total Time": 0.0, "Actual Rows": 0, "Relation Name": "movie_info", "Filter": "((info IS NOT NULL) AND ((info ~~ '%Malta:% 201%'::text) OR (info ~~ '%Spain:% 201%'::text)))", "Parent Relationship": "Inner", "Total Cost": 21.7, "Plan Width": 8}], "Join Type": "Inner", "Node Type": "Nested Loop", "Actual Total Time": 0.046, "Actual Rows": 0, "Parent Relationship": "Outer", "Total Cost": 82367.6, "Plan Width": 29}, {"Actual Startup Time": 0.0, "Plan Rows": 1, "Actual Loops": 0, "Rows Removed by Filter": 0, "Startup Cost": 0.0, "Alias": "it", "Node Type": "Seq Scan", "Actual Total Time": 0.0, "Actual Rows": 0, "Relation Name": "info_type", "Filter": "((info)::text = 'release dates'::text)", "Parent Relationship": "Inner", "Total Cost": 2.41, "Plan Width": 4}], "Join Type": "Inner", "Node Type": "Nested Loop", "Actual Total Time": 0.046, "Actual Rows": 0, "Parent Relationship": "Outer", "Total Cost": 82370.02, "Plan Width": 25}, {"Index Name": "name_pkey", "Actual Startup Time": 0.0, "Relation Name": "name", "Actual Loops": 0, "Plan Rows": 1, "Startup Cost": 0.43, "Rows Removed by Index Recheck": 0, "Rows Removed by Filter": 0, "Alias": "n", "Node Type": "Index Scan", "Scan Direction": "Forward", "Actual Total Time": 0.0, "Actual Rows": 0, "Index Cond": "(id = an.person_id)", "Filter": "((name ~~ '%Ma%'::text) AND ((gender)::text = 'm'::text))", "Parent Relationship": "Inner", "Total Cost": 0.77, "Plan Width": 19}], "Join Type": "Inner", "Node Type": "Nested Loop", "Actual Total Time": 0.047, "Actual Rows": 0, "Parent Relationship": "Outer", "Total Cost": 82370.8, "Plan Width": 32}]}, "Triggers": [], "Planning Time": 22.515, "Execution Time": 0.322}]]]}
{"start_time": 1569073772.3329148, "plan": [[[{"Plan": {"Actual Startup Time": 0.051, "Plan Rows": 1, "Node Type": "Aggregate", "Actual Loops": 1, "Actual Total Time": 0.051, "Actual Rows": 1, "Plan Width": 32, "Startup Cost": 82143.42, "Strategy": "Plain", "Total Cost": 82143.43, "Plans": [{"Actual Startup Time": 0.048, "Plan Rows": 1, "Join Filter": "(ci.person_id = n.id)", "Actual Loops": 1, "Startup Cost": 48.97, "Rows Removed by Join Filter": 0, "Plans": [{"Actual Startup Time": 0.048, "Plan Rows": 1, "Join Filter": "(mi.info_type_id = it.id)", "Actual Loops": 1, "Startup Cost": 48.54, "Rows Removed by Join Filter": 0, "Plans": [{"Actual Startup Time": 0.048, "Plan Rows": 1, "Join Filter": "(t.id = mi.movie_id)", "Actual Loops": 1, "Startup Cost": 48.54, "Rows Removed by Join Filter": 0, "Plans": [{"Actual Startup Time": 0.048, "Plan Rows": 1, "Actual Loops": 1, "Startup Cost": 48.54, "Plans": [{"Actual Startup Time": 0.047, "Plan Rows": 1, "Actual Loops": 1, "Startup Cost": 48.11, "Plans": [{"Actual Startup Time": 0.047, "Plan Rows": 1, "Join Filter": "(ci.movie_id = mc.movie_id)", "Actual Loops": 1, "Startup Cost": 47.69, "Rows Removed by Join Filter": 0, "Plans": [{"Actual Startup Time": 0.047, "Plan Rows": 1, "Actual Loops": 1, "Startup Cost": 47.69, "Plans": [{"Actual Startup Time": 0.046, "Plan Rows": 1, "Actual Loops": 1, "Startup Cost": 47.26, "Hash Cond": "(an.person_id = ci.person_id)", "Plans": [{"Actual Startup Time": 0.006, "Plan Rows": 902055, "Actual Loops": 1, "Startup Cost": 0.0, "Alias": "an", "Node Type": "Seq Scan", "Actual Total Time": 0.006, "Actual Rows": 1, "Parent Relationship": "Outer", "Relation Name": "aka_name", "Total Cost": 20425.55, "Plan Width": 4}, {"Actual Startup Time": 0.001, "Plan Rows": 1, "Peak Memory Usage": 8, "Actual Loops": 1, "Startup Cost": 47.25, "Original Hash Batches": 1, "Plans": [{"Actual Startup Time": 0.001, "Plan Rows": 1, "Actual Loops": 1, "Startup Cost": 18.93, "Hash Cond": "(ci.role_id = rt.id)", "Plans": [{"Actual Startup Time": 0.001, "Plan Rows": 34, "Actual Loops": 1, "Rows Removed by Filter": 0, "Startup Cost": 0.0, "Alias": "ci", "Node Type": "Seq Scan", "Actual Total Time": 0.001, "Actual Rows": 0, "Relation Name": "cast_info", "Filter": "(note = ANY ('{\"(as Eric W. Carlson)\",\"(voice) (as Richard Horvitz)\",\"(as J.D. Nicols)\",\"(as Robban Hagn\u00e4s)\",(voice),\"(as Jos\u00e9 Canalecas)\",(uncredited)}'::text[]))", "Parent Relationship": "Outer", "Total Cost": 28.19, "Plan Width": 16}, {"Actual Startup Time": 0.0, "Plan Rows": 4, "Node Type": "Hash", "Actual Loops": 0, "Actual Total Time": 0.0, "Actual Rows": 0, "Startup Cost": 18.88, "Plan Width": 4, "Parent Relationship": "Inner", "Total Cost": 18.88, "Plans": [{"Actual Startup Time": 0.0, "Plan Rows": 4, "Actual Loops": 0, "Rows Removed by Filter": 0, "Startup Cost": 0.0, "Alias": "rt", "Node Type": "Seq Scan", "Actual Total Time": 0.0, "Actual Rows": 0, "Relation Name": "role_type", "Filter": "((role)::text = 'actor'::text)", "Parent Relationship": "Outer", "Total Cost": 18.88, "Plan Width": 4}]}], "Join Type": "Inner", "Node Type": "Hash Join", "Actual Total Time": 0.001, "Actual Rows": 0, "Parent Relationship": "Outer", "Total Cost": 47.25, "Plan Width": 12}], "Hash Buckets": 1024, "Original Hash Buckets": 1024, "Node Type": "Hash", "Actual Total Time": 0.001, "Actual Rows": 0, "Parent Relationship": "Inner", "Hash Batches": 1, "Total Cost": 47.25, "Plan Width": 12}], "Join Type": "Inner", "Node Type": "Hash Join", "Actual Total Time": 0.046, "Actual Rows": 0, "Parent Relationship": "Outer", "Total Cost": 23855.54, "Plan Width": 16}, {"Index Name": "char_name_pkey", "Actual Startup Time": 0.0, "Relation Name": "char_name", "Actual Loops": 0, "Plan Rows": 1, "Startup Cost": 0.43, "Rows Removed by Index Recheck": 0, "Parent Relationship": "Inner", "Alias": "chn", "Node Type": "Index Only Scan", "Scan Direction": "Forward", "Actual Total Time": 0.0, "Actual Rows": 0, "Heap Fetches": 0, "Index Cond": "(id = ci.person_role_id)", "Total Cost": 8.45, "Plan Width": 4}], "Join Type": "Inner", "Node Type": "Nested Loop", "Actual Total Time": 0.047, "Actual Rows": 0, "Parent Relationship": "Outer", "Total Cost": 23864.0, "Plan Width": 12}, {"Actual Startup Time": 0.0, "Plan Rows": 25737, "Actual Loops": 0, "Rows Removed by Filter": 0, "Startup Cost": 0.0, "Alias": "mc", "Node Type": "Seq Scan", "Actual Total Time": 0.0, "Actual Rows": 0, "Relation Name": "movie_companies", "Filter": "((note IS NOT NULL) AND ((note ~~ '%(2001)%'::text) OR (note ~~ '%(Finland)%'::text)))", "Parent Relationship": "Inner", "Total Cost": 57926.93, "Plan Width": 8}], "Join Type": "Inner", "Node Type": "Nested Loop", "Actual Total Time": 0.047, "Actual Rows": 0, "Parent Relationship": "Outer", "Total Cost": 82112.64, "Plan Width": 20}, {"Index Name": "company_name_pkey", "Actual Startup Time": 0.0, "Relation Name": "company_name", "Actual Loops": 0, "Plan Rows": 1, "Startup Cost": 0.42, "Rows Removed by Index Recheck": 0, "Rows Removed by Filter": 0, "Alias": "cn", "Node Type": "Index Scan", "Scan Direction": "Forward", "Actual Total Time": 0.0, "Actual Rows": 0, "Index Cond": "(id = mc.company_id)", "Filter": "((country_code)::text = '[fi]'::text)", "Parent Relationship": "Inner", "Total Cost": 1.04, "Plan Width": 4}], "Join Type": "Inner", "Node Type": "Nested Loop", "Actual Total Time": 0.047, "Actual Rows": 0, "Parent Relationship": "Outer", "Total Cost": 82113.69, "Plan Width": 16}, {"Index Name": "title_pkey", "Actual Startup Time": 0.0, "Relation Name": "title", "Actual Loops": 0, "Plan Rows": 1, "Startup Cost": 0.43, "Rows Removed by Index Recheck": 0, "Rows Removed by Filter": 0, "Alias": "t", "Node Type": "Index Scan", "Scan Direction": "Forward", "Actual Total Time": 0.0, "Actual Rows": 0, "Index Cond": "(id = mc.movie_id)", "Filter": "((production_year >= 1976) AND (production_year <= 2008))", "Parent Relationship": "Inner", "Total Cost": 4.8, "Plan Width": 21}], "Join Type": "Inner", "Node Type": "Nested Loop", "Actual Total Time": 0.048, "Actual Rows": 0, "Parent Relationship": "Outer", "Total Cost": 82118.5, "Plan Width": 37}, {"Actual Startup Time": 0.0, "Plan Rows": 1, "Actual Loops": 0, "Rows Removed by Filter": 0, "Startup Cost": 0.0, "Alias": "mi", "Node Type": "Seq Scan", "Actual Total Time": 0.0, "Actual Rows": 0, "Relation Name": "movie_info", "Filter": "((info IS NOT NULL) AND ((info ~~ '%Czech Republic:% 199%'::text) OR (info ~~ '%Belgium:% 200%'::text)))", "Parent Relationship": "Inner", "Total Cost": 21.7, "Plan Width": 8}], "Join Type": "Inner", "Node Type": "Nested Loop", "Actual Total Time": 0.048, "Actual Rows": 0, "Parent Relationship": "Outer", "Total Cost": 82140.21, "Plan Width": 29}, {"Actual Startup Time": 0.0, "Plan Rows": 1, "Actual Loops": 0, "Rows Removed by Filter": 0, "Startup Cost": 0.0, "Alias": "it", "Node Type": "Seq Scan", "Actual Total Time": 0.0, "Actual Rows": 0, "Relation Name": "info_type", "Filter": "((info)::text = 'release dates'::text)", "Parent Relationship": "Inner", "Total Cost": 2.41, "Plan Width": 4}], "Join Type": "Inner", "Node Type": "Nested Loop", "Actual Total Time": 0.048, "Actual Rows": 0, "Parent Relationship": "Outer", "Total Cost": 82142.64, "Plan Width": 25}, {"Index Name": "name_pkey", "Actual Startup Time": 0.0, "Relation Name": "name", "Actual Loops": 0, "Plan Rows": 1, "Startup Cost": 0.43, "Rows Removed by Index Recheck": 0, "Rows Removed by Filter": 0, "Alias": "n", "Node Type": "Index Scan", "Scan Direction": "Forward", "Actual Total Time": 0.0, "Actual Rows": 0, "Index Cond": "(id = an.person_id)", "Filter": "((name ~~ '%Wa%'::text) AND ((gender)::text = 'm'::text))", "Parent Relationship": "Inner", "Total Cost": 0.77, "Plan Width": 19}], "Join Type": "Inner", "Node Type": "Nested Loop", "Actual Total Time": 0.048, "Actual Rows": 0, "Parent Relationship": "Outer", "Total Cost": 82143.41, "Plan Width": 32}]}, "Triggers": [], "Planning Time": 22.434, "Execution Time": 0.335}]]]}
{"start_time": 1569073772.3329148, "plan": [[[{"Plan": {"Actual Startup Time": 0.06, "Plan Rows": 1, "Node Type": "Aggregate", "Actual Loops": 1, "Actual Total Time": 0.061, "Actual Rows": 1, "Plan Width": 32, "Startup Cost": 82355.37, "Strategy": "Plain", "Total Cost": 82355.38, "Plans": [{"Actual Startup Time": 0.058, "Plan Rows": 1, "Join Filter": "(mi.movie_id = t.id)", "Actual Loops": 1, "Startup Cost": 68.22, "Rows Removed by Join Filter": 0, "Plans": [{"Actual Startup Time": 0.057, "Plan Rows": 1, "Join Filter": "(ci.person_id = n.id)", "Actual Loops": 1, "Startup Cost": 67.79, "Rows Removed by Join Filter": 0, "Plans": [{"Actual Startup Time": 0.057, "Plan Rows": 1, "Join Filter": "(mi.info_type_id = it.id)", "Actual Loops": 1, "Startup Cost": 67.36, "Rows Removed by Join Filter": 0, "Plans": [{"Actual Startup Time": 0.057, "Plan Rows": 1, "Actual Loops": 1, "Startup Cost": 67.36, "Plans": [{"Actual Startup Time": 0.057, "Plan Rows": 1, "Actual Loops": 1, "Startup Cost": 66.94, "Plans": [{"Actual Startup Time": 0.057, "Plan Rows": 1, "Join Filter": "(mi.movie_id = ci.movie_id)", "Actual Loops": 1, "Startup Cost": 66.51, "Rows Removed by Join Filter": 0, "Plans": [{"Actual Startup Time": 0.057, "Plan Rows": 1, "Actual Loops": 1, "Startup Cost": 21.71, "Hash Cond": "(mc.movie_id = mi.movie_id)", "Plans": [{"Actual Startup Time": 0.017, "Plan Rows": 143915, "Actual Loops": 1, "Rows Removed by Filter": 1, "Startup Cost": 0.0, "Alias": "mc", "Node Type": "Seq Scan", "Actual Total Time": 0.017, "Actual Rows": 1, "Relation Name": "movie_companies", "Filter": "((note IS NOT NULL) AND ((note ~~ '%(Japan)%'::text) OR (note ~~ '%(theatrical)%'::text)))", "Parent Relationship": "Outer", "Total Cost": 57926.93, "Plan Width": 8}, {"Actual Startup Time": 0.0, "Plan Rows": 1, "Peak Memory Usage": 8, "Actual Loops": 1, "Startup Cost": 21.7, "Original Hash Batches": 1, "Plans": [{"Actual Startup Time": 0.0, "Plan Rows": 1, "Actual Loops": 1, "Rows Removed by Filter": 0, "Startup Cost": 0.0, "Alias": "mi", "Node Type": "Seq Scan", "Actual Total Time": 0.0, "Actual Rows": 0, "Relation Name": "movie_info", "Filter": "((info IS NOT NULL) AND ((info ~~ '%USA:% 194%'::text) OR (info ~~ '%Norway:% 200%'::text)))", "Parent Relationship": "Outer", "Total Cost": 21.7, "Plan Width": 8}], "Hash Buckets": 1024, "Original Hash Buckets": 1024, "Node Type": "Hash", "Actual Total Time": 0.0, "Actual Rows": 0, "Parent Relationship": "Inner", "Hash Batches": 1, "Total Cost": 21.7, "Plan Width": 8}], "Join Type": "Inner", "Node Type": "Hash Join", "Actual Total Time": 0.057, "Actual Rows": 0, "Parent Relationship": "Outer", "Total Cost": 58488.34, "Plan Width": 16}, {"Actual Startup Time": 0.0, "Plan Rows": 1, "Actual Loops": 0, "Startup Cost": 44.8, "Hash Cond": "(an.person_id = ci.person_id)", "Plans": [{"Actual Startup Time": 0.0, "Plan Rows": 902055, "Actual Loops": 0, "Startup Cost": 0.0, "Alias": "an", "Node Type": "Seq Scan", "Actual Total Time": 0.0, "Actual Rows": 0, "Parent Relationship": "Outer", "Relation Name": "aka_name", "Total Cost": 20425.55, "Plan Width": 4}, {"Actual Startup Time": 0.0, "Plan Rows": 1, "Node Type": "Hash", "Actual Loops": 0, "Actual Total Time": 0.0, "Actual Rows": 0, "Startup Cost": 44.79, "Plan Width": 12, "Parent Relationship": "Inner", "Total Cost": 44.79, "Plans": [{"Actual Startup Time": 0.0, "Plan Rows": 1, "Actual Loops": 0, "Startup Cost": 18.93, "Hash Cond": "(ci.role_id = rt.id)", "Plans": [{"Actual Startup Time": 0.0, "Plan Rows": 24, "Actual Loops": 0, "Rows Removed by Filter": 0, "Startup Cost": 0.0, "Alias": "ci", "Node Type": "Seq Scan", "Actual Total Time": 0.0, "Actual Rows": 0, "Relation Name": "cast_info", "Filter": "(note = ANY ('{(voice),\"(as Gin)\",(uncredited),\"(as Thierry Ashanti)\",\"(as Marirosa A. Hoffman)\"}'::text[]))", "Parent Relationship": "Outer", "Total Cost": 25.76, "Plan Width": 16}, {"Actual Startup Time": 0.0, "Plan Rows": 4, "Node Type": "Hash", "Actual Loops": 0, "Actual Total Time": 0.0, "Actual Rows": 0, "Startup Cost": 18.88, "Plan Width": 4, "Parent Relationship": "Inner", "Total Cost": 18.88, "Plans": [{"Actual Startup Time": 0.0, "Plan Rows": 4, "Actual Loops": 0, "Rows Removed by Filter": 0, "Startup Cost": 0.0, "Alias": "rt", "Node Type": "Seq Scan", "Actual Total Time": 0.0, "Actual Rows": 0, "Relation Name": "role_type", "Filter": "((role)::text = 'actor'::text)", "Parent Relationship": "Outer", "Total Cost": 18.88, "Plan Width": 4}]}], "Join Type": "Inner", "Node Type": "Hash Join", "Actual Total Time": 0.0, "Actual Rows": 0, "Parent Relationship": "Outer", "Total Cost": 44.79, "Plan Width": 12}]}], "Join Type": "Inner", "Node Type": "Hash Join", "Actual Total Time": 0.0, "Actual Rows": 0, "Parent Relationship": "Inner", "Total Cost": 23853.08, "Plan Width": 16}], "Join Type": "Inner", "Node Type": "Nested Loop", "Actual Total Time": 0.057, "Actual Rows": 0, "Parent Relationship": "Outer", "Total Cost": 82341.43, "Plan Width": 32}, {"Index Name": "char_name_pkey", "Actual Startup Time": 0.0, "Relation Name": "char_name", "Actual Loops": 0, "Plan Rows": 1, "Startup Cost": 0.43, "Rows Removed by Index Recheck": 0, "Parent Relationship": "Inner", "Alias": "chn", "Node Type": "Index Only Scan", "Scan Direction": "Forward", "Actual Total Time": 0.0, "Actual Rows": 0, "Heap Fetches": 0, "Index Cond": "(id = ci.person_role_id)", "Total Cost": 8.45, "Plan Width": 4}], "Join Type": "Inner", "Node Type": "Nested Loop", "Actual Total Time": 0.057, "Actual Rows": 0, "Parent Relationship": "Outer", "Total Cost": 82349.88, "Plan Width": 28}, {"Index Name": "company_name_pkey", "Actual Startup Time": 0.0, "Relation Name": "company_name", "Actual Loops": 0, "Plan Rows": 1, "Startup Cost": 0.42, "Rows Removed by Index Recheck": 0, "Rows Removed by Filter": 0, "Alias": "cn", "Node Type": "Index Scan", "Scan Direction": "Forward", "Actual Total Time": 0.0, "Actual Rows": 0, "Index Cond": "(id = mc.company_id)", "Filter": "((country_code)::text = '[jp]'::text)", "Parent Relationship": "Inner", "Total Cost": 0.55, "Plan Width": 4}], "Join Type": "Inner", "Node Type": "Nested Loop", "Actual Total Time": 0.057, "Actual Rows": 0, "Parent Relationship": "Outer", "Total Cost": 82350.44, "Plan Width": 24}, {"Actual Startup Time": 0.0, "Plan Rows": 1, "Actual Loops": 0, "Rows Removed by Filter": 0, "Startup Cost": 0.0, "Alias": "it", "Node Type": "Seq Scan", "Actual Total Time": 0.0, "Actual Rows": 0, "Relation Name": "info_type", "Filter": "((info)::text = 'release dates'::text)", "Parent Relationship": "Inner", "Total Cost": 2.41, "Plan Width": 4}], "Join Type": "Inner", "Node Type": "Nested Loop", "Actual Total Time": 0.057, "Actual Rows": 0, "Parent Relationship": "Outer", "Total Cost": 82352.87, "Plan Width": 20}, {"Index Name": "name_pkey", "Actual Startup Time": 0.0, "Relation Name": "name", "Actual Loops": 0, "Plan Rows": 1, "Startup Cost": 0.43, "Rows Removed by Index Recheck": 0, "Rows Removed by Filter": 0, "Alias": "n", "Node Type": "Index Scan", "Scan Direction": "Forward", "Actual Total Time": 0.0, "Actual Rows": 0, "Index Cond": "(id = an.person_id)", "Filter": "((name ~~ '%Den%'::text) AND ((gender)::text = 'm'::text))", "Parent Relationship": "Inner", "Total Cost": 0.77, "Plan Width": 19}], "Join Type": "Inner", "Node Type": "Nested Loop", "Actual Total Time": 0.057, "Actual Rows": 0, "Parent Relationship": "Outer", "Total Cost": 82353.65, "Plan Width": 27}, {"Index Name": "title_pkey", "Actual Startup Time": 0.0, "Relation Name": "title", "Actual Loops": 0, "Plan Rows": 1, "Startup Cost": 0.43, "Rows Removed by Index Recheck": 0, "Rows Removed by Filter": 0, "Alias": "t", "Node Type": "Index Scan", "Scan Direction": "Forward", "Actual Total Time": 0.0, "Actual Rows": 0, "Index Cond": "(id = mc.movie_id)", "Filter": "((production_year >= 1946) AND (production_year <= 1967))", "Parent Relationship": "Inner", "Total Cost": 1.7, "Plan Width": 21}], "Join Type": "Inner", "Node Type": "Nested Loop", "Actual Total Time": 0.058, "Actual Rows": 0, "Parent Relationship": "Outer", "Total Cost": 82355.36, "Plan Width": 32}]}, "Triggers": [], "Planning Time": 22.258, "Execution Time": 0.343}]]]}
{"start_time": 1569073772.3329148, "plan": [[[{"Plan": {"Actual Startup Time": 0.058, "Plan Rows": 1, "Node Type": "Aggregate", "Actual Loops": 1, "Actual Total Time": 0.058, "Actual Rows": 1, "Plan Width": 32, "Startup Cost": 82349.1, "Strategy": "Plain", "Total Cost": 82349.11, "Plans": [{"Actual Startup Time": 0.057, "Plan Rows": 1, "Join Filter": "(mi.movie_id = t.id)", "Actual Loops": 1, "Startup Cost": 65.76, "Rows Removed by Join Filter": 0, "Plans": [{"Actual Startup Time": 0.056, "Plan Rows": 1, "Join Filter": "(ci.person_id = n.id)", "Actual Loops": 1, "Startup Cost": 65.33, "Rows Removed by Join Filter": 0, "Plans": [{"Actual Startup Time": 0.056, "Plan Rows": 1, "Join Filter": "(mi.info_type_id = it.id)", "Actual Loops": 1, "Startup Cost": 64.9, "Rows Removed by Join Filter": 0, "Plans": [{"Actual Startup Time": 0.055, "Plan Rows": 1, "Actual Loops": 1, "Startup Cost": 64.9, "Plans": [{"Actual Startup Time": 0.055, "Plan Rows": 1, "Actual Loops": 1, "Startup Cost": 64.48, "Plans": [{"Actual Startup Time": 0.055, "Plan Rows": 1, "Join Filter": "(mi.movie_id = ci.movie_id)", "Actual Loops": 1, "Startup Cost": 64.05, "Rows Removed by Join Filter": 0, "Plans": [{"Actual Startup Time": 0.055, "Plan Rows": 1, "Actual Loops": 1, "Startup Cost": 21.71, "Hash Cond": "(mc.movie_id = mi.movie_id)", "Plans": [{"Actual Startup Time": 0.013, "Plan Rows": 142896, "Actual Loops": 1, "Rows Removed by Filter": 1, "Startup Cost": 0.0, "Alias": "mc", "Node Type": "Seq Scan", "Actual Total Time": 0.013, "Actual Rows": 1, "Relation Name": "movie_companies", "Filter": "((note IS NOT NULL) AND ((note ~~ '%(DVD)%'::text) OR (note ~~ '%(2011)%'::text)))", "Parent Relationship": "Outer", "Total Cost": 57926.93, "Plan Width": 8}, {"Actual Startup Time": 0.001, "Plan Rows": 1, "Peak Memory Usage": 8, "Actual Loops": 1, "Startup Cost": 21.7, "Original Hash Batches": 1, "Plans": [{"Actual Startup Time": 0.0, "Plan Rows": 1, "Actual Loops": 1, "Rows Removed by Filter": 0, "Startup Cost": 0.0, "Alias": "mi", "Node Type": "Seq Scan", "Actual Total Time": 0.0, "Actual Rows": 0, "Relation Name": "movie_info", "Filter": "((info IS NOT NULL) AND ((info ~~ '%USA:% 195%'::text) OR (info ~~ '%Portugal:% 200%'::text)))", "Parent Relationship": "Outer", "Total Cost": 21.7, "Plan Width": 8}], "Hash Buckets": 1024, "Original Hash Buckets": 1024, "Node Type": "Hash", "Actual Total Time": 0.001, "Actual Rows": 0, "Parent Relationship": "Inner", "Hash Batches": 1, "Total Cost": 21.7, "Plan Width": 8}], "Join Type": "Inner", "Node Type": "Hash Join", "Actual Total Time": 0.055, "Actual Rows": 0, "Parent Relationship": "Outer", "Total Cost": 58484.52, "Plan Width": 16}, {"Actual Startup Time": 0.0, "Plan Rows": 1, "Actual Loops": 0, "Startup Cost": 42.34, "Hash Cond": "(an.person_id = ci.person_id)", "Plans": [{"Actual Startup Time": 0.0, "Plan Rows": 902055, "Actual Loops": 0, "Startup Cost": 0.0, "Alias": "an", "Node Type": "Seq Scan", "Actual Total Time": 0.0, "Actual Rows": 0, "Parent Relationship": "Outer", "Relation Name": "aka_name", "Total Cost": 20425.55, "Plan Width": 4}, {"Actual Startup Time": 0.0, "Plan Rows": 1, "Node Type": "Hash", "Actual Loops": 0, "Actual Total Time": 0.0, "Actual Rows": 0, "Startup Cost": 42.33, "Plan Width": 12, "Parent Relationship": "Inner", "Total Cost": 42.33, "Plans": [{"Actual Startup Time": 0.0, "Plan Rows": 1, "Actual Loops": 0, "Startup Cost": 18.93, "Hash Cond": "(ci.role_id = rt.id)", "Plans": [{"Actual Startup Time": 0.0, "Plan Rows": 15, "Actual Loops": 0, "Rows Removed by Filter": 0, "Startup Cost": 0.0, "Alias": "ci", "Node Type": "Seq Scan", "Actual Total Time": 0.0, "Actual Rows": 0, "Relation Name": "cast_info", "Filter": "(note = ANY ('{\"(as Allan Nicholls)\",(voice),(uncredited)}'::text[]))", "Parent Relationship": "Outer", "Total Cost": 23.34, "Plan Width": 16}, {"Actual Startup Time": 0.0, "Plan Rows": 4, "Node Type": "Hash", "Actual Loops": 0, "Actual Total Time": 0.0, "Actual Rows": 0, "Startup Cost": 18.88, "Plan Width": 4, "Parent Relationship": "Inner", "Total Cost": 18.88, "Plans": [{"Actual Startup Time": 0.0, "Plan Rows": 4, "Actual Loops": 0, "Rows Removed by Filter": 0, "Startup Cost": 0.0, "Alias": "rt", "Node Type": "Seq Scan", "Actual Total Time": 0.0, "Actual Rows": 0, "Relation Name": "role_type", "Filter": "((role)::text = 'actress'::text)", "Parent Relationship": "Outer", "Total Cost": 18.88, "Plan Width": 4}]}], "Join Type": "Inner", "Node Type": "Hash Join", "Actual Total Time": 0.0, "Actual Rows": 0, "Parent Relationship": "Outer", "Total Cost": 42.33, "Plan Width": 12}]}], "Join Type": "Inner", "Node Type": "Hash Join", "Actual Total Time": 0.0, "Actual Rows": 0, "Parent Relationship": "Inner", "Total Cost": 23850.62, "Plan Width": 16}], "Join Type": "Inner", "Node Type": "Nested Loop", "Actual Total Time": 0.055, "Actual Rows": 0, "Parent Relationship": "Outer", "Total Cost": 82335.15, "Plan Width": 32}, {"Index Name": "char_name_pkey", "Actual Startup Time": 0.0, "Relation Name": "char_name", "Actual Loops": 0, "Plan Rows": 1, "Startup Cost": 0.43, "Rows Removed by Index Recheck": 0, "Parent Relationship": "Inner", "Alias": "chn", "Node Type": "Index Only Scan", "Scan Direction": "Forward", "Actual Total Time": 0.0, "Actual Rows": 0, "Heap Fetches": 0, "Index Cond": "(id = ci.person_role_id)", "Total Cost": 8.45, "Plan Width": 4}], "Join Type": "Inner", "Node Type": "Nested Loop", "Actual Total Time": 0.055, "Actual Rows": 0, "Parent Relationship": "Outer", "Total Cost": 82343.6, "Plan Width": 28}, {"Index Name": "company_name_pkey", "Actual Startup Time": 0.0, "Relation Name": "company_name", "Actual Loops": 0, "Plan Rows": 1, "Startup Cost": 0.42, "Rows Removed by Index Recheck": 0, "Rows Removed by Filter": 0, "Alias": "cn", "Node Type": "Index Scan", "Scan Direction": "Forward", "Actual Total Time": 0.0, "Actual Rows": 0, "Index Cond": "(id = mc.company_id)", "Filter": "((country_code)::text = '[de]'::text)", "Parent Relationship": "Inner", "Total Cost": 0.55, "Plan Width": 4}], "Join Type": "Inner", "Node Type": "Nested Loop", "Actual Total Time": 0.055, "Actual Rows": 0, "Parent Relationship": "Outer", "Total Cost": 82344.16, "Plan Width": 24}, {"Actual Startup Time": 0.0, "Plan Rows": 1, "Actual Loops": 0, "Rows Removed by Filter": 0, "Startup Cost": 0.0, "Alias": "it", "Node Type": "Seq Scan", "Actual Total Time": 0.0, "Actual Rows": 0, "Relation Name": "info_type", "Filter": "((info)::text = 'release dates'::text)", "Parent Relationship": "Inner", "Total Cost": 2.41, "Plan Width": 4}], "Join Type": "Inner", "Node Type": "Nested Loop", "Actual Total Time": 0.056, "Actual Rows": 0, "Parent Relationship": "Outer", "Total Cost": 82346.59, "Plan Width": 20}, {"Index Name": "name_pkey", "Actual Startup Time": 0.0, "Relation Name": "name", "Actual Loops": 0, "Plan Rows": 1, "Startup Cost": 0.43, "Rows Removed by Index Recheck": 0, "Rows Removed by Filter": 0, "Alias": "n", "Node Type": "Index Scan", "Scan Direction": "Forward", "Actual Total Time": 0.0, "Actual Rows": 0, "Index Cond": "(id = an.person_id)", "Filter": "((name ~~ '%Rus%'::text) AND ((gender)::text = 'f'::text))", "Parent Relationship": "Inner", "Total Cost": 0.77, "Plan Width": 19}], "Join Type": "Inner", "Node Type": "Nested Loop", "Actual Total Time": 0.056, "Actual Rows": 0, "Parent Relationship": "Outer", "Total Cost": 82347.37, "Plan Width": 27}, {"Index Name": "title_pkey", "Actual Startup Time": 0.0, "Relation Name": "title", "Actual Loops": 0, "Plan Rows": 1, "Startup Cost": 0.43, "Rows Removed by Index Recheck": 0, "Rows Removed by Filter": 0, "Alias": "t", "Node Type": "Index Scan", "Scan Direction": "Forward", "Actual Total Time": 0.0, "Actual Rows": 0, "Index Cond": "(id = mc.movie_id)", "Filter": "((production_year >= 1936) AND (production_year <= 2008))", "Parent Relationship": "Inner", "Total Cost": 1.71, "Plan Width": 21}], "Join Type": "Inner", "Node Type": "Nested Loop", "Actual Total Time": 0.057, "Actual Rows": 0, "Parent Relationship": "Outer", "Total Cost": 82349.09, "Plan Width": 32}]}, "Triggers": [], "Planning Time": 23.927, "Execution Time": 0.353}]]]}
{"start_time": 1569073772.3329148, "plan": [[[{"Plan": {"Actual Startup Time": 0.057, "Plan Rows": 1, "Node Type": "Aggregate", "Actual Loops": 1, "Actual Total Time": 0.057, "Actual Rows": 1, "Plan Width": 32, "Startup Cost": 82663.61, "Strategy": "Plain", "Total Cost": 82663.62, "Plans": [{"Actual Startup Time": 0.056, "Plan Rows": 1, "Join Filter": "(mi.movie_id = t.id)", "Actual Loops": 1, "Startup Cost": 45.82, "Rows Removed by Join Filter": 0, "Plans": [{"Actual Startup Time": 0.055, "Plan Rows": 1, "Actual Loops": 1, "Startup Cost": 45.39, "Plans": [{"Actual Startup Time": 0.055, "Plan Rows": 1, "Join Filter": "(ci.person_id = n.id)", "Actual Loops": 1, "Startup Cost": 45.24, "Rows Removed by Join Filter": 0, "Plans": [{"Actual Startup Time": 0.054, "Plan Rows": 1, "Join Filter": "(mi.info_type_id = it.id)", "Actual Loops": 1, "Startup Cost": 44.81, "Rows Removed by Join Filter": 0, "Plans": [{"Actual Startup Time": 0.054, "Plan Rows": 1, "Actual Loops": 1, "Startup Cost": 44.81, "Plans": [{"Actual Startup Time": 0.054, "Plan Rows": 1, "Actual Loops": 1, "Startup Cost": 44.39, "Plans": [{"Actual Startup Time": 0.054, "Plan Rows": 1, "Join Filter": "(ci.movie_id = mi.movie_id)", "Actual Loops": 1, "Startup Cost": 43.96, "Rows Removed by Join Filter": 0, "Plans": [{"Actual Startup Time": 0.054, "Plan Rows": 1, "Actual Loops": 1, "Startup Cost": 21.71, "Hash Cond": "(mc.movie_id = mi.movie_id)", "Plans": [{"Actual Startup Time": 0.01, "Plan Rows": 231121, "Actual Loops": 1, "Rows Removed by Filter": 0, "Startup Cost": 0.0, "Alias": "mc", "Node Type": "Seq Scan", "Actual Total Time": 0.01, "Actual Rows": 1, "Relation Name": "movie_companies", "Filter": "((note IS NOT NULL) AND ((note ~~ '%(200%)%'::text) OR (note ~~ '%(Turkey)%'::text)))", "Parent Relationship": "Outer", "Total Cost": 57926.93, "Plan Width": 8}, {"Actual Startup Time": 0.001, "Plan Rows": 1, "Peak Memory Usage": 8, "Actual Loops": 1, "Startup Cost": 21.7, "Original Hash Batches": 1, "Plans": [{"Actual Startup Time": 0.0, "Plan Rows": 1, "Actual Loops": 1, "Rows Removed by Filter": 0, "Startup Cost": 0.0, "Alias": "mi", "Node Type": "Seq Scan", "Actual Total Time": 0.0, "Actual Rows": 0, "Relation Name": "movie_info", "Filter": "((info IS NOT NULL) AND ((info ~~ '%Argentina:% 201%'::text) OR (info ~~ '%UK:% 199%'::text)))", "Parent Relationship": "Outer", "Total Cost": 21.7, "Plan Width": 8}], "Hash Buckets": 1024, "Original Hash Buckets": 1024, "Node Type": "Hash", "Actual Total Time": 0.001, "Actual Rows": 0, "Parent Relationship": "Inner", "Hash Batches": 1, "Total Cost": 21.7, "Plan Width": 8}], "Join Type": "Inner", "Node Type": "Hash Join", "Actual Total Time": 0.054, "Actual Rows": 0, "Parent Relationship": "Outer", "Total Cost": 58815.36, "Plan Width": 16}, {"Actual Startup Time": 0.0, "Plan Rows": 24, "Actual Loops": 0, "Startup Cost": 22.25, "Hash Cond": "(an.person_id = ci.person_id)", "Plans": [{"Actual Startup Time": 0.0, "Plan Rows": 902055, "Actual Loops": 0, "Startup Cost": 0.0, "Alias": "an", "Node Type": "Seq Scan", "Actual Total Time": 0.0, "Actual Rows": 0, "Parent Relationship": "Outer", "Relation Name": "aka_name", "Total Cost": 20425.55, "Plan Width": 4}, {"Actual Startup Time": 0.0, "Plan Rows": 10, "Node Type": "Hash", "Actual Loops": 0, "Actual Total Time": 0.0, "Actual Rows": 0, "Startup Cost": 22.12, "Plan Width": 16, "Parent Relationship": "Inner", "Total Cost": 22.12, "Plans": [{"Actual Startup Time": 0.0, "Plan Rows": 10, "Actual Loops": 0, "Rows Removed by Filter": 0, "Startup Cost": 0.0, "Alias": "ci", "Node Type": "Seq Scan", "Actual Total Time": 0.0, "Actual Rows": 0, "Relation Name": "cast_info", "Filter": "(note = ANY ('{(uncredited),\"(voice) (uncredited)\"}'::text[]))", "Parent Relationship": "Outer", "Total Cost": 22.12, "Plan Width": 16}]}], "Join Type": "Inner", "Node Type": "Hash Join", "Actual Total Time": 0.0, "Actual Rows": 0, "Parent Relationship": "Inner", "Total Cost": 23830.75, "Plan Width": 20}], "Join Type": "Inner", "Node Type": "Nested Loop", "Actual Total Time": 0.054, "Actual Rows": 0, "Parent Relationship": "Outer", "Total Cost": 82646.41, "Plan Width": 36}, {"Index Name": "char_name_pkey", "Actual Startup Time": 0.0, "Relation Name": "char_name", "Actual Loops": 0, "Plan Rows": 1, "Startup Cost": 0.43, "Rows Removed by Index Recheck": 0, "Parent Relationship": "Inner", "Alias": "chn", "Node Type": "Index Only Scan", "Scan Direction": "Forward", "Actual Total Time": 0.0, "Actual Rows": 0, "Heap Fetches": 0, "Index Cond": "(id = ci.person_role_id)", "Total Cost": 8.45, "Plan Width": 4}], "Join Type": "Inner", "Node Type": "Nested Loop", "Actual Total Time": 0.054, "Actual Rows": 0, "Parent Relationship": "Outer", "Total Cost": 82654.87, "Plan Width": 32}, {"Index Name": "company_name_pkey", "Actual Startup Time": 0.0, "Relation Name": "company_name", "Actual Loops": 0, "Plan Rows": 1, "Startup Cost": 0.42, "Rows Removed by Index Recheck": 0, "Rows Removed by Filter": 0, "Alias": "cn", "Node Type": "Index Scan", "Scan Direction": "Forward", "Actual Total Time": 0.0, "Actual Rows": 0, "Index Cond": "(id = mc.company_id)", "Filter": "((country_code)::text = '[tr]'::text)", "Parent Relationship": "Inner", "Total Cost": 0.51, "Plan Width": 4}], "Join Type": "Inner", "Node Type": "Nested Loop", "Actual Total Time": 0.054, "Actual Rows": 0, "Parent Relationship": "Outer", "Total Cost": 82655.38, "Plan Width": 28}, {"Actual Startup Time": 0.0, "Plan Rows": 1, "Actual Loops": 0, "Rows Removed by Filter": 0, "Startup Cost": 0.0, "Alias": "it", "Node Type": "Seq Scan", "Actual Total Time": 0.0, "Actual Rows": 0, "Relation Name": "info_type", "Filter": "((info)::text = 'release dates'::text)", "Parent Relationship": "Inner", "Total Cost": 2.41, "Plan Width": 4}], "Join Type": "Inner", "Node Type": "Nested Loop", "Actual Total Time": 0.054, "Actual Rows": 0, "Parent Relationship": "Outer", "Total Cost": 82657.81, "Plan Width": 24}, {"Index Name": "name_pkey", "Actual Startup Time": 0.0, "Relation Name": "name", "Actual Loops": 0, "Plan Rows": 1, "Startup Cost": 0.43, "Rows Removed by Index Recheck": 0, "Rows Removed by Filter": 0, "Alias": "n", "Node Type": "Index Scan", "Scan Direction": "Forward", "Actual Total Time": 0.0, "Actual Rows": 0, "Index Cond": "(id = an.person_id)", "Filter": "((name ~~ '%But%'::text) AND ((gender)::text = 'f'::text))", "Parent Relationship": "Inner", "Total Cost": 0.77, "Plan Width": 19}], "Join Type": "Inner", "Node Type": "Nested Loop", "Actual Total Time": 0.055, "Actual Rows": 0, "Parent Relationship": "Outer", "Total Cost": 82658.59, "Plan Width": 31}, {"Index Name": "role_type_pkey", "Actual Startup Time": 0.0, "Relation Name": "role_type", "Actual Loops": 0, "Plan Rows": 1, "Startup Cost": 0.15, "Rows Removed by Index Recheck": 0, "Rows Removed by Filter": 0, "Alias": "rt", "Node Type": "Index Scan", "Scan Direction": "Forward", "Actual Total Time": 0.0, "Actual Rows": 0, "Index Cond": "(id = ci.role_id)", "Filter": "((role)::text = 'actress'::text)", "Parent Relationship": "Inner", "Total Cost": 3.77, "Plan Width": 4}], "Join Type": "Inner", "Node Type": "Nested Loop", "Actual Total Time": 0.055, "Actual Rows": 0, "Parent Relationship": "Outer", "Total Cost": 82662.37, "Plan Width": 27}, {"Index Name": "title_pkey", "Actual Startup Time": 0.0, "Relation Name": "title", "Actual Loops": 0, "Plan Rows": 1, "Startup Cost": 0.43, "Rows Removed by Index Recheck": 0, "Rows Removed by Filter": 0, "Alias": "t", "Node Type": "Index Scan", "Scan Direction": "Forward", "Actual Total Time": 0.0, "Actual Rows": 0, "Index Cond": "(id = mc.movie_id)", "Filter": "((production_year >= 2000) AND (production_year <= 2010))", "Parent Relationship": "Inner", "Total Cost": 1.23, "Plan Width": 21}], "Join Type": "Inner", "Node Type": "Nested Loop", "Actual Total Time": 0.056, "Actual Rows": 0, "Parent Relationship": "Outer", "Total Cost": 82663.61, "Plan Width": 32}]}, "Triggers": [], "Planning Time": 20.914, "Execution Time": 0.35}]]]}
{"start_time": 1569073772.8785603, "plan": [[[{"Plan": {"Actual Startup Time": 0.096, "Plan Rows": 1, "Node Type": "Aggregate", "Actual Loops": 1, "Actual Total Time": 0.096, "Actual Rows": 1, "Plan Width": 32, "Startup Cost": 82922.44, "Strategy": "Plain", "Total Cost": 82922.45, "Plans": [{"Actual Startup Time": 0.092, "Plan Rows": 1, "Join Filter": "(mi.movie_id = t.id)", "Actual Loops": 1, "Startup Cost": 66.99, "Rows Removed by Join Filter": 0, "Plans": [{"Actual Startup Time": 0.092, "Plan Rows": 1, "Join Filter": "(ci.person_id = n.id)", "Actual Loops": 1, "Startup Cost": 66.56, "Rows Removed by Join Filter": 0, "Plans": [{"Actual Startup Time": 0.092, "Plan Rows": 1, "Join Filter": "(mi.info_type_id = it.id)", "Actual Loops": 1, "Startup Cost": 66.13, "Rows Removed by Join Filter": 0, "Plans": [{"Actual Startup Time": 0.092, "Plan Rows": 1, "Actual Loops": 1, "Startup Cost": 66.13, "Plans": [{"Actual Startup Time": 0.091, "Plan Rows": 1, "Actual Loops": 1, "Startup Cost": 65.71, "Plans": [{"Actual Startup Time": 0.09, "Plan Rows": 1, "Join Filter": "(mi.movie_id = ci.movie_id)", "Actual Loops": 1, "Startup Cost": 65.28, "Rows Removed by Join Filter": 0, "Plans": [{"Actual Startup Time": 0.09, "Plan Rows": 1, "Actual Loops": 1, "Startup Cost": 21.71, "Hash Cond": "(mc.movie_id = mi.movie_id)", "Plans": [{"Actual Startup Time": 0.02, "Plan Rows": 295648, "Actual Loops": 1, "Rows Removed by Filter": 3, "Startup Cost": 0.0, "Alias": "mc", "Node Type": "Seq Scan", "Actual Total Time": 0.02, "Actual Rows": 1, "Relation Name": "movie_companies", "Filter": "((note IS NOT NULL) AND ((note ~~ '%(USA)%'::text) OR (note ~~ '%(VHS)%'::text)))", "Parent Relationship": "Outer", "Total Cost": 57926.93, "Plan Width": 8}, {"Actual Startup Time": 0.001, "Plan Rows": 1, "Peak Memory Usage": 8, "Actual Loops": 1, "Startup Cost": 21.7, "Original Hash Batches": 1, "Plans": [{"Actual Startup Time": 0.0, "Plan Rows": 1, "Actual Loops": 1, "Rows Removed by Filter": 0, "Startup Cost": 0.0, "Alias": "mi", "Node Type": "Seq Scan", "Actual Total Time": 0.0, "Actual Rows": 0, "Relation Name": "movie_info", "Filter": "((info IS NOT NULL) AND ((info ~~ '%Finland:% 193%'::text) OR (info ~~ '%Finland:% 195%'::text)))", "Parent Relationship": "Outer", "Total Cost": 21.7, "Plan Width": 8}], "Hash Buckets": 1024, "Original Hash Buckets": 1024, "Node Type": "Hash", "Actual Total Time": 0.001, "Actual Rows": 0, "Parent Relationship": "Inner", "Hash Batches": 1, "Total Cost": 21.7, "Plan Width": 8}], "Join Type": "Inner", "Node Type": "Hash Join", "Actual Total Time": 0.09, "Actual Rows": 0, "Parent Relationship": "Outer", "Total Cost": 59057.34, "Plan Width": 16}, {"Actual Startup Time": 0.0, "Plan Rows": 1, "Actual Loops": 0, "Startup Cost": 43.57, "Hash Cond": "(an.person_id = ci.person_id)", "Plans": [{"Actual Startup Time": 0.0, "Plan Rows": 902055, "Actual Loops": 0, "Startup Cost": 0.0, "Alias": "an", "Node Type": "Seq Scan", "Actual Total Time": 0.0, "Actual Rows": 0, "Parent Relationship": "Outer", "Relation Name": "aka_name", "Total Cost": 20425.55, "Plan Width": 4}, {"Actual Startup Time": 0.0, "Plan Rows": 1, "Node Type": "Hash", "Actual Loops": 0, "Actual Total Time": 0.0, "Actual Rows": 0, "Startup Cost": 43.56, "Plan Width": 12, "Parent Relationship": "Inner", "Total Cost": 43.56, "Plans": [{"Actual Startup Time": 0.0, "Plan Rows": 1, "Actual Loops": 0, "Startup Cost": 18.93, "Hash Cond": "(ci.role_id = rt.id)", "Plans": [{"Actual Startup Time": 0.0, "Plan Rows": 19, "Actual Loops": 0, "Rows Removed by Filter": 0, "Startup Cost": 0.0, "Alias": "ci", "Node Type": "Seq Scan", "Actual Total Time": 0.0, "Actual Rows": 0, "Relation Name": "cast_info", "Filter": "(note = ANY ('{(voice),\"(archive footage)\",(uncredited),(1980-1983)}'::text[]))", "Parent Relationship": "Outer", "Total Cost": 24.55, "Plan Width": 16}, {"Actual Startup Time": 0.0, "Plan Rows": 4, "Node Type": "Hash", "Actual Loops": 0, "Actual Total Time": 0.0, "Actual Rows": 0, "Startup Cost": 18.88, "Plan Width": 4, "Parent Relationship": "Inner", "Total Cost": 18.88, "Plans": [{"Actual Startup Time": 0.0, "Plan Rows": 4, "Actual Loops": 0, "Rows Removed by Filter": 0, "Startup Cost": 0.0, "Alias": "rt", "Node Type": "Seq Scan", "Actual Total Time": 0.0, "Actual Rows": 0, "Relation Name": "role_type", "Filter": "((role)::text = 'actor'::text)", "Parent Relationship": "Outer", "Total Cost": 18.88, "Plan Width": 4}]}], "Join Type": "Inner", "Node Type": "Hash Join", "Actual Total Time": 0.0, "Actual Rows": 0, "Parent Relationship": "Outer", "Total Cost": 43.56, "Plan Width": 12}]}], "Join Type": "Inner", "Node Type": "Hash Join", "Actual Total Time": 0.0, "Actual Rows": 0, "Parent Relationship": "Inner", "Total Cost": 23851.85, "Plan Width": 16}], "Join Type": "Inner", "Node Type": "Nested Loop", "Actual Total Time": 0.09, "Actual Rows": 0, "Parent Relationship": "Outer", "Total Cost": 82909.19, "Plan Width": 32}, {"Index Name": "char_name_pkey", "Actual Startup Time": 0.0, "Relation Name": "char_name", "Actual Loops": 0, "Plan Rows": 1, "Startup Cost": 0.43, "Rows Removed by Index Recheck": 0, "Parent Relationship": "Inner", "Alias": "chn", "Node Type": "Index Only Scan", "Scan Direction": "Forward", "Actual Total Time": 0.0, "Actual Rows": 0, "Heap Fetches": 0, "Index Cond": "(id = ci.person_role_id)", "Total Cost": 8.45, "Plan Width": 4}], "Join Type": "Inner", "Node Type": "Nested Loop", "Actual Total Time": 0.091, "Actual Rows": 0, "Parent Relationship": "Outer", "Total Cost": 82917.65, "Plan Width": 28}, {"Index Name": "company_name_pkey", "Actual Startup Time": 0.0, "Relation Name": "company_name", "Actual Loops": 0, "Plan Rows": 1, "Startup Cost": 0.42, "Rows Removed by Index Recheck": 0, "Rows Removed by Filter": 0, "Alias": "cn", "Node Type": "Index Scan", "Scan Direction": "Forward", "Actual Total Time": 0.0, "Actual Rows": 0, "Index Cond": "(id = mc.company_id)", "Filter": "((country_code)::text = '[us]'::text)", "Parent Relationship": "Inner", "Total Cost": 0.49, "Plan Width": 4}], "Join Type": "Inner", "Node Type": "Nested Loop", "Actual Total Time": 0.092, "Actual Rows": 0, "Parent Relationship": "Outer", "Total Cost": 82918.15, "Plan Width": 24}, {"Actual Startup Time": 0.0, "Plan Rows": 1, "Actual Loops": 0, "Rows Removed by Filter": 0, "Startup Cost": 0.0, "Alias": "it", "Node Type": "Seq Scan", "Actual Total Time": 0.0, "Actual Rows": 0, "Relation Name": "info_type", "Filter": "((info)::text = 'release dates'::text)", "Parent Relationship": "Inner", "Total Cost": 2.41, "Plan Width": 4}], "Join Type": "Inner", "Node Type": "Nested Loop", "Actual Total Time": 0.092, "Actual Rows": 0, "Parent Relationship": "Outer", "Total Cost": 82920.58, "Plan Width": 20}, {"Index Name": "name_pkey", "Actual Startup Time": 0.0, "Relation Name": "name", "Actual Loops": 0, "Plan Rows": 1, "Startup Cost": 0.43, "Rows Removed by Index Recheck": 0, "Rows Removed by Filter": 0, "Alias": "n", "Node Type": "Index Scan", "Scan Direction": "Forward", "Actual Total Time": 0.0, "Actual Rows": 0, "Index Cond": "(id = an.person_id)", "Filter": "((name ~~ '%Ni%'::text) AND ((gender)::text = 'm'::text))", "Parent Relationship": "Inner", "Total Cost": 0.77, "Plan Width": 19}], "Join Type": "Inner", "Node Type": "Nested Loop", "Actual Total Time": 0.092, "Actual Rows": 0, "Parent Relationship": "Outer", "Total Cost": 82921.36, "Plan Width": 27}, {"Index Name": "title_pkey", "Actual Startup Time": 0.0, "Relation Name": "title", "Actual Loops": 0, "Plan Rows": 1, "Startup Cost": 0.43, "Rows Removed by Index Recheck": 0, "Rows Removed by Filter": 0, "Alias": "t", "Node Type": "Index Scan", "Scan Direction": "Forward", "Actual Total Time": 0.0, "Actual Rows": 0, "Index Cond": "(id = mc.movie_id)", "Filter": "((production_year >= 1936) AND (production_year <= 1997))", "Parent Relationship": "Inner", "Total Cost": 1.06, "Plan Width": 21}], "Join Type": "Inner", "Node Type": "Nested Loop", "Actual Total Time": 0.092, "Actual Rows": 0, "Parent Relationship": "Outer", "Total Cost": 82922.43, "Plan Width": 32}]}, "Triggers": [], "Planning Time": 23.407, "Execution Time": 0.414}]]]}
