{"start_time": 1569073757.0569909, "plan": [[[{"Plan": {"Actual Startup Time": 0.065, "Plan Rows": 1, "Node Type": "Aggregate", "Actual Loops": 1, "Actual Total Time": 0.065, "Actual Rows": 1, "Plan Width": 32, "Startup Cost": 78553.79, "Strategy": "Plain", "Total Cost": 78553.8, "Plans": [{"Actual Startup Time": 0.061, "Plan Rows": 1, "Join Filter": "(mi.movie_id = t.id)", "Actual Loops": 1, "Startup Cost": 70.98, "Rows Removed by Join Filter": 0, "Plans": [{"Actual Startup Time": 0.061, "Plan Rows": 1, "Join Filter": "(ci.person_id = n.id)", "Actual Loops": 1, "Startup Cost": 70.55, "Rows Removed by Join Filter": 0, "Plans": [{"Actual Startup Time": 0.06, "Plan Rows": 1, "Actual Loops": 1, "Startup Cost": 70.12, "Plans": [{"Actual Startup Time": 0.06, "Plan Rows": 1, "Actual Loops": 1, "Startup Cost": 69.7, "Plans": [{"Actual Startup Time": 0.06, "Plan Rows": 1, "Join Filter": "(ci.movie_id = mi.movie_id)", "Actual Loops": 1, "Startup Cost": 69.27, "Rows Removed by Join Filter": 0, "Plans": [{"Actual Startup Time": 0.059, "Plan Rows": 1, "Actual Loops": 1, "Startup Cost": 46.03, "Hash Cond": "(an.person_id = ci.person_id)", "Plans": [{"Actual Startup Time": 0.009, "Plan Rows": 902055, "Actual Loops": 1, "Startup Cost": 0.0, "Alias": "an", "Node Type": "Seq Scan", "Actual Total Time": 0.009, "Actual Rows": 1, "Parent Relationship": "Outer", "Relation Name": "aka_name", "Total Cost": 20425.55, "Plan Width": 4}, {"Actual Startup Time": 0.001, "Plan Rows": 1, "Peak Memory Usage": 8, "Actual Loops": 1, "Startup Cost": 46.02, "Original Hash Batches": 1, "Plans": [{"Actual Startup Time": 0.001, "Plan Rows": 1, "Actual Loops": 1, "Startup Cost": 18.93, "Hash Cond": "(ci.role_id = rt.id)", "Plans": [{"Actual Startup Time": 0.0, "Plan Rows": 29, "Actual Loops": 1, "Rows Removed by Filter": 0, "Startup Cost": 0.0, "Alias": "ci", "Node Type": "Seq Scan", "Actual Total Time": 0.0, "Actual Rows": 0, "Relation Name": "cast_info", "Filter": "(note = ANY ('{\"(segment ''Love and the Artful Codger'')\",\"(also archive footage) (as Roberta Gualda)\",\"(as Hanna von Rezzori)\",\"(as Kittu Gidwani)\",\"(as Koo Ying)\",\"(as Roberta Orlan)\"}'::text[]))", "Parent Relationship": "Outer", "Total Cost": 26.98, "Plan Width": 16}, {"Actual Startup Time": 0.0, "Plan Rows": 4, "Node Type": "Hash", "Actual Loops": 0, "Actual Total Time": 0.0, "Actual Rows": 0, "Startup Cost": 18.88, "Plan Width": 4, "Parent Relationship": "Inner", "Total Cost": 18.88, "Plans": [{"Actual Startup Time": 0.0, "Plan Rows": 4, "Actual Loops": 0, "Rows Removed by Filter": 0, "Startup Cost": 0.0, "Alias": "rt", "Node Type": "Seq Scan", "Actual Total Time": 0.0, "Actual Rows": 0, "Relation Name": "role_type", "Filter": "((role)::text = 'actress'::text)", "Parent Relationship": "Outer", "Total Cost": 18.88, "Plan Width": 4}]}], "Join Type": "Inner", "Node Type": "Hash Join", "Actual Total Time": 0.001, "Actual Rows": 0, "Parent Relationship": "Outer", "Total Cost": 46.02, "Plan Width": 12}], "Hash Buckets": 1024, "Original Hash Buckets": 1024, "Node Type": "Hash", "Actual Total Time": 0.001, "Actual Rows": 0, "Parent Relationship": "Inner", "Hash Batches": 1, "Total Cost": 46.02, "Plan Width": 12}], "Join Type": "Inner", "Node Type": "Hash Join", "Actual Total Time": 0.059, "Actual Rows": 0, "Parent Relationship": "Outer", "Total Cost": 23854.31, "Plan Width": 16}, {"Actual Startup Time": 0.0, "Plan Rows": 22, "Actual Loops": 0, "Startup Cost": 23.24, "Hash Cond": "(mc.movie_id = mi.movie_id)", "Plans": [{"Actual Startup Time": 0.0, "Plan Rows": 2609129, "Actual Loops": 0, "Startup Cost": 0.0, "Alias": "mc", "Node Type": "Seq Scan", "Actual Total Time": 0.0, "Actual Rows": 0, "Parent Relationship": "Outer", "Relation Name": "movie_companies", "Total Cost": 44881.29, "Plan Width": 8}, {"Actual Startup Time": 0.0, "Plan Rows": 4, "Node Type": "Hash", "Actual Loops": 0, "Actual Total Time": 0.0, "Actual Rows": 0, "Startup Cost": 23.19, "Plan Width": 4, "Parent Relationship": "Inner", "Total Cost": 23.19, "Plans": [{"Actual Startup Time": 0.0, "Plan Rows": 4, "Actual Loops": 0, "Startup Cost": 2.43, "Hash Cond": "(mi.info_type_id = it.id)", "Plans": [{"Actual Startup Time": 0.0, "Plan Rows": 780, "Actual Loops": 0, "Startup Cost": 0.0, "Alias": "mi", "Node Type": "Seq Scan", "Actual Total Time": 0.0, "Actual Rows": 0, "Parent Relationship": "Outer", "Relation Name": "movie_info", "Total Cost": 17.8, "Plan Width": 8}, {"Actual Startup Time": 0.0, "Plan Rows": 1, "Node Type": "Hash", "Actual Loops": 0, "Actual Total Time": 0.0, "Actual Rows": 0, "Startup Cost": 2.41, "Plan Width": 4, "Parent Relationship": "Inner", "Total Cost": 2.41, "Plans": [{"Actual Startup Time": 0.0, "Plan Rows": 1, "Actual Loops": 0, "Rows Removed by Filter": 0, "Startup Cost": 0.0, "Alias": "it", "Node Type": "Seq Scan", "Actual Total Time": 0.0, "Actual Rows": 0, "Relation Name": "info_type", "Filter": "((info)::text = 'release dates'::text)", "Parent Relationship": "Outer", "Total Cost": 2.41, "Plan Width": 4}]}], "Join Type": "Inner", "Node Type": "Hash Join", "Actual Total Time": 0.0, "Actual Rows": 0, "Parent Relationship": "Outer", "Total Cost": 23.19, "Plan Width": 4}]}], "Join Type": "Inner", "Node Type": "Hash Join", "Actual Total Time": 0.0, "Actual Rows": 0, "Parent Relationship": "Inner", "Total Cost": 54688.98, "Plan Width": 12}], "Join Type": "Inner", "Node Type": "Nested Loop", "Actual Total Time": 0.06, "Actual Rows": 0, "Parent Relationship": "Outer", "Total Cost": 78543.57, "Plan Width": 28}, {"Index Name": "char_name_pkey", "Actual Startup Time": 0.0, "Relation Name": "char_name", "Actual Loops": 0, "Plan Rows": 1, "Startup Cost": 0.43, "Rows Removed by Index Recheck": 0, "Parent Relationship": "Inner", "Alias": "chn", "Node Type": "Index Only Scan", "Scan Direction": "Forward", "Actual Total Time": 0.0, "Actual Rows": 0, "Heap Fetches": 0, "Index Cond": "(id = ci.person_role_id)", "Total Cost": 8.45, "Plan Width": 4}], "Join Type": "Inner", "Node Type": "Nested Loop", "Actual Total Time": 0.06, "Actual Rows": 0, "Parent Relationship": "Outer", "Total Cost": 78552.02, "Plan Width": 24}, {"Index Name": "company_name_pkey", "Actual Startup Time": 0.0, "Relation Name": "company_name", "Actual Loops": 0, "Plan Rows": 1, "Startup Cost": 0.42, "Rows Removed by Index Recheck": 0, "Rows Removed by Filter": 0, "Alias": "cn", "Node Type": "Index Scan", "Scan Direction": "Forward", "Actual Total Time": 0.0, "Actual Rows": 0, "Index Cond": "(id = mc.company_id)", "Filter": "((country_code)::text = '[br]'::text)", "Parent Relationship": "Inner", "Total Cost": 0.45, "Plan Width": 4}], "Join Type": "Inner", "Node Type": "Nested Loop", "Actual Total Time": 0.06, "Actual Rows": 0, "Parent Relationship": "Outer", "Total Cost": 78552.48, "Plan Width": 20}, {"Index Name": "name_pkey", "Actual Startup Time": 0.0, "Relation Name": "name", "Actual Loops": 0, "Plan Rows": 1, "Startup Cost": 0.43, "Rows Removed by Index Recheck": 0, "Rows Removed by Filter": 0, "Alias": "n", "Node Type": "Index Scan", "Scan Direction": "Forward", "Actual Total Time": 0.0, "Actual Rows": 0, "Index Cond": "(id = an.person_id)", "Filter": "((gender)::text = 'f'::text)", "Parent Relationship": "Inner", "Total Cost": 0.76, "Plan Width": 19}], "Join Type": "Inner", "Node Type": "Nested Loop", "Actual Total Time": 0.061, "Actual Rows": 0, "Parent Relationship": "Outer", "Total Cost": 78553.26, "Plan Width": 27}, {"Index Name": "title_pkey", "Actual Startup Time": 0.0, "Relation Name": "title", "Actual Loops": 0, "Plan Rows": 1, "Startup Cost": 0.43, "Rows Removed by Index Recheck": 0, "Rows Removed by Filter": 0, "Alias": "t", "Node Type": "Index Scan", "Scan Direction": "Forward", "Actual Total Time": 0.0, "Actual Rows": 0, "Index Cond": "(id = mc.movie_id)", "Filter": "(production_year > 1963)", "Parent Relationship": "Inner", "Total Cost": 0.52, "Plan Width": 21}], "Join Type": "Inner", "Node Type": "Nested Loop", "Actual Total Time": 0.061, "Actual Rows": 0, "Parent Relationship": "Outer", "Total Cost": 78553.79, "Plan Width": 32}]}, "Triggers": [], "Planning Time": 22.141, "Execution Time": 0.365}]]]}
{"start_time": 1569073757.0569909, "plan": [[[{"Plan": {"Actual Startup Time": 0.053, "Plan Rows": 1, "Node Type": "Aggregate", "Actual Loops": 1, "Actual Total Time": 0.053, "Actual Rows": 1, "Plan Width": 32, "Startup Cost": 78558.71, "Strategy": "Plain", "Total Cost": 78558.72, "Plans": [{"Actual Startup Time": 0.052, "Plan Rows": 1, "Join Filter": "(mi.movie_id = t.id)", "Actual Loops": 1, "Startup Cost": 75.9, "Rows Removed by Join Filter": 0, "Plans": [{"Actual Startup Time": 0.052, "Plan Rows": 1, "Join Filter": "(ci.person_id = n.id)", "Actual Loops": 1, "Startup Cost": 75.47, "Rows Removed by Join Filter": 0, "Plans": [{"Actual Startup Time": 0.051, "Plan Rows": 1, "Actual Loops": 1, "Startup Cost": 75.04, "Plans": [{"Actual Startup Time": 0.051, "Plan Rows": 1, "Actual Loops": 1, "Startup Cost": 74.62, "Plans": [{"Actual Startup Time": 0.05, "Plan Rows": 1, "Join Filter": "(ci.movie_id = mi.movie_id)", "Actual Loops": 1, "Startup Cost": 74.19, "Rows Removed by Join Filter": 0, "Plans": [{"Actual Startup Time": 0.05, "Plan Rows": 1, "Actual Loops": 1, "Startup Cost": 50.95, "Hash Cond": "(an.person_id = ci.person_id)", "Plans": [{"Actual Startup Time": 0.006, "Plan Rows": 902055, "Actual Loops": 1, "Startup Cost": 0.0, "Alias": "an", "Node Type": "Seq Scan", "Actual Total Time": 0.006, "Actual Rows": 1, "Parent Relationship": "Outer", "Relation Name": "aka_name", "Total Cost": 20425.55, "Plan Width": 4}, {"Actual Startup Time": 0.001, "Plan Rows": 1, "Peak Memory Usage": 8, "Actual Loops": 1, "Startup Cost": 50.94, "Original Hash Batches": 1, "Plans": [{"Actual Startup Time": 0.001, "Plan Rows": 1, "Actual Loops": 1, "Startup Cost": 18.93, "Hash Cond": "(ci.role_id = rt.id)", "Plans": [{"Actual Startup Time": 0.001, "Plan Rows": 48, "Actual Loops": 1, "Rows Removed by Filter": 0, "Startup Cost": 0.0, "Alias": "ci", "Node Type": "Seq Scan", "Actual Total Time": 0.001, "Actual Rows": 0, "Relation Name": "cast_info", "Filter": "(note = ANY ('{\"(as Jeff Eagle)\",(Orkester),\"(as Robin Brent Clarke)\",\"(as Emmanuael Mark)\",\"(as Jack Fegan)\",\"(segment ''La donna che viveva sola'')\",\"(as Donol Foley)\",\"(voice) (as Robin Downs)\",\"(as Shri Pradeep Kumar)\",\"(as R. Popper)\"}'::text[]))", "Parent Relationship": "Outer", "Total Cost": 31.82, "Plan Width": 16}, {"Actual Startup Time": 0.0, "Plan Rows": 4, "Node Type": "Hash", "Actual Loops": 0, "Actual Total Time": 0.0, "Actual Rows": 0, "Startup Cost": 18.88, "Plan Width": 4, "Parent Relationship": "Inner", "Total Cost": 18.88, "Plans": [{"Actual Startup Time": 0.0, "Plan Rows": 4, "Actual Loops": 0, "Rows Removed by Filter": 0, "Startup Cost": 0.0, "Alias": "rt", "Node Type": "Seq Scan", "Actual Total Time": 0.0, "Actual Rows": 0, "Relation Name": "role_type", "Filter": "((role)::text = 'actor'::text)", "Parent Relationship": "Outer", "Total Cost": 18.88, "Plan Width": 4}]}], "Join Type": "Inner", "Node Type": "Hash Join", "Actual Total Time": 0.001, "Actual Rows": 0, "Parent Relationship": "Outer", "Total Cost": 50.94, "Plan Width": 12}], "Hash Buckets": 1024, "Original Hash Buckets": 1024, "Node Type": "Hash", "Actual Total Time": 0.001, "Actual Rows": 0, "Parent Relationship": "Inner", "Hash Batches": 1, "Total Cost": 50.94, "Plan Width": 12}], "Join Type": "Inner", "Node Type": "Hash Join", "Actual Total Time": 0.05, "Actual Rows": 0, "Parent Relationship": "Outer", "Total Cost": 23859.23, "Plan Width": 16}, {"Actual Startup Time": 0.0, "Plan Rows": 22, "Actual Loops": 0, "Startup Cost": 23.24, "Hash Cond": "(mc.movie_id = mi.movie_id)", "Plans": [{"Actual Startup Time": 0.0, "Plan Rows": 2609129, "Actual Loops": 0, "Startup Cost": 0.0, "Alias": "mc", "Node Type": "Seq Scan", "Actual Total Time": 0.0, "Actual Rows": 0, "Parent Relationship": "Outer", "Relation Name": "movie_companies", "Total Cost": 44881.29, "Plan Width": 8}, {"Actual Startup Time": 0.0, "Plan Rows": 4, "Node Type": "Hash", "Actual Loops": 0, "Actual Total Time": 0.0, "Actual Rows": 0, "Startup Cost": 23.19, "Plan Width": 4, "Parent Relationship": "Inner", "Total Cost": 23.19, "Plans": [{"Actual Startup Time": 0.0, "Plan Rows": 4, "Actual Loops": 0, "Startup Cost": 2.43, "Hash Cond": "(mi.info_type_id = it.id)", "Plans": [{"Actual Startup Time": 0.0, "Plan Rows": 780, "Actual Loops": 0, "Startup Cost": 0.0, "Alias": "mi", "Node Type": "Seq Scan", "Actual Total Time": 0.0, "Actual Rows": 0, "Parent Relationship": "Outer", "Relation Name": "movie_info", "Total Cost": 17.8, "Plan Width": 8}, {"Actual Startup Time": 0.0, "Plan Rows": 1, "Node Type": "Hash", "Actual Loops": 0, "Actual Total Time": 0.0, "Actual Rows": 0, "Startup Cost": 2.41, "Plan Width": 4, "Parent Relationship": "Inner", "Total Cost": 2.41, "Plans": [{"Actual Startup Time": 0.0, "Plan Rows": 1, "Actual Loops": 0, "Rows Removed by Filter": 0, "Startup Cost": 0.0, "Alias": "it", "Node Type": "Seq Scan", "Actual Total Time": 0.0, "Actual Rows": 0, "Relation Name": "info_type", "Filter": "((info)::text = 'release dates'::text)", "Parent Relationship": "Outer", "Total Cost": 2.41, "Plan Width": 4}]}], "Join Type": "Inner", "Node Type": "Hash Join", "Actual Total Time": 0.0, "Actual Rows": 0, "Parent Relationship": "Outer", "Total Cost": 23.19, "Plan Width": 4}]}], "Join Type": "Inner", "Node Type": "Hash Join", "Actual Total Time": 0.0, "Actual Rows": 0, "Parent Relationship": "Inner", "Total Cost": 54688.98, "Plan Width": 12}], "Join Type": "Inner", "Node Type": "Nested Loop", "Actual Total Time": 0.05, "Actual Rows": 0, "Parent Relationship": "Outer", "Total Cost": 78548.49, "Plan Width": 28}, {"Index Name": "char_name_pkey", "Actual Startup Time": 0.0, "Relation Name": "char_name", "Actual Loops": 0, "Plan Rows": 1, "Startup Cost": 0.43, "Rows Removed by Index Recheck": 0, "Parent Relationship": "Inner", "Alias": "chn", "Node Type": "Index Only Scan", "Scan Direction": "Forward", "Actual Total Time": 0.0, "Actual Rows": 0, "Heap Fetches": 0, "Index Cond": "(id = ci.person_role_id)", "Total Cost": 8.45, "Plan Width": 4}], "Join Type": "Inner", "Node Type": "Nested Loop", "Actual Total Time": 0.051, "Actual Rows": 0, "Parent Relationship": "Outer", "Total Cost": 78556.94, "Plan Width": 24}, {"Index Name": "company_name_pkey", "Actual Startup Time": 0.0, "Relation Name": "company_name", "Actual Loops": 0, "Plan Rows": 1, "Startup Cost": 0.42, "Rows Removed by Index Recheck": 0, "Rows Removed by Filter": 0, "Alias": "cn", "Node Type": "Index Scan", "Scan Direction": "Forward", "Actual Total Time": 0.0, "Actual Rows": 0, "Index Cond": "(id = mc.company_id)", "Filter": "((country_code)::text = '[be]'::text)", "Parent Relationship": "Inner", "Total Cost": 0.45, "Plan Width": 4}], "Join Type": "Inner", "Node Type": "Nested Loop", "Actual Total Time": 0.051, "Actual Rows": 0, "Parent Relationship": "Outer", "Total Cost": 78557.4, "Plan Width": 20}, {"Index Name": "name_pkey", "Actual Startup Time": 0.0, "Relation Name": "name", "Actual Loops": 0, "Plan Rows": 1, "Startup Cost": 0.43, "Rows Removed by Index Recheck": 0, "Rows Removed by Filter": 0, "Alias": "n", "Node Type": "Index Scan", "Scan Direction": "Forward", "Actual Total Time": 0.0, "Actual Rows": 0, "Index Cond": "(id = an.person_id)", "Filter": "((gender)::text = 'm'::text)", "Parent Relationship": "Inner", "Total Cost": 0.76, "Plan Width": 19}], "Join Type": "Inner", "Node Type": "Nested Loop", "Actual Total Time": 0.052, "Actual Rows": 0, "Parent Relationship": "Outer", "Total Cost": 78558.18, "Plan Width": 27}, {"Index Name": "title_pkey", "Actual Startup Time": 0.0, "Relation Name": "title", "Actual Loops": 0, "Plan Rows": 1, "Startup Cost": 0.43, "Rows Removed by Index Recheck": 0, "Rows Removed by Filter": 0, "Alias": "t", "Node Type": "Index Scan", "Scan Direction": "Forward", "Actual Total Time": 0.0, "Actual Rows": 0, "Index Cond": "(id = mc.movie_id)", "Filter": "(production_year > 1915)", "Parent Relationship": "Inner", "Total Cost": 0.52, "Plan Width": 21}], "Join Type": "Inner", "Node Type": "Nested Loop", "Actual Total Time": 0.052, "Actual Rows": 0, "Parent Relationship": "Outer", "Total Cost": 78558.71, "Plan Width": 32}]}, "Triggers": [], "Planning Time": 21.865, "Execution Time": 0.345}]]]}
{"start_time": 1569073757.0569909, "plan": [[[{"Plan": {"Actual Startup Time": 0.053, "Plan Rows": 1, "Node Type": "Aggregate", "Actual Loops": 1, "Actual Total Time": 0.053, "Actual Rows": 1, "Plan Width": 32, "Startup Cost": 78559.94, "Strategy": "Plain", "Total Cost": 78559.95, "Plans": [{"Actual Startup Time": 0.05, "Plan Rows": 1, "Join Filter": "(mi.movie_id = t.id)", "Actual Loops": 1, "Startup Cost": 77.13, "Rows Removed by Join Filter": 0, "Plans": [{"Actual Startup Time": 0.05, "Plan Rows": 1, "Join Filter": "(ci.person_id = n.id)", "Actual Loops": 1, "Startup Cost": 76.7, "Rows Removed by Join Filter": 0, "Plans": [{"Actual Startup Time": 0.05, "Plan Rows": 1, "Actual Loops": 1, "Startup Cost": 76.27, "Plans": [{"Actual Startup Time": 0.05, "Plan Rows": 1, "Actual Loops": 1, "Startup Cost": 75.85, "Plans": [{"Actual Startup Time": 0.05, "Plan Rows": 1, "Join Filter": "(ci.movie_id = mi.movie_id)", "Actual Loops": 1, "Startup Cost": 75.42, "Rows Removed by Join Filter": 0, "Plans": [{"Actual Startup Time": 0.05, "Plan Rows": 1, "Actual Loops": 1, "Startup Cost": 52.18, "Hash Cond": "(an.person_id = ci.person_id)", "Plans": [{"Actual Startup Time": 0.005, "Plan Rows": 902055, "Actual Loops": 1, "Startup Cost": 0.0, "Alias": "an", "Node Type": "Seq Scan", "Actual Total Time": 0.005, "Actual Rows": 1, "Parent Relationship": "Outer", "Relation Name": "aka_name", "Total Cost": 20425.55, "Plan Width": 4}, {"Actual Startup Time": 0.001, "Plan Rows": 1, "Peak Memory Usage": 8, "Actual Loops": 1, "Startup Cost": 52.17, "Original Hash Batches": 1, "Plans": [{"Actual Startup Time": 0.001, "Plan Rows": 1, "Actual Loops": 1, "Startup Cost": 18.93, "Hash Cond": "(ci.role_id = rt.id)", "Plans": [{"Actual Startup Time": 0.0, "Plan Rows": 53, "Actual Loops": 1, "Rows Removed by Filter": 0, "Startup Cost": 0.0, "Alias": "ci", "Node Type": "Seq Scan", "Actual Total Time": 0.0, "Actual Rows": 0, "Relation Name": "cast_info", "Filter": "(note = ANY ('{\"(as Maryanne Riley)\",\"(as Erinn Carter)\",\"(as Saskia Steele)\",\"(segment ''Il Marito di Roberta'')\",\"(Best Movie Actress)\",\"(as Fast Girl)\",\"(as Evelyn ''Byrdie'' Bell)\",\"(as Maria Romi Corona)\",\"(as Tan\u00e9)\",\"(clip from ''Les Girls'')\",\"(widow of Joseph Plunkett, with Collins)\"}'::text[]))", "Parent Relationship": "Outer", "Total Cost": 33.04, "Plan Width": 16}, {"Actual Startup Time": 0.0, "Plan Rows": 4, "Node Type": "Hash", "Actual Loops": 0, "Actual Total Time": 0.0, "Actual Rows": 0, "Startup Cost": 18.88, "Plan Width": 4, "Parent Relationship": "Inner", "Total Cost": 18.88, "Plans": [{"Actual Startup Time": 0.0, "Plan Rows": 4, "Actual Loops": 0, "Rows Removed by Filter": 0, "Startup Cost": 0.0, "Alias": "rt", "Node Type": "Seq Scan", "Actual Total Time": 0.0, "Actual Rows": 0, "Relation Name": "role_type", "Filter": "((role)::text = 'actress'::text)", "Parent Relationship": "Outer", "Total Cost": 18.88, "Plan Width": 4}]}], "Join Type": "Inner", "Node Type": "Hash Join", "Actual Total Time": 0.001, "Actual Rows": 0, "Parent Relationship": "Outer", "Total Cost": 52.17, "Plan Width": 12}], "Hash Buckets": 1024, "Original Hash Buckets": 1024, "Node Type": "Hash", "Actual Total Time": 0.001, "Actual Rows": 0, "Parent Relationship": "Inner", "Hash Batches": 1, "Total Cost": 52.17, "Plan Width": 12}], "Join Type": "Inner", "Node Type": "Hash Join", "Actual Total Time": 0.05, "Actual Rows": 0, "Parent Relationship": "Outer", "Total Cost": 23860.46, "Plan Width": 16}, {"Actual Startup Time": 0.0, "Plan Rows": 22, "Actual Loops": 0, "Startup Cost": 23.24, "Hash Cond": "(mc.movie_id = mi.movie_id)", "Plans": [{"Actual Startup Time": 0.0, "Plan Rows": 2609129, "Actual Loops": 0, "Startup Cost": 0.0, "Alias": "mc", "Node Type": "Seq Scan", "Actual Total Time": 0.0, "Actual Rows": 0, "Parent Relationship": "Outer", "Relation Name": "movie_companies", "Total Cost": 44881.29, "Plan Width": 8}, {"Actual Startup Time": 0.0, "Plan Rows": 4, "Node Type": "Hash", "Actual Loops": 0, "Actual Total Time": 0.0, "Actual Rows": 0, "Startup Cost": 23.19, "Plan Width": 4, "Parent Relationship": "Inner", "Total Cost": 23.19, "Plans": [{"Actual Startup Time": 0.0, "Plan Rows": 4, "Actual Loops": 0, "Startup Cost": 2.43, "Hash Cond": "(mi.info_type_id = it.id)", "Plans": [{"Actual Startup Time": 0.0, "Plan Rows": 780, "Actual Loops": 0, "Startup Cost": 0.0, "Alias": "mi", "Node Type": "Seq Scan", "Actual Total Time": 0.0, "Actual Rows": 0, "Parent Relationship": "Outer", "Relation Name": "movie_info", "Total Cost": 17.8, "Plan Width": 8}, {"Actual Startup Time": 0.0, "Plan Rows": 1, "Node Type": "Hash", "Actual Loops": 0, "Actual Total Time": 0.0, "Actual Rows": 0, "Startup Cost": 2.41, "Plan Width": 4, "Parent Relationship": "Inner", "Total Cost": 2.41, "Plans": [{"Actual Startup Time": 0.0, "Plan Rows": 1, "Actual Loops": 0, "Rows Removed by Filter": 0, "Startup Cost": 0.0, "Alias": "it", "Node Type": "Seq Scan", "Actual Total Time": 0.0, "Actual Rows": 0, "Relation Name": "info_type", "Filter": "((info)::text = 'release dates'::text)", "Parent Relationship": "Outer", "Total Cost": 2.41, "Plan Width": 4}]}], "Join Type": "Inner", "Node Type": "Hash Join", "Actual Total Time": 0.0, "Actual Rows": 0, "Parent Relationship": "Outer", "Total Cost": 23.19, "Plan Width": 4}]}], "Join Type": "Inner", "Node Type": "Hash Join", "Actual Total Time": 0.0, "Actual Rows": 0, "Parent Relationship": "Inner", "Total Cost": 54688.98, "Plan Width": 12}], "Join Type": "Inner", "Node Type": "Nested Loop", "Actual Total Time": 0.05, "Actual Rows": 0, "Parent Relationship": "Outer", "Total Cost": 78549.72, "Plan Width": 28}, {"Index Name": "char_name_pkey", "Actual Startup Time": 0.0, "Relation Name": "char_name", "Actual Loops": 0, "Plan Rows": 1, "Startup Cost": 0.43, "Rows Removed by Index Recheck": 0, "Parent Relationship": "Inner", "Alias": "chn", "Node Type": "Index Only Scan", "Scan Direction": "Forward", "Actual Total Time": 0.0, "Actual Rows": 0, "Heap Fetches": 0, "Index Cond": "(id = ci.person_role_id)", "Total Cost": 8.45, "Plan Width": 4}], "Join Type": "Inner", "Node Type": "Nested Loop", "Actual Total Time": 0.05, "Actual Rows": 0, "Parent Relationship": "Outer", "Total Cost": 78558.18, "Plan Width": 24}, {"Index Name": "company_name_pkey", "Actual Startup Time": 0.0, "Relation Name": "company_name", "Actual Loops": 0, "Plan Rows": 1, "Startup Cost": 0.42, "Rows Removed by Index Recheck": 0, "Rows Removed by Filter": 0, "Alias": "cn", "Node Type": "Index Scan", "Scan Direction": "Forward", "Actual Total Time": 0.0, "Actual Rows": 0, "Index Cond": "(id = mc.company_id)", "Filter": "((country_code)::text = '[it]'::text)", "Parent Relationship": "Inner", "Total Cost": 0.45, "Plan Width": 4}], "Join Type": "Inner", "Node Type": "Nested Loop", "Actual Total Time": 0.05, "Actual Rows": 0, "Parent Relationship": "Outer", "Total Cost": 78558.63, "Plan Width": 20}, {"Index Name": "name_pkey", "Actual Startup Time": 0.0, "Relation Name": "name", "Actual Loops": 0, "Plan Rows": 1, "Startup Cost": 0.43, "Rows Removed by Index Recheck": 0, "Rows Removed by Filter": 0, "Alias": "n", "Node Type": "Index Scan", "Scan Direction": "Forward", "Actual Total Time": 0.0, "Actual Rows": 0, "Index Cond": "(id = an.person_id)", "Filter": "((gender)::text = 'f'::text)", "Parent Relationship": "Inner", "Total Cost": 0.76, "Plan Width": 19}], "Join Type": "Inner", "Node Type": "Nested Loop", "Actual Total Time": 0.05, "Actual Rows": 0, "Parent Relationship": "Outer", "Total Cost": 78559.41, "Plan Width": 27}, {"Index Name": "title_pkey", "Actual Startup Time": 0.0, "Relation Name": "title", "Actual Loops": 0, "Plan Rows": 1, "Startup Cost": 0.43, "Rows Removed by Index Recheck": 0, "Rows Removed by Filter": 0, "Alias": "t", "Node Type": "Index Scan", "Scan Direction": "Forward", "Actual Total Time": 0.0, "Actual Rows": 0, "Index Cond": "(id = mc.movie_id)", "Filter": "(production_year > 1939)", "Parent Relationship": "Inner", "Total Cost": 0.52, "Plan Width": 21}], "Join Type": "Inner", "Node Type": "Nested Loop", "Actual Total Time": 0.05, "Actual Rows": 0, "Parent Relationship": "Outer", "Total Cost": 78559.94, "Plan Width": 32}]}, "Triggers": [], "Planning Time": 21.968, "Execution Time": 0.349}]]]}
{"start_time": 1569073757.0569909, "plan": [[[{"Plan": {"Actual Startup Time": 0.062, "Plan Rows": 1, "Node Type": "Aggregate", "Actual Loops": 1, "Actual Total Time": 0.063, "Actual Rows": 1, "Plan Width": 32, "Startup Cost": 78561.18, "Strategy": "Plain", "Total Cost": 78561.19, "Plans": [{"Actual Startup Time": 0.061, "Plan Rows": 1, "Join Filter": "(mi.movie_id = t.id)", "Actual Loops": 1, "Startup Cost": 78.37, "Rows Removed by Join Filter": 0, "Plans": [{"Actual Startup Time": 0.059, "Plan Rows": 1, "Join Filter": "(ci.person_id = n.id)", "Actual Loops": 1, "Startup Cost": 77.94, "Rows Removed by Join Filter": 0, "Plans": [{"Actual Startup Time": 0.059, "Plan Rows": 1, "Actual Loops": 1, "Startup Cost": 77.51, "Plans": [{"Actual Startup Time": 0.059, "Plan Rows": 1, "Actual Loops": 1, "Startup Cost": 77.09, "Plans": [{"Actual Startup Time": 0.059, "Plan Rows": 1, "Join Filter": "(ci.movie_id = mi.movie_id)", "Actual Loops": 1, "Startup Cost": 76.66, "Rows Removed by Join Filter": 0, "Plans": [{"Actual Startup Time": 0.059, "Plan Rows": 1, "Actual Loops": 1, "Startup Cost": 53.42, "Hash Cond": "(an.person_id = ci.person_id)", "Plans": [{"Actual Startup Time": 0.007, "Plan Rows": 902055, "Actual Loops": 1, "Startup Cost": 0.0, "Alias": "an", "Node Type": "Seq Scan", "Actual Total Time": 0.007, "Actual Rows": 1, "Parent Relationship": "Outer", "Relation Name": "aka_name", "Total Cost": 20425.55, "Plan Width": 4}, {"Actual Startup Time": 0.001, "Plan Rows": 1, "Peak Memory Usage": 8, "Actual Loops": 1, "Startup Cost": 53.4, "Original Hash Batches": 1, "Plans": [{"Actual Startup Time": 0.001, "Plan Rows": 1, "Actual Loops": 1, "Startup Cost": 18.93, "Hash Cond": "(ci.role_id = rt.id)", "Plans": [{"Actual Startup Time": 0.0, "Plan Rows": 58, "Actual Loops": 1, "Rows Removed by Filter": 0, "Startup Cost": 0.0, "Alias": "ci", "Node Type": "Seq Scan", "Actual Total Time": 0.0, "Actual Rows": 0, "Relation Name": "cast_info", "Filter": "(note = ANY ('{\"(as Bob Sharples and His Music)\",\"(as Antonio Valencia)\",\"(as Terry Clements II)\",\"(credit only) (as Toby)\",\"(segment ''Dans le Noir'')\",\"(as G\u00e9 Frankhuizen)\",\"(as G\u00e9rard Uz\u00e9)\",\"(as Augustin Linvad)\",\"(as Bond)\",\"(as Steve Burum)\",\"(as Ross Anthony)\",\"(as Gilbert Whiteley)\"}'::text[]))", "Parent Relationship": "Outer", "Total Cost": 34.25, "Plan Width": 16}, {"Actual Startup Time": 0.0, "Plan Rows": 4, "Node Type": "Hash", "Actual Loops": 0, "Actual Total Time": 0.0, "Actual Rows": 0, "Startup Cost": 18.88, "Plan Width": 4, "Parent Relationship": "Inner", "Total Cost": 18.88, "Plans": [{"Actual Startup Time": 0.0, "Plan Rows": 4, "Actual Loops": 0, "Rows Removed by Filter": 0, "Startup Cost": 0.0, "Alias": "rt", "Node Type": "Seq Scan", "Actual Total Time": 0.0, "Actual Rows": 0, "Relation Name": "role_type", "Filter": "((role)::text = 'actor'::text)", "Parent Relationship": "Outer", "Total Cost": 18.88, "Plan Width": 4}]}], "Join Type": "Inner", "Node Type": "Hash Join", "Actual Total Time": 0.001, "Actual Rows": 0, "Parent Relationship": "Outer", "Total Cost": 53.4, "Plan Width": 12}], "Hash Buckets": 1024, "Original Hash Buckets": 1024, "Node Type": "Hash", "Actual Total Time": 0.001, "Actual Rows": 0, "Parent Relationship": "Inner", "Hash Batches": 1, "Total Cost": 53.4, "Plan Width": 12}], "Join Type": "Inner", "Node Type": "Hash Join", "Actual Total Time": 0.059, "Actual Rows": 0, "Parent Relationship": "Outer", "Total Cost": 23861.69, "Plan Width": 16}, {"Actual Startup Time": 0.0, "Plan Rows": 22, "Actual Loops": 0, "Startup Cost": 23.24, "Hash Cond": "(mc.movie_id = mi.movie_id)", "Plans": [{"Actual Startup Time": 0.0, "Plan Rows": 2609129, "Actual Loops": 0, "Startup Cost": 0.0, "Alias": "mc", "Node Type": "Seq Scan", "Actual Total Time": 0.0, "Actual Rows": 0, "Parent Relationship": "Outer", "Relation Name": "movie_companies", "Total Cost": 44881.29, "Plan Width": 8}, {"Actual Startup Time": 0.0, "Plan Rows": 4, "Node Type": "Hash", "Actual Loops": 0, "Actual Total Time": 0.0, "Actual Rows": 0, "Startup Cost": 23.19, "Plan Width": 4, "Parent Relationship": "Inner", "Total Cost": 23.19, "Plans": [{"Actual Startup Time": 0.0, "Plan Rows": 4, "Actual Loops": 0, "Startup Cost": 2.43, "Hash Cond": "(mi.info_type_id = it.id)", "Plans": [{"Actual Startup Time": 0.0, "Plan Rows": 780, "Actual Loops": 0, "Startup Cost": 0.0, "Alias": "mi", "Node Type": "Seq Scan", "Actual Total Time": 0.0, "Actual Rows": 0, "Parent Relationship": "Outer", "Relation Name": "movie_info", "Total Cost": 17.8, "Plan Width": 8}, {"Actual Startup Time": 0.0, "Plan Rows": 1, "Node Type": "Hash", "Actual Loops": 0, "Actual Total Time": 0.0, "Actual Rows": 0, "Startup Cost": 2.41, "Plan Width": 4, "Parent Relationship": "Inner", "Total Cost": 2.41, "Plans": [{"Actual Startup Time": 0.0, "Plan Rows": 1, "Actual Loops": 0, "Rows Removed by Filter": 0, "Startup Cost": 0.0, "Alias": "it", "Node Type": "Seq Scan", "Actual Total Time": 0.0, "Actual Rows": 0, "Relation Name": "info_type", "Filter": "((info)::text = 'release dates'::text)", "Parent Relationship": "Outer", "Total Cost": 2.41, "Plan Width": 4}]}], "Join Type": "Inner", "Node Type": "Hash Join", "Actual Total Time": 0.0, "Actual Rows": 0, "Parent Relationship": "Outer", "Total Cost": 23.19, "Plan Width": 4}]}], "Join Type": "Inner", "Node Type": "Hash Join", "Actual Total Time": 0.0, "Actual Rows": 0, "Parent Relationship": "Inner", "Total Cost": 54688.98, "Plan Width": 12}], "Join Type": "Inner", "Node Type": "Nested Loop", "Actual Total Time": 0.059, "Actual Rows": 0, "Parent Relationship": "Outer", "Total Cost": 78550.95, "Plan Width": 28}, {"Index Name": "char_name_pkey", "Actual Startup Time": 0.0, "Relation Name": "char_name", "Actual Loops": 0, "Plan Rows": 1, "Startup Cost": 0.43, "Rows Removed by Index Recheck": 0, "Parent Relationship": "Inner", "Alias": "chn", "Node Type": "Index Only Scan", "Scan Direction": "Forward", "Actual Total Time": 0.0, "Actual Rows": 0, "Heap Fetches": 0, "Index Cond": "(id = ci.person_role_id)", "Total Cost": 8.45, "Plan Width": 4}], "Join Type": "Inner", "Node Type": "Nested Loop", "Actual Total Time": 0.059, "Actual Rows": 0, "Parent Relationship": "Outer", "Total Cost": 78559.41, "Plan Width": 24}, {"Index Name": "company_name_pkey", "Actual Startup Time": 0.0, "Relation Name": "company_name", "Actual Loops": 0, "Plan Rows": 1, "Startup Cost": 0.42, "Rows Removed by Index Recheck": 0, "Rows Removed by Filter": 0, "Alias": "cn", "Node Type": "Index Scan", "Scan Direction": "Forward", "Actual Total Time": 0.0, "Actual Rows": 0, "Index Cond": "(id = mc.company_id)", "Filter": "((country_code)::text = '[de]'::text)", "Parent Relationship": "Inner", "Total Cost": 0.45, "Plan Width": 4}], "Join Type": "Inner", "Node Type": "Nested Loop", "Actual Total Time": 0.059, "Actual Rows": 0, "Parent Relationship": "Outer", "Total Cost": 78559.86, "Plan Width": 20}, {"Index Name": "name_pkey", "Actual Startup Time": 0.0, "Relation Name": "name", "Actual Loops": 0, "Plan Rows": 1, "Startup Cost": 0.43, "Rows Removed by Index Recheck": 0, "Rows Removed by Filter": 0, "Alias": "n", "Node Type": "Index Scan", "Scan Direction": "Forward", "Actual Total Time": 0.0, "Actual Rows": 0, "Index Cond": "(id = an.person_id)", "Filter": "((gender)::text = 'm'::text)", "Parent Relationship": "Inner", "Total Cost": 0.76, "Plan Width": 19}], "Join Type": "Inner", "Node Type": "Nested Loop", "Actual Total Time": 0.059, "Actual Rows": 0, "Parent Relationship": "Outer", "Total Cost": 78560.64, "Plan Width": 27}, {"Index Name": "title_pkey", "Actual Startup Time": 0.0, "Relation Name": "title", "Actual Loops": 0, "Plan Rows": 1, "Startup Cost": 0.43, "Rows Removed by Index Recheck": 0, "Rows Removed by Filter": 0, "Alias": "t", "Node Type": "Index Scan", "Scan Direction": "Forward", "Actual Total Time": 0.0, "Actual Rows": 0, "Index Cond": "(id = mc.movie_id)", "Filter": "(production_year > 1956)", "Parent Relationship": "Inner", "Total Cost": 0.52, "Plan Width": 21}], "Join Type": "Inner", "Node Type": "Nested Loop", "Actual Total Time": 0.061, "Actual Rows": 0, "Parent Relationship": "Outer", "Total Cost": 78561.17, "Plan Width": 32}]}, "Triggers": [], "Planning Time": 22.604, "Execution Time": 0.361}]]]}
{"start_time": 1569073757.0569909, "plan": [[[{"Plan": {"Actual Startup Time": 0.056, "Plan Rows": 1, "Node Type": "Aggregate", "Actual Loops": 1, "Actual Total Time": 0.056, "Actual Rows": 1, "Plan Width": 32, "Startup Cost": 78551.33, "Strategy": "Plain", "Total Cost": 78551.34, "Plans": [{"Actual Startup Time": 0.054, "Plan Rows": 1, "Join Filter": "(mi.movie_id = t.id)", "Actual Loops": 1, "Startup Cost": 68.52, "Rows Removed by Join Filter": 0, "Plans": [{"Actual Startup Time": 0.054, "Plan Rows": 1, "Join Filter": "(ci.person_id = n.id)", "Actual Loops": 1, "Startup Cost": 68.09, "Rows Removed by Join Filter": 0, "Plans": [{"Actual Startup Time": 0.053, "Plan Rows": 1, "Actual Loops": 1, "Startup Cost": 67.66, "Plans": [{"Actual Startup Time": 0.053, "Plan Rows": 1, "Actual Loops": 1, "Startup Cost": 67.24, "Plans": [{"Actual Startup Time": 0.053, "Plan Rows": 1, "Join Filter": "(ci.movie_id = mi.movie_id)", "Actual Loops": 1, "Startup Cost": 66.81, "Rows Removed by Join Filter": 0, "Plans": [{"Actual Startup Time": 0.052, "Plan Rows": 1, "Actual Loops": 1, "Startup Cost": 43.57, "Hash Cond": "(an.person_id = ci.person_id)", "Plans": [{"Actual Startup Time": 0.006, "Plan Rows": 902055, "Actual Loops": 1, "Startup Cost": 0.0, "Alias": "an", "Node Type": "Seq Scan", "Actual Total Time": 0.006, "Actual Rows": 1, "Parent Relationship": "Outer", "Relation Name": "aka_name", "Total Cost": 20425.55, "Plan Width": 4}, {"Actual Startup Time": 0.001, "Plan Rows": 1, "Peak Memory Usage": 8, "Actual Loops": 1, "Startup Cost": 43.56, "Original Hash Batches": 1, "Plans": [{"Actual Startup Time": 0.001, "Plan Rows": 1, "Actual Loops": 1, "Startup Cost": 18.93, "Hash Cond": "(ci.role_id = rt.id)", "Plans": [{"Actual Startup Time": 0.0, "Plan Rows": 19, "Actual Loops": 1, "Rows Removed by Filter": 0, "Startup Cost": 0.0, "Alias": "ci", "Node Type": "Seq Scan", "Actual Total Time": 0.0, "Actual Rows": 0, "Relation Name": "cast_info", "Filter": "(note = ANY ('{\"(as Monica Allgerier)\",\"(Employee at Fas-Gas)\",\"(as Lindsay Taylor)\",\"(as Sofia De Medeiros)\"}'::text[]))", "Parent Relationship": "Outer", "Total Cost": 24.55, "Plan Width": 16}, {"Actual Startup Time": 0.0, "Plan Rows": 4, "Node Type": "Hash", "Actual Loops": 0, "Actual Total Time": 0.0, "Actual Rows": 0, "Startup Cost": 18.88, "Plan Width": 4, "Parent Relationship": "Inner", "Total Cost": 18.88, "Plans": [{"Actual Startup Time": 0.0, "Plan Rows": 4, "Actual Loops": 0, "Rows Removed by Filter": 0, "Startup Cost": 0.0, "Alias": "rt", "Node Type": "Seq Scan", "Actual Total Time": 0.0, "Actual Rows": 0, "Relation Name": "role_type", "Filter": "((role)::text = 'actress'::text)", "Parent Relationship": "Outer", "Total Cost": 18.88, "Plan Width": 4}]}], "Join Type": "Inner", "Node Type": "Hash Join", "Actual Total Time": 0.001, "Actual Rows": 0, "Parent Relationship": "Outer", "Total Cost": 43.56, "Plan Width": 12}], "Hash Buckets": 1024, "Original Hash Buckets": 1024, "Node Type": "Hash", "Actual Total Time": 0.001, "Actual Rows": 0, "Parent Relationship": "Inner", "Hash Batches": 1, "Total Cost": 43.56, "Plan Width": 12}], "Join Type": "Inner", "Node Type": "Hash Join", "Actual Total Time": 0.052, "Actual Rows": 0, "Parent Relationship": "Outer", "Total Cost": 23851.85, "Plan Width": 16}, {"Actual Startup Time": 0.0, "Plan Rows": 22, "Actual Loops": 0, "Startup Cost": 23.24, "Hash Cond": "(mc.movie_id = mi.movie_id)", "Plans": [{"Actual Startup Time": 0.0, "Plan Rows": 2609129, "Actual Loops": 0, "Startup Cost": 0.0, "Alias": "mc", "Node Type": "Seq Scan", "Actual Total Time": 0.0, "Actual Rows": 0, "Parent Relationship": "Outer", "Relation Name": "movie_companies", "Total Cost": 44881.29, "Plan Width": 8}, {"Actual Startup Time": 0.0, "Plan Rows": 4, "Node Type": "Hash", "Actual Loops": 0, "Actual Total Time": 0.0, "Actual Rows": 0, "Startup Cost": 23.19, "Plan Width": 4, "Parent Relationship": "Inner", "Total Cost": 23.19, "Plans": [{"Actual Startup Time": 0.0, "Plan Rows": 4, "Actual Loops": 0, "Startup Cost": 2.43, "Hash Cond": "(mi.info_type_id = it.id)", "Plans": [{"Actual Startup Time": 0.0, "Plan Rows": 780, "Actual Loops": 0, "Startup Cost": 0.0, "Alias": "mi", "Node Type": "Seq Scan", "Actual Total Time": 0.0, "Actual Rows": 0, "Parent Relationship": "Outer", "Relation Name": "movie_info", "Total Cost": 17.8, "Plan Width": 8}, {"Actual Startup Time": 0.0, "Plan Rows": 1, "Node Type": "Hash", "Actual Loops": 0, "Actual Total Time": 0.0, "Actual Rows": 0, "Startup Cost": 2.41, "Plan Width": 4, "Parent Relationship": "Inner", "Total Cost": 2.41, "Plans": [{"Actual Startup Time": 0.0, "Plan Rows": 1, "Actual Loops": 0, "Rows Removed by Filter": 0, "Startup Cost": 0.0, "Alias": "it", "Node Type": "Seq Scan", "Actual Total Time": 0.0, "Actual Rows": 0, "Relation Name": "info_type", "Filter": "((info)::text = 'release dates'::text)", "Parent Relationship": "Outer", "Total Cost": 2.41, "Plan Width": 4}]}], "Join Type": "Inner", "Node Type": "Hash Join", "Actual Total Time": 0.0, "Actual Rows": 0, "Parent Relationship": "Outer", "Total Cost": 23.19, "Plan Width": 4}]}], "Join Type": "Inner", "Node Type": "Hash Join", "Actual Total Time": 0.0, "Actual Rows": 0, "Parent Relationship": "Inner", "Total Cost": 54688.98, "Plan Width": 12}], "Join Type": "Inner", "Node Type": "Nested Loop", "Actual Total Time": 0.053, "Actual Rows": 0, "Parent Relationship": "Outer", "Total Cost": 78541.1, "Plan Width": 28}, {"Index Name": "char_name_pkey", "Actual Startup Time": 0.0, "Relation Name": "char_name", "Actual Loops": 0, "Plan Rows": 1, "Startup Cost": 0.43, "Rows Removed by Index Recheck": 0, "Parent Relationship": "Inner", "Alias": "chn", "Node Type": "Index Only Scan", "Scan Direction": "Forward", "Actual Total Time": 0.0, "Actual Rows": 0, "Heap Fetches": 0, "Index Cond": "(id = ci.person_role_id)", "Total Cost": 8.45, "Plan Width": 4}], "Join Type": "Inner", "Node Type": "Nested Loop", "Actual Total Time": 0.053, "Actual Rows": 0, "Parent Relationship": "Outer", "Total Cost": 78549.56, "Plan Width": 24}, {"Index Name": "company_name_pkey", "Actual Startup Time": 0.0, "Relation Name": "company_name", "Actual Loops": 0, "Plan Rows": 1, "Startup Cost": 0.42, "Rows Removed by Index Recheck": 0, "Rows Removed by Filter": 0, "Alias": "cn", "Node Type": "Index Scan", "Scan Direction": "Forward", "Actual Total Time": 0.0, "Actual Rows": 0, "Index Cond": "(id = mc.company_id)", "Filter": "((country_code)::text = '[ru]'::text)", "Parent Relationship": "Inner", "Total Cost": 0.45, "Plan Width": 4}], "Join Type": "Inner", "Node Type": "Nested Loop", "Actual Total Time": 0.053, "Actual Rows": 0, "Parent Relationship": "Outer", "Total Cost": 78550.02, "Plan Width": 20}, {"Index Name": "name_pkey", "Actual Startup Time": 0.0, "Relation Name": "name", "Actual Loops": 0, "Plan Rows": 1, "Startup Cost": 0.43, "Rows Removed by Index Recheck": 0, "Rows Removed by Filter": 0, "Alias": "n", "Node Type": "Index Scan", "Scan Direction": "Forward", "Actual Total Time": 0.0, "Actual Rows": 0, "Index Cond": "(id = an.person_id)", "Filter": "((gender)::text = 'f'::text)", "Parent Relationship": "Inner", "Total Cost": 0.76, "Plan Width": 19}], "Join Type": "Inner", "Node Type": "Nested Loop", "Actual Total Time": 0.054, "Actual Rows": 0, "Parent Relationship": "Outer", "Total Cost": 78550.79, "Plan Width": 27}, {"Index Name": "title_pkey", "Actual Startup Time": 0.0, "Relation Name": "title", "Actual Loops": 0, "Plan Rows": 1, "Startup Cost": 0.43, "Rows Removed by Index Recheck": 0, "Rows Removed by Filter": 0, "Alias": "t", "Node Type": "Index Scan", "Scan Direction": "Forward", "Actual Total Time": 0.0, "Actual Rows": 0, "Index Cond": "(id = mc.movie_id)", "Filter": "(production_year > 1916)", "Parent Relationship": "Inner", "Total Cost": 0.52, "Plan Width": 21}], "Join Type": "Inner", "Node Type": "Nested Loop", "Actual Total Time": 0.054, "Actual Rows": 0, "Parent Relationship": "Outer", "Total Cost": 78551.32, "Plan Width": 32}]}, "Triggers": [], "Planning Time": 21.096, "Execution Time": 0.341}]]]}
{"start_time": 1569073757.0569909, "plan": [[[{"Plan": {"Actual Startup Time": 0.055, "Plan Rows": 1, "Node Type": "Aggregate", "Actual Loops": 1, "Actual Total Time": 0.055, "Actual Rows": 1, "Plan Width": 32, "Startup Cost": 78558.71, "Strategy": "Plain", "Total Cost": 78558.72, "Plans": [{"Actual Startup Time": 0.052, "Plan Rows": 1, "Join Filter": "(mi.movie_id = t.id)", "Actual Loops": 1, "Startup Cost": 75.9, "Rows Removed by Join Filter": 0, "Plans": [{"Actual Startup Time": 0.052, "Plan Rows": 1, "Join Filter": "(ci.person_id = n.id)", "Actual Loops": 1, "Startup Cost": 75.47, "Rows Removed by Join Filter": 0, "Plans": [{"Actual Startup Time": 0.052, "Plan Rows": 1, "Actual Loops": 1, "Startup Cost": 75.04, "Plans": [{"Actual Startup Time": 0.052, "Plan Rows": 1, "Actual Loops": 1, "Startup Cost": 74.62, "Plans": [{"Actual Startup Time": 0.052, "Plan Rows": 1, "Join Filter": "(ci.movie_id = mi.movie_id)", "Actual Loops": 1, "Startup Cost": 74.19, "Rows Removed by Join Filter": 0, "Plans": [{"Actual Startup Time": 0.051, "Plan Rows": 1, "Actual Loops": 1, "Startup Cost": 50.95, "Hash Cond": "(an.person_id = ci.person_id)", "Plans": [{"Actual Startup Time": 0.006, "Plan Rows": 902055, "Actual Loops": 1, "Startup Cost": 0.0, "Alias": "an", "Node Type": "Seq Scan", "Actual Total Time": 0.006, "Actual Rows": 1, "Parent Relationship": "Outer", "Relation Name": "aka_name", "Total Cost": 20425.55, "Plan Width": 4}, {"Actual Startup Time": 0.001, "Plan Rows": 1, "Peak Memory Usage": 8, "Actual Loops": 1, "Startup Cost": 50.94, "Original Hash Batches": 1, "Plans": [{"Actual Startup Time": 0.0, "Plan Rows": 1, "Actual Loops": 1, "Startup Cost": 18.93, "Hash Cond": "(ci.role_id = rt.id)", "Plans": [{"Actual Startup Time": 0.0, "Plan Rows": 48, "Actual Loops": 1, "Rows Removed by Filter": 0, "Startup Cost": 0.0, "Alias": "ci", "Node Type": "Seq Scan", "Actual Total Time": 0.0, "Actual Rows": 0, "Relation Name": "cast_info", "Filter": "(note = ANY ('{\"(as Sonija Kwok)\",\"(as Shelby Fiddis)\",\"(as Cheng Pei-Pei)\",\"(as Yuka Kon''no)\",\"(as Sasha Lahaine)\",\"(as Ferenci P\u00e9terke)\",\"(wraparound segments)\",\"(Shyam Lal''s wife)\",\"(as Annie Melchor)\",\"(in audience, Day Two)\"}'::text[]))", "Parent Relationship": "Outer", "Total Cost": 31.82, "Plan Width": 16}, {"Actual Startup Time": 0.0, "Plan Rows": 4, "Node Type": "Hash", "Actual Loops": 0, "Actual Total Time": 0.0, "Actual Rows": 0, "Startup Cost": 18.88, "Plan Width": 4, "Parent Relationship": "Inner", "Total Cost": 18.88, "Plans": [{"Actual Startup Time": 0.0, "Plan Rows": 4, "Actual Loops": 0, "Rows Removed by Filter": 0, "Startup Cost": 0.0, "Alias": "rt", "Node Type": "Seq Scan", "Actual Total Time": 0.0, "Actual Rows": 0, "Relation Name": "role_type", "Filter": "((role)::text = 'actress'::text)", "Parent Relationship": "Outer", "Total Cost": 18.88, "Plan Width": 4}]}], "Join Type": "Inner", "Node Type": "Hash Join", "Actual Total Time": 0.0, "Actual Rows": 0, "Parent Relationship": "Outer", "Total Cost": 50.94, "Plan Width": 12}], "Hash Buckets": 1024, "Original Hash Buckets": 1024, "Node Type": "Hash", "Actual Total Time": 0.001, "Actual Rows": 0, "Parent Relationship": "Inner", "Hash Batches": 1, "Total Cost": 50.94, "Plan Width": 12}], "Join Type": "Inner", "Node Type": "Hash Join", "Actual Total Time": 0.051, "Actual Rows": 0, "Parent Relationship": "Outer", "Total Cost": 23859.23, "Plan Width": 16}, {"Actual Startup Time": 0.0, "Plan Rows": 22, "Actual Loops": 0, "Startup Cost": 23.24, "Hash Cond": "(mc.movie_id = mi.movie_id)", "Plans": [{"Actual Startup Time": 0.0, "Plan Rows": 2609129, "Actual Loops": 0, "Startup Cost": 0.0, "Alias": "mc", "Node Type": "Seq Scan", "Actual Total Time": 0.0, "Actual Rows": 0, "Parent Relationship": "Outer", "Relation Name": "movie_companies", "Total Cost": 44881.29, "Plan Width": 8}, {"Actual Startup Time": 0.0, "Plan Rows": 4, "Node Type": "Hash", "Actual Loops": 0, "Actual Total Time": 0.0, "Actual Rows": 0, "Startup Cost": 23.19, "Plan Width": 4, "Parent Relationship": "Inner", "Total Cost": 23.19, "Plans": [{"Actual Startup Time": 0.0, "Plan Rows": 4, "Actual Loops": 0, "Startup Cost": 2.43, "Hash Cond": "(mi.info_type_id = it.id)", "Plans": [{"Actual Startup Time": 0.0, "Plan Rows": 780, "Actual Loops": 0, "Startup Cost": 0.0, "Alias": "mi", "Node Type": "Seq Scan", "Actual Total Time": 0.0, "Actual Rows": 0, "Parent Relationship": "Outer", "Relation Name": "movie_info", "Total Cost": 17.8, "Plan Width": 8}, {"Actual Startup Time": 0.0, "Plan Rows": 1, "Node Type": "Hash", "Actual Loops": 0, "Actual Total Time": 0.0, "Actual Rows": 0, "Startup Cost": 2.41, "Plan Width": 4, "Parent Relationship": "Inner", "Total Cost": 2.41, "Plans": [{"Actual Startup Time": 0.0, "Plan Rows": 1, "Actual Loops": 0, "Rows Removed by Filter": 0, "Startup Cost": 0.0, "Alias": "it", "Node Type": "Seq Scan", "Actual Total Time": 0.0, "Actual Rows": 0, "Relation Name": "info_type", "Filter": "((info)::text = 'release dates'::text)", "Parent Relationship": "Outer", "Total Cost": 2.41, "Plan Width": 4}]}], "Join Type": "Inner", "Node Type": "Hash Join", "Actual Total Time": 0.0, "Actual Rows": 0, "Parent Relationship": "Outer", "Total Cost": 23.19, "Plan Width": 4}]}], "Join Type": "Inner", "Node Type": "Hash Join", "Actual Total Time": 0.0, "Actual Rows": 0, "Parent Relationship": "Inner", "Total Cost": 54688.98, "Plan Width": 12}], "Join Type": "Inner", "Node Type": "Nested Loop", "Actual Total Time": 0.052, "Actual Rows": 0, "Parent Relationship": "Outer", "Total Cost": 78548.49, "Plan Width": 28}, {"Index Name": "char_name_pkey", "Actual Startup Time": 0.0, "Relation Name": "char_name", "Actual Loops": 0, "Plan Rows": 1, "Startup Cost": 0.43, "Rows Removed by Index Recheck": 0, "Parent Relationship": "Inner", "Alias": "chn", "Node Type": "Index Only Scan", "Scan Direction": "Forward", "Actual Total Time": 0.0, "Actual Rows": 0, "Heap Fetches": 0, "Index Cond": "(id = ci.person_role_id)", "Total Cost": 8.45, "Plan Width": 4}], "Join Type": "Inner", "Node Type": "Nested Loop", "Actual Total Time": 0.052, "Actual Rows": 0, "Parent Relationship": "Outer", "Total Cost": 78556.94, "Plan Width": 24}, {"Index Name": "company_name_pkey", "Actual Startup Time": 0.0, "Relation Name": "company_name", "Actual Loops": 0, "Plan Rows": 1, "Startup Cost": 0.42, "Rows Removed by Index Recheck": 0, "Rows Removed by Filter": 0, "Alias": "cn", "Node Type": "Index Scan", "Scan Direction": "Forward", "Actual Total Time": 0.0, "Actual Rows": 0, "Index Cond": "(id = mc.company_id)", "Filter": "((country_code)::text = '[br]'::text)", "Parent Relationship": "Inner", "Total Cost": 0.45, "Plan Width": 4}], "Join Type": "Inner", "Node Type": "Nested Loop", "Actual Total Time": 0.052, "Actual Rows": 0, "Parent Relationship": "Outer", "Total Cost": 78557.4, "Plan Width": 20}, {"Index Name": "name_pkey", "Actual Startup Time": 0.0, "Relation Name": "name", "Actual Loops": 0, "Plan Rows": 1, "Startup Cost": 0.43, "Rows Removed by Index Recheck": 0, "Rows Removed by Filter": 0, "Alias": "n", "Node Type": "Index Scan", "Scan Direction": "Forward", "Actual Total Time": 0.0, "Actual Rows": 0, "Index Cond": "(id = an.person_id)", "Filter": "((gender)::text = 'f'::text)", "Parent Relationship": "Inner", "Total Cost": 0.76, "Plan Width": 19}], "Join Type": "Inner", "Node Type": "Nested Loop", "Actual Total Time": 0.052, "Actual Rows": 0, "Parent Relationship": "Outer", "Total Cost": 78558.18, "Plan Width": 27}, {"Index Name": "title_pkey", "Actual Startup Time": 0.0, "Relation Name": "title", "Actual Loops": 0, "Plan Rows": 1, "Startup Cost": 0.43, "Rows Removed by Index Recheck": 0, "Rows Removed by Filter": 0, "Alias": "t", "Node Type": "Index Scan", "Scan Direction": "Forward", "Actual Total Time": 0.0, "Actual Rows": 0, "Index Cond": "(id = mc.movie_id)", "Filter": "(production_year > 1939)", "Parent Relationship": "Inner", "Total Cost": 0.52, "Plan Width": 21}], "Join Type": "Inner", "Node Type": "Nested Loop", "Actual Total Time": 0.052, "Actual Rows": 0, "Parent Relationship": "Outer", "Total Cost": 78558.71, "Plan Width": 32}]}, "Triggers": [], "Planning Time": 20.802, "Execution Time": 0.351}]]]}
{"start_time": 1569073757.0569909, "plan": [[[{"Plan": {"Actual Startup Time": 0.053, "Plan Rows": 1, "Node Type": "Aggregate", "Actual Loops": 1, "Actual Total Time": 0.053, "Actual Rows": 1, "Plan Width": 32, "Startup Cost": 78561.18, "Strategy": "Plain", "Total Cost": 78561.19, "Plans": [{"Actual Startup Time": 0.051, "Plan Rows": 1, "Join Filter": "(mi.movie_id = t.id)", "Actual Loops": 1, "Startup Cost": 78.37, "Rows Removed by Join Filter": 0, "Plans": [{"Actual Startup Time": 0.05, "Plan Rows": 1, "Join Filter": "(ci.person_id = n.id)", "Actual Loops": 1, "Startup Cost": 77.94, "Rows Removed by Join Filter": 0, "Plans": [{"Actual Startup Time": 0.05, "Plan Rows": 1, "Actual Loops": 1, "Startup Cost": 77.51, "Plans": [{"Actual Startup Time": 0.05, "Plan Rows": 1, "Actual Loops": 1, "Startup Cost": 77.09, "Plans": [{"Actual Startup Time": 0.05, "Plan Rows": 1, "Join Filter": "(ci.movie_id = mi.movie_id)", "Actual Loops": 1, "Startup Cost": 76.66, "Rows Removed by Join Filter": 0, "Plans": [{"Actual Startup Time": 0.049, "Plan Rows": 1, "Actual Loops": 1, "Startup Cost": 53.42, "Hash Cond": "(an.person_id = ci.person_id)", "Plans": [{"Actual Startup Time": 0.006, "Plan Rows": 902055, "Actual Loops": 1, "Startup Cost": 0.0, "Alias": "an", "Node Type": "Seq Scan", "Actual Total Time": 0.006, "Actual Rows": 1, "Parent Relationship": "Outer", "Relation Name": "aka_name", "Total Cost": 20425.55, "Plan Width": 4}, {"Actual Startup Time": 0.001, "Plan Rows": 1, "Peak Memory Usage": 8, "Actual Loops": 1, "Startup Cost": 53.4, "Original Hash Batches": 1, "Plans": [{"Actual Startup Time": 0.001, "Plan Rows": 1, "Actual Loops": 1, "Startup Cost": 18.93, "Hash Cond": "(ci.role_id = rt.id)", "Plans": [{"Actual Startup Time": 0.001, "Plan Rows": 58, "Actual Loops": 1, "Rows Removed by Filter": 0, "Startup Cost": 0.0, "Alias": "ci", "Node Type": "Seq Scan", "Actual Total Time": 0.001, "Actual Rows": 0, "Relation Name": "cast_info", "Filter": "(note = ANY ('{\"(as Jan Porter Ainley)\",\"(as Ulli Birve)\",\"(as Mme. Marie Madeleine Opalka)\",\"(rescuer, Belgium)\",\"(as Sofia Monteiro Grillo)\",\"(as Odette Piquet)\",\"(as Sirppa Sivori)\",\"(as Kaya)\",\"(as Lana Semil)\",\"(as Denise Boyd)\",\"(as Mary Anne Graves)\",\"(as Dasha Blahova)\"}'::text[]))", "Parent Relationship": "Outer", "Total Cost": 34.25, "Plan Width": 16}, {"Actual Startup Time": 0.0, "Plan Rows": 4, "Node Type": "Hash", "Actual Loops": 0, "Actual Total Time": 0.0, "Actual Rows": 0, "Startup Cost": 18.88, "Plan Width": 4, "Parent Relationship": "Inner", "Total Cost": 18.88, "Plans": [{"Actual Startup Time": 0.0, "Plan Rows": 4, "Actual Loops": 0, "Rows Removed by Filter": 0, "Startup Cost": 0.0, "Alias": "rt", "Node Type": "Seq Scan", "Actual Total Time": 0.0, "Actual Rows": 0, "Relation Name": "role_type", "Filter": "((role)::text = 'actress'::text)", "Parent Relationship": "Outer", "Total Cost": 18.88, "Plan Width": 4}]}], "Join Type": "Inner", "Node Type": "Hash Join", "Actual Total Time": 0.001, "Actual Rows": 0, "Parent Relationship": "Outer", "Total Cost": 53.4, "Plan Width": 12}], "Hash Buckets": 1024, "Original Hash Buckets": 1024, "Node Type": "Hash", "Actual Total Time": 0.001, "Actual Rows": 0, "Parent Relationship": "Inner", "Hash Batches": 1, "Total Cost": 53.4, "Plan Width": 12}], "Join Type": "Inner", "Node Type": "Hash Join", "Actual Total Time": 0.049, "Actual Rows": 0, "Parent Relationship": "Outer", "Total Cost": 23861.69, "Plan Width": 16}, {"Actual Startup Time": 0.0, "Plan Rows": 22, "Actual Loops": 0, "Startup Cost": 23.24, "Hash Cond": "(mc.movie_id = mi.movie_id)", "Plans": [{"Actual Startup Time": 0.0, "Plan Rows": 2609129, "Actual Loops": 0, "Startup Cost": 0.0, "Alias": "mc", "Node Type": "Seq Scan", "Actual Total Time": 0.0, "Actual Rows": 0, "Parent Relationship": "Outer", "Relation Name": "movie_companies", "Total Cost": 44881.29, "Plan Width": 8}, {"Actual Startup Time": 0.0, "Plan Rows": 4, "Node Type": "Hash", "Actual Loops": 0, "Actual Total Time": 0.0, "Actual Rows": 0, "Startup Cost": 23.19, "Plan Width": 4, "Parent Relationship": "Inner", "Total Cost": 23.19, "Plans": [{"Actual Startup Time": 0.0, "Plan Rows": 4, "Actual Loops": 0, "Startup Cost": 2.43, "Hash Cond": "(mi.info_type_id = it.id)", "Plans": [{"Actual Startup Time": 0.0, "Plan Rows": 780, "Actual Loops": 0, "Startup Cost": 0.0, "Alias": "mi", "Node Type": "Seq Scan", "Actual Total Time": 0.0, "Actual Rows": 0, "Parent Relationship": "Outer", "Relation Name": "movie_info", "Total Cost": 17.8, "Plan Width": 8}, {"Actual Startup Time": 0.0, "Plan Rows": 1, "Node Type": "Hash", "Actual Loops": 0, "Actual Total Time": 0.0, "Actual Rows": 0, "Startup Cost": 2.41, "Plan Width": 4, "Parent Relationship": "Inner", "Total Cost": 2.41, "Plans": [{"Actual Startup Time": 0.0, "Plan Rows": 1, "Actual Loops": 0, "Rows Removed by Filter": 0, "Startup Cost": 0.0, "Alias": "it", "Node Type": "Seq Scan", "Actual Total Time": 0.0, "Actual Rows": 0, "Relation Name": "info_type", "Filter": "((info)::text = 'release dates'::text)", "Parent Relationship": "Outer", "Total Cost": 2.41, "Plan Width": 4}]}], "Join Type": "Inner", "Node Type": "Hash Join", "Actual Total Time": 0.0, "Actual Rows": 0, "Parent Relationship": "Outer", "Total Cost": 23.19, "Plan Width": 4}]}], "Join Type": "Inner", "Node Type": "Hash Join", "Actual Total Time": 0.0, "Actual Rows": 0, "Parent Relationship": "Inner", "Total Cost": 54688.98, "Plan Width": 12}], "Join Type": "Inner", "Node Type": "Nested Loop", "Actual Total Time": 0.05, "Actual Rows": 0, "Parent Relationship": "Outer", "Total Cost": 78550.95, "Plan Width": 28}, {"Index Name": "char_name_pkey", "Actual Startup Time": 0.0, "Relation Name": "char_name", "Actual Loops": 0, "Plan Rows": 1, "Startup Cost": 0.43, "Rows Removed by Index Recheck": 0, "Parent Relationship": "Inner", "Alias": "chn", "Node Type": "Index Only Scan", "Scan Direction": "Forward", "Actual Total Time": 0.0, "Actual Rows": 0, "Heap Fetches": 0, "Index Cond": "(id = ci.person_role_id)", "Total Cost": 8.45, "Plan Width": 4}], "Join Type": "Inner", "Node Type": "Nested Loop", "Actual Total Time": 0.05, "Actual Rows": 0, "Parent Relationship": "Outer", "Total Cost": 78559.41, "Plan Width": 24}, {"Index Name": "company_name_pkey", "Actual Startup Time": 0.0, "Relation Name": "company_name", "Actual Loops": 0, "Plan Rows": 1, "Startup Cost": 0.42, "Rows Removed by Index Recheck": 0, "Rows Removed by Filter": 0, "Alias": "cn", "Node Type": "Index Scan", "Scan Direction": "Forward", "Actual Total Time": 0.0, "Actual Rows": 0, "Index Cond": "(id = mc.company_id)", "Filter": "((country_code)::text = '[au]'::text)", "Parent Relationship": "Inner", "Total Cost": 0.45, "Plan Width": 4}], "Join Type": "Inner", "Node Type": "Nested Loop", "Actual Total Time": 0.05, "Actual Rows": 0, "Parent Relationship": "Outer", "Total Cost": 78559.86, "Plan Width": 20}, {"Index Name": "name_pkey", "Actual Startup Time": 0.0, "Relation Name": "name", "Actual Loops": 0, "Plan Rows": 1, "Startup Cost": 0.43, "Rows Removed by Index Recheck": 0, "Rows Removed by Filter": 0, "Alias": "n", "Node Type": "Index Scan", "Scan Direction": "Forward", "Actual Total Time": 0.0, "Actual Rows": 0, "Index Cond": "(id = an.person_id)", "Filter": "((gender)::text = 'f'::text)", "Parent Relationship": "Inner", "Total Cost": 0.76, "Plan Width": 19}], "Join Type": "Inner", "Node Type": "Nested Loop", "Actual Total Time": 0.05, "Actual Rows": 0, "Parent Relationship": "Outer", "Total Cost": 78560.64, "Plan Width": 27}, {"Index Name": "title_pkey", "Actual Startup Time": 0.0, "Relation Name": "title", "Actual Loops": 0, "Plan Rows": 1, "Startup Cost": 0.43, "Rows Removed by Index Recheck": 0, "Rows Removed by Filter": 0, "Alias": "t", "Node Type": "Index Scan", "Scan Direction": "Forward", "Actual Total Time": 0.0, "Actual Rows": 0, "Index Cond": "(id = mc.movie_id)", "Filter": "(production_year > 1891)", "Parent Relationship": "Inner", "Total Cost": 0.52, "Plan Width": 21}], "Join Type": "Inner", "Node Type": "Nested Loop", "Actual Total Time": 0.051, "Actual Rows": 0, "Parent Relationship": "Outer", "Total Cost": 78561.17, "Plan Width": 32}]}, "Triggers": [], "Planning Time": 20.248, "Execution Time": 0.322}]]]}
{"start_time": 1569073757.0569909, "plan": [[[{"Plan": {"Actual Startup Time": 0.055, "Plan Rows": 1, "Node Type": "Aggregate", "Actual Loops": 1, "Actual Total Time": 0.055, "Actual Rows": 1, "Plan Width": 32, "Startup Cost": 78553.79, "Strategy": "Plain", "Total Cost": 78553.8, "Plans": [{"Actual Startup Time": 0.053, "Plan Rows": 1, "Join Filter": "(mi.movie_id = t.id)", "Actual Loops": 1, "Startup Cost": 70.98, "Rows Removed by Join Filter": 0, "Plans": [{"Actual Startup Time": 0.052, "Plan Rows": 1, "Join Filter": "(ci.person_id = n.id)", "Actual Loops": 1, "Startup Cost": 70.55, "Rows Removed by Join Filter": 0, "Plans": [{"Actual Startup Time": 0.052, "Plan Rows": 1, "Actual Loops": 1, "Startup Cost": 70.12, "Plans": [{"Actual Startup Time": 0.052, "Plan Rows": 1, "Actual Loops": 1, "Startup Cost": 69.7, "Plans": [{"Actual Startup Time": 0.052, "Plan Rows": 1, "Join Filter": "(ci.movie_id = mi.movie_id)", "Actual Loops": 1, "Startup Cost": 69.27, "Rows Removed by Join Filter": 0, "Plans": [{"Actual Startup Time": 0.051, "Plan Rows": 1, "Actual Loops": 1, "Startup Cost": 46.03, "Hash Cond": "(an.person_id = ci.person_id)", "Plans": [{"Actual Startup Time": 0.006, "Plan Rows": 902055, "Actual Loops": 1, "Startup Cost": 0.0, "Alias": "an", "Node Type": "Seq Scan", "Actual Total Time": 0.006, "Actual Rows": 1, "Parent Relationship": "Outer", "Relation Name": "aka_name", "Total Cost": 20425.55, "Plan Width": 4}, {"Actual Startup Time": 0.001, "Plan Rows": 1, "Peak Memory Usage": 8, "Actual Loops": 1, "Startup Cost": 46.02, "Original Hash Batches": 1, "Plans": [{"Actual Startup Time": 0.001, "Plan Rows": 1, "Actual Loops": 1, "Startup Cost": 18.93, "Hash Cond": "(ci.role_id = rt.id)", "Plans": [{"Actual Startup Time": 0.001, "Plan Rows": 29, "Actual Loops": 1, "Rows Removed by Filter": 0, "Startup Cost": 0.0, "Alias": "ci", "Node Type": "Seq Scan", "Actual Total Time": 0.001, "Actual Rows": 0, "Relation Name": "cast_info", "Filter": "(note = ANY ('{\"(as Mohd. Ismail)\",\"(as Felix Sowande with his Negro Choir and Orchestra)\",\"(as Pete Reed)\",\"(as Paddy Bedford)\",\"(as Julia u. Jakob Ritschka)\",\"(as Paul Hennessy)\"}'::text[]))", "Parent Relationship": "Outer", "Total Cost": 26.98, "Plan Width": 16}, {"Actual Startup Time": 0.0, "Plan Rows": 4, "Node Type": "Hash", "Actual Loops": 0, "Actual Total Time": 0.0, "Actual Rows": 0, "Startup Cost": 18.88, "Plan Width": 4, "Parent Relationship": "Inner", "Total Cost": 18.88, "Plans": [{"Actual Startup Time": 0.0, "Plan Rows": 4, "Actual Loops": 0, "Rows Removed by Filter": 0, "Startup Cost": 0.0, "Alias": "rt", "Node Type": "Seq Scan", "Actual Total Time": 0.0, "Actual Rows": 0, "Relation Name": "role_type", "Filter": "((role)::text = 'actor'::text)", "Parent Relationship": "Outer", "Total Cost": 18.88, "Plan Width": 4}]}], "Join Type": "Inner", "Node Type": "Hash Join", "Actual Total Time": 0.001, "Actual Rows": 0, "Parent Relationship": "Outer", "Total Cost": 46.02, "Plan Width": 12}], "Hash Buckets": 1024, "Original Hash Buckets": 1024, "Node Type": "Hash", "Actual Total Time": 0.001, "Actual Rows": 0, "Parent Relationship": "Inner", "Hash Batches": 1, "Total Cost": 46.02, "Plan Width": 12}], "Join Type": "Inner", "Node Type": "Hash Join", "Actual Total Time": 0.051, "Actual Rows": 0, "Parent Relationship": "Outer", "Total Cost": 23854.31, "Plan Width": 16}, {"Actual Startup Time": 0.0, "Plan Rows": 22, "Actual Loops": 0, "Startup Cost": 23.24, "Hash Cond": "(mc.movie_id = mi.movie_id)", "Plans": [{"Actual Startup Time": 0.0, "Plan Rows": 2609129, "Actual Loops": 0, "Startup Cost": 0.0, "Alias": "mc", "Node Type": "Seq Scan", "Actual Total Time": 0.0, "Actual Rows": 0, "Parent Relationship": "Outer", "Relation Name": "movie_companies", "Total Cost": 44881.29, "Plan Width": 8}, {"Actual Startup Time": 0.0, "Plan Rows": 4, "Node Type": "Hash", "Actual Loops": 0, "Actual Total Time": 0.0, "Actual Rows": 0, "Startup Cost": 23.19, "Plan Width": 4, "Parent Relationship": "Inner", "Total Cost": 23.19, "Plans": [{"Actual Startup Time": 0.0, "Plan Rows": 4, "Actual Loops": 0, "Startup Cost": 2.43, "Hash Cond": "(mi.info_type_id = it.id)", "Plans": [{"Actual Startup Time": 0.0, "Plan Rows": 780, "Actual Loops": 0, "Startup Cost": 0.0, "Alias": "mi", "Node Type": "Seq Scan", "Actual Total Time": 0.0, "Actual Rows": 0, "Parent Relationship": "Outer", "Relation Name": "movie_info", "Total Cost": 17.8, "Plan Width": 8}, {"Actual Startup Time": 0.0, "Plan Rows": 1, "Node Type": "Hash", "Actual Loops": 0, "Actual Total Time": 0.0, "Actual Rows": 0, "Startup Cost": 2.41, "Plan Width": 4, "Parent Relationship": "Inner", "Total Cost": 2.41, "Plans": [{"Actual Startup Time": 0.0, "Plan Rows": 1, "Actual Loops": 0, "Rows Removed by Filter": 0, "Startup Cost": 0.0, "Alias": "it", "Node Type": "Seq Scan", "Actual Total Time": 0.0, "Actual Rows": 0, "Relation Name": "info_type", "Filter": "((info)::text = 'release dates'::text)", "Parent Relationship": "Outer", "Total Cost": 2.41, "Plan Width": 4}]}], "Join Type": "Inner", "Node Type": "Hash Join", "Actual Total Time": 0.0, "Actual Rows": 0, "Parent Relationship": "Outer", "Total Cost": 23.19, "Plan Width": 4}]}], "Join Type": "Inner", "Node Type": "Hash Join", "Actual Total Time": 0.0, "Actual Rows": 0, "Parent Relationship": "Inner", "Total Cost": 54688.98, "Plan Width": 12}], "Join Type": "Inner", "Node Type": "Nested Loop", "Actual Total Time": 0.052, "Actual Rows": 0, "Parent Relationship": "Outer", "Total Cost": 78543.57, "Plan Width": 28}, {"Index Name": "char_name_pkey", "Actual Startup Time": 0.0, "Relation Name": "char_name", "Actual Loops": 0, "Plan Rows": 1, "Startup Cost": 0.43, "Rows Removed by Index Recheck": 0, "Parent Relationship": "Inner", "Alias": "chn", "Node Type": "Index Only Scan", "Scan Direction": "Forward", "Actual Total Time": 0.0, "Actual Rows": 0, "Heap Fetches": 0, "Index Cond": "(id = ci.person_role_id)", "Total Cost": 8.45, "Plan Width": 4}], "Join Type": "Inner", "Node Type": "Nested Loop", "Actual Total Time": 0.052, "Actual Rows": 0, "Parent Relationship": "Outer", "Total Cost": 78552.02, "Plan Width": 24}, {"Index Name": "company_name_pkey", "Actual Startup Time": 0.0, "Relation Name": "company_name", "Actual Loops": 0, "Plan Rows": 1, "Startup Cost": 0.42, "Rows Removed by Index Recheck": 0, "Rows Removed by Filter": 0, "Alias": "cn", "Node Type": "Index Scan", "Scan Direction": "Forward", "Actual Total Time": 0.0, "Actual Rows": 0, "Index Cond": "(id = mc.company_id)", "Filter": "((country_code)::text = '[in]'::text)", "Parent Relationship": "Inner", "Total Cost": 0.45, "Plan Width": 4}], "Join Type": "Inner", "Node Type": "Nested Loop", "Actual Total Time": 0.052, "Actual Rows": 0, "Parent Relationship": "Outer", "Total Cost": 78552.48, "Plan Width": 20}, {"Index Name": "name_pkey", "Actual Startup Time": 0.0, "Relation Name": "name", "Actual Loops": 0, "Plan Rows": 1, "Startup Cost": 0.43, "Rows Removed by Index Recheck": 0, "Rows Removed by Filter": 0, "Alias": "n", "Node Type": "Index Scan", "Scan Direction": "Forward", "Actual Total Time": 0.0, "Actual Rows": 0, "Index Cond": "(id = an.person_id)", "Filter": "((gender)::text = 'm'::text)", "Parent Relationship": "Inner", "Total Cost": 0.76, "Plan Width": 19}], "Join Type": "Inner", "Node Type": "Nested Loop", "Actual Total Time": 0.052, "Actual Rows": 0, "Parent Relationship": "Outer", "Total Cost": 78553.26, "Plan Width": 27}, {"Index Name": "title_pkey", "Actual Startup Time": 0.0, "Relation Name": "title", "Actual Loops": 0, "Plan Rows": 1, "Startup Cost": 0.43, "Rows Removed by Index Recheck": 0, "Rows Removed by Filter": 0, "Alias": "t", "Node Type": "Index Scan", "Scan Direction": "Forward", "Actual Total Time": 0.0, "Actual Rows": 0, "Index Cond": "(id = mc.movie_id)", "Filter": "(production_year > 1910)", "Parent Relationship": "Inner", "Total Cost": 0.52, "Plan Width": 21}], "Join Type": "Inner", "Node Type": "Nested Loop", "Actual Total Time": 0.053, "Actual Rows": 0, "Parent Relationship": "Outer", "Total Cost": 78553.79, "Plan Width": 32}]}, "Triggers": [], "Planning Time": 21.514, "Execution Time": 0.338}]]]}
{"start_time": 1569073757.5995262, "plan": [[[{"Plan": {"Actual Startup Time": 0.052, "Plan Rows": 1, "Node Type": "Aggregate", "Actual Loops": 1, "Actual Total Time": 0.053, "Actual Rows": 1, "Plan Width": 32, "Startup Cost": 78558.71, "Strategy": "Plain", "Total Cost": 78558.72, "Plans": [{"Actual Startup Time": 0.05, "Plan Rows": 1, "Join Filter": "(mi.movie_id = t.id)", "Actual Loops": 1, "Startup Cost": 75.9, "Rows Removed by Join Filter": 0, "Plans": [{"Actual Startup Time": 0.049, "Plan Rows": 1, "Join Filter": "(ci.person_id = n.id)", "Actual Loops": 1, "Startup Cost": 75.47, "Rows Removed by Join Filter": 0, "Plans": [{"Actual Startup Time": 0.049, "Plan Rows": 1, "Actual Loops": 1, "Startup Cost": 75.04, "Plans": [{"Actual Startup Time": 0.049, "Plan Rows": 1, "Actual Loops": 1, "Startup Cost": 74.62, "Plans": [{"Actual Startup Time": 0.049, "Plan Rows": 1, "Join Filter": "(ci.movie_id = mi.movie_id)", "Actual Loops": 1, "Startup Cost": 74.19, "Rows Removed by Join Filter": 0, "Plans": [{"Actual Startup Time": 0.048, "Plan Rows": 1, "Actual Loops": 1, "Startup Cost": 50.95, "Hash Cond": "(an.person_id = ci.person_id)", "Plans": [{"Actual Startup Time": 0.006, "Plan Rows": 902055, "Actual Loops": 1, "Startup Cost": 0.0, "Alias": "an", "Node Type": "Seq Scan", "Actual Total Time": 0.006, "Actual Rows": 1, "Parent Relationship": "Outer", "Relation Name": "aka_name", "Total Cost": 20425.55, "Plan Width": 4}, {"Actual Startup Time": 0.001, "Plan Rows": 1, "Peak Memory Usage": 8, "Actual Loops": 1, "Startup Cost": 50.94, "Original Hash Batches": 1, "Plans": [{"Actual Startup Time": 0.001, "Plan Rows": 1, "Actual Loops": 1, "Startup Cost": 18.93, "Hash Cond": "(ci.role_id = rt.id)", "Plans": [{"Actual Startup Time": 0.0, "Plan Rows": 48, "Actual Loops": 1, "Rows Removed by Filter": 0, "Startup Cost": 0.0, "Alias": "ci", "Node Type": "Seq Scan", "Actual Total Time": 0.0, "Actual Rows": 0, "Relation Name": "cast_info", "Filter": "(note = ANY ('{\"(segment ''Et si Kubrick c''\u00e9tait laid'')\",\"(as Dr. Renate Schumacher)\",\"(as Rebecca Slack)\",\"(segment ''Update)\",\"(archive footage) (as The Duchess of Cambridge)\",\"(as Phoenix Valen)\",\"(as Nichole Noir)\",\"(as Armelle B\u00e9rengier)\",\"(as G\u00fclten Ceyl\u00e2n)\",\"(as Annie Girardot de la Com\u00e9die Fran\u00e7aise)\"}'::text[]))", "Parent Relationship": "Outer", "Total Cost": 31.82, "Plan Width": 16}, {"Actual Startup Time": 0.0, "Plan Rows": 4, "Node Type": "Hash", "Actual Loops": 0, "Actual Total Time": 0.0, "Actual Rows": 0, "Startup Cost": 18.88, "Plan Width": 4, "Parent Relationship": "Inner", "Total Cost": 18.88, "Plans": [{"Actual Startup Time": 0.0, "Plan Rows": 4, "Actual Loops": 0, "Rows Removed by Filter": 0, "Startup Cost": 0.0, "Alias": "rt", "Node Type": "Seq Scan", "Actual Total Time": 0.0, "Actual Rows": 0, "Relation Name": "role_type", "Filter": "((role)::text = 'actress'::text)", "Parent Relationship": "Outer", "Total Cost": 18.88, "Plan Width": 4}]}], "Join Type": "Inner", "Node Type": "Hash Join", "Actual Total Time": 0.001, "Actual Rows": 0, "Parent Relationship": "Outer", "Total Cost": 50.94, "Plan Width": 12}], "Hash Buckets": 1024, "Original Hash Buckets": 1024, "Node Type": "Hash", "Actual Total Time": 0.001, "Actual Rows": 0, "Parent Relationship": "Inner", "Hash Batches": 1, "Total Cost": 50.94, "Plan Width": 12}], "Join Type": "Inner", "Node Type": "Hash Join", "Actual Total Time": 0.048, "Actual Rows": 0, "Parent Relationship": "Outer", "Total Cost": 23859.23, "Plan Width": 16}, {"Actual Startup Time": 0.0, "Plan Rows": 22, "Actual Loops": 0, "Startup Cost": 23.24, "Hash Cond": "(mc.movie_id = mi.movie_id)", "Plans": [{"Actual Startup Time": 0.0, "Plan Rows": 2609129, "Actual Loops": 0, "Startup Cost": 0.0, "Alias": "mc", "Node Type": "Seq Scan", "Actual Total Time": 0.0, "Actual Rows": 0, "Parent Relationship": "Outer", "Relation Name": "movie_companies", "Total Cost": 44881.29, "Plan Width": 8}, {"Actual Startup Time": 0.0, "Plan Rows": 4, "Node Type": "Hash", "Actual Loops": 0, "Actual Total Time": 0.0, "Actual Rows": 0, "Startup Cost": 23.19, "Plan Width": 4, "Parent Relationship": "Inner", "Total Cost": 23.19, "Plans": [{"Actual Startup Time": 0.0, "Plan Rows": 4, "Actual Loops": 0, "Startup Cost": 2.43, "Hash Cond": "(mi.info_type_id = it.id)", "Plans": [{"Actual Startup Time": 0.0, "Plan Rows": 780, "Actual Loops": 0, "Startup Cost": 0.0, "Alias": "mi", "Node Type": "Seq Scan", "Actual Total Time": 0.0, "Actual Rows": 0, "Parent Relationship": "Outer", "Relation Name": "movie_info", "Total Cost": 17.8, "Plan Width": 8}, {"Actual Startup Time": 0.0, "Plan Rows": 1, "Node Type": "Hash", "Actual Loops": 0, "Actual Total Time": 0.0, "Actual Rows": 0, "Startup Cost": 2.41, "Plan Width": 4, "Parent Relationship": "Inner", "Total Cost": 2.41, "Plans": [{"Actual Startup Time": 0.0, "Plan Rows": 1, "Actual Loops": 0, "Rows Removed by Filter": 0, "Startup Cost": 0.0, "Alias": "it", "Node Type": "Seq Scan", "Actual Total Time": 0.0, "Actual Rows": 0, "Relation Name": "info_type", "Filter": "((info)::text = 'release dates'::text)", "Parent Relationship": "Outer", "Total Cost": 2.41, "Plan Width": 4}]}], "Join Type": "Inner", "Node Type": "Hash Join", "Actual Total Time": 0.0, "Actual Rows": 0, "Parent Relationship": "Outer", "Total Cost": 23.19, "Plan Width": 4}]}], "Join Type": "Inner", "Node Type": "Hash Join", "Actual Total Time": 0.0, "Actual Rows": 0, "Parent Relationship": "Inner", "Total Cost": 54688.98, "Plan Width": 12}], "Join Type": "Inner", "Node Type": "Nested Loop", "Actual Total Time": 0.049, "Actual Rows": 0, "Parent Relationship": "Outer", "Total Cost": 78548.49, "Plan Width": 28}, {"Index Name": "char_name_pkey", "Actual Startup Time": 0.0, "Relation Name": "char_name", "Actual Loops": 0, "Plan Rows": 1, "Startup Cost": 0.43, "Rows Removed by Index Recheck": 0, "Parent Relationship": "Inner", "Alias": "chn", "Node Type": "Index Only Scan", "Scan Direction": "Forward", "Actual Total Time": 0.0, "Actual Rows": 0, "Heap Fetches": 0, "Index Cond": "(id = ci.person_role_id)", "Total Cost": 8.45, "Plan Width": 4}], "Join Type": "Inner", "Node Type": "Nested Loop", "Actual Total Time": 0.049, "Actual Rows": 0, "Parent Relationship": "Outer", "Total Cost": 78556.94, "Plan Width": 24}, {"Index Name": "company_name_pkey", "Actual Startup Time": 0.0, "Relation Name": "company_name", "Actual Loops": 0, "Plan Rows": 1, "Startup Cost": 0.42, "Rows Removed by Index Recheck": 0, "Rows Removed by Filter": 0, "Alias": "cn", "Node Type": "Index Scan", "Scan Direction": "Forward", "Actual Total Time": 0.0, "Actual Rows": 0, "Index Cond": "(id = mc.company_id)", "Filter": "((country_code)::text = '[se]'::text)", "Parent Relationship": "Inner", "Total Cost": 0.45, "Plan Width": 4}], "Join Type": "Inner", "Node Type": "Nested Loop", "Actual Total Time": 0.049, "Actual Rows": 0, "Parent Relationship": "Outer", "Total Cost": 78557.4, "Plan Width": 20}, {"Index Name": "name_pkey", "Actual Startup Time": 0.0, "Relation Name": "name", "Actual Loops": 0, "Plan Rows": 1, "Startup Cost": 0.43, "Rows Removed by Index Recheck": 0, "Rows Removed by Filter": 0, "Alias": "n", "Node Type": "Index Scan", "Scan Direction": "Forward", "Actual Total Time": 0.0, "Actual Rows": 0, "Index Cond": "(id = an.person_id)", "Filter": "((gender)::text = 'f'::text)", "Parent Relationship": "Inner", "Total Cost": 0.76, "Plan Width": 19}], "Join Type": "Inner", "Node Type": "Nested Loop", "Actual Total Time": 0.049, "Actual Rows": 0, "Parent Relationship": "Outer", "Total Cost": 78558.18, "Plan Width": 27}, {"Index Name": "title_pkey", "Actual Startup Time": 0.0, "Relation Name": "title", "Actual Loops": 0, "Plan Rows": 1, "Startup Cost": 0.43, "Rows Removed by Index Recheck": 0, "Rows Removed by Filter": 0, "Alias": "t", "Node Type": "Index Scan", "Scan Direction": "Forward", "Actual Total Time": 0.0, "Actual Rows": 0, "Index Cond": "(id = mc.movie_id)", "Filter": "(production_year > 1966)", "Parent Relationship": "Inner", "Total Cost": 0.52, "Plan Width": 21}], "Join Type": "Inner", "Node Type": "Nested Loop", "Actual Total Time": 0.05, "Actual Rows": 0, "Parent Relationship": "Outer", "Total Cost": 78558.71, "Plan Width": 32}]}, "Triggers": [], "Planning Time": 22.023, "Execution Time": 0.336}]]]}
{"start_time": 1569073761.4123075, "plan": [[[{"Plan": {"Actual Startup Time": 0.256, "Plan Rows": 1, "Node Type": "Aggregate", "Actual Loops": 1, "Actual Total Time": 0.256, "Actual Rows": 1, "Plan Width": 32, "Startup Cost": 82399.69, "Strategy": "Plain", "Total Cost": 82399.7, "Plans": [{"Actual Startup Time": 0.251, "Plan Rows": 1, "Join Filter": "(mi.movie_id = t.id)", "Actual Loops": 1, "Startup Cost": 65.76, "Rows Removed by Join Filter": 0, "Plans": [{"Actual Startup Time": 0.251, "Plan Rows": 1, "Join Filter": "(ci.person_id = n.id)", "Actual Loops": 1, "Startup Cost": 65.33, "Rows Removed by Join Filter": 0, "Plans": [{"Actual Startup Time": 0.251, "Plan Rows": 1, "Join Filter": "(mi.info_type_id = it.id)", "Actual Loops": 1, "Startup Cost": 64.9, "Rows Removed by Join Filter": 0, "Plans": [{"Actual Startup Time": 0.25, "Plan Rows": 1, "Actual Loops": 1, "Startup Cost": 64.9, "Plans": [{"Actual Startup Time": 0.25, "Plan Rows": 1, "Actual Loops": 1, "Startup Cost": 64.48, "Plans": [{"Actual Startup Time": 0.25, "Plan Rows": 1, "Join Filter": "(mi.movie_id = ci.movie_id)", "Actual Loops": 1, "Startup Cost": 64.05, "Rows Removed by Join Filter": 0, "Plans": [{"Actual Startup Time": 0.249, "Plan Rows": 1, "Actual Loops": 1, "Startup Cost": 21.71, "Hash Cond": "(mc.movie_id = mi.movie_id)", "Plans": [{"Actual Startup Time": 0.204, "Plan Rows": 156420, "Actual Loops": 1, "Rows Removed by Filter": 248, "Startup Cost": 0.0, "Alias": "mc", "Node Type": "Seq Scan", "Actual Total Time": 0.204, "Actual Rows": 1, "Relation Name": "movie_companies", "Filter": "((note IS NOT NULL) AND ((note ~~ '%(2009)%'::text) OR (note ~~ '%(theatrical)%'::text)))", "Parent Relationship": "Outer", "Total Cost": 57926.93, "Plan Width": 8}, {"Actual Startup Time": 0.001, "Plan Rows": 1, "Peak Memory Usage": 8, "Actual Loops": 1, "Startup Cost": 21.7, "Original Hash Batches": 1, "Plans": [{"Actual Startup Time": 0.001, "Plan Rows": 1, "Actual Loops": 1, "Rows Removed by Filter": 0, "Startup Cost": 0.0, "Alias": "mi", "Node Type": "Seq Scan", "Actual Total Time": 0.001, "Actual Rows": 0, "Relation Name": "movie_info", "Filter": "((info IS NOT NULL) AND ((info ~~ '%Chile:% 200%'::text) OR (info ~~ '%Kuwait:% 200%'::text)))", "Parent Relationship": "Outer", "Total Cost": 21.7, "Plan Width": 8}], "Hash Buckets": 1024, "Original Hash Buckets": 1024, "Node Type": "Hash", "Actual Total Time": 0.001, "Actual Rows": 0, "Parent Relationship": "Inner", "Hash Batches": 1, "Total Cost": 21.7, "Plan Width": 8}], "Join Type": "Inner", "Node Type": "Hash Join", "Actual Total Time": 0.249, "Actual Rows": 0, "Parent Relationship": "Outer", "Total Cost": 58535.23, "Plan Width": 16}, {"Actual Startup Time": 0.0, "Plan Rows": 1, "Actual Loops": 0, "Startup Cost": 42.34, "Hash Cond": "(an.person_id = ci.person_id)", "Plans": [{"Actual Startup Time": 0.0, "Plan Rows": 902055, "Actual Loops": 0, "Startup Cost": 0.0, "Alias": "an", "Node Type": "Seq Scan", "Actual Total Time": 0.0, "Actual Rows": 0, "Parent Relationship": "Outer", "Relation Name": "aka_name", "Total Cost": 20425.55, "Plan Width": 4}, {"Actual Startup Time": 0.0, "Plan Rows": 1, "Node Type": "Hash", "Actual Loops": 0, "Actual Total Time": 0.0, "Actual Rows": 0, "Startup Cost": 42.33, "Plan Width": 12, "Parent Relationship": "Inner", "Total Cost": 42.33, "Plans": [{"Actual Startup Time": 0.0, "Plan Rows": 1, "Actual Loops": 0, "Startup Cost": 18.93, "Hash Cond": "(ci.role_id = rt.id)", "Plans": [{"Actual Startup Time": 0.0, "Plan Rows": 15, "Actual Loops": 0, "Rows Removed by Filter": 0, "Startup Cost": 0.0, "Alias": "ci", "Node Type": "Seq Scan", "Actual Total Time": 0.0, "Actual Rows": 0, "Relation Name": "cast_info", "Filter": "(note = ANY ('{(voice),\"(as Deneen D. Tyler)\",(uncredited)}'::text[]))", "Parent Relationship": "Outer", "Total Cost": 23.34, "Plan Width": 16}, {"Actual Startup Time": 0.0, "Plan Rows": 4, "Node Type": "Hash", "Actual Loops": 0, "Actual Total Time": 0.0, "Actual Rows": 0, "Startup Cost": 18.88, "Plan Width": 4, "Parent Relationship": "Inner", "Total Cost": 18.88, "Plans": [{"Actual Startup Time": 0.0, "Plan Rows": 4, "Actual Loops": 0, "Rows Removed by Filter": 0, "Startup Cost": 0.0, "Alias": "rt", "Node Type": "Seq Scan", "Actual Total Time": 0.0, "Actual Rows": 0, "Relation Name": "role_type", "Filter": "((role)::text = 'actress'::text)", "Parent Relationship": "Outer", "Total Cost": 18.88, "Plan Width": 4}]}], "Join Type": "Inner", "Node Type": "Hash Join", "Actual Total Time": 0.0, "Actual Rows": 0, "Parent Relationship": "Outer", "Total Cost": 42.33, "Plan Width": 12}]}], "Join Type": "Inner", "Node Type": "Hash Join", "Actual Total Time": 0.0, "Actual Rows": 0, "Parent Relationship": "Inner", "Total Cost": 23850.62, "Plan Width": 16}], "Join Type": "Inner", "Node Type": "Nested Loop", "Actual Total Time": 0.25, "Actual Rows": 0, "Parent Relationship": "Outer", "Total Cost": 82385.86, "Plan Width": 32}, {"Index Name": "char_name_pkey", "Actual Startup Time": 0.0, "Relation Name": "char_name", "Actual Loops": 0, "Plan Rows": 1, "Startup Cost": 0.43, "Rows Removed by Index Recheck": 0, "Parent Relationship": "Inner", "Alias": "chn", "Node Type": "Index Only Scan", "Scan Direction": "Forward", "Actual Total Time": 0.0, "Actual Rows": 0, "Heap Fetches": 0, "Index Cond": "(id = ci.person_role_id)", "Total Cost": 8.45, "Plan Width": 4}], "Join Type": "Inner", "Node Type": "Nested Loop", "Actual Total Time": 0.25, "Actual Rows": 0, "Parent Relationship": "Outer", "Total Cost": 82394.32, "Plan Width": 28}, {"Index Name": "company_name_pkey", "Actual Startup Time": 0.0, "Relation Name": "company_name", "Actual Loops": 0, "Plan Rows": 1, "Startup Cost": 0.42, "Rows Removed by Index Recheck": 0, "Rows Removed by Filter": 0, "Alias": "cn", "Node Type": "Index Scan", "Scan Direction": "Forward", "Actual Total Time": 0.0, "Actual Rows": 0, "Index Cond": "(id = mc.company_id)", "Filter": "((country_code)::text = '[sg]'::text)", "Parent Relationship": "Inner", "Total Cost": 0.54, "Plan Width": 4}], "Join Type": "Inner", "Node Type": "Nested Loop", "Actual Total Time": 0.25, "Actual Rows": 0, "Parent Relationship": "Outer", "Total Cost": 82394.87, "Plan Width": 24}, {"Actual Startup Time": 0.0, "Plan Rows": 1, "Actual Loops": 0, "Rows Removed by Filter": 0, "Startup Cost": 0.0, "Alias": "it", "Node Type": "Seq Scan", "Actual Total Time": 0.0, "Actual Rows": 0, "Relation Name": "info_type", "Filter": "((info)::text = 'release dates'::text)", "Parent Relationship": "Inner", "Total Cost": 2.41, "Plan Width": 4}], "Join Type": "Inner", "Node Type": "Nested Loop", "Actual Total Time": 0.251, "Actual Rows": 0, "Parent Relationship": "Outer", "Total Cost": 82397.29, "Plan Width": 20}, {"Index Name": "name_pkey", "Actual Startup Time": 0.0, "Relation Name": "name", "Actual Loops": 0, "Plan Rows": 1, "Startup Cost": 0.43, "Rows Removed by Index Recheck": 0, "Rows Removed by Filter": 0, "Alias": "n", "Node Type": "Index Scan", "Scan Direction": "Forward", "Actual Total Time": 0.0, "Actual Rows": 0, "Index Cond": "(id = an.person_id)", "Filter": "((name ~~ '%Ty%'::text) AND ((gender)::text = 'f'::text))", "Parent Relationship": "Inner", "Total Cost": 0.77, "Plan Width": 19}], "Join Type": "Inner", "Node Type": "Nested Loop", "Actual Total Time": 0.251, "Actual Rows": 0, "Parent Relationship": "Outer", "Total Cost": 82398.07, "Plan Width": 27}, {"Index Name": "title_pkey", "Actual Startup Time": 0.0, "Relation Name": "title", "Actual Loops": 0, "Plan Rows": 1, "Startup Cost": 0.43, "Rows Removed by Index Recheck": 0, "Rows Removed by Filter": 0, "Alias": "t", "Node Type": "Index Scan", "Scan Direction": "Forward", "Actual Total Time": 0.0, "Actual Rows": 0, "Index Cond": "(id = mc.movie_id)", "Filter": "((production_year >= 1939) AND (production_year <= 2009))", "Parent Relationship": "Inner", "Total Cost": 1.6, "Plan Width": 21}], "Join Type": "Inner", "Node Type": "Nested Loop", "Actual Total Time": 0.251, "Actual Rows": 0, "Parent Relationship": "Outer", "Total Cost": 82399.69, "Plan Width": 32}]}, "Triggers": [], "Planning Time": 22.387, "Execution Time": 0.548}]]]}
