{"start_time": 1569073722.0929801, "plan": [[[{"Plan": {"Actual Startup Time": 0.052, "Plan Rows": 1, "Node Type": "Aggregate", "Actual Loops": 1, "Actual Total Time": 0.052, "Actual Rows": 1, "Plan Width": 32, "Startup Cost": 78555.02, "Strategy": "Plain", "Total Cost": 78555.03, "Plans": [{"Actual Startup Time": 0.05, "Plan Rows": 1, "Join Filter": "(mi.movie_id = t.id)", "Actual Loops": 1, "Startup Cost": 72.21, "Rows Removed by Join Filter": 0, "Plans": [{"Actual Startup Time": 0.05, "Plan Rows": 1, "Join Filter": "(ci.person_id = n.id)", "Actual Loops": 1, "Startup Cost": 71.78, "Rows Removed by Join Filter": 0, "Plans": [{"Actual Startup Time": 0.049, "Plan Rows": 1, "Actual Loops": 1, "Startup Cost": 71.35, "Plans": [{"Actual Startup Time": 0.049, "Plan Rows": 1, "Actual Loops": 1, "Startup Cost": 70.93, "Plans": [{"Actual Startup Time": 0.049, "Plan Rows": 1, "Join Filter": "(ci.movie_id = mi.movie_id)", "Actual Loops": 1, "Startup Cost": 70.5, "Rows Removed by Join Filter": 0, "Plans": [{"Actual Startup Time": 0.049, "Plan Rows": 1, "Actual Loops": 1, "Startup Cost": 47.26, "Hash Cond": "(an.person_id = ci.person_id)", "Plans": [{"Actual Startup Time": 0.006, "Plan Rows": 902055, "Actual Loops": 1, "Startup Cost": 0.0, "Alias": "an", "Node Type": "Seq Scan", "Actual Total Time": 0.006, "Actual Rows": 1, "Parent Relationship": "Outer", "Relation Name": "aka_name", "Total Cost": 20425.55, "Plan Width": 4}, {"Actual Startup Time": 0.001, "Plan Rows": 1, "Peak Memory Usage": 8, "Actual Loops": 1, "Startup Cost": 47.25, "Original Hash Batches": 1, "Plans": [{"Actual Startup Time": 0.001, "Plan Rows": 1, "Actual Loops": 1, "Startup Cost": 18.93, "Hash Cond": "(ci.role_id = rt.id)", "Plans": [{"Actual Startup Time": 0.0, "Plan Rows": 34, "Actual Loops": 1, "Rows Removed by Filter": 0, "Startup Cost": 0.0, "Alias": "ci", "Node Type": "Seq Scan", "Actual Total Time": 0.0, "Actual Rows": 0, "Relation Name": "cast_info", "Filter": "(note = ANY ('{\"(elderly man)\",\"(as Kurt Pieritz)\",\"(as ''Enano'' Margarito Esparza)\",\"(as Siddu)\",\"(as Georgious Coupeloussis)\",\"(as Paul Walia)\",\"(as Boubker Hilal)\"}'::text[]))", "Parent Relationship": "Outer", "Total Cost": 28.19, "Plan Width": 16}, {"Actual Startup Time": 0.0, "Plan Rows": 4, "Node Type": "Hash", "Actual Loops": 0, "Actual Total Time": 0.0, "Actual Rows": 0, "Startup Cost": 18.88, "Plan Width": 4, "Parent Relationship": "Inner", "Total Cost": 18.88, "Plans": [{"Actual Startup Time": 0.0, "Plan Rows": 4, "Actual Loops": 0, "Rows Removed by Filter": 0, "Startup Cost": 0.0, "Alias": "rt", "Node Type": "Seq Scan", "Actual Total Time": 0.0, "Actual Rows": 0, "Relation Name": "role_type", "Filter": "((role)::text = 'actor'::text)", "Parent Relationship": "Outer", "Total Cost": 18.88, "Plan Width": 4}]}], "Join Type": "Inner", "Node Type": "Hash Join", "Actual Total Time": 0.001, "Actual Rows": 0, "Parent Relationship": "Outer", "Total Cost": 47.25, "Plan Width": 12}], "Hash Buckets": 1024, "Original Hash Buckets": 1024, "Node Type": "Hash", "Actual Total Time": 0.001, "Actual Rows": 0, "Parent Relationship": "Inner", "Hash Batches": 1, "Total Cost": 47.25, "Plan Width": 12}], "Join Type": "Inner", "Node Type": "Hash Join", "Actual Total Time": 0.049, "Actual Rows": 0, "Parent Relationship": "Outer", "Total Cost": 23855.54, "Plan Width": 16}, {"Actual Startup Time": 0.0, "Plan Rows": 22, "Actual Loops": 0, "Startup Cost": 23.24, "Hash Cond": "(mc.movie_id = mi.movie_id)", "Plans": [{"Actual Startup Time": 0.0, "Plan Rows": 2609129, "Actual Loops": 0, "Startup Cost": 0.0, "Alias": "mc", "Node Type": "Seq Scan", "Actual Total Time": 0.0, "Actual Rows": 0, "Parent Relationship": "Outer", "Relation Name": "movie_companies", "Total Cost": 44881.29, "Plan Width": 8}, {"Actual Startup Time": 0.0, "Plan Rows": 4, "Node Type": "Hash", "Actual Loops": 0, "Actual Total Time": 0.0, "Actual Rows": 0, "Startup Cost": 23.19, "Plan Width": 4, "Parent Relationship": "Inner", "Total Cost": 23.19, "Plans": [{"Actual Startup Time": 0.0, "Plan Rows": 4, "Actual Loops": 0, "Startup Cost": 2.43, "Hash Cond": "(mi.info_type_id = it.id)", "Plans": [{"Actual Startup Time": 0.0, "Plan Rows": 780, "Actual Loops": 0, "Startup Cost": 0.0, "Alias": "mi", "Node Type": "Seq Scan", "Actual Total Time": 0.0, "Actual Rows": 0, "Parent Relationship": "Outer", "Relation Name": "movie_info", "Total Cost": 17.8, "Plan Width": 8}, {"Actual Startup Time": 0.0, "Plan Rows": 1, "Node Type": "Hash", "Actual Loops": 0, "Actual Total Time": 0.0, "Actual Rows": 0, "Startup Cost": 2.41, "Plan Width": 4, "Parent Relationship": "Inner", "Total Cost": 2.41, "Plans": [{"Actual Startup Time": 0.0, "Plan Rows": 1, "Actual Loops": 0, "Rows Removed by Filter": 0, "Startup Cost": 0.0, "Alias": "it", "Node Type": "Seq Scan", "Actual Total Time": 0.0, "Actual Rows": 0, "Relation Name": "info_type", "Filter": "((info)::text = 'release dates'::text)", "Parent Relationship": "Outer", "Total Cost": 2.41, "Plan Width": 4}]}], "Join Type": "Inner", "Node Type": "Hash Join", "Actual Total Time": 0.0, "Actual Rows": 0, "Parent Relationship": "Outer", "Total Cost": 23.19, "Plan Width": 4}]}], "Join Type": "Inner", "Node Type": "Hash Join", "Actual Total Time": 0.0, "Actual Rows": 0, "Parent Relationship": "Inner", "Total Cost": 54688.98, "Plan Width": 12}], "Join Type": "Inner", "Node Type": "Nested Loop", "Actual Total Time": 0.049, "Actual Rows": 0, "Parent Relationship": "Outer", "Total Cost": 78544.8, "Plan Width": 28}, {"Index Name": "char_name_pkey", "Actual Startup Time": 0.0, "Relation Name": "char_name", "Actual Loops": 0, "Plan Rows": 1, "Startup Cost": 0.43, "Rows Removed by Index Recheck": 0, "Parent Relationship": "Inner", "Alias": "chn", "Node Type": "Index Only Scan", "Scan Direction": "Forward", "Actual Total Time": 0.0, "Actual Rows": 0, "Heap Fetches": 0, "Index Cond": "(id = ci.person_role_id)", "Total Cost": 8.45, "Plan Width": 4}], "Join Type": "Inner", "Node Type": "Nested Loop", "Actual Total Time": 0.049, "Actual Rows": 0, "Parent Relationship": "Outer", "Total Cost": 78553.25, "Plan Width": 24}, {"Index Name": "company_name_pkey", "Actual Startup Time": 0.0, "Relation Name": "company_name", "Actual Loops": 0, "Plan Rows": 1, "Startup Cost": 0.42, "Rows Removed by Index Recheck": 0, "Rows Removed by Filter": 0, "Alias": "cn", "Node Type": "Index Scan", "Scan Direction": "Forward", "Actual Total Time": 0.0, "Actual Rows": 0, "Index Cond": "(id = mc.company_id)", "Filter": "((country_code)::text = '[gb]'::text)", "Parent Relationship": "Inner", "Total Cost": 0.45, "Plan Width": 4}], "Join Type": "Inner", "Node Type": "Nested Loop", "Actual Total Time": 0.049, "Actual Rows": 0, "Parent Relationship": "Outer", "Total Cost": 78553.71, "Plan Width": 20}, {"Index Name": "name_pkey", "Actual Startup Time": 0.0, "Relation Name": "name", "Actual Loops": 0, "Plan Rows": 1, "Startup Cost": 0.43, "Rows Removed by Index Recheck": 0, "Rows Removed by Filter": 0, "Alias": "n", "Node Type": "Index Scan", "Scan Direction": "Forward", "Actual Total Time": 0.0, "Actual Rows": 0, "Index Cond": "(id = an.person_id)", "Filter": "((gender)::text = 'm'::text)", "Parent Relationship": "Inner", "Total Cost": 0.76, "Plan Width": 19}], "Join Type": "Inner", "Node Type": "Nested Loop", "Actual Total Time": 0.05, "Actual Rows": 0, "Parent Relationship": "Outer", "Total Cost": 78554.49, "Plan Width": 27}, {"Index Name": "title_pkey", "Actual Startup Time": 0.0, "Relation Name": "title", "Actual Loops": 0, "Plan Rows": 1, "Startup Cost": 0.43, "Rows Removed by Index Recheck": 0, "Rows Removed by Filter": 0, "Alias": "t", "Node Type": "Index Scan", "Scan Direction": "Forward", "Actual Total Time": 0.0, "Actual Rows": 0, "Index Cond": "(id = mc.movie_id)", "Filter": "(production_year > 1966)", "Parent Relationship": "Inner", "Total Cost": 0.52, "Plan Width": 21}], "Join Type": "Inner", "Node Type": "Nested Loop", "Actual Total Time": 0.05, "Actual Rows": 0, "Parent Relationship": "Outer", "Total Cost": 78555.02, "Plan Width": 32}]}, "Triggers": [], "Planning Time": 22.224, "Execution Time": 0.337}]]]}
{"start_time": 1569073722.0929801, "plan": [[[{"Plan": {"Actual Startup Time": 0.055, "Plan Rows": 1, "Node Type": "Aggregate", "Actual Loops": 1, "Actual Total Time": 0.055, "Actual Rows": 1, "Plan Width": 32, "Startup Cost": 78555.02, "Strategy": "Plain", "Total Cost": 78555.03, "Plans": [{"Actual Startup Time": 0.052, "Plan Rows": 1, "Join Filter": "(mi.movie_id = t.id)", "Actual Loops": 1, "Startup Cost": 72.21, "Rows Removed by Join Filter": 0, "Plans": [{"Actual Startup Time": 0.052, "Plan Rows": 1, "Join Filter": "(ci.person_id = n.id)", "Actual Loops": 1, "Startup Cost": 71.78, "Rows Removed by Join Filter": 0, "Plans": [{"Actual Startup Time": 0.052, "Plan Rows": 1, "Actual Loops": 1, "Startup Cost": 71.35, "Plans": [{"Actual Startup Time": 0.052, "Plan Rows": 1, "Actual Loops": 1, "Startup Cost": 70.93, "Plans": [{"Actual Startup Time": 0.05, "Plan Rows": 1, "Join Filter": "(ci.movie_id = mi.movie_id)", "Actual Loops": 1, "Startup Cost": 70.5, "Rows Removed by Join Filter": 0, "Plans": [{"Actual Startup Time": 0.05, "Plan Rows": 1, "Actual Loops": 1, "Startup Cost": 47.26, "Hash Cond": "(an.person_id = ci.person_id)", "Plans": [{"Actual Startup Time": 0.006, "Plan Rows": 902055, "Actual Loops": 1, "Startup Cost": 0.0, "Alias": "an", "Node Type": "Seq Scan", "Actual Total Time": 0.006, "Actual Rows": 1, "Parent Relationship": "Outer", "Relation Name": "aka_name", "Total Cost": 20425.55, "Plan Width": 4}, {"Actual Startup Time": 0.001, "Plan Rows": 1, "Peak Memory Usage": 8, "Actual Loops": 1, "Startup Cost": 47.25, "Original Hash Batches": 1, "Plans": [{"Actual Startup Time": 0.001, "Plan Rows": 1, "Actual Loops": 1, "Startup Cost": 18.93, "Hash Cond": "(ci.role_id = rt.id)", "Plans": [{"Actual Startup Time": 0.001, "Plan Rows": 34, "Actual Loops": 1, "Rows Removed by Filter": 0, "Startup Cost": 0.0, "Alias": "ci", "Node Type": "Seq Scan", "Actual Total Time": 0.001, "Actual Rows": 0, "Relation Name": "cast_info", "Filter": "(note = ANY ('{\"(as Rudolf Svecen\u00fd)\",\"(as Karim Ra)\",\"(as Richard Lengrin)\",\"(as Dr. Robert Warren)\",\"(as Marcos Hondros)\",\"(segment ''Dog Nut'')\",\"(1987-1989) (series 1 & 2)\"}'::text[]))", "Parent Relationship": "Outer", "Total Cost": 28.19, "Plan Width": 16}, {"Actual Startup Time": 0.0, "Plan Rows": 4, "Node Type": "Hash", "Actual Loops": 0, "Actual Total Time": 0.0, "Actual Rows": 0, "Startup Cost": 18.88, "Plan Width": 4, "Parent Relationship": "Inner", "Total Cost": 18.88, "Plans": [{"Actual Startup Time": 0.0, "Plan Rows": 4, "Actual Loops": 0, "Rows Removed by Filter": 0, "Startup Cost": 0.0, "Alias": "rt", "Node Type": "Seq Scan", "Actual Total Time": 0.0, "Actual Rows": 0, "Relation Name": "role_type", "Filter": "((role)::text = 'actor'::text)", "Parent Relationship": "Outer", "Total Cost": 18.88, "Plan Width": 4}]}], "Join Type": "Inner", "Node Type": "Hash Join", "Actual Total Time": 0.001, "Actual Rows": 0, "Parent Relationship": "Outer", "Total Cost": 47.25, "Plan Width": 12}], "Hash Buckets": 1024, "Original Hash Buckets": 1024, "Node Type": "Hash", "Actual Total Time": 0.001, "Actual Rows": 0, "Parent Relationship": "Inner", "Hash Batches": 1, "Total Cost": 47.25, "Plan Width": 12}], "Join Type": "Inner", "Node Type": "Hash Join", "Actual Total Time": 0.05, "Actual Rows": 0, "Parent Relationship": "Outer", "Total Cost": 23855.54, "Plan Width": 16}, {"Actual Startup Time": 0.0, "Plan Rows": 22, "Actual Loops": 0, "Startup Cost": 23.24, "Hash Cond": "(mc.movie_id = mi.movie_id)", "Plans": [{"Actual Startup Time": 0.0, "Plan Rows": 2609129, "Actual Loops": 0, "Startup Cost": 0.0, "Alias": "mc", "Node Type": "Seq Scan", "Actual Total Time": 0.0, "Actual Rows": 0, "Parent Relationship": "Outer", "Relation Name": "movie_companies", "Total Cost": 44881.29, "Plan Width": 8}, {"Actual Startup Time": 0.0, "Plan Rows": 4, "Node Type": "Hash", "Actual Loops": 0, "Actual Total Time": 0.0, "Actual Rows": 0, "Startup Cost": 23.19, "Plan Width": 4, "Parent Relationship": "Inner", "Total Cost": 23.19, "Plans": [{"Actual Startup Time": 0.0, "Plan Rows": 4, "Actual Loops": 0, "Startup Cost": 2.43, "Hash Cond": "(mi.info_type_id = it.id)", "Plans": [{"Actual Startup Time": 0.0, "Plan Rows": 780, "Actual Loops": 0, "Startup Cost": 0.0, "Alias": "mi", "Node Type": "Seq Scan", "Actual Total Time": 0.0, "Actual Rows": 0, "Parent Relationship": "Outer", "Relation Name": "movie_info", "Total Cost": 17.8, "Plan Width": 8}, {"Actual Startup Time": 0.0, "Plan Rows": 1, "Node Type": "Hash", "Actual Loops": 0, "Actual Total Time": 0.0, "Actual Rows": 0, "Startup Cost": 2.41, "Plan Width": 4, "Parent Relationship": "Inner", "Total Cost": 2.41, "Plans": [{"Actual Startup Time": 0.0, "Plan Rows": 1, "Actual Loops": 0, "Rows Removed by Filter": 0, "Startup Cost": 0.0, "Alias": "it", "Node Type": "Seq Scan", "Actual Total Time": 0.0, "Actual Rows": 0, "Relation Name": "info_type", "Filter": "((info)::text = 'release dates'::text)", "Parent Relationship": "Outer", "Total Cost": 2.41, "Plan Width": 4}]}], "Join Type": "Inner", "Node Type": "Hash Join", "Actual Total Time": 0.0, "Actual Rows": 0, "Parent Relationship": "Outer", "Total Cost": 23.19, "Plan Width": 4}]}], "Join Type": "Inner", "Node Type": "Hash Join", "Actual Total Time": 0.0, "Actual Rows": 0, "Parent Relationship": "Inner", "Total Cost": 54688.98, "Plan Width": 12}], "Join Type": "Inner", "Node Type": "Nested Loop", "Actual Total Time": 0.05, "Actual Rows": 0, "Parent Relationship": "Outer", "Total Cost": 78544.8, "Plan Width": 28}, {"Index Name": "char_name_pkey", "Actual Startup Time": 0.0, "Relation Name": "char_name", "Actual Loops": 0, "Plan Rows": 1, "Startup Cost": 0.43, "Rows Removed by Index Recheck": 0, "Parent Relationship": "Inner", "Alias": "chn", "Node Type": "Index Only Scan", "Scan Direction": "Forward", "Actual Total Time": 0.0, "Actual Rows": 0, "Heap Fetches": 0, "Index Cond": "(id = ci.person_role_id)", "Total Cost": 8.45, "Plan Width": 4}], "Join Type": "Inner", "Node Type": "Nested Loop", "Actual Total Time": 0.052, "Actual Rows": 0, "Parent Relationship": "Outer", "Total Cost": 78553.25, "Plan Width": 24}, {"Index Name": "company_name_pkey", "Actual Startup Time": 0.0, "Relation Name": "company_name", "Actual Loops": 0, "Plan Rows": 1, "Startup Cost": 0.42, "Rows Removed by Index Recheck": 0, "Rows Removed by Filter": 0, "Alias": "cn", "Node Type": "Index Scan", "Scan Direction": "Forward", "Actual Total Time": 0.0, "Actual Rows": 0, "Index Cond": "(id = mc.company_id)", "Filter": "((country_code)::text = '[cshh]'::text)", "Parent Relationship": "Inner", "Total Cost": 0.45, "Plan Width": 4}], "Join Type": "Inner", "Node Type": "Nested Loop", "Actual Total Time": 0.052, "Actual Rows": 0, "Parent Relationship": "Outer", "Total Cost": 78553.71, "Plan Width": 20}, {"Index Name": "name_pkey", "Actual Startup Time": 0.0, "Relation Name": "name", "Actual Loops": 0, "Plan Rows": 1, "Startup Cost": 0.43, "Rows Removed by Index Recheck": 0, "Rows Removed by Filter": 0, "Alias": "n", "Node Type": "Index Scan", "Scan Direction": "Forward", "Actual Total Time": 0.0, "Actual Rows": 0, "Index Cond": "(id = an.person_id)", "Filter": "((gender)::text = 'm'::text)", "Parent Relationship": "Inner", "Total Cost": 0.76, "Plan Width": 19}], "Join Type": "Inner", "Node Type": "Nested Loop", "Actual Total Time": 0.052, "Actual Rows": 0, "Parent Relationship": "Outer", "Total Cost": 78554.49, "Plan Width": 27}, {"Index Name": "title_pkey", "Actual Startup Time": 0.0, "Relation Name": "title", "Actual Loops": 0, "Plan Rows": 1, "Startup Cost": 0.43, "Rows Removed by Index Recheck": 0, "Rows Removed by Filter": 0, "Alias": "t", "Node Type": "Index Scan", "Scan Direction": "Forward", "Actual Total Time": 0.0, "Actual Rows": 0, "Index Cond": "(id = mc.movie_id)", "Filter": "(production_year > 1976)", "Parent Relationship": "Inner", "Total Cost": 0.52, "Plan Width": 21}], "Join Type": "Inner", "Node Type": "Nested Loop", "Actual Total Time": 0.052, "Actual Rows": 0, "Parent Relationship": "Outer", "Total Cost": 78555.02, "Plan Width": 32}]}, "Triggers": [], "Planning Time": 20.905, "Execution Time": 0.332}]]]}
{"start_time": 1569073722.0929801, "plan": [[[{"Plan": {"Actual Startup Time": 0.054, "Plan Rows": 1, "Node Type": "Aggregate", "Actual Loops": 1, "Actual Total Time": 0.055, "Actual Rows": 1, "Plan Width": 32, "Startup Cost": 78561.18, "Strategy": "Plain", "Total Cost": 78561.19, "Plans": [{"Actual Startup Time": 0.052, "Plan Rows": 1, "Join Filter": "(mi.movie_id = t.id)", "Actual Loops": 1, "Startup Cost": 78.37, "Rows Removed by Join Filter": 0, "Plans": [{"Actual Startup Time": 0.052, "Plan Rows": 1, "Join Filter": "(ci.person_id = n.id)", "Actual Loops": 1, "Startup Cost": 77.94, "Rows Removed by Join Filter": 0, "Plans": [{"Actual Startup Time": 0.051, "Plan Rows": 1, "Actual Loops": 1, "Startup Cost": 77.51, "Plans": [{"Actual Startup Time": 0.051, "Plan Rows": 1, "Actual Loops": 1, "Startup Cost": 77.09, "Plans": [{"Actual Startup Time": 0.051, "Plan Rows": 1, "Join Filter": "(ci.movie_id = mi.movie_id)", "Actual Loops": 1, "Startup Cost": 76.66, "Rows Removed by Join Filter": 0, "Plans": [{"Actual Startup Time": 0.051, "Plan Rows": 1, "Actual Loops": 1, "Startup Cost": 53.42, "Hash Cond": "(an.person_id = ci.person_id)", "Plans": [{"Actual Startup Time": 0.006, "Plan Rows": 902055, "Actual Loops": 1, "Startup Cost": 0.0, "Alias": "an", "Node Type": "Seq Scan", "Actual Total Time": 0.006, "Actual Rows": 1, "Parent Relationship": "Outer", "Relation Name": "aka_name", "Total Cost": 20425.55, "Plan Width": 4}, {"Actual Startup Time": 0.001, "Plan Rows": 1, "Peak Memory Usage": 8, "Actual Loops": 1, "Startup Cost": 53.4, "Original Hash Batches": 1, "Plans": [{"Actual Startup Time": 0.001, "Plan Rows": 1, "Actual Loops": 1, "Startup Cost": 18.93, "Hash Cond": "(ci.role_id = rt.id)", "Plans": [{"Actual Startup Time": 0.001, "Plan Rows": 58, "Actual Loops": 1, "Rows Removed by Filter": 0, "Startup Cost": 0.0, "Alias": "ci", "Node Type": "Seq Scan", "Actual Total Time": 0.001, "Actual Rows": 0, "Relation Name": "cast_info", "Filter": "(note = ANY ('{\"(as Athanasios ''Saki'' Cosmadakis)\",\"(as Yas Takahashi)\",\"(as Daniel Breen)\",\"(segment ''Spike Lee'')\",\"(as Jaume Jovell)\",\"(as Nikki Martell)\",\"(U. of Manitoba)\",\"(as Shuang Bao Wang)\",\"(as Josh Manson)\",\"(as Sinkovics Imre)\",\"(as Herman Timberg. Jr.)\",\"(as George Lee Cheung)\"}'::text[]))", "Parent Relationship": "Outer", "Total Cost": 34.25, "Plan Width": 16}, {"Actual Startup Time": 0.0, "Plan Rows": 4, "Node Type": "Hash", "Actual Loops": 0, "Actual Total Time": 0.0, "Actual Rows": 0, "Startup Cost": 18.88, "Plan Width": 4, "Parent Relationship": "Inner", "Total Cost": 18.88, "Plans": [{"Actual Startup Time": 0.0, "Plan Rows": 4, "Actual Loops": 0, "Rows Removed by Filter": 0, "Startup Cost": 0.0, "Alias": "rt", "Node Type": "Seq Scan", "Actual Total Time": 0.0, "Actual Rows": 0, "Relation Name": "role_type", "Filter": "((role)::text = 'actor'::text)", "Parent Relationship": "Outer", "Total Cost": 18.88, "Plan Width": 4}]}], "Join Type": "Inner", "Node Type": "Hash Join", "Actual Total Time": 0.001, "Actual Rows": 0, "Parent Relationship": "Outer", "Total Cost": 53.4, "Plan Width": 12}], "Hash Buckets": 1024, "Original Hash Buckets": 1024, "Node Type": "Hash", "Actual Total Time": 0.001, "Actual Rows": 0, "Parent Relationship": "Inner", "Hash Batches": 1, "Total Cost": 53.4, "Plan Width": 12}], "Join Type": "Inner", "Node Type": "Hash Join", "Actual Total Time": 0.051, "Actual Rows": 0, "Parent Relationship": "Outer", "Total Cost": 23861.69, "Plan Width": 16}, {"Actual Startup Time": 0.0, "Plan Rows": 22, "Actual Loops": 0, "Startup Cost": 23.24, "Hash Cond": "(mc.movie_id = mi.movie_id)", "Plans": [{"Actual Startup Time": 0.0, "Plan Rows": 2609129, "Actual Loops": 0, "Startup Cost": 0.0, "Alias": "mc", "Node Type": "Seq Scan", "Actual Total Time": 0.0, "Actual Rows": 0, "Parent Relationship": "Outer", "Relation Name": "movie_companies", "Total Cost": 44881.29, "Plan Width": 8}, {"Actual Startup Time": 0.0, "Plan Rows": 4, "Node Type": "Hash", "Actual Loops": 0, "Actual Total Time": 0.0, "Actual Rows": 0, "Startup Cost": 23.19, "Plan Width": 4, "Parent Relationship": "Inner", "Total Cost": 23.19, "Plans": [{"Actual Startup Time": 0.0, "Plan Rows": 4, "Actual Loops": 0, "Startup Cost": 2.43, "Hash Cond": "(mi.info_type_id = it.id)", "Plans": [{"Actual Startup Time": 0.0, "Plan Rows": 780, "Actual Loops": 0, "Startup Cost": 0.0, "Alias": "mi", "Node Type": "Seq Scan", "Actual Total Time": 0.0, "Actual Rows": 0, "Parent Relationship": "Outer", "Relation Name": "movie_info", "Total Cost": 17.8, "Plan Width": 8}, {"Actual Startup Time": 0.0, "Plan Rows": 1, "Node Type": "Hash", "Actual Loops": 0, "Actual Total Time": 0.0, "Actual Rows": 0, "Startup Cost": 2.41, "Plan Width": 4, "Parent Relationship": "Inner", "Total Cost": 2.41, "Plans": [{"Actual Startup Time": 0.0, "Plan Rows": 1, "Actual Loops": 0, "Rows Removed by Filter": 0, "Startup Cost": 0.0, "Alias": "it", "Node Type": "Seq Scan", "Actual Total Time": 0.0, "Actual Rows": 0, "Relation Name": "info_type", "Filter": "((info)::text = 'release dates'::text)", "Parent Relationship": "Outer", "Total Cost": 2.41, "Plan Width": 4}]}], "Join Type": "Inner", "Node Type": "Hash Join", "Actual Total Time": 0.0, "Actual Rows": 0, "Parent Relationship": "Outer", "Total Cost": 23.19, "Plan Width": 4}]}], "Join Type": "Inner", "Node Type": "Hash Join", "Actual Total Time": 0.0, "Actual Rows": 0, "Parent Relationship": "Inner", "Total Cost": 54688.98, "Plan Width": 12}], "Join Type": "Inner", "Node Type": "Nested Loop", "Actual Total Time": 0.051, "Actual Rows": 0, "Parent Relationship": "Outer", "Total Cost": 78550.95, "Plan Width": 28}, {"Index Name": "char_name_pkey", "Actual Startup Time": 0.0, "Relation Name": "char_name", "Actual Loops": 0, "Plan Rows": 1, "Startup Cost": 0.43, "Rows Removed by Index Recheck": 0, "Parent Relationship": "Inner", "Alias": "chn", "Node Type": "Index Only Scan", "Scan Direction": "Forward", "Actual Total Time": 0.0, "Actual Rows": 0, "Heap Fetches": 0, "Index Cond": "(id = ci.person_role_id)", "Total Cost": 8.45, "Plan Width": 4}], "Join Type": "Inner", "Node Type": "Nested Loop", "Actual Total Time": 0.051, "Actual Rows": 0, "Parent Relationship": "Outer", "Total Cost": 78559.41, "Plan Width": 24}, {"Index Name": "company_name_pkey", "Actual Startup Time": 0.0, "Relation Name": "company_name", "Actual Loops": 0, "Plan Rows": 1, "Startup Cost": 0.42, "Rows Removed by Index Recheck": 0, "Rows Removed by Filter": 0, "Alias": "cn", "Node Type": "Index Scan", "Scan Direction": "Forward", "Actual Total Time": 0.0, "Actual Rows": 0, "Index Cond": "(id = mc.company_id)", "Filter": "((country_code)::text = '[ca]'::text)", "Parent Relationship": "Inner", "Total Cost": 0.45, "Plan Width": 4}], "Join Type": "Inner", "Node Type": "Nested Loop", "Actual Total Time": 0.051, "Actual Rows": 0, "Parent Relationship": "Outer", "Total Cost": 78559.86, "Plan Width": 20}, {"Index Name": "name_pkey", "Actual Startup Time": 0.0, "Relation Name": "name", "Actual Loops": 0, "Plan Rows": 1, "Startup Cost": 0.43, "Rows Removed by Index Recheck": 0, "Rows Removed by Filter": 0, "Alias": "n", "Node Type": "Index Scan", "Scan Direction": "Forward", "Actual Total Time": 0.0, "Actual Rows": 0, "Index Cond": "(id = an.person_id)", "Filter": "((gender)::text = 'm'::text)", "Parent Relationship": "Inner", "Total Cost": 0.76, "Plan Width": 19}], "Join Type": "Inner", "Node Type": "Nested Loop", "Actual Total Time": 0.052, "Actual Rows": 0, "Parent Relationship": "Outer", "Total Cost": 78560.64, "Plan Width": 27}, {"Index Name": "title_pkey", "Actual Startup Time": 0.0, "Relation Name": "title", "Actual Loops": 0, "Plan Rows": 1, "Startup Cost": 0.43, "Rows Removed by Index Recheck": 0, "Rows Removed by Filter": 0, "Alias": "t", "Node Type": "Index Scan", "Scan Direction": "Forward", "Actual Total Time": 0.0, "Actual Rows": 0, "Index Cond": "(id = mc.movie_id)", "Filter": "(production_year > 1916)", "Parent Relationship": "Inner", "Total Cost": 0.52, "Plan Width": 21}], "Join Type": "Inner", "Node Type": "Nested Loop", "Actual Total Time": 0.052, "Actual Rows": 0, "Parent Relationship": "Outer", "Total Cost": 78561.17, "Plan Width": 32}]}, "Triggers": [], "Planning Time": 20.95, "Execution Time": 0.333}]]]}
{"start_time": 1569073722.0929801, "plan": [[[{"Plan": {"Actual Startup Time": 0.063, "Plan Rows": 1, "Node Type": "Aggregate", "Actual Loops": 1, "Actual Total Time": 0.063, "Actual Rows": 1, "Plan Width": 32, "Startup Cost": 78556.25, "Strategy": "Plain", "Total Cost": 78556.26, "Plans": [{"Actual Startup Time": 0.061, "Plan Rows": 1, "Join Filter": "(mi.movie_id = t.id)", "Actual Loops": 1, "Startup Cost": 73.44, "Rows Removed by Join Filter": 0, "Plans": [{"Actual Startup Time": 0.06, "Plan Rows": 1, "Join Filter": "(ci.person_id = n.id)", "Actual Loops": 1, "Startup Cost": 73.01, "Rows Removed by Join Filter": 0, "Plans": [{"Actual Startup Time": 0.06, "Plan Rows": 1, "Actual Loops": 1, "Startup Cost": 72.58, "Plans": [{"Actual Startup Time": 0.06, "Plan Rows": 1, "Actual Loops": 1, "Startup Cost": 72.16, "Plans": [{"Actual Startup Time": 0.06, "Plan Rows": 1, "Join Filter": "(ci.movie_id = mi.movie_id)", "Actual Loops": 1, "Startup Cost": 71.73, "Rows Removed by Join Filter": 0, "Plans": [{"Actual Startup Time": 0.06, "Plan Rows": 1, "Actual Loops": 1, "Startup Cost": 48.49, "Hash Cond": "(an.person_id = ci.person_id)", "Plans": [{"Actual Startup Time": 0.006, "Plan Rows": 902055, "Actual Loops": 1, "Startup Cost": 0.0, "Alias": "an", "Node Type": "Seq Scan", "Actual Total Time": 0.006, "Actual Rows": 1, "Parent Relationship": "Outer", "Relation Name": "aka_name", "Total Cost": 20425.55, "Plan Width": 4}, {"Actual Startup Time": 0.001, "Plan Rows": 1, "Peak Memory Usage": 8, "Actual Loops": 1, "Startup Cost": 48.48, "Original Hash Batches": 1, "Plans": [{"Actual Startup Time": 0.001, "Plan Rows": 1, "Actual Loops": 1, "Startup Cost": 18.93, "Hash Cond": "(ci.role_id = rt.id)", "Plans": [{"Actual Startup Time": 0.0, "Plan Rows": 39, "Actual Loops": 1, "Rows Removed by Filter": 0, "Startup Cost": 0.0, "Alias": "ci", "Node Type": "Seq Scan", "Actual Total Time": 0.0, "Actual Rows": 0, "Relation Name": "cast_info", "Filter": "(note = ANY ('{\"(as Kimberly Kay)\",\"(as Margo Devletian)\",\"(as Michelle Leigh Nicholson)\",\"(credit only) (as Elia Corral)\",\"(as Gurleen Chopra)\",\"(as Annie Duperey)\",\"(as Erin Kay Viraldo)\",\"(as Ma\u00ef Ahn L\u00ea)\"}'::text[]))", "Parent Relationship": "Outer", "Total Cost": 29.4, "Plan Width": 16}, {"Actual Startup Time": 0.0, "Plan Rows": 4, "Node Type": "Hash", "Actual Loops": 0, "Actual Total Time": 0.0, "Actual Rows": 0, "Startup Cost": 18.88, "Plan Width": 4, "Parent Relationship": "Inner", "Total Cost": 18.88, "Plans": [{"Actual Startup Time": 0.0, "Plan Rows": 4, "Actual Loops": 0, "Rows Removed by Filter": 0, "Startup Cost": 0.0, "Alias": "rt", "Node Type": "Seq Scan", "Actual Total Time": 0.0, "Actual Rows": 0, "Relation Name": "role_type", "Filter": "((role)::text = 'actress'::text)", "Parent Relationship": "Outer", "Total Cost": 18.88, "Plan Width": 4}]}], "Join Type": "Inner", "Node Type": "Hash Join", "Actual Total Time": 0.001, "Actual Rows": 0, "Parent Relationship": "Outer", "Total Cost": 48.48, "Plan Width": 12}], "Hash Buckets": 1024, "Original Hash Buckets": 1024, "Node Type": "Hash", "Actual Total Time": 0.001, "Actual Rows": 0, "Parent Relationship": "Inner", "Hash Batches": 1, "Total Cost": 48.48, "Plan Width": 12}], "Join Type": "Inner", "Node Type": "Hash Join", "Actual Total Time": 0.06, "Actual Rows": 0, "Parent Relationship": "Outer", "Total Cost": 23856.77, "Plan Width": 16}, {"Actual Startup Time": 0.0, "Plan Rows": 22, "Actual Loops": 0, "Startup Cost": 23.24, "Hash Cond": "(mc.movie_id = mi.movie_id)", "Plans": [{"Actual Startup Time": 0.0, "Plan Rows": 2609129, "Actual Loops": 0, "Startup Cost": 0.0, "Alias": "mc", "Node Type": "Seq Scan", "Actual Total Time": 0.0, "Actual Rows": 0, "Parent Relationship": "Outer", "Relation Name": "movie_companies", "Total Cost": 44881.29, "Plan Width": 8}, {"Actual Startup Time": 0.0, "Plan Rows": 4, "Node Type": "Hash", "Actual Loops": 0, "Actual Total Time": 0.0, "Actual Rows": 0, "Startup Cost": 23.19, "Plan Width": 4, "Parent Relationship": "Inner", "Total Cost": 23.19, "Plans": [{"Actual Startup Time": 0.0, "Plan Rows": 4, "Actual Loops": 0, "Startup Cost": 2.43, "Hash Cond": "(mi.info_type_id = it.id)", "Plans": [{"Actual Startup Time": 0.0, "Plan Rows": 780, "Actual Loops": 0, "Startup Cost": 0.0, "Alias": "mi", "Node Type": "Seq Scan", "Actual Total Time": 0.0, "Actual Rows": 0, "Parent Relationship": "Outer", "Relation Name": "movie_info", "Total Cost": 17.8, "Plan Width": 8}, {"Actual Startup Time": 0.0, "Plan Rows": 1, "Node Type": "Hash", "Actual Loops": 0, "Actual Total Time": 0.0, "Actual Rows": 0, "Startup Cost": 2.41, "Plan Width": 4, "Parent Relationship": "Inner", "Total Cost": 2.41, "Plans": [{"Actual Startup Time": 0.0, "Plan Rows": 1, "Actual Loops": 0, "Rows Removed by Filter": 0, "Startup Cost": 0.0, "Alias": "it", "Node Type": "Seq Scan", "Actual Total Time": 0.0, "Actual Rows": 0, "Relation Name": "info_type", "Filter": "((info)::text = 'release dates'::text)", "Parent Relationship": "Outer", "Total Cost": 2.41, "Plan Width": 4}]}], "Join Type": "Inner", "Node Type": "Hash Join", "Actual Total Time": 0.0, "Actual Rows": 0, "Parent Relationship": "Outer", "Total Cost": 23.19, "Plan Width": 4}]}], "Join Type": "Inner", "Node Type": "Hash Join", "Actual Total Time": 0.0, "Actual Rows": 0, "Parent Relationship": "Inner", "Total Cost": 54688.98, "Plan Width": 12}], "Join Type": "Inner", "Node Type": "Nested Loop", "Actual Total Time": 0.06, "Actual Rows": 0, "Parent Relationship": "Outer", "Total Cost": 78546.03, "Plan Width": 28}, {"Index Name": "char_name_pkey", "Actual Startup Time": 0.0, "Relation Name": "char_name", "Actual Loops": 0, "Plan Rows": 1, "Startup Cost": 0.43, "Rows Removed by Index Recheck": 0, "Parent Relationship": "Inner", "Alias": "chn", "Node Type": "Index Only Scan", "Scan Direction": "Forward", "Actual Total Time": 0.0, "Actual Rows": 0, "Heap Fetches": 0, "Index Cond": "(id = ci.person_role_id)", "Total Cost": 8.45, "Plan Width": 4}], "Join Type": "Inner", "Node Type": "Nested Loop", "Actual Total Time": 0.06, "Actual Rows": 0, "Parent Relationship": "Outer", "Total Cost": 78554.49, "Plan Width": 24}, {"Index Name": "company_name_pkey", "Actual Startup Time": 0.0, "Relation Name": "company_name", "Actual Loops": 0, "Plan Rows": 1, "Startup Cost": 0.42, "Rows Removed by Index Recheck": 0, "Rows Removed by Filter": 0, "Alias": "cn", "Node Type": "Index Scan", "Scan Direction": "Forward", "Actual Total Time": 0.0, "Actual Rows": 0, "Index Cond": "(id = mc.company_id)", "Filter": "((country_code)::text = '[at]'::text)", "Parent Relationship": "Inner", "Total Cost": 0.45, "Plan Width": 4}], "Join Type": "Inner", "Node Type": "Nested Loop", "Actual Total Time": 0.06, "Actual Rows": 0, "Parent Relationship": "Outer", "Total Cost": 78554.94, "Plan Width": 20}, {"Index Name": "name_pkey", "Actual Startup Time": 0.0, "Relation Name": "name", "Actual Loops": 0, "Plan Rows": 1, "Startup Cost": 0.43, "Rows Removed by Index Recheck": 0, "Rows Removed by Filter": 0, "Alias": "n", "Node Type": "Index Scan", "Scan Direction": "Forward", "Actual Total Time": 0.0, "Actual Rows": 0, "Index Cond": "(id = an.person_id)", "Filter": "((gender)::text = 'f'::text)", "Parent Relationship": "Inner", "Total Cost": 0.76, "Plan Width": 19}], "Join Type": "Inner", "Node Type": "Nested Loop", "Actual Total Time": 0.06, "Actual Rows": 0, "Parent Relationship": "Outer", "Total Cost": 78555.72, "Plan Width": 27}, {"Index Name": "title_pkey", "Actual Startup Time": 0.0, "Relation Name": "title", "Actual Loops": 0, "Plan Rows": 1, "Startup Cost": 0.43, "Rows Removed by Index Recheck": 0, "Rows Removed by Filter": 0, "Alias": "t", "Node Type": "Index Scan", "Scan Direction": "Forward", "Actual Total Time": 0.0, "Actual Rows": 0, "Index Cond": "(id = mc.movie_id)", "Filter": "(production_year > 1934)", "Parent Relationship": "Inner", "Total Cost": 0.52, "Plan Width": 21}], "Join Type": "Inner", "Node Type": "Nested Loop", "Actual Total Time": 0.061, "Actual Rows": 0, "Parent Relationship": "Outer", "Total Cost": 78556.25, "Plan Width": 32}]}, "Triggers": [], "Planning Time": 21.132, "Execution Time": 0.363}]]]}
{"start_time": 1569073722.0929801, "plan": [[[{"Plan": {"Actual Startup Time": 0.084, "Plan Rows": 1, "Node Type": "Aggregate", "Actual Loops": 1, "Actual Total Time": 0.084, "Actual Rows": 1, "Plan Width": 32, "Startup Cost": 78553.79, "Strategy": "Plain", "Total Cost": 78553.8, "Plans": [{"Actual Startup Time": 0.082, "Plan Rows": 1, "Join Filter": "(mi.movie_id = t.id)", "Actual Loops": 1, "Startup Cost": 70.98, "Rows Removed by Join Filter": 0, "Plans": [{"Actual Startup Time": 0.08, "Plan Rows": 1, "Join Filter": "(ci.person_id = n.id)", "Actual Loops": 1, "Startup Cost": 70.55, "Rows Removed by Join Filter": 0, "Plans": [{"Actual Startup Time": 0.08, "Plan Rows": 1, "Actual Loops": 1, "Startup Cost": 70.12, "Plans": [{"Actual Startup Time": 0.08, "Plan Rows": 1, "Actual Loops": 1, "Startup Cost": 69.7, "Plans": [{"Actual Startup Time": 0.08, "Plan Rows": 1, "Join Filter": "(ci.movie_id = mi.movie_id)", "Actual Loops": 1, "Startup Cost": 69.27, "Rows Removed by Join Filter": 0, "Plans": [{"Actual Startup Time": 0.08, "Plan Rows": 1, "Actual Loops": 1, "Startup Cost": 46.03, "Hash Cond": "(an.person_id = ci.person_id)", "Plans": [{"Actual Startup Time": 0.009, "Plan Rows": 902055, "Actual Loops": 1, "Startup Cost": 0.0, "Alias": "an", "Node Type": "Seq Scan", "Actual Total Time": 0.009, "Actual Rows": 1, "Parent Relationship": "Outer", "Relation Name": "aka_name", "Total Cost": 20425.55, "Plan Width": 4}, {"Actual Startup Time": 0.001, "Plan Rows": 1, "Peak Memory Usage": 8, "Actual Loops": 1, "Startup Cost": 46.02, "Original Hash Batches": 1, "Plans": [{"Actual Startup Time": 0.001, "Plan Rows": 1, "Actual Loops": 1, "Startup Cost": 18.93, "Hash Cond": "(ci.role_id = rt.id)", "Plans": [{"Actual Startup Time": 0.0, "Plan Rows": 29, "Actual Loops": 1, "Rows Removed by Filter": 0, "Startup Cost": 0.0, "Alias": "ci", "Node Type": "Seq Scan", "Actual Total Time": 0.0, "Actual Rows": 0, "Relation Name": "cast_info", "Filter": "(note = ANY ('{\"(segment ''10/31/98'')\",\"(as General of Comedy)\",\"(as Josep M\u00aa Benaiges)\",\"(as Bill Kreutzman)\",\"(as Carlo Wiedey)\",\"(as Carlos Cabarcas)\"}'::text[]))", "Parent Relationship": "Outer", "Total Cost": 26.98, "Plan Width": 16}, {"Actual Startup Time": 0.0, "Plan Rows": 4, "Node Type": "Hash", "Actual Loops": 0, "Actual Total Time": 0.0, "Actual Rows": 0, "Startup Cost": 18.88, "Plan Width": 4, "Parent Relationship": "Inner", "Total Cost": 18.88, "Plans": [{"Actual Startup Time": 0.0, "Plan Rows": 4, "Actual Loops": 0, "Rows Removed by Filter": 0, "Startup Cost": 0.0, "Alias": "rt", "Node Type": "Seq Scan", "Actual Total Time": 0.0, "Actual Rows": 0, "Relation Name": "role_type", "Filter": "((role)::text = 'actor'::text)", "Parent Relationship": "Outer", "Total Cost": 18.88, "Plan Width": 4}]}], "Join Type": "Inner", "Node Type": "Hash Join", "Actual Total Time": 0.001, "Actual Rows": 0, "Parent Relationship": "Outer", "Total Cost": 46.02, "Plan Width": 12}], "Hash Buckets": 1024, "Original Hash Buckets": 1024, "Node Type": "Hash", "Actual Total Time": 0.001, "Actual Rows": 0, "Parent Relationship": "Inner", "Hash Batches": 1, "Total Cost": 46.02, "Plan Width": 12}], "Join Type": "Inner", "Node Type": "Hash Join", "Actual Total Time": 0.08, "Actual Rows": 0, "Parent Relationship": "Outer", "Total Cost": 23854.31, "Plan Width": 16}, {"Actual Startup Time": 0.0, "Plan Rows": 22, "Actual Loops": 0, "Startup Cost": 23.24, "Hash Cond": "(mc.movie_id = mi.movie_id)", "Plans": [{"Actual Startup Time": 0.0, "Plan Rows": 2609129, "Actual Loops": 0, "Startup Cost": 0.0, "Alias": "mc", "Node Type": "Seq Scan", "Actual Total Time": 0.0, "Actual Rows": 0, "Parent Relationship": "Outer", "Relation Name": "movie_companies", "Total Cost": 44881.29, "Plan Width": 8}, {"Actual Startup Time": 0.0, "Plan Rows": 4, "Node Type": "Hash", "Actual Loops": 0, "Actual Total Time": 0.0, "Actual Rows": 0, "Startup Cost": 23.19, "Plan Width": 4, "Parent Relationship": "Inner", "Total Cost": 23.19, "Plans": [{"Actual Startup Time": 0.0, "Plan Rows": 4, "Actual Loops": 0, "Startup Cost": 2.43, "Hash Cond": "(mi.info_type_id = it.id)", "Plans": [{"Actual Startup Time": 0.0, "Plan Rows": 780, "Actual Loops": 0, "Startup Cost": 0.0, "Alias": "mi", "Node Type": "Seq Scan", "Actual Total Time": 0.0, "Actual Rows": 0, "Parent Relationship": "Outer", "Relation Name": "movie_info", "Total Cost": 17.8, "Plan Width": 8}, {"Actual Startup Time": 0.0, "Plan Rows": 1, "Node Type": "Hash", "Actual Loops": 0, "Actual Total Time": 0.0, "Actual Rows": 0, "Startup Cost": 2.41, "Plan Width": 4, "Parent Relationship": "Inner", "Total Cost": 2.41, "Plans": [{"Actual Startup Time": 0.0, "Plan Rows": 1, "Actual Loops": 0, "Rows Removed by Filter": 0, "Startup Cost": 0.0, "Alias": "it", "Node Type": "Seq Scan", "Actual Total Time": 0.0, "Actual Rows": 0, "Relation Name": "info_type", "Filter": "((info)::text = 'release dates'::text)", "Parent Relationship": "Outer", "Total Cost": 2.41, "Plan Width": 4}]}], "Join Type": "Inner", "Node Type": "Hash Join", "Actual Total Time": 0.0, "Actual Rows": 0, "Parent Relationship": "Outer", "Total Cost": 23.19, "Plan Width": 4}]}], "Join Type": "Inner", "Node Type": "Hash Join", "Actual Total Time": 0.0, "Actual Rows": 0, "Parent Relationship": "Inner", "Total Cost": 54688.98, "Plan Width": 12}], "Join Type": "Inner", "Node Type": "Nested Loop", "Actual Total Time": 0.08, "Actual Rows": 0, "Parent Relationship": "Outer", "Total Cost": 78543.57, "Plan Width": 28}, {"Index Name": "char_name_pkey", "Actual Startup Time": 0.0, "Relation Name": "char_name", "Actual Loops": 0, "Plan Rows": 1, "Startup Cost": 0.43, "Rows Removed by Index Recheck": 0, "Parent Relationship": "Inner", "Alias": "chn", "Node Type": "Index Only Scan", "Scan Direction": "Forward", "Actual Total Time": 0.0, "Actual Rows": 0, "Heap Fetches": 0, "Index Cond": "(id = ci.person_role_id)", "Total Cost": 8.45, "Plan Width": 4}], "Join Type": "Inner", "Node Type": "Nested Loop", "Actual Total Time": 0.08, "Actual Rows": 0, "Parent Relationship": "Outer", "Total Cost": 78552.02, "Plan Width": 24}, {"Index Name": "company_name_pkey", "Actual Startup Time": 0.0, "Relation Name": "company_name", "Actual Loops": 0, "Plan Rows": 1, "Startup Cost": 0.42, "Rows Removed by Index Recheck": 0, "Rows Removed by Filter": 0, "Alias": "cn", "Node Type": "Index Scan", "Scan Direction": "Forward", "Actual Total Time": 0.0, "Actual Rows": 0, "Index Cond": "(id = mc.company_id)", "Filter": "((country_code)::text = '[de]'::text)", "Parent Relationship": "Inner", "Total Cost": 0.45, "Plan Width": 4}], "Join Type": "Inner", "Node Type": "Nested Loop", "Actual Total Time": 0.08, "Actual Rows": 0, "Parent Relationship": "Outer", "Total Cost": 78552.48, "Plan Width": 20}, {"Index Name": "name_pkey", "Actual Startup Time": 0.0, "Relation Name": "name", "Actual Loops": 0, "Plan Rows": 1, "Startup Cost": 0.43, "Rows Removed by Index Recheck": 0, "Rows Removed by Filter": 0, "Alias": "n", "Node Type": "Index Scan", "Scan Direction": "Forward", "Actual Total Time": 0.0, "Actual Rows": 0, "Index Cond": "(id = an.person_id)", "Filter": "((gender)::text = 'm'::text)", "Parent Relationship": "Inner", "Total Cost": 0.76, "Plan Width": 19}], "Join Type": "Inner", "Node Type": "Nested Loop", "Actual Total Time": 0.08, "Actual Rows": 0, "Parent Relationship": "Outer", "Total Cost": 78553.26, "Plan Width": 27}, {"Index Name": "title_pkey", "Actual Startup Time": 0.0, "Relation Name": "title", "Actual Loops": 0, "Plan Rows": 1, "Startup Cost": 0.43, "Rows Removed by Index Recheck": 0, "Rows Removed by Filter": 0, "Alias": "t", "Node Type": "Index Scan", "Scan Direction": "Forward", "Actual Total Time": 0.0, "Actual Rows": 0, "Index Cond": "(id = mc.movie_id)", "Filter": "(production_year > 1944)", "Parent Relationship": "Inner", "Total Cost": 0.52, "Plan Width": 21}], "Join Type": "Inner", "Node Type": "Nested Loop", "Actual Total Time": 0.082, "Actual Rows": 0, "Parent Relationship": "Outer", "Total Cost": 78553.79, "Plan Width": 32}]}, "Triggers": [], "Planning Time": 22.451, "Execution Time": 0.468}]]]}
{"start_time": 1569073722.63643, "plan": [[[{"Plan": {"Actual Startup Time": 0.052, "Plan Rows": 1, "Node Type": "Aggregate", "Actual Loops": 1, "Actual Total Time": 0.052, "Actual Rows": 1, "Plan Width": 32, "Startup Cost": 78541.71, "Strategy": "Plain", "Total Cost": 78541.72, "Plans": [{"Actual Startup Time": 0.049, "Plan Rows": 1, "Join Filter": "(mi.movie_id = t.id)", "Actual Loops": 1, "Startup Cost": 47.35, "Rows Removed by Join Filter": 0, "Plans": [{"Actual Startup Time": 0.048, "Plan Rows": 1, "Actual Loops": 1, "Startup Cost": 46.92, "Plans": [{"Actual Startup Time": 0.048, "Plan Rows": 1, "Join Filter": "(ci.person_id = n.id)", "Actual Loops": 1, "Startup Cost": 46.77, "Rows Removed by Join Filter": 0, "Plans": [{"Actual Startup Time": 0.048, "Plan Rows": 1, "Actual Loops": 1, "Startup Cost": 46.34, "Plans": [{"Actual Startup Time": 0.048, "Plan Rows": 1, "Actual Loops": 1, "Startup Cost": 45.92, "Plans": [{"Actual Startup Time": 0.048, "Plan Rows": 1, "Join Filter": "(ci.movie_id = mi.movie_id)", "Actual Loops": 1, "Startup Cost": 45.49, "Rows Removed by Join Filter": 0, "Plans": [{"Actual Startup Time": 0.047, "Plan Rows": 24, "Actual Loops": 1, "Startup Cost": 22.25, "Hash Cond": "(an.person_id = ci.person_id)", "Plans": [{"Actual Startup Time": 0.007, "Plan Rows": 902055, "Actual Loops": 1, "Startup Cost": 0.0, "Alias": "an", "Node Type": "Seq Scan", "Actual Total Time": 0.007, "Actual Rows": 1, "Parent Relationship": "Outer", "Relation Name": "aka_name", "Total Cost": 20425.55, "Plan Width": 4}, {"Actual Startup Time": 0.001, "Plan Rows": 10, "Peak Memory Usage": 8, "Actual Loops": 1, "Startup Cost": 22.12, "Original Hash Batches": 1, "Plans": [{"Actual Startup Time": 0.001, "Plan Rows": 10, "Actual Loops": 1, "Rows Removed by Filter": 0, "Startup Cost": 0.0, "Alias": "ci", "Node Type": "Seq Scan", "Actual Total Time": 0.001, "Actual Rows": 0, "Relation Name": "cast_info", "Filter": "(note = ANY ('{\"(as Beatrix Zentai)\",\"(as Miss Jane Wyman)\"}'::text[]))", "Parent Relationship": "Outer", "Total Cost": 22.12, "Plan Width": 16}], "Hash Buckets": 1024, "Original Hash Buckets": 1024, "Node Type": "Hash", "Actual Total Time": 0.001, "Actual Rows": 0, "Parent Relationship": "Inner", "Hash Batches": 1, "Total Cost": 22.12, "Plan Width": 16}], "Join Type": "Inner", "Node Type": "Hash Join", "Actual Total Time": 0.047, "Actual Rows": 0, "Parent Relationship": "Outer", "Total Cost": 23830.75, "Plan Width": 20}, {"Actual Startup Time": 0.0, "Plan Rows": 22, "Node Type": "Materialize", "Actual Loops": 0, "Actual Total Time": 0.0, "Actual Rows": 0, "Startup Cost": 23.24, "Plan Width": 12, "Parent Relationship": "Inner", "Total Cost": 54689.09, "Plans": [{"Actual Startup Time": 0.0, "Plan Rows": 22, "Actual Loops": 0, "Startup Cost": 23.24, "Hash Cond": "(mc.movie_id = mi.movie_id)", "Plans": [{"Actual Startup Time": 0.0, "Plan Rows": 2609129, "Actual Loops": 0, "Startup Cost": 0.0, "Alias": "mc", "Node Type": "Seq Scan", "Actual Total Time": 0.0, "Actual Rows": 0, "Parent Relationship": "Outer", "Relation Name": "movie_companies", "Total Cost": 44881.29, "Plan Width": 8}, {"Actual Startup Time": 0.0, "Plan Rows": 4, "Node Type": "Hash", "Actual Loops": 0, "Actual Total Time": 0.0, "Actual Rows": 0, "Startup Cost": 23.19, "Plan Width": 4, "Parent Relationship": "Inner", "Total Cost": 23.19, "Plans": [{"Actual Startup Time": 0.0, "Plan Rows": 4, "Actual Loops": 0, "Startup Cost": 2.43, "Hash Cond": "(mi.info_type_id = it.id)", "Plans": [{"Actual Startup Time": 0.0, "Plan Rows": 780, "Actual Loops": 0, "Startup Cost": 0.0, "Alias": "mi", "Node Type": "Seq Scan", "Actual Total Time": 0.0, "Actual Rows": 0, "Parent Relationship": "Outer", "Relation Name": "movie_info", "Total Cost": 17.8, "Plan Width": 8}, {"Actual Startup Time": 0.0, "Plan Rows": 1, "Node Type": "Hash", "Actual Loops": 0, "Actual Total Time": 0.0, "Actual Rows": 0, "Startup Cost": 2.41, "Plan Width": 4, "Parent Relationship": "Inner", "Total Cost": 2.41, "Plans": [{"Actual Startup Time": 0.0, "Plan Rows": 1, "Actual Loops": 0, "Rows Removed by Filter": 0, "Startup Cost": 0.0, "Alias": "it", "Node Type": "Seq Scan", "Actual Total Time": 0.0, "Actual Rows": 0, "Relation Name": "info_type", "Filter": "((info)::text = 'release dates'::text)", "Parent Relationship": "Outer", "Total Cost": 2.41, "Plan Width": 4}]}], "Join Type": "Inner", "Node Type": "Hash Join", "Actual Total Time": 0.0, "Actual Rows": 0, "Parent Relationship": "Outer", "Total Cost": 23.19, "Plan Width": 4}]}], "Join Type": "Inner", "Node Type": "Hash Join", "Actual Total Time": 0.0, "Actual Rows": 0, "Parent Relationship": "Outer", "Total Cost": 54688.98, "Plan Width": 12}]}], "Join Type": "Inner", "Node Type": "Nested Loop", "Actual Total Time": 0.048, "Actual Rows": 0, "Parent Relationship": "Outer", "Total Cost": 78527.71, "Plan Width": 32}, {"Index Name": "char_name_pkey", "Actual Startup Time": 0.0, "Relation Name": "char_name", "Actual Loops": 0, "Plan Rows": 1, "Startup Cost": 0.43, "Rows Removed by Index Recheck": 0, "Parent Relationship": "Inner", "Alias": "chn", "Node Type": "Index Only Scan", "Scan Direction": "Forward", "Actual Total Time": 0.0, "Actual Rows": 0, "Heap Fetches": 0, "Index Cond": "(id = ci.person_role_id)", "Total Cost": 8.45, "Plan Width": 4}], "Join Type": "Inner", "Node Type": "Nested Loop", "Actual Total Time": 0.048, "Actual Rows": 0, "Parent Relationship": "Outer", "Total Cost": 78536.16, "Plan Width": 28}, {"Index Name": "company_name_pkey", "Actual Startup Time": 0.0, "Relation Name": "company_name", "Actual Loops": 0, "Plan Rows": 1, "Startup Cost": 0.42, "Rows Removed by Index Recheck": 0, "Rows Removed by Filter": 0, "Alias": "cn", "Node Type": "Index Scan", "Scan Direction": "Forward", "Actual Total Time": 0.0, "Actual Rows": 0, "Index Cond": "(id = mc.company_id)", "Filter": "((country_code)::text = '[fi]'::text)", "Parent Relationship": "Inner", "Total Cost": 0.45, "Plan Width": 4}], "Join Type": "Inner", "Node Type": "Nested Loop", "Actual Total Time": 0.048, "Actual Rows": 0, "Parent Relationship": "Outer", "Total Cost": 78536.62, "Plan Width": 24}, {"Index Name": "name_pkey", "Actual Startup Time": 0.0, "Relation Name": "name", "Actual Loops": 0, "Plan Rows": 1, "Startup Cost": 0.43, "Rows Removed by Index Recheck": 0, "Rows Removed by Filter": 0, "Alias": "n", "Node Type": "Index Scan", "Scan Direction": "Forward", "Actual Total Time": 0.0, "Actual Rows": 0, "Index Cond": "(id = an.person_id)", "Filter": "((gender)::text = 'f'::text)", "Parent Relationship": "Inner", "Total Cost": 0.76, "Plan Width": 19}], "Join Type": "Inner", "Node Type": "Nested Loop", "Actual Total Time": 0.048, "Actual Rows": 0, "Parent Relationship": "Outer", "Total Cost": 78537.39, "Plan Width": 31}, {"Index Name": "role_type_pkey", "Actual Startup Time": 0.0, "Relation Name": "role_type", "Actual Loops": 0, "Plan Rows": 1, "Startup Cost": 0.15, "Rows Removed by Index Recheck": 0, "Rows Removed by Filter": 0, "Alias": "rt", "Node Type": "Index Scan", "Scan Direction": "Forward", "Actual Total Time": 0.0, "Actual Rows": 0, "Index Cond": "(id = ci.role_id)", "Filter": "((role)::text = 'actress'::text)", "Parent Relationship": "Inner", "Total Cost": 3.77, "Plan Width": 4}], "Join Type": "Inner", "Node Type": "Nested Loop", "Actual Total Time": 0.048, "Actual Rows": 0, "Parent Relationship": "Outer", "Total Cost": 78541.17, "Plan Width": 27}, {"Index Name": "title_pkey", "Actual Startup Time": 0.0, "Relation Name": "title", "Actual Loops": 0, "Plan Rows": 1, "Startup Cost": 0.43, "Rows Removed by Index Recheck": 0, "Rows Removed by Filter": 0, "Alias": "t", "Node Type": "Index Scan", "Scan Direction": "Forward", "Actual Total Time": 0.0, "Actual Rows": 0, "Index Cond": "(id = mc.movie_id)", "Filter": "(production_year > 1957)", "Parent Relationship": "Inner", "Total Cost": 0.52, "Plan Width": 21}], "Join Type": "Inner", "Node Type": "Nested Loop", "Actual Total Time": 0.049, "Actual Rows": 0, "Parent Relationship": "Outer", "Total Cost": 78541.71, "Plan Width": 32}]}, "Triggers": [], "Planning Time": 22.114, "Execution Time": 0.339}]]]}
{"start_time": 1569073722.63643, "plan": [[[{"Plan": {"Actual Startup Time": 0.051, "Plan Rows": 1, "Node Type": "Aggregate", "Actual Loops": 1, "Actual Total Time": 0.051, "Actual Rows": 1, "Plan Width": 32, "Startup Cost": 78552.56, "Strategy": "Plain", "Total Cost": 78552.57, "Plans": [{"Actual Startup Time": 0.049, "Plan Rows": 1, "Join Filter": "(mi.movie_id = t.id)", "Actual Loops": 1, "Startup Cost": 69.75, "Rows Removed by Join Filter": 0, "Plans": [{"Actual Startup Time": 0.048, "Plan Rows": 1, "Join Filter": "(ci.person_id = n.id)", "Actual Loops": 1, "Startup Cost": 69.32, "Rows Removed by Join Filter": 0, "Plans": [{"Actual Startup Time": 0.048, "Plan Rows": 1, "Actual Loops": 1, "Startup Cost": 68.89, "Plans": [{"Actual Startup Time": 0.048, "Plan Rows": 1, "Actual Loops": 1, "Startup Cost": 68.47, "Plans": [{"Actual Startup Time": 0.048, "Plan Rows": 1, "Join Filter": "(ci.movie_id = mi.movie_id)", "Actual Loops": 1, "Startup Cost": 68.04, "Rows Removed by Join Filter": 0, "Plans": [{"Actual Startup Time": 0.047, "Plan Rows": 1, "Actual Loops": 1, "Startup Cost": 44.8, "Hash Cond": "(an.person_id = ci.person_id)", "Plans": [{"Actual Startup Time": 0.006, "Plan Rows": 902055, "Actual Loops": 1, "Startup Cost": 0.0, "Alias": "an", "Node Type": "Seq Scan", "Actual Total Time": 0.006, "Actual Rows": 1, "Parent Relationship": "Outer", "Relation Name": "aka_name", "Total Cost": 20425.55, "Plan Width": 4}, {"Actual Startup Time": 0.001, "Plan Rows": 1, "Peak Memory Usage": 8, "Actual Loops": 1, "Startup Cost": 44.79, "Original Hash Batches": 1, "Plans": [{"Actual Startup Time": 0.001, "Plan Rows": 1, "Actual Loops": 1, "Startup Cost": 18.93, "Hash Cond": "(ci.role_id = rt.id)", "Plans": [{"Actual Startup Time": 0.0, "Plan Rows": 24, "Actual Loops": 1, "Rows Removed by Filter": 0, "Startup Cost": 0.0, "Alias": "ci", "Node Type": "Seq Scan", "Actual Total Time": 0.0, "Actual Rows": 0, "Relation Name": "cast_info", "Filter": "(note = ANY ('{\"(as Erika Wagner)\",\"(as Benice Swanson)\",\"(as Jessie Robertson)\",\"(as Joan Newman)\",\"(as Martha Myles)\"}'::text[]))", "Parent Relationship": "Outer", "Total Cost": 25.76, "Plan Width": 16}, {"Actual Startup Time": 0.0, "Plan Rows": 4, "Node Type": "Hash", "Actual Loops": 0, "Actual Total Time": 0.0, "Actual Rows": 0, "Startup Cost": 18.88, "Plan Width": 4, "Parent Relationship": "Inner", "Total Cost": 18.88, "Plans": [{"Actual Startup Time": 0.0, "Plan Rows": 4, "Actual Loops": 0, "Rows Removed by Filter": 0, "Startup Cost": 0.0, "Alias": "rt", "Node Type": "Seq Scan", "Actual Total Time": 0.0, "Actual Rows": 0, "Relation Name": "role_type", "Filter": "((role)::text = 'actress'::text)", "Parent Relationship": "Outer", "Total Cost": 18.88, "Plan Width": 4}]}], "Join Type": "Inner", "Node Type": "Hash Join", "Actual Total Time": 0.001, "Actual Rows": 0, "Parent Relationship": "Outer", "Total Cost": 44.79, "Plan Width": 12}], "Hash Buckets": 1024, "Original Hash Buckets": 1024, "Node Type": "Hash", "Actual Total Time": 0.001, "Actual Rows": 0, "Parent Relationship": "Inner", "Hash Batches": 1, "Total Cost": 44.79, "Plan Width": 12}], "Join Type": "Inner", "Node Type": "Hash Join", "Actual Total Time": 0.047, "Actual Rows": 0, "Parent Relationship": "Outer", "Total Cost": 23853.08, "Plan Width": 16}, {"Actual Startup Time": 0.0, "Plan Rows": 22, "Actual Loops": 0, "Startup Cost": 23.24, "Hash Cond": "(mc.movie_id = mi.movie_id)", "Plans": [{"Actual Startup Time": 0.0, "Plan Rows": 2609129, "Actual Loops": 0, "Startup Cost": 0.0, "Alias": "mc", "Node Type": "Seq Scan", "Actual Total Time": 0.0, "Actual Rows": 0, "Parent Relationship": "Outer", "Relation Name": "movie_companies", "Total Cost": 44881.29, "Plan Width": 8}, {"Actual Startup Time": 0.0, "Plan Rows": 4, "Node Type": "Hash", "Actual Loops": 0, "Actual Total Time": 0.0, "Actual Rows": 0, "Startup Cost": 23.19, "Plan Width": 4, "Parent Relationship": "Inner", "Total Cost": 23.19, "Plans": [{"Actual Startup Time": 0.0, "Plan Rows": 4, "Actual Loops": 0, "Startup Cost": 2.43, "Hash Cond": "(mi.info_type_id = it.id)", "Plans": [{"Actual Startup Time": 0.0, "Plan Rows": 780, "Actual Loops": 0, "Startup Cost": 0.0, "Alias": "mi", "Node Type": "Seq Scan", "Actual Total Time": 0.0, "Actual Rows": 0, "Parent Relationship": "Outer", "Relation Name": "movie_info", "Total Cost": 17.8, "Plan Width": 8}, {"Actual Startup Time": 0.0, "Plan Rows": 1, "Node Type": "Hash", "Actual Loops": 0, "Actual Total Time": 0.0, "Actual Rows": 0, "Startup Cost": 2.41, "Plan Width": 4, "Parent Relationship": "Inner", "Total Cost": 2.41, "Plans": [{"Actual Startup Time": 0.0, "Plan Rows": 1, "Actual Loops": 0, "Rows Removed by Filter": 0, "Startup Cost": 0.0, "Alias": "it", "Node Type": "Seq Scan", "Actual Total Time": 0.0, "Actual Rows": 0, "Relation Name": "info_type", "Filter": "((info)::text = 'release dates'::text)", "Parent Relationship": "Outer", "Total Cost": 2.41, "Plan Width": 4}]}], "Join Type": "Inner", "Node Type": "Hash Join", "Actual Total Time": 0.0, "Actual Rows": 0, "Parent Relationship": "Outer", "Total Cost": 23.19, "Plan Width": 4}]}], "Join Type": "Inner", "Node Type": "Hash Join", "Actual Total Time": 0.0, "Actual Rows": 0, "Parent Relationship": "Inner", "Total Cost": 54688.98, "Plan Width": 12}], "Join Type": "Inner", "Node Type": "Nested Loop", "Actual Total Time": 0.048, "Actual Rows": 0, "Parent Relationship": "Outer", "Total Cost": 78542.33, "Plan Width": 28}, {"Index Name": "char_name_pkey", "Actual Startup Time": 0.0, "Relation Name": "char_name", "Actual Loops": 0, "Plan Rows": 1, "Startup Cost": 0.43, "Rows Removed by Index Recheck": 0, "Parent Relationship": "Inner", "Alias": "chn", "Node Type": "Index Only Scan", "Scan Direction": "Forward", "Actual Total Time": 0.0, "Actual Rows": 0, "Heap Fetches": 0, "Index Cond": "(id = ci.person_role_id)", "Total Cost": 8.45, "Plan Width": 4}], "Join Type": "Inner", "Node Type": "Nested Loop", "Actual Total Time": 0.048, "Actual Rows": 0, "Parent Relationship": "Outer", "Total Cost": 78550.79, "Plan Width": 24}, {"Index Name": "company_name_pkey", "Actual Startup Time": 0.0, "Relation Name": "company_name", "Actual Loops": 0, "Plan Rows": 1, "Startup Cost": 0.42, "Rows Removed by Index Recheck": 0, "Rows Removed by Filter": 0, "Alias": "cn", "Node Type": "Index Scan", "Scan Direction": "Forward", "Actual Total Time": 0.0, "Actual Rows": 0, "Index Cond": "(id = mc.company_id)", "Filter": "((country_code)::text = '[it]'::text)", "Parent Relationship": "Inner", "Total Cost": 0.45, "Plan Width": 4}], "Join Type": "Inner", "Node Type": "Nested Loop", "Actual Total Time": 0.048, "Actual Rows": 0, "Parent Relationship": "Outer", "Total Cost": 78551.25, "Plan Width": 20}, {"Index Name": "name_pkey", "Actual Startup Time": 0.0, "Relation Name": "name", "Actual Loops": 0, "Plan Rows": 1, "Startup Cost": 0.43, "Rows Removed by Index Recheck": 0, "Rows Removed by Filter": 0, "Alias": "n", "Node Type": "Index Scan", "Scan Direction": "Forward", "Actual Total Time": 0.0, "Actual Rows": 0, "Index Cond": "(id = an.person_id)", "Filter": "((gender)::text = 'f'::text)", "Parent Relationship": "Inner", "Total Cost": 0.76, "Plan Width": 19}], "Join Type": "Inner", "Node Type": "Nested Loop", "Actual Total Time": 0.048, "Actual Rows": 0, "Parent Relationship": "Outer", "Total Cost": 78552.02, "Plan Width": 27}, {"Index Name": "title_pkey", "Actual Startup Time": 0.0, "Relation Name": "title", "Actual Loops": 0, "Plan Rows": 1, "Startup Cost": 0.43, "Rows Removed by Index Recheck": 0, "Rows Removed by Filter": 0, "Alias": "t", "Node Type": "Index Scan", "Scan Direction": "Forward", "Actual Total Time": 0.0, "Actual Rows": 0, "Index Cond": "(id = mc.movie_id)", "Filter": "(production_year > 1998)", "Parent Relationship": "Inner", "Total Cost": 0.52, "Plan Width": 21}], "Join Type": "Inner", "Node Type": "Nested Loop", "Actual Total Time": 0.049, "Actual Rows": 0, "Parent Relationship": "Outer", "Total Cost": 78552.56, "Plan Width": 32}]}, "Triggers": [], "Planning Time": 21.104, "Execution Time": 0.32}]]]}
{"start_time": 1569073723.1734958, "plan": [[[{"Plan": {"Actual Startup Time": 0.062, "Plan Rows": 1, "Node Type": "Aggregate", "Actual Loops": 1, "Actual Total Time": 0.062, "Actual Rows": 1, "Plan Width": 32, "Startup Cost": 78559.94, "Strategy": "Plain", "Total Cost": 78559.95, "Plans": [{"Actual Startup Time": 0.059, "Plan Rows": 1, "Join Filter": "(mi.movie_id = t.id)", "Actual Loops": 1, "Startup Cost": 77.13, "Rows Removed by Join Filter": 0, "Plans": [{"Actual Startup Time": 0.058, "Plan Rows": 1, "Join Filter": "(ci.person_id = n.id)", "Actual Loops": 1, "Startup Cost": 76.7, "Rows Removed by Join Filter": 0, "Plans": [{"Actual Startup Time": 0.058, "Plan Rows": 1, "Actual Loops": 1, "Startup Cost": 76.27, "Plans": [{"Actual Startup Time": 0.058, "Plan Rows": 1, "Actual Loops": 1, "Startup Cost": 75.85, "Plans": [{"Actual Startup Time": 0.057, "Plan Rows": 1, "Join Filter": "(ci.movie_id = mi.movie_id)", "Actual Loops": 1, "Startup Cost": 75.42, "Rows Removed by Join Filter": 0, "Plans": [{"Actual Startup Time": 0.057, "Plan Rows": 1, "Actual Loops": 1, "Startup Cost": 52.18, "Hash Cond": "(an.person_id = ci.person_id)", "Plans": [{"Actual Startup Time": 0.008, "Plan Rows": 902055, "Actual Loops": 1, "Startup Cost": 0.0, "Alias": "an", "Node Type": "Seq Scan", "Actual Total Time": 0.008, "Actual Rows": 1, "Parent Relationship": "Outer", "Relation Name": "aka_name", "Total Cost": 20425.55, "Plan Width": 4}, {"Actual Startup Time": 0.001, "Plan Rows": 1, "Peak Memory Usage": 8, "Actual Loops": 1, "Startup Cost": 52.17, "Original Hash Batches": 1, "Plans": [{"Actual Startup Time": 0.001, "Plan Rows": 1, "Actual Loops": 1, "Startup Cost": 18.93, "Hash Cond": "(ci.role_id = rt.id)", "Plans": [{"Actual Startup Time": 0.001, "Plan Rows": 53, "Actual Loops": 1, "Rows Removed by Filter": 0, "Startup Cost": 0.0, "Alias": "ci", "Node Type": "Seq Scan", "Actual Total Time": 0.001, "Actual Rows": 0, "Relation Name": "cast_info", "Filter": "(note = ANY ('{\"(as Mark S. Larson)\",\"(as Dale Roberts)\",\"(as Zivorad Denic)\",\"(as Lily Tung)\",\"(as Nicholas George)\",\"(as Xavi Id\u00e1\u00f1ez)\",\"(singer, duet)\",\"(as Mario A. Hernandez)\",\"(voice: English version) (as Gregory S. Baldwin)\",\"(as Alfonso Ramirez ''Pompin'')\",\"(as Richard Terry)\"}'::text[]))", "Parent Relationship": "Outer", "Total Cost": 33.04, "Plan Width": 16}, {"Actual Startup Time": 0.0, "Plan Rows": 4, "Node Type": "Hash", "Actual Loops": 0, "Actual Total Time": 0.0, "Actual Rows": 0, "Startup Cost": 18.88, "Plan Width": 4, "Parent Relationship": "Inner", "Total Cost": 18.88, "Plans": [{"Actual Startup Time": 0.0, "Plan Rows": 4, "Actual Loops": 0, "Rows Removed by Filter": 0, "Startup Cost": 0.0, "Alias": "rt", "Node Type": "Seq Scan", "Actual Total Time": 0.0, "Actual Rows": 0, "Relation Name": "role_type", "Filter": "((role)::text = 'actor'::text)", "Parent Relationship": "Outer", "Total Cost": 18.88, "Plan Width": 4}]}], "Join Type": "Inner", "Node Type": "Hash Join", "Actual Total Time": 0.001, "Actual Rows": 0, "Parent Relationship": "Outer", "Total Cost": 52.17, "Plan Width": 12}], "Hash Buckets": 1024, "Original Hash Buckets": 1024, "Node Type": "Hash", "Actual Total Time": 0.001, "Actual Rows": 0, "Parent Relationship": "Inner", "Hash Batches": 1, "Total Cost": 52.17, "Plan Width": 12}], "Join Type": "Inner", "Node Type": "Hash Join", "Actual Total Time": 0.057, "Actual Rows": 0, "Parent Relationship": "Outer", "Total Cost": 23860.46, "Plan Width": 16}, {"Actual Startup Time": 0.0, "Plan Rows": 22, "Actual Loops": 0, "Startup Cost": 23.24, "Hash Cond": "(mc.movie_id = mi.movie_id)", "Plans": [{"Actual Startup Time": 0.0, "Plan Rows": 2609129, "Actual Loops": 0, "Startup Cost": 0.0, "Alias": "mc", "Node Type": "Seq Scan", "Actual Total Time": 0.0, "Actual Rows": 0, "Parent Relationship": "Outer", "Relation Name": "movie_companies", "Total Cost": 44881.29, "Plan Width": 8}, {"Actual Startup Time": 0.0, "Plan Rows": 4, "Node Type": "Hash", "Actual Loops": 0, "Actual Total Time": 0.0, "Actual Rows": 0, "Startup Cost": 23.19, "Plan Width": 4, "Parent Relationship": "Inner", "Total Cost": 23.19, "Plans": [{"Actual Startup Time": 0.0, "Plan Rows": 4, "Actual Loops": 0, "Startup Cost": 2.43, "Hash Cond": "(mi.info_type_id = it.id)", "Plans": [{"Actual Startup Time": 0.0, "Plan Rows": 780, "Actual Loops": 0, "Startup Cost": 0.0, "Alias": "mi", "Node Type": "Seq Scan", "Actual Total Time": 0.0, "Actual Rows": 0, "Parent Relationship": "Outer", "Relation Name": "movie_info", "Total Cost": 17.8, "Plan Width": 8}, {"Actual Startup Time": 0.0, "Plan Rows": 1, "Node Type": "Hash", "Actual Loops": 0, "Actual Total Time": 0.0, "Actual Rows": 0, "Startup Cost": 2.41, "Plan Width": 4, "Parent Relationship": "Inner", "Total Cost": 2.41, "Plans": [{"Actual Startup Time": 0.0, "Plan Rows": 1, "Actual Loops": 0, "Rows Removed by Filter": 0, "Startup Cost": 0.0, "Alias": "it", "Node Type": "Seq Scan", "Actual Total Time": 0.0, "Actual Rows": 0, "Relation Name": "info_type", "Filter": "((info)::text = 'release dates'::text)", "Parent Relationship": "Outer", "Total Cost": 2.41, "Plan Width": 4}]}], "Join Type": "Inner", "Node Type": "Hash Join", "Actual Total Time": 0.0, "Actual Rows": 0, "Parent Relationship": "Outer", "Total Cost": 23.19, "Plan Width": 4}]}], "Join Type": "Inner", "Node Type": "Hash Join", "Actual Total Time": 0.0, "Actual Rows": 0, "Parent Relationship": "Inner", "Total Cost": 54688.98, "Plan Width": 12}], "Join Type": "Inner", "Node Type": "Nested Loop", "Actual Total Time": 0.057, "Actual Rows": 0, "Parent Relationship": "Outer", "Total Cost": 78549.72, "Plan Width": 28}, {"Index Name": "char_name_pkey", "Actual Startup Time": 0.0, "Relation Name": "char_name", "Actual Loops": 0, "Plan Rows": 1, "Startup Cost": 0.43, "Rows Removed by Index Recheck": 0, "Parent Relationship": "Inner", "Alias": "chn", "Node Type": "Index Only Scan", "Scan Direction": "Forward", "Actual Total Time": 0.0, "Actual Rows": 0, "Heap Fetches": 0, "Index Cond": "(id = ci.person_role_id)", "Total Cost": 8.45, "Plan Width": 4}], "Join Type": "Inner", "Node Type": "Nested Loop", "Actual Total Time": 0.058, "Actual Rows": 0, "Parent Relationship": "Outer", "Total Cost": 78558.18, "Plan Width": 24}, {"Index Name": "company_name_pkey", "Actual Startup Time": 0.0, "Relation Name": "company_name", "Actual Loops": 0, "Plan Rows": 1, "Startup Cost": 0.42, "Rows Removed by Index Recheck": 0, "Rows Removed by Filter": 0, "Alias": "cn", "Node Type": "Index Scan", "Scan Direction": "Forward", "Actual Total Time": 0.0, "Actual Rows": 0, "Index Cond": "(id = mc.company_id)", "Filter": "((country_code)::text = '[at]'::text)", "Parent Relationship": "Inner", "Total Cost": 0.45, "Plan Width": 4}], "Join Type": "Inner", "Node Type": "Nested Loop", "Actual Total Time": 0.058, "Actual Rows": 0, "Parent Relationship": "Outer", "Total Cost": 78558.63, "Plan Width": 20}, {"Index Name": "name_pkey", "Actual Startup Time": 0.0, "Relation Name": "name", "Actual Loops": 0, "Plan Rows": 1, "Startup Cost": 0.43, "Rows Removed by Index Recheck": 0, "Rows Removed by Filter": 0, "Alias": "n", "Node Type": "Index Scan", "Scan Direction": "Forward", "Actual Total Time": 0.0, "Actual Rows": 0, "Index Cond": "(id = an.person_id)", "Filter": "((gender)::text = 'm'::text)", "Parent Relationship": "Inner", "Total Cost": 0.76, "Plan Width": 19}], "Join Type": "Inner", "Node Type": "Nested Loop", "Actual Total Time": 0.058, "Actual Rows": 0, "Parent Relationship": "Outer", "Total Cost": 78559.41, "Plan Width": 27}, {"Index Name": "title_pkey", "Actual Startup Time": 0.0, "Relation Name": "title", "Actual Loops": 0, "Plan Rows": 1, "Startup Cost": 0.43, "Rows Removed by Index Recheck": 0, "Rows Removed by Filter": 0, "Alias": "t", "Node Type": "Index Scan", "Scan Direction": "Forward", "Actual Total Time": 0.0, "Actual Rows": 0, "Index Cond": "(id = mc.movie_id)", "Filter": "(production_year > 1969)", "Parent Relationship": "Inner", "Total Cost": 0.52, "Plan Width": 21}], "Join Type": "Inner", "Node Type": "Nested Loop", "Actual Total Time": 0.059, "Actual Rows": 0, "Parent Relationship": "Outer", "Total Cost": 78559.94, "Plan Width": 32}]}, "Triggers": [], "Planning Time": 22.136, "Execution Time": 0.358}]]]}
{"start_time": 1569073723.1734958, "plan": [[[{"Plan": {"Actual Startup Time": 0.057, "Plan Rows": 1, "Node Type": "Aggregate", "Actual Loops": 1, "Actual Total Time": 0.057, "Actual Rows": 1, "Plan Width": 32, "Startup Cost": 78558.71, "Strategy": "Plain", "Total Cost": 78558.72, "Plans": [{"Actual Startup Time": 0.055, "Plan Rows": 1, "Join Filter": "(mi.movie_id = t.id)", "Actual Loops": 1, "Startup Cost": 75.9, "Rows Removed by Join Filter": 0, "Plans": [{"Actual Startup Time": 0.055, "Plan Rows": 1, "Join Filter": "(ci.person_id = n.id)", "Actual Loops": 1, "Startup Cost": 75.47, "Rows Removed by Join Filter": 0, "Plans": [{"Actual Startup Time": 0.053, "Plan Rows": 1, "Actual Loops": 1, "Startup Cost": 75.04, "Plans": [{"Actual Startup Time": 0.053, "Plan Rows": 1, "Actual Loops": 1, "Startup Cost": 74.62, "Plans": [{"Actual Startup Time": 0.053, "Plan Rows": 1, "Join Filter": "(ci.movie_id = mi.movie_id)", "Actual Loops": 1, "Startup Cost": 74.19, "Rows Removed by Join Filter": 0, "Plans": [{"Actual Startup Time": 0.053, "Plan Rows": 1, "Actual Loops": 1, "Startup Cost": 50.95, "Hash Cond": "(an.person_id = ci.person_id)", "Plans": [{"Actual Startup Time": 0.007, "Plan Rows": 902055, "Actual Loops": 1, "Startup Cost": 0.0, "Alias": "an", "Node Type": "Seq Scan", "Actual Total Time": 0.007, "Actual Rows": 1, "Parent Relationship": "Outer", "Relation Name": "aka_name", "Total Cost": 20425.55, "Plan Width": 4}, {"Actual Startup Time": 0.001, "Plan Rows": 1, "Peak Memory Usage": 8, "Actual Loops": 1, "Startup Cost": 50.94, "Original Hash Batches": 1, "Plans": [{"Actual Startup Time": 0.001, "Plan Rows": 1, "Actual Loops": 1, "Startup Cost": 18.93, "Hash Cond": "(ci.role_id = rt.id)", "Plans": [{"Actual Startup Time": 0.001, "Plan Rows": 48, "Actual Loops": 1, "Rows Removed by Filter": 0, "Startup Cost": 0.0, "Alias": "ci", "Node Type": "Seq Scan", "Actual Total Time": 0.001, "Actual Rows": 0, "Relation Name": "cast_info", "Filter": "(note = ANY ('{\"(as Devon Jackson)\",\"(as Irene Jacob)\",(1983-2002),\"(as Chikako Miyashiro)\",\"(as Louise Heath)\",\"(segment ''Madagascar'')\",\"(as Elisa Pineda)\",\"(as A''leshia Brevard)\",\"(as Susan Watts)\",\"(as Shayla La Veaux)\"}'::text[]))", "Parent Relationship": "Outer", "Total Cost": 31.82, "Plan Width": 16}, {"Actual Startup Time": 0.0, "Plan Rows": 4, "Node Type": "Hash", "Actual Loops": 0, "Actual Total Time": 0.0, "Actual Rows": 0, "Startup Cost": 18.88, "Plan Width": 4, "Parent Relationship": "Inner", "Total Cost": 18.88, "Plans": [{"Actual Startup Time": 0.0, "Plan Rows": 4, "Actual Loops": 0, "Rows Removed by Filter": 0, "Startup Cost": 0.0, "Alias": "rt", "Node Type": "Seq Scan", "Actual Total Time": 0.0, "Actual Rows": 0, "Relation Name": "role_type", "Filter": "((role)::text = 'actress'::text)", "Parent Relationship": "Outer", "Total Cost": 18.88, "Plan Width": 4}]}], "Join Type": "Inner", "Node Type": "Hash Join", "Actual Total Time": 0.001, "Actual Rows": 0, "Parent Relationship": "Outer", "Total Cost": 50.94, "Plan Width": 12}], "Hash Buckets": 1024, "Original Hash Buckets": 1024, "Node Type": "Hash", "Actual Total Time": 0.001, "Actual Rows": 0, "Parent Relationship": "Inner", "Hash Batches": 1, "Total Cost": 50.94, "Plan Width": 12}], "Join Type": "Inner", "Node Type": "Hash Join", "Actual Total Time": 0.053, "Actual Rows": 0, "Parent Relationship": "Outer", "Total Cost": 23859.23, "Plan Width": 16}, {"Actual Startup Time": 0.0, "Plan Rows": 22, "Actual Loops": 0, "Startup Cost": 23.24, "Hash Cond": "(mc.movie_id = mi.movie_id)", "Plans": [{"Actual Startup Time": 0.0, "Plan Rows": 2609129, "Actual Loops": 0, "Startup Cost": 0.0, "Alias": "mc", "Node Type": "Seq Scan", "Actual Total Time": 0.0, "Actual Rows": 0, "Parent Relationship": "Outer", "Relation Name": "movie_companies", "Total Cost": 44881.29, "Plan Width": 8}, {"Actual Startup Time": 0.0, "Plan Rows": 4, "Node Type": "Hash", "Actual Loops": 0, "Actual Total Time": 0.0, "Actual Rows": 0, "Startup Cost": 23.19, "Plan Width": 4, "Parent Relationship": "Inner", "Total Cost": 23.19, "Plans": [{"Actual Startup Time": 0.0, "Plan Rows": 4, "Actual Loops": 0, "Startup Cost": 2.43, "Hash Cond": "(mi.info_type_id = it.id)", "Plans": [{"Actual Startup Time": 0.0, "Plan Rows": 780, "Actual Loops": 0, "Startup Cost": 0.0, "Alias": "mi", "Node Type": "Seq Scan", "Actual Total Time": 0.0, "Actual Rows": 0, "Parent Relationship": "Outer", "Relation Name": "movie_info", "Total Cost": 17.8, "Plan Width": 8}, {"Actual Startup Time": 0.0, "Plan Rows": 1, "Node Type": "Hash", "Actual Loops": 0, "Actual Total Time": 0.0, "Actual Rows": 0, "Startup Cost": 2.41, "Plan Width": 4, "Parent Relationship": "Inner", "Total Cost": 2.41, "Plans": [{"Actual Startup Time": 0.0, "Plan Rows": 1, "Actual Loops": 0, "Rows Removed by Filter": 0, "Startup Cost": 0.0, "Alias": "it", "Node Type": "Seq Scan", "Actual Total Time": 0.0, "Actual Rows": 0, "Relation Name": "info_type", "Filter": "((info)::text = 'release dates'::text)", "Parent Relationship": "Outer", "Total Cost": 2.41, "Plan Width": 4}]}], "Join Type": "Inner", "Node Type": "Hash Join", "Actual Total Time": 0.0, "Actual Rows": 0, "Parent Relationship": "Outer", "Total Cost": 23.19, "Plan Width": 4}]}], "Join Type": "Inner", "Node Type": "Hash Join", "Actual Total Time": 0.0, "Actual Rows": 0, "Parent Relationship": "Inner", "Total Cost": 54688.98, "Plan Width": 12}], "Join Type": "Inner", "Node Type": "Nested Loop", "Actual Total Time": 0.053, "Actual Rows": 0, "Parent Relationship": "Outer", "Total Cost": 78548.49, "Plan Width": 28}, {"Index Name": "char_name_pkey", "Actual Startup Time": 0.0, "Relation Name": "char_name", "Actual Loops": 0, "Plan Rows": 1, "Startup Cost": 0.43, "Rows Removed by Index Recheck": 0, "Parent Relationship": "Inner", "Alias": "chn", "Node Type": "Index Only Scan", "Scan Direction": "Forward", "Actual Total Time": 0.0, "Actual Rows": 0, "Heap Fetches": 0, "Index Cond": "(id = ci.person_role_id)", "Total Cost": 8.45, "Plan Width": 4}], "Join Type": "Inner", "Node Type": "Nested Loop", "Actual Total Time": 0.053, "Actual Rows": 0, "Parent Relationship": "Outer", "Total Cost": 78556.94, "Plan Width": 24}, {"Index Name": "company_name_pkey", "Actual Startup Time": 0.0, "Relation Name": "company_name", "Actual Loops": 0, "Plan Rows": 1, "Startup Cost": 0.42, "Rows Removed by Index Recheck": 0, "Rows Removed by Filter": 0, "Alias": "cn", "Node Type": "Index Scan", "Scan Direction": "Forward", "Actual Total Time": 0.0, "Actual Rows": 0, "Index Cond": "(id = mc.company_id)", "Filter": "((country_code)::text = '[ch]'::text)", "Parent Relationship": "Inner", "Total Cost": 0.45, "Plan Width": 4}], "Join Type": "Inner", "Node Type": "Nested Loop", "Actual Total Time": 0.053, "Actual Rows": 0, "Parent Relationship": "Outer", "Total Cost": 78557.4, "Plan Width": 20}, {"Index Name": "name_pkey", "Actual Startup Time": 0.0, "Relation Name": "name", "Actual Loops": 0, "Plan Rows": 1, "Startup Cost": 0.43, "Rows Removed by Index Recheck": 0, "Rows Removed by Filter": 0, "Alias": "n", "Node Type": "Index Scan", "Scan Direction": "Forward", "Actual Total Time": 0.0, "Actual Rows": 0, "Index Cond": "(id = an.person_id)", "Filter": "((gender)::text = 'f'::text)", "Parent Relationship": "Inner", "Total Cost": 0.76, "Plan Width": 19}], "Join Type": "Inner", "Node Type": "Nested Loop", "Actual Total Time": 0.055, "Actual Rows": 0, "Parent Relationship": "Outer", "Total Cost": 78558.18, "Plan Width": 27}, {"Index Name": "title_pkey", "Actual Startup Time": 0.0, "Relation Name": "title", "Actual Loops": 0, "Plan Rows": 1, "Startup Cost": 0.43, "Rows Removed by Index Recheck": 0, "Rows Removed by Filter": 0, "Alias": "t", "Node Type": "Index Scan", "Scan Direction": "Forward", "Actual Total Time": 0.0, "Actual Rows": 0, "Index Cond": "(id = mc.movie_id)", "Filter": "(production_year > 1891)", "Parent Relationship": "Inner", "Total Cost": 0.52, "Plan Width": 21}], "Join Type": "Inner", "Node Type": "Nested Loop", "Actual Total Time": 0.055, "Actual Rows": 0, "Parent Relationship": "Outer", "Total Cost": 78558.71, "Plan Width": 32}]}, "Triggers": [], "Planning Time": 22.539, "Execution Time": 0.356}]]]}
{"start_time": 1569073723.1734958, "plan": [[[{"Plan": {"Actual Startup Time": 0.055, "Plan Rows": 1, "Node Type": "Aggregate", "Actual Loops": 1, "Actual Total Time": 0.055, "Actual Rows": 1, "Plan Width": 32, "Startup Cost": 78556.25, "Strategy": "Plain", "Total Cost": 78556.26, "Plans": [{"Actual Startup Time": 0.054, "Plan Rows": 1, "Join Filter": "(mi.movie_id = t.id)", "Actual Loops": 1, "Startup Cost": 73.44, "Rows Removed by Join Filter": 0, "Plans": [{"Actual Startup Time": 0.054, "Plan Rows": 1, "Join Filter": "(ci.person_id = n.id)", "Actual Loops": 1, "Startup Cost": 73.01, "Rows Removed by Join Filter": 0, "Plans": [{"Actual Startup Time": 0.053, "Plan Rows": 1, "Actual Loops": 1, "Startup Cost": 72.58, "Plans": [{"Actual Startup Time": 0.053, "Plan Rows": 1, "Actual Loops": 1, "Startup Cost": 72.16, "Plans": [{"Actual Startup Time": 0.052, "Plan Rows": 1, "Join Filter": "(ci.movie_id = mi.movie_id)", "Actual Loops": 1, "Startup Cost": 71.73, "Rows Removed by Join Filter": 0, "Plans": [{"Actual Startup Time": 0.052, "Plan Rows": 1, "Actual Loops": 1, "Startup Cost": 48.49, "Hash Cond": "(an.person_id = ci.person_id)", "Plans": [{"Actual Startup Time": 0.006, "Plan Rows": 902055, "Actual Loops": 1, "Startup Cost": 0.0, "Alias": "an", "Node Type": "Seq Scan", "Actual Total Time": 0.006, "Actual Rows": 1, "Parent Relationship": "Outer", "Relation Name": "aka_name", "Total Cost": 20425.55, "Plan Width": 4}, {"Actual Startup Time": 0.001, "Plan Rows": 1, "Peak Memory Usage": 8, "Actual Loops": 1, "Startup Cost": 48.48, "Original Hash Batches": 1, "Plans": [{"Actual Startup Time": 0.001, "Plan Rows": 1, "Actual Loops": 1, "Startup Cost": 18.93, "Hash Cond": "(ci.role_id = rt.id)", "Plans": [{"Actual Startup Time": 0.001, "Plan Rows": 39, "Actual Loops": 1, "Rows Removed by Filter": 0, "Startup Cost": 0.0, "Alias": "ci", "Node Type": "Seq Scan", "Actual Total Time": 0.001, "Actual Rows": 0, "Relation Name": "cast_info", "Filter": "(note = ANY ('{\"(as Herbert Vigran)\",\"(Photocopy Room)\",\"(as Edmund Cambridge)\",\"(as Christoph Krutzler)\",\"(as The Hot Rats)\",\"(as Colton Schock)\",\"(as Colonel Richard O. Covey)\",\"(as Fred Roberto)\"}'::text[]))", "Parent Relationship": "Outer", "Total Cost": 29.4, "Plan Width": 16}, {"Actual Startup Time": 0.0, "Plan Rows": 4, "Node Type": "Hash", "Actual Loops": 0, "Actual Total Time": 0.0, "Actual Rows": 0, "Startup Cost": 18.88, "Plan Width": 4, "Parent Relationship": "Inner", "Total Cost": 18.88, "Plans": [{"Actual Startup Time": 0.0, "Plan Rows": 4, "Actual Loops": 0, "Rows Removed by Filter": 0, "Startup Cost": 0.0, "Alias": "rt", "Node Type": "Seq Scan", "Actual Total Time": 0.0, "Actual Rows": 0, "Relation Name": "role_type", "Filter": "((role)::text = 'actor'::text)", "Parent Relationship": "Outer", "Total Cost": 18.88, "Plan Width": 4}]}], "Join Type": "Inner", "Node Type": "Hash Join", "Actual Total Time": 0.001, "Actual Rows": 0, "Parent Relationship": "Outer", "Total Cost": 48.48, "Plan Width": 12}], "Hash Buckets": 1024, "Original Hash Buckets": 1024, "Node Type": "Hash", "Actual Total Time": 0.001, "Actual Rows": 0, "Parent Relationship": "Inner", "Hash Batches": 1, "Total Cost": 48.48, "Plan Width": 12}], "Join Type": "Inner", "Node Type": "Hash Join", "Actual Total Time": 0.052, "Actual Rows": 0, "Parent Relationship": "Outer", "Total Cost": 23856.77, "Plan Width": 16}, {"Actual Startup Time": 0.0, "Plan Rows": 22, "Actual Loops": 0, "Startup Cost": 23.24, "Hash Cond": "(mc.movie_id = mi.movie_id)", "Plans": [{"Actual Startup Time": 0.0, "Plan Rows": 2609129, "Actual Loops": 0, "Startup Cost": 0.0, "Alias": "mc", "Node Type": "Seq Scan", "Actual Total Time": 0.0, "Actual Rows": 0, "Parent Relationship": "Outer", "Relation Name": "movie_companies", "Total Cost": 44881.29, "Plan Width": 8}, {"Actual Startup Time": 0.0, "Plan Rows": 4, "Node Type": "Hash", "Actual Loops": 0, "Actual Total Time": 0.0, "Actual Rows": 0, "Startup Cost": 23.19, "Plan Width": 4, "Parent Relationship": "Inner", "Total Cost": 23.19, "Plans": [{"Actual Startup Time": 0.0, "Plan Rows": 4, "Actual Loops": 0, "Startup Cost": 2.43, "Hash Cond": "(mi.info_type_id = it.id)", "Plans": [{"Actual Startup Time": 0.0, "Plan Rows": 780, "Actual Loops": 0, "Startup Cost": 0.0, "Alias": "mi", "Node Type": "Seq Scan", "Actual Total Time": 0.0, "Actual Rows": 0, "Parent Relationship": "Outer", "Relation Name": "movie_info", "Total Cost": 17.8, "Plan Width": 8}, {"Actual Startup Time": 0.0, "Plan Rows": 1, "Node Type": "Hash", "Actual Loops": 0, "Actual Total Time": 0.0, "Actual Rows": 0, "Startup Cost": 2.41, "Plan Width": 4, "Parent Relationship": "Inner", "Total Cost": 2.41, "Plans": [{"Actual Startup Time": 0.0, "Plan Rows": 1, "Actual Loops": 0, "Rows Removed by Filter": 0, "Startup Cost": 0.0, "Alias": "it", "Node Type": "Seq Scan", "Actual Total Time": 0.0, "Actual Rows": 0, "Relation Name": "info_type", "Filter": "((info)::text = 'release dates'::text)", "Parent Relationship": "Outer", "Total Cost": 2.41, "Plan Width": 4}]}], "Join Type": "Inner", "Node Type": "Hash Join", "Actual Total Time": 0.0, "Actual Rows": 0, "Parent Relationship": "Outer", "Total Cost": 23.19, "Plan Width": 4}]}], "Join Type": "Inner", "Node Type": "Hash Join", "Actual Total Time": 0.0, "Actual Rows": 0, "Parent Relationship": "Inner", "Total Cost": 54688.98, "Plan Width": 12}], "Join Type": "Inner", "Node Type": "Nested Loop", "Actual Total Time": 0.052, "Actual Rows": 0, "Parent Relationship": "Outer", "Total Cost": 78546.03, "Plan Width": 28}, {"Index Name": "char_name_pkey", "Actual Startup Time": 0.0, "Relation Name": "char_name", "Actual Loops": 0, "Plan Rows": 1, "Startup Cost": 0.43, "Rows Removed by Index Recheck": 0, "Parent Relationship": "Inner", "Alias": "chn", "Node Type": "Index Only Scan", "Scan Direction": "Forward", "Actual Total Time": 0.0, "Actual Rows": 0, "Heap Fetches": 0, "Index Cond": "(id = ci.person_role_id)", "Total Cost": 8.45, "Plan Width": 4}], "Join Type": "Inner", "Node Type": "Nested Loop", "Actual Total Time": 0.053, "Actual Rows": 0, "Parent Relationship": "Outer", "Total Cost": 78554.49, "Plan Width": 24}, {"Index Name": "company_name_pkey", "Actual Startup Time": 0.0, "Relation Name": "company_name", "Actual Loops": 0, "Plan Rows": 1, "Startup Cost": 0.42, "Rows Removed by Index Recheck": 0, "Rows Removed by Filter": 0, "Alias": "cn", "Node Type": "Index Scan", "Scan Direction": "Forward", "Actual Total Time": 0.0, "Actual Rows": 0, "Index Cond": "(id = mc.company_id)", "Filter": "((country_code)::text = '[br]'::text)", "Parent Relationship": "Inner", "Total Cost": 0.45, "Plan Width": 4}], "Join Type": "Inner", "Node Type": "Nested Loop", "Actual Total Time": 0.053, "Actual Rows": 0, "Parent Relationship": "Outer", "Total Cost": 78554.94, "Plan Width": 20}, {"Index Name": "name_pkey", "Actual Startup Time": 0.0, "Relation Name": "name", "Actual Loops": 0, "Plan Rows": 1, "Startup Cost": 0.43, "Rows Removed by Index Recheck": 0, "Rows Removed by Filter": 0, "Alias": "n", "Node Type": "Index Scan", "Scan Direction": "Forward", "Actual Total Time": 0.0, "Actual Rows": 0, "Index Cond": "(id = an.person_id)", "Filter": "((gender)::text = 'm'::text)", "Parent Relationship": "Inner", "Total Cost": 0.76, "Plan Width": 19}], "Join Type": "Inner", "Node Type": "Nested Loop", "Actual Total Time": 0.054, "Actual Rows": 0, "Parent Relationship": "Outer", "Total Cost": 78555.72, "Plan Width": 27}, {"Index Name": "title_pkey", "Actual Startup Time": 0.0, "Relation Name": "title", "Actual Loops": 0, "Plan Rows": 1, "Startup Cost": 0.43, "Rows Removed by Index Recheck": 0, "Rows Removed by Filter": 0, "Alias": "t", "Node Type": "Index Scan", "Scan Direction": "Forward", "Actual Total Time": 0.0, "Actual Rows": 0, "Index Cond": "(id = mc.movie_id)", "Filter": "(production_year > 1921)", "Parent Relationship": "Inner", "Total Cost": 0.52, "Plan Width": 21}], "Join Type": "Inner", "Node Type": "Nested Loop", "Actual Total Time": 0.054, "Actual Rows": 0, "Parent Relationship": "Outer", "Total Cost": 78556.25, "Plan Width": 32}]}, "Triggers": [], "Planning Time": 21.161, "Execution Time": 0.349}]]]}
