{"start_time": 1569073684.3949196, "plan": [[[{"Plan": {"Actual Startup Time": 0.144, "Plan Rows": 1, "Node Type": "Aggregate", "Actual Loops": 1, "Actual Total Time": 0.144, "Actual Rows": 1, "Plan Width": 22, "Startup Cost": 113911.57, "Strategy": "Plain", "Total Cost": 113911.58, "Plans": [{"Actual Startup Time": 0.137, "Plan Rows": 1, "Actual Loops": 1, "Startup Cost": 31.84, "Plans": [{"Actual Startup Time": 0.136, "Plan Rows": 1, "Join Filter": "(mi.movie_id = t.id)", "Actual Loops": 1, "Startup Cost": 31.69, "Rows Removed by Join Filter": 0, "Plans": [{"Actual Startup Time": 0.136, "Plan Rows": 1, "Join Filter": "(mi_idx.movie_id = mi.movie_id)", "Actual Loops": 1, "Startup Cost": 31.26, "Rows Removed by Join Filter": 0, "Plans": [{"Actual Startup Time": 0.136, "Plan Rows": 1, "Actual Loops": 1, "Startup Cost": 28.83, "Plans": [{"Actual Startup Time": 0.136, "Plan Rows": 47, "Actual Loops": 1, "Startup Cost": 28.41, "Hash Cond": "(mk.movie_id = mi.movie_id)", "Plans": [{"Actual Startup Time": 0.02, "Plan Rows": 4523930, "Actual Loops": 1, "Startup Cost": 0.0, "Alias": "mk", "Node Type": "Seq Scan", "Actual Total Time": 0.02, "Actual Rows": 1, "Parent Relationship": "Outer", "Relation Name": "movie_keyword", "Total Cost": 69693.3, "Plan Width": 8}, {"Actual Startup Time": 0.061, "Plan Rows": 1, "Peak Memory Usage": 8, "Actual Loops": 1, "Startup Cost": 28.4, "Original Hash Batches": 1, "Plans": [{"Actual Startup Time": 0.061, "Plan Rows": 1, "Join Filter": "(it1.id = mi.info_type_id)", "Actual Loops": 1, "Startup Cost": 0.0, "Rows Removed by Join Filter": 0, "Plans": [{"Actual Startup Time": 0.017, "Plan Rows": 1, "Actual Loops": 1, "Rows Removed by Filter": 112, "Startup Cost": 0.0, "Alias": "it1", "Node Type": "Seq Scan", "Actual Total Time": 0.057, "Actual Rows": 1, "Relation Name": "info_type", "Filter": "((info)::text = 'countries'::text)", "Parent Relationship": "Outer", "Total Cost": 2.41, "Plan Width": 4}, {"Actual Startup Time": 0.001, "Plan Rows": 31, "Actual Loops": 1, "Rows Removed by Filter": 0, "Startup Cost": 0.0, "Alias": "mi", "Node Type": "Seq Scan", "Actual Total Time": 0.001, "Actual Rows": 0, "Relation Name": "movie_info", "Filter": "(info = ANY ('{Martinique,Indonesia,Greece,Haiti,\"Cayman Islands\",Myanmar,Germany,Uzbekistan}'::text[]))", "Parent Relationship": "Inner", "Total Cost": 25.6, "Plan Width": 8}], "Join Type": "Inner", "Node Type": "Nested Loop", "Actual Total Time": 0.061, "Actual Rows": 0, "Parent Relationship": "Outer", "Total Cost": 28.4, "Plan Width": 4}], "Hash Buckets": 1024, "Original Hash Buckets": 1024, "Node Type": "Hash", "Actual Total Time": 0.061, "Actual Rows": 0, "Parent Relationship": "Inner", "Hash Batches": 1, "Total Cost": 28.4, "Plan Width": 4}], "Join Type": "Inner", "Node Type": "Hash Join", "Actual Total Time": 0.136, "Actual Rows": 0, "Parent Relationship": "Outer", "Total Cost": 86686.92, "Plan Width": 12}, {"Index Name": "keyword_pkey", "Actual Startup Time": 0.0, "Relation Name": "keyword", "Actual Loops": 0, "Plan Rows": 1, "Startup Cost": 0.42, "Rows Removed by Index Recheck": 0, "Rows Removed by Filter": 0, "Alias": "k", "Node Type": "Index Scan", "Scan Direction": "Forward", "Actual Total Time": 0.0, "Actual Rows": 0, "Index Cond": "(id = mk.keyword_id)", "Filter": "(keyword = ANY ('{reference-to-harvard-university,javanese,sketch-comedy,howling,visual-humor}'::text[]))", "Parent Relationship": "Inner", "Total Cost": 0.45, "Plan Width": 4}], "Join Type": "Inner", "Node Type": "Nested Loop", "Actual Total Time": 0.136, "Actual Rows": 0, "Parent Relationship": "Outer", "Total Cost": 86708.31, "Plan Width": 8}, {"Actual Startup Time": 0.0, "Plan Rows": 4515, "Actual Loops": 0, "Startup Cost": 2.43, "Hash Cond": "(mi_idx.info_type_id = it2.id)", "Plans": [{"Actual Startup Time": 0.0, "Plan Rows": 510164, "Actual Loops": 0, "Rows Removed by Filter": 0, "Startup Cost": 0.0, "Alias": "mi_idx", "Node Type": "Seq Scan", "Actual Total Time": 0.0, "Actual Rows": 0, "Relation Name": "movie_info_idx", "Filter": "(info > '5.2'::text)", "Parent Relationship": "Outer", "Total Cost": 25185.44, "Plan Width": 13}, {"Actual Startup Time": 0.0, "Plan Rows": 1, "Node Type": "Hash", "Actual Loops": 0, "Actual Total Time": 0.0, "Actual Rows": 0, "Startup Cost": 2.41, "Plan Width": 4, "Parent Relationship": "Inner", "Total Cost": 2.41, "Plans": [{"Actual Startup Time": 0.0, "Plan Rows": 1, "Actual Loops": 0, "Rows Removed by Filter": 0, "Startup Cost": 0.0, "Alias": "it2", "Node Type": "Seq Scan", "Actual Total Time": 0.0, "Actual Rows": 0, "Relation Name": "info_type", "Filter": "((info)::text = 'rating'::text)", "Parent Relationship": "Outer", "Total Cost": 2.41, "Plan Width": 4}]}], "Join Type": "Inner", "Node Type": "Hash Join", "Actual Total Time": 0.0, "Actual Rows": 0, "Parent Relationship": "Inner", "Total Cost": 27146.13, "Plan Width": 9}], "Join Type": "Inner", "Node Type": "Nested Loop", "Actual Total Time": 0.136, "Actual Rows": 0, "Parent Relationship": "Outer", "Total Cost": 113910.87, "Plan Width": 17}, {"Index Name": "title_pkey", "Actual Startup Time": 0.0, "Relation Name": "title", "Actual Loops": 0, "Plan Rows": 1, "Startup Cost": 0.43, "Rows Removed by Index Recheck": 0, "Rows Removed by Filter": 0, "Alias": "t", "Node Type": "Index Scan", "Scan Direction": "Forward", "Actual Total Time": 0.0, "Actual Rows": 0, "Index Cond": "(id = mk.movie_id)", "Filter": "((production_year > 1974) AND ((title ~~ '%Jalan:%'::text) OR (title ~~ '%the%'::text) OR (title ~~ '%Present%'::text)))", "Parent Relationship": "Inner", "Total Cost": 0.5, "Plan Width": 25}], "Join Type": "Inner", "Node Type": "Nested Loop", "Actual Total Time": 0.136, "Actual Rows": 0, "Parent Relationship": "Outer", "Total Cost": 113911.38, "Plan Width": 26}, {"Index Name": "kind_type_pkey", "Actual Startup Time": 0.0, "Relation Name": "kind_type", "Actual Loops": 0, "Plan Rows": 1, "Startup Cost": 0.15, "Rows Removed by Index Recheck": 0, "Rows Removed by Filter": 0, "Alias": "kt", "Node Type": "Index Scan", "Scan Direction": "Forward", "Actual Total Time": 0.0, "Actual Rows": 0, "Index Cond": "(id = t.kind_id)", "Filter": "((kind)::text = 'movie'::text)", "Parent Relationship": "Inner", "Total Cost": 0.17, "Plan Width": 4}], "Join Type": "Inner", "Node Type": "Nested Loop", "Actual Total Time": 0.137, "Actual Rows": 0, "Parent Relationship": "Outer", "Total Cost": 113911.56, "Plan Width": 22}]}, "Triggers": [], "Planning Time": 10.843, "Execution Time": 0.439}]]]}
{"start_time": 1569073684.3949196, "plan": [[[{"Plan": {"Actual Startup Time": 0.059, "Plan Rows": 1, "Node Type": "Aggregate", "Actual Loops": 1, "Actual Total Time": 0.059, "Actual Rows": 1, "Plan Width": 22, "Startup Cost": 116373.8, "Strategy": "Plain", "Total Cost": 116373.81, "Plans": [{"Actual Startup Time": 0.057, "Plan Rows": 1, "Actual Loops": 1, "Startup Cost": 35.55, "Plans": [{"Actual Startup Time": 0.057, "Plan Rows": 1, "Join Filter": "(mi.movie_id = t.id)", "Actual Loops": 1, "Startup Cost": 35.4, "Rows Removed by Join Filter": 0, "Plans": [{"Actual Startup Time": 0.056, "Plan Rows": 1, "Join Filter": "(mi_idx.movie_id = mi.movie_id)", "Actual Loops": 1, "Startup Cost": 34.97, "Rows Removed by Join Filter": 0, "Plans": [{"Actual Startup Time": 0.055, "Plan Rows": 1, "Actual Loops": 1, "Startup Cost": 32.54, "Plans": [{"Actual Startup Time": 0.055, "Plan Rows": 47, "Actual Loops": 1, "Startup Cost": 32.12, "Hash Cond": "(mk.movie_id = mi.movie_id)", "Plans": [{"Actual Startup Time": 0.014, "Plan Rows": 4523930, "Actual Loops": 1, "Startup Cost": 0.0, "Alias": "mk", "Node Type": "Seq Scan", "Actual Total Time": 0.014, "Actual Rows": 1, "Parent Relationship": "Outer", "Relation Name": "movie_keyword", "Total Cost": 69693.3, "Plan Width": 8}, {"Actual Startup Time": 0.001, "Plan Rows": 1, "Peak Memory Usage": 8, "Actual Loops": 1, "Startup Cost": 32.11, "Original Hash Batches": 1, "Plans": [{"Actual Startup Time": 0.001, "Plan Rows": 1, "Actual Loops": 1, "Startup Cost": 2.43, "Hash Cond": "(mi.info_type_id = it1.id)", "Plans": [{"Actual Startup Time": 0.001, "Plan Rows": 47, "Actual Loops": 1, "Rows Removed by Filter": 0, "Startup Cost": 0.0, "Alias": "mi", "Node Type": "Seq Scan", "Actual Total Time": 0.001, "Actual Rows": 0, "Relation Name": "movie_info", "Filter": "(info = ANY ('{Romania,Zaire,Ireland,\"Hong Kong\",Rwanda,\"Costa Rica\",USA,Portugal,Cameroon,Burundi,\"Occupied Palestinian Territory\",Macau}'::text[]))", "Parent Relationship": "Outer", "Total Cost": 29.5, "Plan Width": 8}, {"Actual Startup Time": 0.0, "Plan Rows": 1, "Node Type": "Hash", "Actual Loops": 0, "Actual Total Time": 0.0, "Actual Rows": 0, "Startup Cost": 2.41, "Plan Width": 4, "Parent Relationship": "Inner", "Total Cost": 2.41, "Plans": [{"Actual Startup Time": 0.0, "Plan Rows": 1, "Actual Loops": 0, "Rows Removed by Filter": 0, "Startup Cost": 0.0, "Alias": "it1", "Node Type": "Seq Scan", "Actual Total Time": 0.0, "Actual Rows": 0, "Relation Name": "info_type", "Filter": "((info)::text = 'countries'::text)", "Parent Relationship": "Outer", "Total Cost": 2.41, "Plan Width": 4}]}], "Join Type": "Inner", "Node Type": "Hash Join", "Actual Total Time": 0.001, "Actual Rows": 0, "Parent Relationship": "Outer", "Total Cost": 32.11, "Plan Width": 4}], "Hash Buckets": 1024, "Original Hash Buckets": 1024, "Node Type": "Hash", "Actual Total Time": 0.001, "Actual Rows": 0, "Parent Relationship": "Inner", "Hash Batches": 1, "Total Cost": 32.11, "Plan Width": 4}], "Join Type": "Inner", "Node Type": "Hash Join", "Actual Total Time": 0.055, "Actual Rows": 0, "Parent Relationship": "Outer", "Total Cost": 86690.63, "Plan Width": 12}, {"Index Name": "keyword_pkey", "Actual Startup Time": 0.0, "Relation Name": "keyword", "Actual Loops": 0, "Plan Rows": 1, "Startup Cost": 0.42, "Rows Removed by Index Recheck": 0, "Rows Removed by Filter": 0, "Alias": "k", "Node Type": "Index Scan", "Scan Direction": "Forward", "Actual Total Time": 0.0, "Actual Rows": 0, "Index Cond": "(id = mk.keyword_id)", "Filter": "(keyword = ANY ('{king-ferdinand-of-spain,korean-restaurant,cat-killer,broken-car-headlight,sukkot,tied-to-the-mast}'::text[]))", "Parent Relationship": "Inner", "Total Cost": 0.45, "Plan Width": 4}], "Join Type": "Inner", "Node Type": "Nested Loop", "Actual Total Time": 0.055, "Actual Rows": 0, "Parent Relationship": "Outer", "Total Cost": 86712.08, "Plan Width": 8}, {"Actual Startup Time": 0.0, "Plan Rows": 10024, "Actual Loops": 0, "Startup Cost": 2.43, "Hash Cond": "(mi_idx.info_type_id = it2.id)", "Plans": [{"Actual Startup Time": 0.0, "Plan Rows": 1132701, "Actual Loops": 0, "Rows Removed by Filter": 0, "Startup Cost": 0.0, "Alias": "mi_idx", "Node Type": "Seq Scan", "Actual Total Time": 0.0, "Actual Rows": 0, "Relation Name": "movie_info_idx", "Filter": "(info > '10.0'::text)", "Parent Relationship": "Outer", "Total Cost": 25185.44, "Plan Width": 13}, {"Actual Startup Time": 0.0, "Plan Rows": 1, "Node Type": "Hash", "Actual Loops": 0, "Actual Total Time": 0.0, "Actual Rows": 0, "Startup Cost": 2.41, "Plan Width": 4, "Parent Relationship": "Inner", "Total Cost": 2.41, "Plans": [{"Actual Startup Time": 0.0, "Plan Rows": 1, "Actual Loops": 0, "Rows Removed by Filter": 0, "Startup Cost": 0.0, "Alias": "it2", "Node Type": "Seq Scan", "Actual Total Time": 0.0, "Actual Rows": 0, "Relation Name": "info_type", "Filter": "((info)::text = 'rating'::text)", "Parent Relationship": "Outer", "Total Cost": 2.41, "Plan Width": 4}]}], "Join Type": "Inner", "Node Type": "Hash Join", "Actual Total Time": 0.0, "Actual Rows": 0, "Parent Relationship": "Inner", "Total Cost": 29535.73, "Plan Width": 9}], "Join Type": "Inner", "Node Type": "Nested Loop", "Actual Total Time": 0.056, "Actual Rows": 0, "Parent Relationship": "Outer", "Total Cost": 116373.11, "Plan Width": 17}, {"Index Name": "title_pkey", "Actual Startup Time": 0.0, "Relation Name": "title", "Actual Loops": 0, "Plan Rows": 1, "Startup Cost": 0.43, "Rows Removed by Index Recheck": 0, "Rows Removed by Filter": 0, "Alias": "t", "Node Type": "Index Scan", "Scan Direction": "Forward", "Actual Total Time": 0.0, "Actual Rows": 0, "Index Cond": "(id = mk.movie_id)", "Filter": "((production_year > 1957) AND ((title ~~ '%das%'::text) OR (title ~~ '%The%'::text) OR (title ~~ '%the%'::text)))", "Parent Relationship": "Inner", "Total Cost": 0.5, "Plan Width": 25}], "Join Type": "Inner", "Node Type": "Nested Loop", "Actual Total Time": 0.057, "Actual Rows": 0, "Parent Relationship": "Outer", "Total Cost": 116373.62, "Plan Width": 26}, {"Index Name": "kind_type_pkey", "Actual Startup Time": 0.0, "Relation Name": "kind_type", "Actual Loops": 0, "Plan Rows": 1, "Startup Cost": 0.15, "Rows Removed by Index Recheck": 0, "Rows Removed by Filter": 0, "Alias": "kt", "Node Type": "Index Scan", "Scan Direction": "Forward", "Actual Total Time": 0.0, "Actual Rows": 0, "Index Cond": "(id = t.kind_id)", "Filter": "((kind)::text = 'movie'::text)", "Parent Relationship": "Inner", "Total Cost": 0.17, "Plan Width": 4}], "Join Type": "Inner", "Node Type": "Nested Loop", "Actual Total Time": 0.057, "Actual Rows": 0, "Parent Relationship": "Outer", "Total Cost": 116373.8, "Plan Width": 22}]}, "Triggers": [], "Planning Time": 6.348, "Execution Time": 0.274}]]]}
{"start_time": 1569073684.9261942, "plan": [[[{"Plan": {"Actual Startup Time": 0.089, "Plan Rows": 1, "Node Type": "Aggregate", "Actual Loops": 1, "Actual Total Time": 0.089, "Actual Rows": 1, "Plan Width": 22, "Startup Cost": 114492.55, "Strategy": "Plain", "Total Cost": 114492.56, "Plans": [{"Actual Startup Time": 0.086, "Plan Rows": 1, "Actual Loops": 1, "Startup Cost": 29.79, "Plans": [{"Actual Startup Time": 0.086, "Plan Rows": 1, "Join Filter": "(mi.movie_id = t.id)", "Actual Loops": 1, "Startup Cost": 29.64, "Rows Removed by Join Filter": 0, "Plans": [{"Actual Startup Time": 0.086, "Plan Rows": 1, "Join Filter": "(mi_idx.movie_id = mi.movie_id)", "Actual Loops": 1, "Startup Cost": 29.21, "Rows Removed by Join Filter": 0, "Plans": [{"Actual Startup Time": 0.086, "Plan Rows": 1, "Actual Loops": 1, "Startup Cost": 26.78, "Plans": [{"Actual Startup Time": 0.086, "Plan Rows": 47, "Actual Loops": 1, "Startup Cost": 26.36, "Hash Cond": "(mk.movie_id = mi.movie_id)", "Plans": [{"Actual Startup Time": 0.014, "Plan Rows": 4523930, "Actual Loops": 1, "Startup Cost": 0.0, "Alias": "mk", "Node Type": "Seq Scan", "Actual Total Time": 0.014, "Actual Rows": 1, "Parent Relationship": "Outer", "Relation Name": "movie_keyword", "Total Cost": 69693.3, "Plan Width": 8}, {"Actual Startup Time": 0.032, "Plan Rows": 1, "Peak Memory Usage": 8, "Actual Loops": 1, "Startup Cost": 26.35, "Original Hash Batches": 1, "Plans": [{"Actual Startup Time": 0.032, "Plan Rows": 1, "Join Filter": "(it1.id = mi.info_type_id)", "Actual Loops": 1, "Startup Cost": 0.0, "Rows Removed by Join Filter": 0, "Plans": [{"Actual Startup Time": 0.012, "Plan Rows": 1, "Actual Loops": 1, "Rows Removed by Filter": 112, "Startup Cost": 0.0, "Alias": "it1", "Node Type": "Seq Scan", "Actual Total Time": 0.03, "Actual Rows": 1, "Relation Name": "info_type", "Filter": "((info)::text = 'countries'::text)", "Parent Relationship": "Outer", "Total Cost": 2.41, "Plan Width": 4}, {"Actual Startup Time": 0.0, "Plan Rows": 23, "Actual Loops": 1, "Rows Removed by Filter": 0, "Startup Cost": 0.0, "Alias": "mi", "Node Type": "Seq Scan", "Actual Total Time": 0.0, "Actual Rows": 0, "Relation Name": "movie_info", "Filter": "(info = ANY ('{Monaco,\"San Marino\",Pakistan,USA,\"Burkina Faso\",Fiji}'::text[]))", "Parent Relationship": "Inner", "Total Cost": 23.65, "Plan Width": 8}], "Join Type": "Inner", "Node Type": "Nested Loop", "Actual Total Time": 0.032, "Actual Rows": 0, "Parent Relationship": "Outer", "Total Cost": 26.35, "Plan Width": 4}], "Hash Buckets": 1024, "Original Hash Buckets": 1024, "Node Type": "Hash", "Actual Total Time": 0.032, "Actual Rows": 0, "Parent Relationship": "Inner", "Hash Batches": 1, "Total Cost": 26.35, "Plan Width": 4}], "Join Type": "Inner", "Node Type": "Hash Join", "Actual Total Time": 0.086, "Actual Rows": 0, "Parent Relationship": "Outer", "Total Cost": 86684.87, "Plan Width": 12}, {"Index Name": "keyword_pkey", "Actual Startup Time": 0.0, "Relation Name": "keyword", "Actual Loops": 0, "Plan Rows": 1, "Startup Cost": 0.42, "Rows Removed by Index Recheck": 0, "Rows Removed by Filter": 0, "Alias": "k", "Node Type": "Index Scan", "Scan Direction": "Forward", "Actual Total Time": 0.0, "Actual Rows": 0, "Index Cond": "(id = mk.keyword_id)", "Filter": "(keyword = ANY ('{adult-playing-with-child,fainting-woman,drag-kings,calling-pet,miming,exercise-bike}'::text[]))", "Parent Relationship": "Inner", "Total Cost": 0.45, "Plan Width": 4}], "Join Type": "Inner", "Node Type": "Nested Loop", "Actual Total Time": 0.086, "Actual Rows": 0, "Parent Relationship": "Outer", "Total Cost": 86706.31, "Plan Width": 8}, {"Actual Startup Time": 0.0, "Plan Rows": 5821, "Actual Loops": 0, "Startup Cost": 2.43, "Hash Cond": "(mi_idx.info_type_id = it2.id)", "Plans": [{"Actual Startup Time": 0.0, "Plan Rows": 657787, "Actual Loops": 0, "Rows Removed by Filter": 0, "Startup Cost": 0.0, "Alias": "mi_idx", "Node Type": "Seq Scan", "Actual Total Time": 0.0, "Actual Rows": 0, "Relation Name": "movie_info_idx", "Filter": "(info > '3.8'::text)", "Parent Relationship": "Outer", "Total Cost": 25185.44, "Plan Width": 13}, {"Actual Startup Time": 0.0, "Plan Rows": 1, "Node Type": "Hash", "Actual Loops": 0, "Actual Total Time": 0.0, "Actual Rows": 0, "Startup Cost": 2.41, "Plan Width": 4, "Parent Relationship": "Inner", "Total Cost": 2.41, "Plans": [{"Actual Startup Time": 0.0, "Plan Rows": 1, "Actual Loops": 0, "Rows Removed by Filter": 0, "Startup Cost": 0.0, "Alias": "it2", "Node Type": "Seq Scan", "Actual Total Time": 0.0, "Actual Rows": 0, "Relation Name": "info_type", "Filter": "((info)::text = 'rating'::text)", "Parent Relationship": "Outer", "Total Cost": 2.41, "Plan Width": 4}]}], "Join Type": "Inner", "Node Type": "Hash Join", "Actual Total Time": 0.0, "Actual Rows": 0, "Parent Relationship": "Inner", "Total Cost": 27712.77, "Plan Width": 9}], "Join Type": "Inner", "Node Type": "Nested Loop", "Actual Total Time": 0.086, "Actual Rows": 0, "Parent Relationship": "Outer", "Total Cost": 114491.85, "Plan Width": 17}, {"Index Name": "title_pkey", "Actual Startup Time": 0.0, "Relation Name": "title", "Actual Loops": 0, "Plan Rows": 1, "Startup Cost": 0.43, "Rows Removed by Index Recheck": 0, "Rows Removed by Filter": 0, "Alias": "t", "Node Type": "Index Scan", "Scan Direction": "Forward", "Actual Total Time": 0.0, "Actual Rows": 0, "Index Cond": "(id = mk.movie_id)", "Filter": "((production_year > 1966) AND ((title ~~ '%Fall%'::text) OR (title ~~ '%Cell%'::text) OR (title ~~ '%Dolls:%'::text)))", "Parent Relationship": "Inner", "Total Cost": 0.5, "Plan Width": 25}], "Join Type": "Inner", "Node Type": "Nested Loop", "Actual Total Time": 0.086, "Actual Rows": 0, "Parent Relationship": "Outer", "Total Cost": 114492.36, "Plan Width": 26}, {"Index Name": "kind_type_pkey", "Actual Startup Time": 0.0, "Relation Name": "kind_type", "Actual Loops": 0, "Plan Rows": 1, "Startup Cost": 0.15, "Rows Removed by Index Recheck": 0, "Rows Removed by Filter": 0, "Alias": "kt", "Node Type": "Index Scan", "Scan Direction": "Forward", "Actual Total Time": 0.0, "Actual Rows": 0, "Index Cond": "(id = t.kind_id)", "Filter": "((kind)::text = 'tv movie'::text)", "Parent Relationship": "Inner", "Total Cost": 0.17, "Plan Width": 4}], "Join Type": "Inner", "Node Type": "Nested Loop", "Actual Total Time": 0.086, "Actual Rows": 0, "Parent Relationship": "Outer", "Total Cost": 114492.54, "Plan Width": 22}]}, "Triggers": [], "Planning Time": 6.355, "Execution Time": 0.319}]]]}
{"start_time": 1569073684.9261942, "plan": [[[{"Plan": {"Actual Startup Time": 0.091, "Plan Rows": 1, "Node Type": "Aggregate", "Actual Loops": 1, "Actual Total Time": 0.091, "Actual Rows": 1, "Plan Width": 22, "Startup Cost": 116143.66, "Strategy": "Plain", "Total Cost": 116143.67, "Plans": [{"Actual Startup Time": 0.088, "Plan Rows": 1, "Actual Loops": 1, "Startup Cost": 32.86, "Plans": [{"Actual Startup Time": 0.088, "Plan Rows": 1, "Join Filter": "(mi.movie_id = t.id)", "Actual Loops": 1, "Startup Cost": 32.71, "Rows Removed by Join Filter": 0, "Plans": [{"Actual Startup Time": 0.088, "Plan Rows": 1, "Join Filter": "(mi_idx.movie_id = mi.movie_id)", "Actual Loops": 1, "Startup Cost": 32.28, "Rows Removed by Join Filter": 0, "Plans": [{"Actual Startup Time": 0.088, "Plan Rows": 1, "Actual Loops": 1, "Startup Cost": 29.86, "Plans": [{"Actual Startup Time": 0.088, "Plan Rows": 47, "Actual Loops": 1, "Startup Cost": 29.44, "Hash Cond": "(mk.movie_id = mi.movie_id)", "Plans": [{"Actual Startup Time": 0.015, "Plan Rows": 4523930, "Actual Loops": 1, "Startup Cost": 0.0, "Alias": "mk", "Node Type": "Seq Scan", "Actual Total Time": 0.015, "Actual Rows": 1, "Parent Relationship": "Outer", "Relation Name": "movie_keyword", "Total Cost": 69693.3, "Plan Width": 8}, {"Actual Startup Time": 0.032, "Plan Rows": 1, "Peak Memory Usage": 8, "Actual Loops": 1, "Startup Cost": 29.43, "Original Hash Batches": 1, "Plans": [{"Actual Startup Time": 0.032, "Plan Rows": 1, "Join Filter": "(it1.id = mi.info_type_id)", "Actual Loops": 1, "Startup Cost": 0.0, "Rows Removed by Join Filter": 0, "Plans": [{"Actual Startup Time": 0.011, "Plan Rows": 1, "Actual Loops": 1, "Rows Removed by Filter": 112, "Startup Cost": 0.0, "Alias": "it1", "Node Type": "Seq Scan", "Actual Total Time": 0.03, "Actual Rows": 1, "Relation Name": "info_type", "Filter": "((info)::text = 'countries'::text)", "Parent Relationship": "Outer", "Total Cost": 2.41, "Plan Width": 4}, {"Actual Startup Time": 0.001, "Plan Rows": 35, "Actual Loops": 1, "Rows Removed by Filter": 0, "Startup Cost": 0.0, "Alias": "mi", "Node Type": "Seq Scan", "Actual Total Time": 0.001, "Actual Rows": 0, "Relation Name": "movie_info", "Filter": "(info = ANY ('{Bulgaria,Niger,Kenya,Latvia,UK,Poland,Kosovo,Australia,Fiji}'::text[]))", "Parent Relationship": "Inner", "Total Cost": 26.57, "Plan Width": 8}], "Join Type": "Inner", "Node Type": "Nested Loop", "Actual Total Time": 0.032, "Actual Rows": 0, "Parent Relationship": "Outer", "Total Cost": 29.43, "Plan Width": 4}], "Hash Buckets": 1024, "Original Hash Buckets": 1024, "Node Type": "Hash", "Actual Total Time": 0.032, "Actual Rows": 0, "Parent Relationship": "Inner", "Hash Batches": 1, "Total Cost": 29.43, "Plan Width": 4}], "Join Type": "Inner", "Node Type": "Hash Join", "Actual Total Time": 0.088, "Actual Rows": 0, "Parent Relationship": "Outer", "Total Cost": 86687.95, "Plan Width": 12}, {"Index Name": "keyword_pkey", "Actual Startup Time": 0.0, "Relation Name": "keyword", "Actual Loops": 0, "Plan Rows": 1, "Startup Cost": 0.42, "Rows Removed by Index Recheck": 0, "Rows Removed by Filter": 0, "Alias": "k", "Node Type": "Index Scan", "Scan Direction": "Forward", "Actual Total Time": 0.0, "Actual Rows": 0, "Index Cond": "(id = mk.keyword_id)", "Filter": "(keyword = ANY ('{black-football-player,kjeldahl-flask,hockey,star-trek-nerd,california,whore-monger,16th-floor,girl-stripped-down-to-panties}'::text[]))", "Parent Relationship": "Inner", "Total Cost": 0.45, "Plan Width": 4}], "Join Type": "Inner", "Node Type": "Nested Loop", "Actual Total Time": 0.088, "Actual Rows": 0, "Parent Relationship": "Outer", "Total Cost": 86709.51, "Plan Width": 8}, {"Actual Startup Time": 0.0, "Plan Rows": 9514, "Actual Loops": 0, "Startup Cost": 2.43, "Hash Cond": "(mi_idx.info_type_id = it2.id)", "Plans": [{"Actual Startup Time": 0.0, "Plan Rows": 1075074, "Actual Loops": 0, "Rows Removed by Filter": 0, "Startup Cost": 0.0, "Alias": "mi_idx", "Node Type": "Seq Scan", "Actual Total Time": 0.0, "Actual Rows": 0, "Relation Name": "movie_info_idx", "Filter": "(info > '1.1'::text)", "Parent Relationship": "Outer", "Total Cost": 25185.44, "Plan Width": 13}, {"Actual Startup Time": 0.0, "Plan Rows": 1, "Node Type": "Hash", "Actual Loops": 0, "Actual Total Time": 0.0, "Actual Rows": 0, "Startup Cost": 2.41, "Plan Width": 4, "Parent Relationship": "Inner", "Total Cost": 2.41, "Plans": [{"Actual Startup Time": 0.0, "Plan Rows": 1, "Actual Loops": 0, "Rows Removed by Filter": 0, "Startup Cost": 0.0, "Alias": "it2", "Node Type": "Seq Scan", "Actual Total Time": 0.0, "Actual Rows": 0, "Relation Name": "info_type", "Filter": "((info)::text = 'rating'::text)", "Parent Relationship": "Outer", "Total Cost": 2.41, "Plan Width": 4}]}], "Join Type": "Inner", "Node Type": "Hash Join", "Actual Total Time": 0.0, "Actual Rows": 0, "Parent Relationship": "Inner", "Total Cost": 29314.53, "Plan Width": 9}], "Join Type": "Inner", "Node Type": "Nested Loop", "Actual Total Time": 0.088, "Actual Rows": 0, "Parent Relationship": "Outer", "Total Cost": 116142.96, "Plan Width": 17}, {"Index Name": "title_pkey", "Actual Startup Time": 0.0, "Relation Name": "title", "Actual Loops": 0, "Plan Rows": 1, "Startup Cost": 0.43, "Rows Removed by Index Recheck": 0, "Rows Removed by Filter": 0, "Alias": "t", "Node Type": "Index Scan", "Scan Direction": "Forward", "Actual Total Time": 0.0, "Actual Rows": 0, "Index Cond": "(id = mk.movie_id)", "Filter": "((production_year > 1927) AND ((title ~~ '%Girl%'::text) OR (title ~~ '%Member%'::text) OR (title ~~ '%and%'::text)))", "Parent Relationship": "Inner", "Total Cost": 0.5, "Plan Width": 25}], "Join Type": "Inner", "Node Type": "Nested Loop", "Actual Total Time": 0.088, "Actual Rows": 0, "Parent Relationship": "Outer", "Total Cost": 116143.47, "Plan Width": 26}, {"Index Name": "kind_type_pkey", "Actual Startup Time": 0.0, "Relation Name": "kind_type", "Actual Loops": 0, "Plan Rows": 1, "Startup Cost": 0.15, "Rows Removed by Index Recheck": 0, "Rows Removed by Filter": 0, "Alias": "kt", "Node Type": "Index Scan", "Scan Direction": "Forward", "Actual Total Time": 0.0, "Actual Rows": 0, "Index Cond": "(id = t.kind_id)", "Filter": "((kind)::text = 'video game'::text)", "Parent Relationship": "Inner", "Total Cost": 0.17, "Plan Width": 4}], "Join Type": "Inner", "Node Type": "Nested Loop", "Actual Total Time": 0.088, "Actual Rows": 0, "Parent Relationship": "Outer", "Total Cost": 116143.65, "Plan Width": 22}]}, "Triggers": [], "Planning Time": 6.532, "Execution Time": 0.323}]]]}
{"start_time": 1569073684.9261942, "plan": [[[{"Plan": {"Actual Startup Time": 0.084, "Plan Rows": 1, "Node Type": "Aggregate", "Actual Loops": 1, "Actual Total Time": 0.084, "Actual Rows": 1, "Plan Width": 22, "Startup Cost": 114536.81, "Strategy": "Plain", "Total Cost": 114536.82, "Plans": [{"Actual Startup Time": 0.081, "Plan Rows": 1, "Actual Loops": 1, "Startup Cost": 30.81, "Plans": [{"Actual Startup Time": 0.081, "Plan Rows": 1, "Join Filter": "(mi.movie_id = t.id)", "Actual Loops": 1, "Startup Cost": 30.66, "Rows Removed by Join Filter": 0, "Plans": [{"Actual Startup Time": 0.081, "Plan Rows": 1, "Join Filter": "(mi_idx.movie_id = mi.movie_id)", "Actual Loops": 1, "Startup Cost": 30.23, "Rows Removed by Join Filter": 0, "Plans": [{"Actual Startup Time": 0.081, "Plan Rows": 1, "Actual Loops": 1, "Startup Cost": 27.81, "Plans": [{"Actual Startup Time": 0.081, "Plan Rows": 47, "Actual Loops": 1, "Startup Cost": 27.39, "Hash Cond": "(mk.movie_id = mi.movie_id)", "Plans": [{"Actual Startup Time": 0.014, "Plan Rows": 4523930, "Actual Loops": 1, "Startup Cost": 0.0, "Alias": "mk", "Node Type": "Seq Scan", "Actual Total Time": 0.014, "Actual Rows": 1, "Parent Relationship": "Outer", "Relation Name": "movie_keyword", "Total Cost": 69693.3, "Plan Width": 8}, {"Actual Startup Time": 0.03, "Plan Rows": 1, "Peak Memory Usage": 8, "Actual Loops": 1, "Startup Cost": 27.38, "Original Hash Batches": 1, "Plans": [{"Actual Startup Time": 0.03, "Plan Rows": 1, "Join Filter": "(it1.id = mi.info_type_id)", "Actual Loops": 1, "Startup Cost": 0.0, "Rows Removed by Join Filter": 0, "Plans": [{"Actual Startup Time": 0.01, "Plan Rows": 1, "Actual Loops": 1, "Rows Removed by Filter": 112, "Startup Cost": 0.0, "Alias": "it1", "Node Type": "Seq Scan", "Actual Total Time": 0.028, "Actual Rows": 1, "Relation Name": "info_type", "Filter": "((info)::text = 'countries'::text)", "Parent Relationship": "Outer", "Total Cost": 2.41, "Plan Width": 4}, {"Actual Startup Time": 0.0, "Plan Rows": 27, "Actual Loops": 1, "Rows Removed by Filter": 0, "Startup Cost": 0.0, "Alias": "mi", "Node Type": "Seq Scan", "Actual Total Time": 0.0, "Actual Rows": 0, "Relation Name": "movie_info", "Filter": "(info = ANY ('{Brazil,Senegal,\"Czech Republic\",\"Saint Vincent and the Grenadines\",Japan,USA,Algeria}'::text[]))", "Parent Relationship": "Inner", "Total Cost": 24.62, "Plan Width": 8}], "Join Type": "Inner", "Node Type": "Nested Loop", "Actual Total Time": 0.03, "Actual Rows": 0, "Parent Relationship": "Outer", "Total Cost": 27.38, "Plan Width": 4}], "Hash Buckets": 1024, "Original Hash Buckets": 1024, "Node Type": "Hash", "Actual Total Time": 0.03, "Actual Rows": 0, "Parent Relationship": "Inner", "Hash Batches": 1, "Total Cost": 27.38, "Plan Width": 4}], "Join Type": "Inner", "Node Type": "Hash Join", "Actual Total Time": 0.081, "Actual Rows": 0, "Parent Relationship": "Outer", "Total Cost": 86685.9, "Plan Width": 12}, {"Index Name": "keyword_pkey", "Actual Startup Time": 0.0, "Relation Name": "keyword", "Actual Loops": 0, "Plan Rows": 1, "Startup Cost": 0.42, "Rows Removed by Index Recheck": 0, "Rows Removed by Filter": 0, "Alias": "k", "Node Type": "Index Scan", "Scan Direction": "Forward", "Actual Total Time": 0.0, "Actual Rows": 0, "Index Cond": "(id = mk.keyword_id)", "Filter": "(keyword = ANY ('{alien-man,darkness,meningitis,childbirth,truck-driven-through-a-wall,sex-in-a-car-truck}'::text[]))", "Parent Relationship": "Inner", "Total Cost": 0.45, "Plan Width": 4}], "Join Type": "Inner", "Node Type": "Nested Loop", "Actual Total Time": 0.081, "Actual Rows": 0, "Parent Relationship": "Outer", "Total Cost": 86707.34, "Plan Width": 8}, {"Actual Startup Time": 0.0, "Plan Rows": 5918, "Actual Loops": 0, "Startup Cost": 2.43, "Hash Cond": "(mi_idx.info_type_id = it2.id)", "Plans": [{"Actual Startup Time": 0.0, "Plan Rows": 668736, "Actual Loops": 0, "Rows Removed by Filter": 0, "Startup Cost": 0.0, "Alias": "mi_idx", "Node Type": "Seq Scan", "Actual Total Time": 0.0, "Actual Rows": 0, "Relation Name": "movie_info_idx", "Filter": "(info > '3.6'::text)", "Parent Relationship": "Outer", "Total Cost": 25185.44, "Plan Width": 13}, {"Actual Startup Time": 0.0, "Plan Rows": 1, "Node Type": "Hash", "Actual Loops": 0, "Actual Total Time": 0.0, "Actual Rows": 0, "Startup Cost": 2.41, "Plan Width": 4, "Parent Relationship": "Inner", "Total Cost": 2.41, "Plans": [{"Actual Startup Time": 0.0, "Plan Rows": 1, "Actual Loops": 0, "Rows Removed by Filter": 0, "Startup Cost": 0.0, "Alias": "it2", "Node Type": "Seq Scan", "Actual Total Time": 0.0, "Actual Rows": 0, "Relation Name": "info_type", "Filter": "((info)::text = 'rating'::text)", "Parent Relationship": "Outer", "Total Cost": 2.41, "Plan Width": 4}]}], "Join Type": "Inner", "Node Type": "Hash Join", "Actual Total Time": 0.0, "Actual Rows": 0, "Parent Relationship": "Inner", "Total Cost": 27754.8, "Plan Width": 9}], "Join Type": "Inner", "Node Type": "Nested Loop", "Actual Total Time": 0.081, "Actual Rows": 0, "Parent Relationship": "Outer", "Total Cost": 114536.12, "Plan Width": 17}, {"Index Name": "title_pkey", "Actual Startup Time": 0.0, "Relation Name": "title", "Actual Loops": 0, "Plan Rows": 1, "Startup Cost": 0.43, "Rows Removed by Index Recheck": 0, "Rows Removed by Filter": 0, "Alias": "t", "Node Type": "Index Scan", "Scan Direction": "Forward", "Actual Total Time": 0.0, "Actual Rows": 0, "Index Cond": "(id = mk.movie_id)", "Filter": "((production_year > 1977) AND ((title ~~ '%Suhane%'::text) OR (title ~~ '%the%'::text) OR (title ~~ '%Laughing%'::text)))", "Parent Relationship": "Inner", "Total Cost": 0.5, "Plan Width": 25}], "Join Type": "Inner", "Node Type": "Nested Loop", "Actual Total Time": 0.081, "Actual Rows": 0, "Parent Relationship": "Outer", "Total Cost": 114536.63, "Plan Width": 26}, {"Index Name": "kind_type_pkey", "Actual Startup Time": 0.0, "Relation Name": "kind_type", "Actual Loops": 0, "Plan Rows": 1, "Startup Cost": 0.15, "Rows Removed by Index Recheck": 0, "Rows Removed by Filter": 0, "Alias": "kt", "Node Type": "Index Scan", "Scan Direction": "Forward", "Actual Total Time": 0.0, "Actual Rows": 0, "Index Cond": "(id = t.kind_id)", "Filter": "((kind)::text = 'episode'::text)", "Parent Relationship": "Inner", "Total Cost": 0.17, "Plan Width": 4}], "Join Type": "Inner", "Node Type": "Nested Loop", "Actual Total Time": 0.081, "Actual Rows": 0, "Parent Relationship": "Outer", "Total Cost": 114536.81, "Plan Width": 22}]}, "Triggers": [], "Planning Time": 6.242, "Execution Time": 0.3}]]]}
{"start_time": 1569073684.9261942, "plan": [[[{"Plan": {"Actual Startup Time": 0.101, "Plan Rows": 1, "Node Type": "Aggregate", "Actual Loops": 1, "Actual Total Time": 0.102, "Actual Rows": 1, "Plan Width": 22, "Startup Cost": 114808.02, "Strategy": "Plain", "Total Cost": 114808.03, "Plans": [{"Actual Startup Time": 0.097, "Plan Rows": 1, "Actual Loops": 1, "Startup Cost": 24.3, "Plans": [{"Actual Startup Time": 0.097, "Plan Rows": 1, "Join Filter": "(mi.movie_id = t.id)", "Actual Loops": 1, "Startup Cost": 24.15, "Rows Removed by Join Filter": 0, "Plans": [{"Actual Startup Time": 0.097, "Plan Rows": 1, "Join Filter": "(mi_idx.movie_id = mi.movie_id)", "Actual Loops": 1, "Startup Cost": 23.72, "Rows Removed by Join Filter": 0, "Plans": [{"Actual Startup Time": 0.097, "Plan Rows": 1, "Actual Loops": 1, "Startup Cost": 21.3, "Plans": [{"Actual Startup Time": 0.096, "Plan Rows": 47, "Join Filter": "(mi.info_type_id = it1.id)", "Actual Loops": 1, "Startup Cost": 20.88, "Rows Removed by Join Filter": 0, "Plans": [{"Actual Startup Time": 0.015, "Plan Rows": 1, "Actual Loops": 1, "Rows Removed by Filter": 112, "Startup Cost": 0.0, "Alias": "it1", "Node Type": "Seq Scan", "Actual Total Time": 0.035, "Actual Rows": 1, "Relation Name": "info_type", "Filter": "((info)::text = 'countries'::text)", "Parent Relationship": "Outer", "Total Cost": 2.41, "Plan Width": 4}, {"Actual Startup Time": 0.057, "Plan Rows": 562, "Actual Loops": 1, "Startup Cost": 20.88, "Hash Cond": "(mk.movie_id = mi.movie_id)", "Plans": [{"Actual Startup Time": 0.017, "Plan Rows": 4523930, "Actual Loops": 1, "Startup Cost": 0.0, "Alias": "mk", "Node Type": "Seq Scan", "Actual Total Time": 0.017, "Actual Rows": 1, "Parent Relationship": "Outer", "Relation Name": "movie_keyword", "Total Cost": 69693.3, "Plan Width": 8}, {"Actual Startup Time": 0.001, "Plan Rows": 12, "Peak Memory Usage": 8, "Actual Loops": 1, "Startup Cost": 20.73, "Original Hash Batches": 1, "Plans": [{"Actual Startup Time": 0.0, "Plan Rows": 12, "Actual Loops": 1, "Rows Removed by Filter": 0, "Startup Cost": 0.0, "Alias": "mi", "Node Type": "Seq Scan", "Actual Total Time": 0.0, "Actual Rows": 0, "Relation Name": "movie_info", "Filter": "(info = ANY ('{Zambia,Macao,UK}'::text[]))", "Parent Relationship": "Outer", "Total Cost": 20.73, "Plan Width": 8}], "Hash Buckets": 1024, "Original Hash Buckets": 1024, "Node Type": "Hash", "Actual Total Time": 0.001, "Actual Rows": 0, "Parent Relationship": "Inner", "Hash Batches": 1, "Total Cost": 20.73, "Plan Width": 8}], "Join Type": "Inner", "Node Type": "Hash Join", "Actual Total Time": 0.057, "Actual Rows": 0, "Parent Relationship": "Inner", "Total Cost": 86684.53, "Plan Width": 16}], "Join Type": "Inner", "Node Type": "Nested Loop", "Actual Total Time": 0.096, "Actual Rows": 0, "Parent Relationship": "Outer", "Total Cost": 86693.97, "Plan Width": 12}, {"Index Name": "keyword_pkey", "Actual Startup Time": 0.0, "Relation Name": "keyword", "Actual Loops": 0, "Plan Rows": 1, "Startup Cost": 0.42, "Rows Removed by Index Recheck": 0, "Rows Removed by Filter": 0, "Alias": "k", "Node Type": "Index Scan", "Scan Direction": "Forward", "Actual Total Time": 0.0, "Actual Rows": 0, "Index Cond": "(id = mk.keyword_id)", "Filter": "(keyword = ANY ('{snow-day,mother,reference-to-willie-bobo,dash-cam}'::text[]))", "Parent Relationship": "Inner", "Total Cost": 0.44, "Plan Width": 4}], "Join Type": "Inner", "Node Type": "Nested Loop", "Actual Total Time": 0.097, "Actual Rows": 0, "Parent Relationship": "Outer", "Total Cost": 86715.3, "Plan Width": 8}, {"Actual Startup Time": 0.0, "Plan Rows": 6508, "Actual Loops": 0, "Startup Cost": 2.43, "Hash Cond": "(mi_idx.info_type_id = it2.id)", "Plans": [{"Actual Startup Time": 0.0, "Plan Rows": 735396, "Actual Loops": 0, "Rows Removed by Filter": 0, "Startup Cost": 0.0, "Alias": "mi_idx", "Node Type": "Seq Scan", "Actual Total Time": 0.0, "Actual Rows": 0, "Relation Name": "movie_info_idx", "Filter": "(info > '2.8'::text)", "Parent Relationship": "Outer", "Total Cost": 25185.44, "Plan Width": 13}, {"Actual Startup Time": 0.0, "Plan Rows": 1, "Node Type": "Hash", "Actual Loops": 0, "Actual Total Time": 0.0, "Actual Rows": 0, "Startup Cost": 2.41, "Plan Width": 4, "Parent Relationship": "Inner", "Total Cost": 2.41, "Plans": [{"Actual Startup Time": 0.0, "Plan Rows": 1, "Actual Loops": 0, "Rows Removed by Filter": 0, "Startup Cost": 0.0, "Alias": "it2", "Node Type": "Seq Scan", "Actual Total Time": 0.0, "Actual Rows": 0, "Relation Name": "info_type", "Filter": "((info)::text = 'rating'::text)", "Parent Relationship": "Outer", "Total Cost": 2.41, "Plan Width": 4}]}], "Join Type": "Inner", "Node Type": "Hash Join", "Actual Total Time": 0.0, "Actual Rows": 0, "Parent Relationship": "Inner", "Total Cost": 28010.68, "Plan Width": 9}], "Join Type": "Inner", "Node Type": "Nested Loop", "Actual Total Time": 0.097, "Actual Rows": 0, "Parent Relationship": "Outer", "Total Cost": 114807.32, "Plan Width": 17}, {"Index Name": "title_pkey", "Actual Startup Time": 0.0, "Relation Name": "title", "Actual Loops": 0, "Plan Rows": 1, "Startup Cost": 0.43, "Rows Removed by Index Recheck": 0, "Rows Removed by Filter": 0, "Alias": "t", "Node Type": "Index Scan", "Scan Direction": "Forward", "Actual Total Time": 0.0, "Actual Rows": 0, "Index Cond": "(id = mk.movie_id)", "Filter": "((production_year > 1922) AND ((title ~~ '%Death%'::text) OR (title ~~ '%The%'::text) OR (title ~~ '%silence%'::text)))", "Parent Relationship": "Inner", "Total Cost": 0.5, "Plan Width": 25}], "Join Type": "Inner", "Node Type": "Nested Loop", "Actual Total Time": 0.097, "Actual Rows": 0, "Parent Relationship": "Outer", "Total Cost": 114807.83, "Plan Width": 26}, {"Index Name": "kind_type_pkey", "Actual Startup Time": 0.0, "Relation Name": "kind_type", "Actual Loops": 0, "Plan Rows": 1, "Startup Cost": 0.15, "Rows Removed by Index Recheck": 0, "Rows Removed by Filter": 0, "Alias": "kt", "Node Type": "Index Scan", "Scan Direction": "Forward", "Actual Total Time": 0.0, "Actual Rows": 0, "Index Cond": "(id = t.kind_id)", "Filter": "((kind)::text = 'tv series'::text)", "Parent Relationship": "Inner", "Total Cost": 0.17, "Plan Width": 4}], "Join Type": "Inner", "Node Type": "Nested Loop", "Actual Total Time": 0.097, "Actual Rows": 0, "Parent Relationship": "Outer", "Total Cost": 114808.01, "Plan Width": 22}]}, "Triggers": [], "Planning Time": 6.768, "Execution Time": 0.326}]]]}
{"start_time": 1569073684.9261942, "plan": [[[{"Plan": {"Actual Startup Time": 0.092, "Plan Rows": 1, "Node Type": "Aggregate", "Actual Loops": 1, "Actual Total Time": 0.092, "Actual Rows": 1, "Plan Width": 22, "Startup Cost": 116366.36, "Strategy": "Plain", "Total Cost": 116366.37, "Plans": [{"Actual Startup Time": 0.09, "Plan Rows": 1, "Actual Loops": 1, "Startup Cost": 27.75, "Plans": [{"Actual Startup Time": 0.089, "Plan Rows": 1, "Join Filter": "(mi.movie_id = t.id)", "Actual Loops": 1, "Startup Cost": 27.6, "Rows Removed by Join Filter": 0, "Plans": [{"Actual Startup Time": 0.089, "Plan Rows": 1, "Join Filter": "(mi_idx.movie_id = mi.movie_id)", "Actual Loops": 1, "Startup Cost": 27.17, "Rows Removed by Join Filter": 0, "Plans": [{"Actual Startup Time": 0.089, "Plan Rows": 1, "Actual Loops": 1, "Startup Cost": 24.75, "Plans": [{"Actual Startup Time": 0.089, "Plan Rows": 47, "Actual Loops": 1, "Startup Cost": 24.32, "Hash Cond": "(mk.movie_id = mi.movie_id)", "Plans": [{"Actual Startup Time": 0.016, "Plan Rows": 4523930, "Actual Loops": 1, "Startup Cost": 0.0, "Alias": "mk", "Node Type": "Seq Scan", "Actual Total Time": 0.016, "Actual Rows": 1, "Parent Relationship": "Outer", "Relation Name": "movie_keyword", "Total Cost": 69693.3, "Plan Width": 8}, {"Actual Startup Time": 0.033, "Plan Rows": 1, "Peak Memory Usage": 8, "Actual Loops": 1, "Startup Cost": 24.31, "Original Hash Batches": 1, "Plans": [{"Actual Startup Time": 0.033, "Plan Rows": 1, "Join Filter": "(it1.id = mi.info_type_id)", "Actual Loops": 1, "Startup Cost": 0.0, "Rows Removed by Join Filter": 0, "Plans": [{"Actual Startup Time": 0.011, "Plan Rows": 1, "Actual Loops": 1, "Rows Removed by Filter": 112, "Startup Cost": 0.0, "Alias": "it1", "Node Type": "Seq Scan", "Actual Total Time": 0.03, "Actual Rows": 1, "Relation Name": "info_type", "Filter": "((info)::text = 'countries'::text)", "Parent Relationship": "Outer", "Total Cost": 2.41, "Plan Width": 4}, {"Actual Startup Time": 0.0, "Plan Rows": 16, "Actual Loops": 1, "Rows Removed by Filter": 0, "Startup Cost": 0.0, "Alias": "mi", "Node Type": "Seq Scan", "Actual Total Time": 0.0, "Actual Rows": 0, "Relation Name": "movie_info", "Filter": "(info = ANY ('{\"Hong Kong\",\"Democratic Republic of the Congo\",Austria,India}'::text[]))", "Parent Relationship": "Inner", "Total Cost": 21.7, "Plan Width": 8}], "Join Type": "Inner", "Node Type": "Nested Loop", "Actual Total Time": 0.033, "Actual Rows": 0, "Parent Relationship": "Outer", "Total Cost": 24.31, "Plan Width": 4}], "Hash Buckets": 1024, "Original Hash Buckets": 1024, "Node Type": "Hash", "Actual Total Time": 0.033, "Actual Rows": 0, "Parent Relationship": "Inner", "Hash Batches": 1, "Total Cost": 24.31, "Plan Width": 4}], "Join Type": "Inner", "Node Type": "Hash Join", "Actual Total Time": 0.089, "Actual Rows": 0, "Parent Relationship": "Outer", "Total Cost": 86682.83, "Plan Width": 12}, {"Index Name": "keyword_pkey", "Actual Startup Time": 0.0, "Relation Name": "keyword", "Actual Loops": 0, "Plan Rows": 1, "Startup Cost": 0.42, "Rows Removed by Index Recheck": 0, "Rows Removed by Filter": 0, "Alias": "k", "Node Type": "Index Scan", "Scan Direction": "Forward", "Actual Total Time": 0.0, "Actual Rows": 0, "Index Cond": "(id = mk.keyword_id)", "Filter": "(keyword = ANY ('{bessie-the-bear,antique-smuggling,miser,dhyana,reference-to-doug-mcclure,black-panties,floating-tire,dumpster-on-fire,community-overreaction,reference-to-britt-ekland,reference-to-reggie-jackson,talking-killer-cliche}'::text[]))", "Parent Relationship": "Inner", "Total Cost": 0.45, "Plan Width": 4}], "Join Type": "Inner", "Node Type": "Nested Loop", "Actual Total Time": 0.089, "Actual Rows": 0, "Parent Relationship": "Outer", "Total Cost": 86704.63, "Plan Width": 8}, {"Actual Startup Time": 0.0, "Plan Rows": 10024, "Actual Loops": 0, "Startup Cost": 2.43, "Hash Cond": "(mi_idx.info_type_id = it2.id)", "Plans": [{"Actual Startup Time": 0.0, "Plan Rows": 1132701, "Actual Loops": 0, "Rows Removed by Filter": 0, "Startup Cost": 0.0, "Alias": "mi_idx", "Node Type": "Seq Scan", "Actual Total Time": 0.0, "Actual Rows": 0, "Relation Name": "movie_info_idx", "Filter": "(info > '1.0'::text)", "Parent Relationship": "Outer", "Total Cost": 25185.44, "Plan Width": 13}, {"Actual Startup Time": 0.0, "Plan Rows": 1, "Node Type": "Hash", "Actual Loops": 0, "Actual Total Time": 0.0, "Actual Rows": 0, "Startup Cost": 2.41, "Plan Width": 4, "Parent Relationship": "Inner", "Total Cost": 2.41, "Plans": [{"Actual Startup Time": 0.0, "Plan Rows": 1, "Actual Loops": 0, "Rows Removed by Filter": 0, "Startup Cost": 0.0, "Alias": "it2", "Node Type": "Seq Scan", "Actual Total Time": 0.0, "Actual Rows": 0, "Relation Name": "info_type", "Filter": "((info)::text = 'rating'::text)", "Parent Relationship": "Outer", "Total Cost": 2.41, "Plan Width": 4}]}], "Join Type": "Inner", "Node Type": "Hash Join", "Actual Total Time": 0.0, "Actual Rows": 0, "Parent Relationship": "Inner", "Total Cost": 29535.73, "Plan Width": 9}], "Join Type": "Inner", "Node Type": "Nested Loop", "Actual Total Time": 0.089, "Actual Rows": 0, "Parent Relationship": "Outer", "Total Cost": 116365.66, "Plan Width": 17}, {"Index Name": "title_pkey", "Actual Startup Time": 0.0, "Relation Name": "title", "Actual Loops": 0, "Plan Rows": 1, "Startup Cost": 0.43, "Rows Removed by Index Recheck": 0, "Rows Removed by Filter": 0, "Alias": "t", "Node Type": "Index Scan", "Scan Direction": "Forward", "Actual Total Time": 0.0, "Actual Rows": 0, "Index Cond": "(id = mk.movie_id)", "Filter": "((production_year > 1894) AND ((title ~~ '%The%'::text) OR (title ~~ '%The%'::text) OR (title ~~ '%Tou%'::text)))", "Parent Relationship": "Inner", "Total Cost": 0.5, "Plan Width": 25}], "Join Type": "Inner", "Node Type": "Nested Loop", "Actual Total Time": 0.089, "Actual Rows": 0, "Parent Relationship": "Outer", "Total Cost": 116366.17, "Plan Width": 26}, {"Index Name": "kind_type_pkey", "Actual Startup Time": 0.0, "Relation Name": "kind_type", "Actual Loops": 0, "Plan Rows": 1, "Startup Cost": 0.15, "Rows Removed by Index Recheck": 0, "Rows Removed by Filter": 0, "Alias": "kt", "Node Type": "Index Scan", "Scan Direction": "Forward", "Actual Total Time": 0.0, "Actual Rows": 0, "Index Cond": "(id = t.kind_id)", "Filter": "((kind)::text = 'movie'::text)", "Parent Relationship": "Inner", "Total Cost": 0.17, "Plan Width": 4}], "Join Type": "Inner", "Node Type": "Nested Loop", "Actual Total Time": 0.09, "Actual Rows": 0, "Parent Relationship": "Outer", "Total Cost": 116366.35, "Plan Width": 22}]}, "Triggers": [], "Planning Time": 6.637, "Execution Time": 0.326}]]]}
{"start_time": 1569073685.450512, "plan": [[[{"Plan": {"Actual Startup Time": 0.079, "Plan Rows": 1, "Node Type": "Aggregate", "Actual Loops": 1, "Actual Total Time": 0.079, "Actual Rows": 1, "Plan Width": 22, "Startup Cost": 114618.97, "Strategy": "Plain", "Total Cost": 114618.98, "Plans": [{"Actual Startup Time": 0.076, "Plan Rows": 1, "Actual Loops": 1, "Startup Cost": 35.55, "Plans": [{"Actual Startup Time": 0.074, "Plan Rows": 1, "Join Filter": "(mi.movie_id = t.id)", "Actual Loops": 1, "Startup Cost": 35.4, "Rows Removed by Join Filter": 0, "Plans": [{"Actual Startup Time": 0.074, "Plan Rows": 1, "Join Filter": "(mi_idx.movie_id = mi.movie_id)", "Actual Loops": 1, "Startup Cost": 34.97, "Rows Removed by Join Filter": 0, "Plans": [{"Actual Startup Time": 0.074, "Plan Rows": 1, "Actual Loops": 1, "Startup Cost": 32.54, "Plans": [{"Actual Startup Time": 0.074, "Plan Rows": 47, "Actual Loops": 1, "Startup Cost": 32.12, "Hash Cond": "(mk.movie_id = mi.movie_id)", "Plans": [{"Actual Startup Time": 0.019, "Plan Rows": 4523930, "Actual Loops": 1, "Startup Cost": 0.0, "Alias": "mk", "Node Type": "Seq Scan", "Actual Total Time": 0.019, "Actual Rows": 1, "Parent Relationship": "Outer", "Relation Name": "movie_keyword", "Total Cost": 69693.3, "Plan Width": 8}, {"Actual Startup Time": 0.002, "Plan Rows": 1, "Peak Memory Usage": 8, "Actual Loops": 1, "Startup Cost": 32.11, "Original Hash Batches": 1, "Plans": [{"Actual Startup Time": 0.001, "Plan Rows": 1, "Actual Loops": 1, "Startup Cost": 2.43, "Hash Cond": "(mi.info_type_id = it1.id)", "Plans": [{"Actual Startup Time": 0.0, "Plan Rows": 47, "Actual Loops": 1, "Rows Removed by Filter": 0, "Startup Cost": 0.0, "Alias": "mi", "Node Type": "Seq Scan", "Actual Total Time": 0.0, "Actual Rows": 0, "Relation Name": "movie_info", "Filter": "(info = ANY ('{Morocco,\"Papua New Guinea\",Monaco,Israel,\"Bosnia and Herzegovina\",Belgium,UK,Paraguay,\"El Salvador\",Algeria,Vietnam,Guadeloupe}'::text[]))", "Parent Relationship": "Outer", "Total Cost": 29.5, "Plan Width": 8}, {"Actual Startup Time": 0.0, "Plan Rows": 1, "Node Type": "Hash", "Actual Loops": 0, "Actual Total Time": 0.0, "Actual Rows": 0, "Startup Cost": 2.41, "Plan Width": 4, "Parent Relationship": "Inner", "Total Cost": 2.41, "Plans": [{"Actual Startup Time": 0.0, "Plan Rows": 1, "Actual Loops": 0, "Rows Removed by Filter": 0, "Startup Cost": 0.0, "Alias": "it1", "Node Type": "Seq Scan", "Actual Total Time": 0.0, "Actual Rows": 0, "Relation Name": "info_type", "Filter": "((info)::text = 'countries'::text)", "Parent Relationship": "Outer", "Total Cost": 2.41, "Plan Width": 4}]}], "Join Type": "Inner", "Node Type": "Hash Join", "Actual Total Time": 0.001, "Actual Rows": 0, "Parent Relationship": "Outer", "Total Cost": 32.11, "Plan Width": 4}], "Hash Buckets": 1024, "Original Hash Buckets": 1024, "Node Type": "Hash", "Actual Total Time": 0.002, "Actual Rows": 0, "Parent Relationship": "Inner", "Hash Batches": 1, "Total Cost": 32.11, "Plan Width": 4}], "Join Type": "Inner", "Node Type": "Hash Join", "Actual Total Time": 0.074, "Actual Rows": 0, "Parent Relationship": "Outer", "Total Cost": 86690.63, "Plan Width": 12}, {"Index Name": "keyword_pkey", "Actual Startup Time": 0.0, "Relation Name": "keyword", "Actual Loops": 0, "Plan Rows": 1, "Startup Cost": 0.42, "Rows Removed by Index Recheck": 0, "Rows Removed by Filter": 0, "Alias": "k", "Node Type": "Index Scan", "Scan Direction": "Forward", "Actual Total Time": 0.0, "Actual Rows": 0, "Index Cond": "(id = mk.keyword_id)", "Filter": "(keyword = ANY ('{dog-escaping-from-a-cage,wrestler,internet-culture}'::text[]))", "Parent Relationship": "Inner", "Total Cost": 0.44, "Plan Width": 4}], "Join Type": "Inner", "Node Type": "Nested Loop", "Actual Total Time": 0.074, "Actual Rows": 0, "Parent Relationship": "Outer", "Total Cost": 86711.9, "Plan Width": 8}, {"Actual Startup Time": 0.0, "Plan Rows": 6092, "Actual Loops": 0, "Startup Cost": 2.43, "Hash Cond": "(mi_idx.info_type_id = it2.id)", "Plans": [{"Actual Startup Time": 0.0, "Plan Rows": 688383, "Actual Loops": 0, "Rows Removed by Filter": 0, "Startup Cost": 0.0, "Alias": "mi_idx", "Node Type": "Seq Scan", "Actual Total Time": 0.0, "Actual Rows": 0, "Relation Name": "movie_info_idx", "Filter": "(info > '3.3'::text)", "Parent Relationship": "Outer", "Total Cost": 25185.44, "Plan Width": 13}, {"Actual Startup Time": 0.0, "Plan Rows": 1, "Node Type": "Hash", "Actual Loops": 0, "Actual Total Time": 0.0, "Actual Rows": 0, "Startup Cost": 2.41, "Plan Width": 4, "Parent Relationship": "Inner", "Total Cost": 2.41, "Plans": [{"Actual Startup Time": 0.0, "Plan Rows": 1, "Actual Loops": 0, "Rows Removed by Filter": 0, "Startup Cost": 0.0, "Alias": "it2", "Node Type": "Seq Scan", "Actual Total Time": 0.0, "Actual Rows": 0, "Relation Name": "info_type", "Filter": "((info)::text = 'rating'::text)", "Parent Relationship": "Outer", "Total Cost": 2.41, "Plan Width": 4}]}], "Join Type": "Inner", "Node Type": "Hash Join", "Actual Total Time": 0.0, "Actual Rows": 0, "Parent Relationship": "Inner", "Total Cost": 27830.22, "Plan Width": 9}], "Join Type": "Inner", "Node Type": "Nested Loop", "Actual Total Time": 0.074, "Actual Rows": 0, "Parent Relationship": "Outer", "Total Cost": 114618.27, "Plan Width": 17}, {"Index Name": "title_pkey", "Actual Startup Time": 0.0, "Relation Name": "title", "Actual Loops": 0, "Plan Rows": 1, "Startup Cost": 0.43, "Rows Removed by Index Recheck": 0, "Rows Removed by Filter": 0, "Alias": "t", "Node Type": "Index Scan", "Scan Direction": "Forward", "Actual Total Time": 0.0, "Actual Rows": 0, "Index Cond": "(id = mk.movie_id)", "Filter": "((production_year > 1980) AND ((title ~~ '%Big%'::text) OR (title ~~ '%Make%'::text) OR (title ~~ '%Her%'::text)))", "Parent Relationship": "Inner", "Total Cost": 0.5, "Plan Width": 25}], "Join Type": "Inner", "Node Type": "Nested Loop", "Actual Total Time": 0.074, "Actual Rows": 0, "Parent Relationship": "Outer", "Total Cost": 114618.78, "Plan Width": 26}, {"Index Name": "kind_type_pkey", "Actual Startup Time": 0.0, "Relation Name": "kind_type", "Actual Loops": 0, "Plan Rows": 1, "Startup Cost": 0.15, "Rows Removed by Index Recheck": 0, "Rows Removed by Filter": 0, "Alias": "kt", "Node Type": "Index Scan", "Scan Direction": "Forward", "Actual Total Time": 0.0, "Actual Rows": 0, "Index Cond": "(id = t.kind_id)", "Filter": "((kind)::text = 'movie'::text)", "Parent Relationship": "Inner", "Total Cost": 0.17, "Plan Width": 4}], "Join Type": "Inner", "Node Type": "Nested Loop", "Actual Total Time": 0.076, "Actual Rows": 0, "Parent Relationship": "Outer", "Total Cost": 114618.96, "Plan Width": 22}]}, "Triggers": [], "Planning Time": 6.811, "Execution Time": 0.342}]]]}
{"start_time": 1569073685.450512, "plan": [[[{"Plan": {"Actual Startup Time": 0.133, "Plan Rows": 1, "Node Type": "Aggregate", "Actual Loops": 1, "Actual Total Time": 0.133, "Actual Rows": 1, "Plan Width": 22, "Startup Cost": 112449.81, "Strategy": "Plain", "Total Cost": 112449.82, "Plans": [{"Actual Startup Time": 0.13, "Plan Rows": 1, "Actual Loops": 1, "Startup Cost": 29.55, "Plans": [{"Actual Startup Time": 0.13, "Plan Rows": 1, "Join Filter": "(mi.movie_id = t.id)", "Actual Loops": 1, "Startup Cost": 29.41, "Rows Removed by Join Filter": 0, "Plans": [{"Actual Startup Time": 0.129, "Plan Rows": 1, "Actual Loops": 1, "Startup Cost": 28.98, "Plans": [{"Actual Startup Time": 0.129, "Plan Rows": 1, "Join Filter": "(mi.movie_id = mi_idx.movie_id)", "Actual Loops": 1, "Startup Cost": 28.83, "Rows Removed by Join Filter": 0, "Plans": [{"Actual Startup Time": 0.128, "Plan Rows": 1, "Actual Loops": 1, "Startup Cost": 28.83, "Plans": [{"Actual Startup Time": 0.128, "Plan Rows": 47, "Actual Loops": 1, "Startup Cost": 28.41, "Hash Cond": "(mk.movie_id = mi.movie_id)", "Plans": [{"Actual Startup Time": 0.02, "Plan Rows": 4523930, "Actual Loops": 1, "Startup Cost": 0.0, "Alias": "mk", "Node Type": "Seq Scan", "Actual Total Time": 0.02, "Actual Rows": 1, "Parent Relationship": "Outer", "Relation Name": "movie_keyword", "Total Cost": 69693.3, "Plan Width": 8}, {"Actual Startup Time": 0.055, "Plan Rows": 1, "Peak Memory Usage": 8, "Actual Loops": 1, "Startup Cost": 28.4, "Original Hash Batches": 1, "Plans": [{"Actual Startup Time": 0.054, "Plan Rows": 1, "Join Filter": "(it1.id = mi.info_type_id)", "Actual Loops": 1, "Startup Cost": 0.0, "Rows Removed by Join Filter": 0, "Plans": [{"Actual Startup Time": 0.015, "Plan Rows": 1, "Actual Loops": 1, "Rows Removed by Filter": 112, "Startup Cost": 0.0, "Alias": "it1", "Node Type": "Seq Scan", "Actual Total Time": 0.051, "Actual Rows": 1, "Relation Name": "info_type", "Filter": "((info)::text = 'countries'::text)", "Parent Relationship": "Outer", "Total Cost": 2.41, "Plan Width": 4}, {"Actual Startup Time": 0.001, "Plan Rows": 31, "Actual Loops": 1, "Rows Removed by Filter": 0, "Startup Cost": 0.0, "Alias": "mi", "Node Type": "Seq Scan", "Actual Total Time": 0.001, "Actual Rows": 0, "Relation Name": "movie_info", "Filter": "(info = ANY ('{Turkey,\"Dominican Republic\",Qatar,Syria,Bhutan,USA,Myanmar,Serbia}'::text[]))", "Parent Relationship": "Inner", "Total Cost": 25.6, "Plan Width": 8}], "Join Type": "Inner", "Node Type": "Nested Loop", "Actual Total Time": 0.054, "Actual Rows": 0, "Parent Relationship": "Outer", "Total Cost": 28.4, "Plan Width": 4}], "Hash Buckets": 1024, "Original Hash Buckets": 1024, "Node Type": "Hash", "Actual Total Time": 0.055, "Actual Rows": 0, "Parent Relationship": "Inner", "Hash Batches": 1, "Total Cost": 28.4, "Plan Width": 4}], "Join Type": "Inner", "Node Type": "Hash Join", "Actual Total Time": 0.128, "Actual Rows": 0, "Parent Relationship": "Outer", "Total Cost": 86686.92, "Plan Width": 12}, {"Index Name": "keyword_pkey", "Actual Startup Time": 0.0, "Relation Name": "keyword", "Actual Loops": 0, "Plan Rows": 1, "Startup Cost": 0.42, "Rows Removed by Index Recheck": 0, "Rows Removed by Filter": 0, "Alias": "k", "Node Type": "Index Scan", "Scan Direction": "Forward", "Actual Total Time": 0.0, "Actual Rows": 0, "Index Cond": "(id = mk.keyword_id)", "Filter": "(keyword = ANY ('{photo-id,stabbed-with-chisel,wrist-slitting}'::text[]))", "Parent Relationship": "Inner", "Total Cost": 0.44, "Plan Width": 4}], "Join Type": "Inner", "Node Type": "Nested Loop", "Actual Total Time": 0.128, "Actual Rows": 0, "Parent Relationship": "Outer", "Total Cost": 86708.19, "Plan Width": 8}, {"Actual Startup Time": 0.0, "Plan Rows": 44425, "Actual Loops": 0, "Rows Removed by Filter": 0, "Startup Cost": 0.0, "Alias": "mi_idx", "Node Type": "Seq Scan", "Actual Total Time": 0.0, "Actual Rows": 0, "Relation Name": "movie_info_idx", "Filter": "(info > '8.2'::text)", "Parent Relationship": "Inner", "Total Cost": 25185.44, "Plan Width": 13}], "Join Type": "Inner", "Node Type": "Nested Loop", "Actual Total Time": 0.129, "Actual Rows": 0, "Parent Relationship": "Outer", "Total Cost": 112448.94, "Plan Width": 21}, {"Index Name": "info_type_pkey", "Actual Startup Time": 0.0, "Relation Name": "info_type", "Actual Loops": 0, "Plan Rows": 1, "Startup Cost": 0.14, "Rows Removed by Index Recheck": 0, "Rows Removed by Filter": 0, "Alias": "it2", "Node Type": "Index Scan", "Scan Direction": "Forward", "Actual Total Time": 0.0, "Actual Rows": 0, "Index Cond": "(id = mi_idx.info_type_id)", "Filter": "((info)::text = 'rating'::text)", "Parent Relationship": "Inner", "Total Cost": 0.16, "Plan Width": 4}], "Join Type": "Inner", "Node Type": "Nested Loop", "Actual Total Time": 0.129, "Actual Rows": 0, "Parent Relationship": "Outer", "Total Cost": 112449.11, "Plan Width": 17}, {"Index Name": "title_pkey", "Actual Startup Time": 0.0, "Relation Name": "title", "Actual Loops": 0, "Plan Rows": 1, "Startup Cost": 0.43, "Rows Removed by Index Recheck": 0, "Rows Removed by Filter": 0, "Alias": "t", "Node Type": "Index Scan", "Scan Direction": "Forward", "Actual Total Time": 0.0, "Actual Rows": 0, "Index Cond": "(id = mk.movie_id)", "Filter": "((production_year > 1936) AND ((title ~~ '%Donaldson%'::text) OR (title ~~ '%bunretsu%'::text) OR (title ~~ '%The%'::text)))", "Parent Relationship": "Inner", "Total Cost": 0.5, "Plan Width": 25}], "Join Type": "Inner", "Node Type": "Nested Loop", "Actual Total Time": 0.13, "Actual Rows": 0, "Parent Relationship": "Outer", "Total Cost": 112449.62, "Plan Width": 26}, {"Index Name": "kind_type_pkey", "Actual Startup Time": 0.0, "Relation Name": "kind_type", "Actual Loops": 0, "Plan Rows": 1, "Startup Cost": 0.15, "Rows Removed by Index Recheck": 0, "Rows Removed by Filter": 0, "Alias": "kt", "Node Type": "Index Scan", "Scan Direction": "Forward", "Actual Total Time": 0.0, "Actual Rows": 0, "Index Cond": "(id = t.kind_id)", "Filter": "((kind)::text = 'movie'::text)", "Parent Relationship": "Inner", "Total Cost": 0.17, "Plan Width": 4}], "Join Type": "Inner", "Node Type": "Nested Loop", "Actual Total Time": 0.13, "Actual Rows": 0, "Parent Relationship": "Outer", "Total Cost": 112449.8, "Plan Width": 22}]}, "Triggers": [], "Planning Time": 6.543, "Execution Time": 0.434}]]]}
{"start_time": 1569073685.450512, "plan": [[[{"Plan": {"Actual Startup Time": 0.091, "Plan Rows": 1, "Node Type": "Aggregate", "Actual Loops": 1, "Actual Total Time": 0.091, "Actual Rows": 1, "Plan Width": 22, "Startup Cost": 115682.27, "Strategy": "Plain", "Total Cost": 115682.28, "Plans": [{"Actual Startup Time": 0.089, "Plan Rows": 1, "Actual Loops": 1, "Startup Cost": 24.3, "Plans": [{"Actual Startup Time": 0.089, "Plan Rows": 1, "Join Filter": "(mi.movie_id = t.id)", "Actual Loops": 1, "Startup Cost": 24.15, "Rows Removed by Join Filter": 0, "Plans": [{"Actual Startup Time": 0.088, "Plan Rows": 1, "Join Filter": "(mi_idx.movie_id = mi.movie_id)", "Actual Loops": 1, "Startup Cost": 23.72, "Rows Removed by Join Filter": 0, "Plans": [{"Actual Startup Time": 0.088, "Plan Rows": 1, "Actual Loops": 1, "Startup Cost": 21.3, "Plans": [{"Actual Startup Time": 0.088, "Plan Rows": 47, "Join Filter": "(mi.info_type_id = it1.id)", "Actual Loops": 1, "Startup Cost": 20.88, "Rows Removed by Join Filter": 0, "Plans": [{"Actual Startup Time": 0.014, "Plan Rows": 1, "Actual Loops": 1, "Rows Removed by Filter": 112, "Startup Cost": 0.0, "Alias": "it1", "Node Type": "Seq Scan", "Actual Total Time": 0.032, "Actual Rows": 1, "Relation Name": "info_type", "Filter": "((info)::text = 'countries'::text)", "Parent Relationship": "Outer", "Total Cost": 2.41, "Plan Width": 4}, {"Actual Startup Time": 0.052, "Plan Rows": 562, "Actual Loops": 1, "Startup Cost": 20.88, "Hash Cond": "(mk.movie_id = mi.movie_id)", "Plans": [{"Actual Startup Time": 0.012, "Plan Rows": 4523930, "Actual Loops": 1, "Startup Cost": 0.0, "Alias": "mk", "Node Type": "Seq Scan", "Actual Total Time": 0.012, "Actual Rows": 1, "Parent Relationship": "Outer", "Relation Name": "movie_keyword", "Total Cost": 69693.3, "Plan Width": 8}, {"Actual Startup Time": 0.001, "Plan Rows": 12, "Peak Memory Usage": 8, "Actual Loops": 1, "Startup Cost": 20.73, "Original Hash Batches": 1, "Plans": [{"Actual Startup Time": 0.0, "Plan Rows": 12, "Actual Loops": 1, "Rows Removed by Filter": 0, "Startup Cost": 0.0, "Alias": "mi", "Node Type": "Seq Scan", "Actual Total Time": 0.0, "Actual Rows": 0, "Relation Name": "movie_info", "Filter": "(info = ANY ('{Burma,UK,Afghanistan}'::text[]))", "Parent Relationship": "Outer", "Total Cost": 20.73, "Plan Width": 8}], "Hash Buckets": 1024, "Original Hash Buckets": 1024, "Node Type": "Hash", "Actual Total Time": 0.001, "Actual Rows": 0, "Parent Relationship": "Inner", "Hash Batches": 1, "Total Cost": 20.73, "Plan Width": 8}], "Join Type": "Inner", "Node Type": "Hash Join", "Actual Total Time": 0.052, "Actual Rows": 0, "Parent Relationship": "Inner", "Total Cost": 86684.53, "Plan Width": 16}], "Join Type": "Inner", "Node Type": "Nested Loop", "Actual Total Time": 0.088, "Actual Rows": 0, "Parent Relationship": "Outer", "Total Cost": 86693.97, "Plan Width": 12}, {"Index Name": "keyword_pkey", "Actual Startup Time": 0.0, "Relation Name": "keyword", "Actual Loops": 0, "Plan Rows": 1, "Startup Cost": 0.42, "Rows Removed by Index Recheck": 0, "Rows Removed by Filter": 0, "Alias": "k", "Node Type": "Index Scan", "Scan Direction": "Forward", "Actual Total Time": 0.0, "Actual Rows": 0, "Index Cond": "(id = mk.keyword_id)", "Filter": "(keyword = ANY ('{ceiling-painting,sleeping-beauty,sunday-dinner,female-threesome,praying-in-a-car,money-floating-in-the-air,brutal-rape,hurricane-grace,utility-pole,invitation}'::text[]))", "Parent Relationship": "Inner", "Total Cost": 0.45, "Plan Width": 4}], "Join Type": "Inner", "Node Type": "Nested Loop", "Actual Total Time": 0.088, "Actual Rows": 0, "Parent Relationship": "Outer", "Total Cost": 86715.65, "Plan Width": 8}, {"Actual Startup Time": 0.0, "Plan Rows": 8466, "Actual Loops": 0, "Startup Cost": 2.43, "Hash Cond": "(mi_idx.info_type_id = it2.id)", "Plans": [{"Actual Startup Time": 0.0, "Plan Rows": 956688, "Actual Loops": 0, "Rows Removed by Filter": 0, "Startup Cost": 0.0, "Alias": "mi_idx", "Node Type": "Seq Scan", "Actual Total Time": 0.0, "Actual Rows": 0, "Relation Name": "movie_info_idx", "Filter": "(info > '1.3'::text)", "Parent Relationship": "Outer", "Total Cost": 25185.44, "Plan Width": 13}, {"Actual Startup Time": 0.0, "Plan Rows": 1, "Node Type": "Hash", "Actual Loops": 0, "Actual Total Time": 0.0, "Actual Rows": 0, "Startup Cost": 2.41, "Plan Width": 4, "Parent Relationship": "Inner", "Total Cost": 2.41, "Plans": [{"Actual Startup Time": 0.0, "Plan Rows": 1, "Actual Loops": 0, "Rows Removed by Filter": 0, "Startup Cost": 0.0, "Alias": "it2", "Node Type": "Seq Scan", "Actual Total Time": 0.0, "Actual Rows": 0, "Relation Name": "info_type", "Filter": "((info)::text = 'rating'::text)", "Parent Relationship": "Outer", "Total Cost": 2.41, "Plan Width": 4}]}], "Join Type": "Inner", "Node Type": "Hash Join", "Actual Total Time": 0.0, "Actual Rows": 0, "Parent Relationship": "Inner", "Total Cost": 28860.1, "Plan Width": 9}], "Join Type": "Inner", "Node Type": "Nested Loop", "Actual Total Time": 0.088, "Actual Rows": 0, "Parent Relationship": "Outer", "Total Cost": 115681.58, "Plan Width": 17}, {"Index Name": "title_pkey", "Actual Startup Time": 0.0, "Relation Name": "title", "Actual Loops": 0, "Plan Rows": 1, "Startup Cost": 0.43, "Rows Removed by Index Recheck": 0, "Rows Removed by Filter": 0, "Alias": "t", "Node Type": "Index Scan", "Scan Direction": "Forward", "Actual Total Time": 0.0, "Actual Rows": 0, "Index Cond": "(id = mk.movie_id)", "Filter": "((production_year > 1901) AND ((title ~~ '%Marathon%'::text) OR (title ~~ '%Abortion%'::text) OR (title ~~ '%The%'::text)))", "Parent Relationship": "Inner", "Total Cost": 0.5, "Plan Width": 25}], "Join Type": "Inner", "Node Type": "Nested Loop", "Actual Total Time": 0.089, "Actual Rows": 0, "Parent Relationship": "Outer", "Total Cost": 115682.09, "Plan Width": 26}, {"Index Name": "kind_type_pkey", "Actual Startup Time": 0.0, "Relation Name": "kind_type", "Actual Loops": 0, "Plan Rows": 1, "Startup Cost": 0.15, "Rows Removed by Index Recheck": 0, "Rows Removed by Filter": 0, "Alias": "kt", "Node Type": "Index Scan", "Scan Direction": "Forward", "Actual Total Time": 0.0, "Actual Rows": 0, "Index Cond": "(id = t.kind_id)", "Filter": "((kind)::text = 'movie'::text)", "Parent Relationship": "Inner", "Total Cost": 0.17, "Plan Width": 4}], "Join Type": "Inner", "Node Type": "Nested Loop", "Actual Total Time": 0.089, "Actual Rows": 0, "Parent Relationship": "Outer", "Total Cost": 115682.27, "Plan Width": 22}]}, "Triggers": [], "Planning Time": 6.624, "Execution Time": 0.319}]]]}
