{"start_time": 1569073755.4363787, "plan": [[[{"Plan": {"Actual Startup Time": 0.054, "Plan Rows": 1, "Node Type": "Aggregate", "Actual Loops": 1, "Actual Total Time": 0.054, "Actual Rows": 1, "Plan Width": 32, "Startup Cost": 78557.49, "Strategy": "Plain", "Total Cost": 78557.5, "Plans": [{"Actual Startup Time": 0.051, "Plan Rows": 1, "Join Filter": "(mi.movie_id = t.id)", "Actual Loops": 1, "Startup Cost": 74.68, "Rows Removed by Join Filter": 0, "Plans": [{"Actual Startup Time": 0.051, "Plan Rows": 1, "Join Filter": "(ci.person_id = n.id)", "Actual Loops": 1, "Startup Cost": 74.25, "Rows Removed by Join Filter": 0, "Plans": [{"Actual Startup Time": 0.051, "Plan Rows": 1, "Actual Loops": 1, "Startup Cost": 73.82, "Plans": [{"Actual Startup Time": 0.051, "Plan Rows": 1, "Actual Loops": 1, "Startup Cost": 73.4, "Plans": [{"Actual Startup Time": 0.051, "Plan Rows": 1, "Join Filter": "(ci.movie_id = mi.movie_id)", "Actual Loops": 1, "Startup Cost": 72.97, "Rows Removed by Join Filter": 0, "Plans": [{"Actual Startup Time": 0.05, "Plan Rows": 1, "Actual Loops": 1, "Startup Cost": 49.73, "Hash Cond": "(an.person_id = ci.person_id)", "Plans": [{"Actual Startup Time": 0.008, "Plan Rows": 902055, "Actual Loops": 1, "Startup Cost": 0.0, "Alias": "an", "Node Type": "Seq Scan", "Actual Total Time": 0.008, "Actual Rows": 1, "Parent Relationship": "Outer", "Relation Name": "aka_name", "Total Cost": 20425.55, "Plan Width": 4}, {"Actual Startup Time": 0.001, "Plan Rows": 1, "Peak Memory Usage": 8, "Actual Loops": 1, "Startup Cost": 49.71, "Original Hash Batches": 1, "Plans": [{"Actual Startup Time": 0.001, "Plan Rows": 1, "Actual Loops": 1, "Startup Cost": 18.93, "Hash Cond": "(ci.role_id = rt.id)", "Plans": [{"Actual Startup Time": 0.001, "Plan Rows": 44, "Actual Loops": 1, "Rows Removed by Filter": 0, "Startup Cost": 0.0, "Alias": "ci", "Node Type": "Seq Scan", "Actual Total Time": 0.001, "Actual Rows": 0, "Relation Name": "cast_info", "Filter": "(note = ANY ('{\"(as Jo Swinson MP)\",\"(Old Lady)\",\"(as Debra Skelton)\",\"(as Suzi Carina)\",\"(as Heather Bryson)\",\"(archive footage) (as Elaine Morey)\",\"(as Sofia Scicolone)\",(Finale),\"(credit only) (as Anicka Sakm\u00e1rov\u00e1)\"}'::text[]))", "Parent Relationship": "Outer", "Total Cost": 30.61, "Plan Width": 16}, {"Actual Startup Time": 0.0, "Plan Rows": 4, "Node Type": "Hash", "Actual Loops": 0, "Actual Total Time": 0.0, "Actual Rows": 0, "Startup Cost": 18.88, "Plan Width": 4, "Parent Relationship": "Inner", "Total Cost": 18.88, "Plans": [{"Actual Startup Time": 0.0, "Plan Rows": 4, "Actual Loops": 0, "Rows Removed by Filter": 0, "Startup Cost": 0.0, "Alias": "rt", "Node Type": "Seq Scan", "Actual Total Time": 0.0, "Actual Rows": 0, "Relation Name": "role_type", "Filter": "((role)::text = 'actress'::text)", "Parent Relationship": "Outer", "Total Cost": 18.88, "Plan Width": 4}]}], "Join Type": "Inner", "Node Type": "Hash Join", "Actual Total Time": 0.001, "Actual Rows": 0, "Parent Relationship": "Outer", "Total Cost": 49.71, "Plan Width": 12}], "Hash Buckets": 1024, "Original Hash Buckets": 1024, "Node Type": "Hash", "Actual Total Time": 0.001, "Actual Rows": 0, "Parent Relationship": "Inner", "Hash Batches": 1, "Total Cost": 49.71, "Plan Width": 12}], "Join Type": "Inner", "Node Type": "Hash Join", "Actual Total Time": 0.05, "Actual Rows": 0, "Parent Relationship": "Outer", "Total Cost": 23858.0, "Plan Width": 16}, {"Actual Startup Time": 0.0, "Plan Rows": 22, "Actual Loops": 0, "Startup Cost": 23.24, "Hash Cond": "(mc.movie_id = mi.movie_id)", "Plans": [{"Actual Startup Time": 0.0, "Plan Rows": 2609129, "Actual Loops": 0, "Startup Cost": 0.0, "Alias": "mc", "Node Type": "Seq Scan", "Actual Total Time": 0.0, "Actual Rows": 0, "Parent Relationship": "Outer", "Relation Name": "movie_companies", "Total Cost": 44881.29, "Plan Width": 8}, {"Actual Startup Time": 0.0, "Plan Rows": 4, "Node Type": "Hash", "Actual Loops": 0, "Actual Total Time": 0.0, "Actual Rows": 0, "Startup Cost": 23.19, "Plan Width": 4, "Parent Relationship": "Inner", "Total Cost": 23.19, "Plans": [{"Actual Startup Time": 0.0, "Plan Rows": 4, "Actual Loops": 0, "Startup Cost": 2.43, "Hash Cond": "(mi.info_type_id = it.id)", "Plans": [{"Actual Startup Time": 0.0, "Plan Rows": 780, "Actual Loops": 0, "Startup Cost": 0.0, "Alias": "mi", "Node Type": "Seq Scan", "Actual Total Time": 0.0, "Actual Rows": 0, "Parent Relationship": "Outer", "Relation Name": "movie_info", "Total Cost": 17.8, "Plan Width": 8}, {"Actual Startup Time": 0.0, "Plan Rows": 1, "Node Type": "Hash", "Actual Loops": 0, "Actual Total Time": 0.0, "Actual Rows": 0, "Startup Cost": 2.41, "Plan Width": 4, "Parent Relationship": "Inner", "Total Cost": 2.41, "Plans": [{"Actual Startup Time": 0.0, "Plan Rows": 1, "Actual Loops": 0, "Rows Removed by Filter": 0, "Startup Cost": 0.0, "Alias": "it", "Node Type": "Seq Scan", "Actual Total Time": 0.0, "Actual Rows": 0, "Relation Name": "info_type", "Filter": "((info)::text = 'release dates'::text)", "Parent Relationship": "Outer", "Total Cost": 2.41, "Plan Width": 4}]}], "Join Type": "Inner", "Node Type": "Hash Join", "Actual Total Time": 0.0, "Actual Rows": 0, "Parent Relationship": "Outer", "Total Cost": 23.19, "Plan Width": 4}]}], "Join Type": "Inner", "Node Type": "Hash Join", "Actual Total Time": 0.0, "Actual Rows": 0, "Parent Relationship": "Inner", "Total Cost": 54688.98, "Plan Width": 12}], "Join Type": "Inner", "Node Type": "Nested Loop", "Actual Total Time": 0.051, "Actual Rows": 0, "Parent Relationship": "Outer", "Total Cost": 78547.26, "Plan Width": 28}, {"Index Name": "char_name_pkey", "Actual Startup Time": 0.0, "Relation Name": "char_name", "Actual Loops": 0, "Plan Rows": 1, "Startup Cost": 0.43, "Rows Removed by Index Recheck": 0, "Parent Relationship": "Inner", "Alias": "chn", "Node Type": "Index Only Scan", "Scan Direction": "Forward", "Actual Total Time": 0.0, "Actual Rows": 0, "Heap Fetches": 0, "Index Cond": "(id = ci.person_role_id)", "Total Cost": 8.45, "Plan Width": 4}], "Join Type": "Inner", "Node Type": "Nested Loop", "Actual Total Time": 0.051, "Actual Rows": 0, "Parent Relationship": "Outer", "Total Cost": 78555.72, "Plan Width": 24}, {"Index Name": "company_name_pkey", "Actual Startup Time": 0.0, "Relation Name": "company_name", "Actual Loops": 0, "Plan Rows": 1, "Startup Cost": 0.42, "Rows Removed by Index Recheck": 0, "Rows Removed by Filter": 0, "Alias": "cn", "Node Type": "Index Scan", "Scan Direction": "Forward", "Actual Total Time": 0.0, "Actual Rows": 0, "Index Cond": "(id = mc.company_id)", "Filter": "((country_code)::text = '[my]'::text)", "Parent Relationship": "Inner", "Total Cost": 0.45, "Plan Width": 4}], "Join Type": "Inner", "Node Type": "Nested Loop", "Actual Total Time": 0.051, "Actual Rows": 0, "Parent Relationship": "Outer", "Total Cost": 78556.17, "Plan Width": 20}, {"Index Name": "name_pkey", "Actual Startup Time": 0.0, "Relation Name": "name", "Actual Loops": 0, "Plan Rows": 1, "Startup Cost": 0.43, "Rows Removed by Index Recheck": 0, "Rows Removed by Filter": 0, "Alias": "n", "Node Type": "Index Scan", "Scan Direction": "Forward", "Actual Total Time": 0.0, "Actual Rows": 0, "Index Cond": "(id = an.person_id)", "Filter": "((gender)::text = 'f'::text)", "Parent Relationship": "Inner", "Total Cost": 0.76, "Plan Width": 19}], "Join Type": "Inner", "Node Type": "Nested Loop", "Actual Total Time": 0.051, "Actual Rows": 0, "Parent Relationship": "Outer", "Total Cost": 78556.95, "Plan Width": 27}, {"Index Name": "title_pkey", "Actual Startup Time": 0.0, "Relation Name": "title", "Actual Loops": 0, "Plan Rows": 1, "Startup Cost": 0.43, "Rows Removed by Index Recheck": 0, "Rows Removed by Filter": 0, "Alias": "t", "Node Type": "Index Scan", "Scan Direction": "Forward", "Actual Total Time": 0.0, "Actual Rows": 0, "Index Cond": "(id = mc.movie_id)", "Filter": "(production_year > 1949)", "Parent Relationship": "Inner", "Total Cost": 0.52, "Plan Width": 21}], "Join Type": "Inner", "Node Type": "Nested Loop", "Actual Total Time": 0.051, "Actual Rows": 0, "Parent Relationship": "Outer", "Total Cost": 78557.48, "Plan Width": 32}]}, "Triggers": [], "Planning Time": 21.982, "Execution Time": 0.329}]]]}
{"start_time": 1569073755.4363787, "plan": [[[{"Plan": {"Actual Startup Time": 0.049, "Plan Rows": 1, "Node Type": "Aggregate", "Actual Loops": 1, "Actual Total Time": 0.049, "Actual Rows": 1, "Plan Width": 32, "Startup Cost": 78561.18, "Strategy": "Plain", "Total Cost": 78561.19, "Plans": [{"Actual Startup Time": 0.047, "Plan Rows": 1, "Join Filter": "(mi.movie_id = t.id)", "Actual Loops": 1, "Startup Cost": 78.37, "Rows Removed by Join Filter": 0, "Plans": [{"Actual Startup Time": 0.047, "Plan Rows": 1, "Join Filter": "(ci.person_id = n.id)", "Actual Loops": 1, "Startup Cost": 77.94, "Rows Removed by Join Filter": 0, "Plans": [{"Actual Startup Time": 0.047, "Plan Rows": 1, "Actual Loops": 1, "Startup Cost": 77.51, "Plans": [{"Actual Startup Time": 0.047, "Plan Rows": 1, "Actual Loops": 1, "Startup Cost": 77.09, "Plans": [{"Actual Startup Time": 0.046, "Plan Rows": 1, "Join Filter": "(ci.movie_id = mi.movie_id)", "Actual Loops": 1, "Startup Cost": 76.66, "Rows Removed by Join Filter": 0, "Plans": [{"Actual Startup Time": 0.046, "Plan Rows": 1, "Actual Loops": 1, "Startup Cost": 53.42, "Hash Cond": "(an.person_id = ci.person_id)", "Plans": [{"Actual Startup Time": 0.006, "Plan Rows": 902055, "Actual Loops": 1, "Startup Cost": 0.0, "Alias": "an", "Node Type": "Seq Scan", "Actual Total Time": 0.006, "Actual Rows": 1, "Parent Relationship": "Outer", "Relation Name": "aka_name", "Total Cost": 20425.55, "Plan Width": 4}, {"Actual Startup Time": 0.001, "Plan Rows": 1, "Peak Memory Usage": 8, "Actual Loops": 1, "Startup Cost": 53.4, "Original Hash Batches": 1, "Plans": [{"Actual Startup Time": 0.001, "Plan Rows": 1, "Actual Loops": 1, "Startup Cost": 18.93, "Hash Cond": "(ci.role_id = rt.id)", "Plans": [{"Actual Startup Time": 0.001, "Plan Rows": 58, "Actual Loops": 1, "Rows Removed by Filter": 0, "Startup Cost": 0.0, "Alias": "ci", "Node Type": "Seq Scan", "Actual Total Time": 0.001, "Actual Rows": 0, "Relation Name": "cast_info", "Filter": "(note = ANY ('{\"(as de H\u00f6hner)\",\"(as Cullen Clancy)\",\"(as Cascada)\",\"(as John Mylong M\u00fcnz)\",\"(as Henri Delon)\",\"(episode ''Private Dancer'')\",\"(as Karl Ehrhardt Hardt)\",\"(as Marty Faust)\",\"(Suresh''s father)\",\"(as Ricardo D''Le\u00f3n)\",\"(as Nick Boles MP)\",\"(as Victor Khokhryakov)\"}'::text[]))", "Parent Relationship": "Outer", "Total Cost": 34.25, "Plan Width": 16}, {"Actual Startup Time": 0.0, "Plan Rows": 4, "Node Type": "Hash", "Actual Loops": 0, "Actual Total Time": 0.0, "Actual Rows": 0, "Startup Cost": 18.88, "Plan Width": 4, "Parent Relationship": "Inner", "Total Cost": 18.88, "Plans": [{"Actual Startup Time": 0.0, "Plan Rows": 4, "Actual Loops": 0, "Rows Removed by Filter": 0, "Startup Cost": 0.0, "Alias": "rt", "Node Type": "Seq Scan", "Actual Total Time": 0.0, "Actual Rows": 0, "Relation Name": "role_type", "Filter": "((role)::text = 'actor'::text)", "Parent Relationship": "Outer", "Total Cost": 18.88, "Plan Width": 4}]}], "Join Type": "Inner", "Node Type": "Hash Join", "Actual Total Time": 0.001, "Actual Rows": 0, "Parent Relationship": "Outer", "Total Cost": 53.4, "Plan Width": 12}], "Hash Buckets": 1024, "Original Hash Buckets": 1024, "Node Type": "Hash", "Actual Total Time": 0.001, "Actual Rows": 0, "Parent Relationship": "Inner", "Hash Batches": 1, "Total Cost": 53.4, "Plan Width": 12}], "Join Type": "Inner", "Node Type": "Hash Join", "Actual Total Time": 0.046, "Actual Rows": 0, "Parent Relationship": "Outer", "Total Cost": 23861.69, "Plan Width": 16}, {"Actual Startup Time": 0.0, "Plan Rows": 22, "Actual Loops": 0, "Startup Cost": 23.24, "Hash Cond": "(mc.movie_id = mi.movie_id)", "Plans": [{"Actual Startup Time": 0.0, "Plan Rows": 2609129, "Actual Loops": 0, "Startup Cost": 0.0, "Alias": "mc", "Node Type": "Seq Scan", "Actual Total Time": 0.0, "Actual Rows": 0, "Parent Relationship": "Outer", "Relation Name": "movie_companies", "Total Cost": 44881.29, "Plan Width": 8}, {"Actual Startup Time": 0.0, "Plan Rows": 4, "Node Type": "Hash", "Actual Loops": 0, "Actual Total Time": 0.0, "Actual Rows": 0, "Startup Cost": 23.19, "Plan Width": 4, "Parent Relationship": "Inner", "Total Cost": 23.19, "Plans": [{"Actual Startup Time": 0.0, "Plan Rows": 4, "Actual Loops": 0, "Startup Cost": 2.43, "Hash Cond": "(mi.info_type_id = it.id)", "Plans": [{"Actual Startup Time": 0.0, "Plan Rows": 780, "Actual Loops": 0, "Startup Cost": 0.0, "Alias": "mi", "Node Type": "Seq Scan", "Actual Total Time": 0.0, "Actual Rows": 0, "Parent Relationship": "Outer", "Relation Name": "movie_info", "Total Cost": 17.8, "Plan Width": 8}, {"Actual Startup Time": 0.0, "Plan Rows": 1, "Node Type": "Hash", "Actual Loops": 0, "Actual Total Time": 0.0, "Actual Rows": 0, "Startup Cost": 2.41, "Plan Width": 4, "Parent Relationship": "Inner", "Total Cost": 2.41, "Plans": [{"Actual Startup Time": 0.0, "Plan Rows": 1, "Actual Loops": 0, "Rows Removed by Filter": 0, "Startup Cost": 0.0, "Alias": "it", "Node Type": "Seq Scan", "Actual Total Time": 0.0, "Actual Rows": 0, "Relation Name": "info_type", "Filter": "((info)::text = 'release dates'::text)", "Parent Relationship": "Outer", "Total Cost": 2.41, "Plan Width": 4}]}], "Join Type": "Inner", "Node Type": "Hash Join", "Actual Total Time": 0.0, "Actual Rows": 0, "Parent Relationship": "Outer", "Total Cost": 23.19, "Plan Width": 4}]}], "Join Type": "Inner", "Node Type": "Hash Join", "Actual Total Time": 0.0, "Actual Rows": 0, "Parent Relationship": "Inner", "Total Cost": 54688.98, "Plan Width": 12}], "Join Type": "Inner", "Node Type": "Nested Loop", "Actual Total Time": 0.046, "Actual Rows": 0, "Parent Relationship": "Outer", "Total Cost": 78550.95, "Plan Width": 28}, {"Index Name": "char_name_pkey", "Actual Startup Time": 0.0, "Relation Name": "char_name", "Actual Loops": 0, "Plan Rows": 1, "Startup Cost": 0.43, "Rows Removed by Index Recheck": 0, "Parent Relationship": "Inner", "Alias": "chn", "Node Type": "Index Only Scan", "Scan Direction": "Forward", "Actual Total Time": 0.0, "Actual Rows": 0, "Heap Fetches": 0, "Index Cond": "(id = ci.person_role_id)", "Total Cost": 8.45, "Plan Width": 4}], "Join Type": "Inner", "Node Type": "Nested Loop", "Actual Total Time": 0.047, "Actual Rows": 0, "Parent Relationship": "Outer", "Total Cost": 78559.41, "Plan Width": 24}, {"Index Name": "company_name_pkey", "Actual Startup Time": 0.0, "Relation Name": "company_name", "Actual Loops": 0, "Plan Rows": 1, "Startup Cost": 0.42, "Rows Removed by Index Recheck": 0, "Rows Removed by Filter": 0, "Alias": "cn", "Node Type": "Index Scan", "Scan Direction": "Forward", "Actual Total Time": 0.0, "Actual Rows": 0, "Index Cond": "(id = mc.company_id)", "Filter": "((country_code)::text = '[za]'::text)", "Parent Relationship": "Inner", "Total Cost": 0.45, "Plan Width": 4}], "Join Type": "Inner", "Node Type": "Nested Loop", "Actual Total Time": 0.047, "Actual Rows": 0, "Parent Relationship": "Outer", "Total Cost": 78559.86, "Plan Width": 20}, {"Index Name": "name_pkey", "Actual Startup Time": 0.0, "Relation Name": "name", "Actual Loops": 0, "Plan Rows": 1, "Startup Cost": 0.43, "Rows Removed by Index Recheck": 0, "Rows Removed by Filter": 0, "Alias": "n", "Node Type": "Index Scan", "Scan Direction": "Forward", "Actual Total Time": 0.0, "Actual Rows": 0, "Index Cond": "(id = an.person_id)", "Filter": "((gender)::text = 'm'::text)", "Parent Relationship": "Inner", "Total Cost": 0.76, "Plan Width": 19}], "Join Type": "Inner", "Node Type": "Nested Loop", "Actual Total Time": 0.047, "Actual Rows": 0, "Parent Relationship": "Outer", "Total Cost": 78560.64, "Plan Width": 27}, {"Index Name": "title_pkey", "Actual Startup Time": 0.0, "Relation Name": "title", "Actual Loops": 0, "Plan Rows": 1, "Startup Cost": 0.43, "Rows Removed by Index Recheck": 0, "Rows Removed by Filter": 0, "Alias": "t", "Node Type": "Index Scan", "Scan Direction": "Forward", "Actual Total Time": 0.0, "Actual Rows": 0, "Index Cond": "(id = mc.movie_id)", "Filter": "(production_year > 1908)", "Parent Relationship": "Inner", "Total Cost": 0.52, "Plan Width": 21}], "Join Type": "Inner", "Node Type": "Nested Loop", "Actual Total Time": 0.047, "Actual Rows": 0, "Parent Relationship": "Outer", "Total Cost": 78561.17, "Plan Width": 32}]}, "Triggers": [], "Planning Time": 20.986, "Execution Time": 0.316}]]]}
{"start_time": 1569073755.4363787, "plan": [[[{"Plan": {"Actual Startup Time": 0.051, "Plan Rows": 1, "Node Type": "Aggregate", "Actual Loops": 1, "Actual Total Time": 0.051, "Actual Rows": 1, "Plan Width": 32, "Startup Cost": 78561.18, "Strategy": "Plain", "Total Cost": 78561.19, "Plans": [{"Actual Startup Time": 0.048, "Plan Rows": 1, "Join Filter": "(mi.movie_id = t.id)", "Actual Loops": 1, "Startup Cost": 78.37, "Rows Removed by Join Filter": 0, "Plans": [{"Actual Startup Time": 0.048, "Plan Rows": 1, "Join Filter": "(ci.person_id = n.id)", "Actual Loops": 1, "Startup Cost": 77.94, "Rows Removed by Join Filter": 0, "Plans": [{"Actual Startup Time": 0.048, "Plan Rows": 1, "Actual Loops": 1, "Startup Cost": 77.51, "Plans": [{"Actual Startup Time": 0.048, "Plan Rows": 1, "Actual Loops": 1, "Startup Cost": 77.09, "Plans": [{"Actual Startup Time": 0.048, "Plan Rows": 1, "Join Filter": "(ci.movie_id = mi.movie_id)", "Actual Loops": 1, "Startup Cost": 76.66, "Rows Removed by Join Filter": 0, "Plans": [{"Actual Startup Time": 0.048, "Plan Rows": 1, "Actual Loops": 1, "Startup Cost": 53.42, "Hash Cond": "(an.person_id = ci.person_id)", "Plans": [{"Actual Startup Time": 0.005, "Plan Rows": 902055, "Actual Loops": 1, "Startup Cost": 0.0, "Alias": "an", "Node Type": "Seq Scan", "Actual Total Time": 0.005, "Actual Rows": 1, "Parent Relationship": "Outer", "Relation Name": "aka_name", "Total Cost": 20425.55, "Plan Width": 4}, {"Actual Startup Time": 0.001, "Plan Rows": 1, "Peak Memory Usage": 8, "Actual Loops": 1, "Startup Cost": 53.4, "Original Hash Batches": 1, "Plans": [{"Actual Startup Time": 0.001, "Plan Rows": 1, "Actual Loops": 1, "Startup Cost": 18.93, "Hash Cond": "(ci.role_id = rt.id)", "Plans": [{"Actual Startup Time": 0.0, "Plan Rows": 58, "Actual Loops": 1, "Rows Removed by Filter": 0, "Startup Cost": 0.0, "Alias": "ci", "Node Type": "Seq Scan", "Actual Total Time": 0.0, "Actual Rows": 0, "Relation Name": "cast_info", "Filter": "(note = ANY ('{\"(as Ernst Wilhelm Borchert)\",\"(with Munich Accord)\",\"(as Z. Buczkowski)\",\"(as Dr. Ernie Vandeweghe)\",\"(voice) (as Manny LaCarruba)\",\"(first to walk in space)\",\"(as Gustav Hjerne)\",\"(as Louie Quinn)\",(1984-1992),\"(as Simon Soler)\",\"(as D''Nash)\",\"(as Michael Barnett)\"}'::text[]))", "Parent Relationship": "Outer", "Total Cost": 34.25, "Plan Width": 16}, {"Actual Startup Time": 0.0, "Plan Rows": 4, "Node Type": "Hash", "Actual Loops": 0, "Actual Total Time": 0.0, "Actual Rows": 0, "Startup Cost": 18.88, "Plan Width": 4, "Parent Relationship": "Inner", "Total Cost": 18.88, "Plans": [{"Actual Startup Time": 0.0, "Plan Rows": 4, "Actual Loops": 0, "Rows Removed by Filter": 0, "Startup Cost": 0.0, "Alias": "rt", "Node Type": "Seq Scan", "Actual Total Time": 0.0, "Actual Rows": 0, "Relation Name": "role_type", "Filter": "((role)::text = 'actor'::text)", "Parent Relationship": "Outer", "Total Cost": 18.88, "Plan Width": 4}]}], "Join Type": "Inner", "Node Type": "Hash Join", "Actual Total Time": 0.001, "Actual Rows": 0, "Parent Relationship": "Outer", "Total Cost": 53.4, "Plan Width": 12}], "Hash Buckets": 1024, "Original Hash Buckets": 1024, "Node Type": "Hash", "Actual Total Time": 0.001, "Actual Rows": 0, "Parent Relationship": "Inner", "Hash Batches": 1, "Total Cost": 53.4, "Plan Width": 12}], "Join Type": "Inner", "Node Type": "Hash Join", "Actual Total Time": 0.048, "Actual Rows": 0, "Parent Relationship": "Outer", "Total Cost": 23861.69, "Plan Width": 16}, {"Actual Startup Time": 0.0, "Plan Rows": 22, "Actual Loops": 0, "Startup Cost": 23.24, "Hash Cond": "(mc.movie_id = mi.movie_id)", "Plans": [{"Actual Startup Time": 0.0, "Plan Rows": 2609129, "Actual Loops": 0, "Startup Cost": 0.0, "Alias": "mc", "Node Type": "Seq Scan", "Actual Total Time": 0.0, "Actual Rows": 0, "Parent Relationship": "Outer", "Relation Name": "movie_companies", "Total Cost": 44881.29, "Plan Width": 8}, {"Actual Startup Time": 0.0, "Plan Rows": 4, "Node Type": "Hash", "Actual Loops": 0, "Actual Total Time": 0.0, "Actual Rows": 0, "Startup Cost": 23.19, "Plan Width": 4, "Parent Relationship": "Inner", "Total Cost": 23.19, "Plans": [{"Actual Startup Time": 0.0, "Plan Rows": 4, "Actual Loops": 0, "Startup Cost": 2.43, "Hash Cond": "(mi.info_type_id = it.id)", "Plans": [{"Actual Startup Time": 0.0, "Plan Rows": 780, "Actual Loops": 0, "Startup Cost": 0.0, "Alias": "mi", "Node Type": "Seq Scan", "Actual Total Time": 0.0, "Actual Rows": 0, "Parent Relationship": "Outer", "Relation Name": "movie_info", "Total Cost": 17.8, "Plan Width": 8}, {"Actual Startup Time": 0.0, "Plan Rows": 1, "Node Type": "Hash", "Actual Loops": 0, "Actual Total Time": 0.0, "Actual Rows": 0, "Startup Cost": 2.41, "Plan Width": 4, "Parent Relationship": "Inner", "Total Cost": 2.41, "Plans": [{"Actual Startup Time": 0.0, "Plan Rows": 1, "Actual Loops": 0, "Rows Removed by Filter": 0, "Startup Cost": 0.0, "Alias": "it", "Node Type": "Seq Scan", "Actual Total Time": 0.0, "Actual Rows": 0, "Relation Name": "info_type", "Filter": "((info)::text = 'release dates'::text)", "Parent Relationship": "Outer", "Total Cost": 2.41, "Plan Width": 4}]}], "Join Type": "Inner", "Node Type": "Hash Join", "Actual Total Time": 0.0, "Actual Rows": 0, "Parent Relationship": "Outer", "Total Cost": 23.19, "Plan Width": 4}]}], "Join Type": "Inner", "Node Type": "Hash Join", "Actual Total Time": 0.0, "Actual Rows": 0, "Parent Relationship": "Inner", "Total Cost": 54688.98, "Plan Width": 12}], "Join Type": "Inner", "Node Type": "Nested Loop", "Actual Total Time": 0.048, "Actual Rows": 0, "Parent Relationship": "Outer", "Total Cost": 78550.95, "Plan Width": 28}, {"Index Name": "char_name_pkey", "Actual Startup Time": 0.0, "Relation Name": "char_name", "Actual Loops": 0, "Plan Rows": 1, "Startup Cost": 0.43, "Rows Removed by Index Recheck": 0, "Parent Relationship": "Inner", "Alias": "chn", "Node Type": "Index Only Scan", "Scan Direction": "Forward", "Actual Total Time": 0.0, "Actual Rows": 0, "Heap Fetches": 0, "Index Cond": "(id = ci.person_role_id)", "Total Cost": 8.45, "Plan Width": 4}], "Join Type": "Inner", "Node Type": "Nested Loop", "Actual Total Time": 0.048, "Actual Rows": 0, "Parent Relationship": "Outer", "Total Cost": 78559.41, "Plan Width": 24}, {"Index Name": "company_name_pkey", "Actual Startup Time": 0.0, "Relation Name": "company_name", "Actual Loops": 0, "Plan Rows": 1, "Startup Cost": 0.42, "Rows Removed by Index Recheck": 0, "Rows Removed by Filter": 0, "Alias": "cn", "Node Type": "Index Scan", "Scan Direction": "Forward", "Actual Total Time": 0.0, "Actual Rows": 0, "Index Cond": "(id = mc.company_id)", "Filter": "((country_code)::text = '[se]'::text)", "Parent Relationship": "Inner", "Total Cost": 0.45, "Plan Width": 4}], "Join Type": "Inner", "Node Type": "Nested Loop", "Actual Total Time": 0.048, "Actual Rows": 0, "Parent Relationship": "Outer", "Total Cost": 78559.86, "Plan Width": 20}, {"Index Name": "name_pkey", "Actual Startup Time": 0.0, "Relation Name": "name", "Actual Loops": 0, "Plan Rows": 1, "Startup Cost": 0.43, "Rows Removed by Index Recheck": 0, "Rows Removed by Filter": 0, "Alias": "n", "Node Type": "Index Scan", "Scan Direction": "Forward", "Actual Total Time": 0.0, "Actual Rows": 0, "Index Cond": "(id = an.person_id)", "Filter": "((gender)::text = 'm'::text)", "Parent Relationship": "Inner", "Total Cost": 0.76, "Plan Width": 19}], "Join Type": "Inner", "Node Type": "Nested Loop", "Actual Total Time": 0.048, "Actual Rows": 0, "Parent Relationship": "Outer", "Total Cost": 78560.64, "Plan Width": 27}, {"Index Name": "title_pkey", "Actual Startup Time": 0.0, "Relation Name": "title", "Actual Loops": 0, "Plan Rows": 1, "Startup Cost": 0.43, "Rows Removed by Index Recheck": 0, "Rows Removed by Filter": 0, "Alias": "t", "Node Type": "Index Scan", "Scan Direction": "Forward", "Actual Total Time": 0.0, "Actual Rows": 0, "Index Cond": "(id = mc.movie_id)", "Filter": "(production_year > 1901)", "Parent Relationship": "Inner", "Total Cost": 0.52, "Plan Width": 21}], "Join Type": "Inner", "Node Type": "Nested Loop", "Actual Total Time": 0.048, "Actual Rows": 0, "Parent Relationship": "Outer", "Total Cost": 78561.17, "Plan Width": 32}]}, "Triggers": [], "Planning Time": 21.829, "Execution Time": 0.312}]]]}
{"start_time": 1569073755.9759562, "plan": [[[{"Plan": {"Actual Startup Time": 0.058, "Plan Rows": 1, "Node Type": "Aggregate", "Actual Loops": 1, "Actual Total Time": 0.058, "Actual Rows": 1, "Plan Width": 32, "Startup Cost": 78553.79, "Strategy": "Plain", "Total Cost": 78553.8, "Plans": [{"Actual Startup Time": 0.056, "Plan Rows": 1, "Join Filter": "(mi.movie_id = t.id)", "Actual Loops": 1, "Startup Cost": 70.98, "Rows Removed by Join Filter": 0, "Plans": [{"Actual Startup Time": 0.054, "Plan Rows": 1, "Join Filter": "(ci.person_id = n.id)", "Actual Loops": 1, "Startup Cost": 70.55, "Rows Removed by Join Filter": 0, "Plans": [{"Actual Startup Time": 0.054, "Plan Rows": 1, "Actual Loops": 1, "Startup Cost": 70.12, "Plans": [{"Actual Startup Time": 0.054, "Plan Rows": 1, "Actual Loops": 1, "Startup Cost": 69.7, "Plans": [{"Actual Startup Time": 0.054, "Plan Rows": 1, "Join Filter": "(ci.movie_id = mi.movie_id)", "Actual Loops": 1, "Startup Cost": 69.27, "Rows Removed by Join Filter": 0, "Plans": [{"Actual Startup Time": 0.054, "Plan Rows": 1, "Actual Loops": 1, "Startup Cost": 46.03, "Hash Cond": "(an.person_id = ci.person_id)", "Plans": [{"Actual Startup Time": 0.007, "Plan Rows": 902055, "Actual Loops": 1, "Startup Cost": 0.0, "Alias": "an", "Node Type": "Seq Scan", "Actual Total Time": 0.007, "Actual Rows": 1, "Parent Relationship": "Outer", "Relation Name": "aka_name", "Total Cost": 20425.55, "Plan Width": 4}, {"Actual Startup Time": 0.002, "Plan Rows": 1, "Peak Memory Usage": 8, "Actual Loops": 1, "Startup Cost": 46.02, "Original Hash Batches": 1, "Plans": [{"Actual Startup Time": 0.001, "Plan Rows": 1, "Actual Loops": 1, "Startup Cost": 18.93, "Hash Cond": "(ci.role_id = rt.id)", "Plans": [{"Actual Startup Time": 0.0, "Plan Rows": 29, "Actual Loops": 1, "Rows Removed by Filter": 0, "Startup Cost": 0.0, "Alias": "ci", "Node Type": "Seq Scan", "Actual Total Time": 0.0, "Actual Rows": 0, "Relation Name": "cast_info", "Filter": "(note = ANY ('{\"(as Manfred-Paul H\u00e4nig)\",\"(archive footage) (as Rusty Stevens)\",\"(as Andre Hules)\",(Ledoyen),\"(as Nicholas Mitchell)\",\"(as Borgar Gardarsson)\"}'::text[]))", "Parent Relationship": "Outer", "Total Cost": 26.98, "Plan Width": 16}, {"Actual Startup Time": 0.0, "Plan Rows": 4, "Node Type": "Hash", "Actual Loops": 0, "Actual Total Time": 0.0, "Actual Rows": 0, "Startup Cost": 18.88, "Plan Width": 4, "Parent Relationship": "Inner", "Total Cost": 18.88, "Plans": [{"Actual Startup Time": 0.0, "Plan Rows": 4, "Actual Loops": 0, "Rows Removed by Filter": 0, "Startup Cost": 0.0, "Alias": "rt", "Node Type": "Seq Scan", "Actual Total Time": 0.0, "Actual Rows": 0, "Relation Name": "role_type", "Filter": "((role)::text = 'actor'::text)", "Parent Relationship": "Outer", "Total Cost": 18.88, "Plan Width": 4}]}], "Join Type": "Inner", "Node Type": "Hash Join", "Actual Total Time": 0.001, "Actual Rows": 0, "Parent Relationship": "Outer", "Total Cost": 46.02, "Plan Width": 12}], "Hash Buckets": 1024, "Original Hash Buckets": 1024, "Node Type": "Hash", "Actual Total Time": 0.002, "Actual Rows": 0, "Parent Relationship": "Inner", "Hash Batches": 1, "Total Cost": 46.02, "Plan Width": 12}], "Join Type": "Inner", "Node Type": "Hash Join", "Actual Total Time": 0.054, "Actual Rows": 0, "Parent Relationship": "Outer", "Total Cost": 23854.31, "Plan Width": 16}, {"Actual Startup Time": 0.0, "Plan Rows": 22, "Actual Loops": 0, "Startup Cost": 23.24, "Hash Cond": "(mc.movie_id = mi.movie_id)", "Plans": [{"Actual Startup Time": 0.0, "Plan Rows": 2609129, "Actual Loops": 0, "Startup Cost": 0.0, "Alias": "mc", "Node Type": "Seq Scan", "Actual Total Time": 0.0, "Actual Rows": 0, "Parent Relationship": "Outer", "Relation Name": "movie_companies", "Total Cost": 44881.29, "Plan Width": 8}, {"Actual Startup Time": 0.0, "Plan Rows": 4, "Node Type": "Hash", "Actual Loops": 0, "Actual Total Time": 0.0, "Actual Rows": 0, "Startup Cost": 23.19, "Plan Width": 4, "Parent Relationship": "Inner", "Total Cost": 23.19, "Plans": [{"Actual Startup Time": 0.0, "Plan Rows": 4, "Actual Loops": 0, "Startup Cost": 2.43, "Hash Cond": "(mi.info_type_id = it.id)", "Plans": [{"Actual Startup Time": 0.0, "Plan Rows": 780, "Actual Loops": 0, "Startup Cost": 0.0, "Alias": "mi", "Node Type": "Seq Scan", "Actual Total Time": 0.0, "Actual Rows": 0, "Parent Relationship": "Outer", "Relation Name": "movie_info", "Total Cost": 17.8, "Plan Width": 8}, {"Actual Startup Time": 0.0, "Plan Rows": 1, "Node Type": "Hash", "Actual Loops": 0, "Actual Total Time": 0.0, "Actual Rows": 0, "Startup Cost": 2.41, "Plan Width": 4, "Parent Relationship": "Inner", "Total Cost": 2.41, "Plans": [{"Actual Startup Time": 0.0, "Plan Rows": 1, "Actual Loops": 0, "Rows Removed by Filter": 0, "Startup Cost": 0.0, "Alias": "it", "Node Type": "Seq Scan", "Actual Total Time": 0.0, "Actual Rows": 0, "Relation Name": "info_type", "Filter": "((info)::text = 'release dates'::text)", "Parent Relationship": "Outer", "Total Cost": 2.41, "Plan Width": 4}]}], "Join Type": "Inner", "Node Type": "Hash Join", "Actual Total Time": 0.0, "Actual Rows": 0, "Parent Relationship": "Outer", "Total Cost": 23.19, "Plan Width": 4}]}], "Join Type": "Inner", "Node Type": "Hash Join", "Actual Total Time": 0.0, "Actual Rows": 0, "Parent Relationship": "Inner", "Total Cost": 54688.98, "Plan Width": 12}], "Join Type": "Inner", "Node Type": "Nested Loop", "Actual Total Time": 0.054, "Actual Rows": 0, "Parent Relationship": "Outer", "Total Cost": 78543.57, "Plan Width": 28}, {"Index Name": "char_name_pkey", "Actual Startup Time": 0.0, "Relation Name": "char_name", "Actual Loops": 0, "Plan Rows": 1, "Startup Cost": 0.43, "Rows Removed by Index Recheck": 0, "Parent Relationship": "Inner", "Alias": "chn", "Node Type": "Index Only Scan", "Scan Direction": "Forward", "Actual Total Time": 0.0, "Actual Rows": 0, "Heap Fetches": 0, "Index Cond": "(id = ci.person_role_id)", "Total Cost": 8.45, "Plan Width": 4}], "Join Type": "Inner", "Node Type": "Nested Loop", "Actual Total Time": 0.054, "Actual Rows": 0, "Parent Relationship": "Outer", "Total Cost": 78552.02, "Plan Width": 24}, {"Index Name": "company_name_pkey", "Actual Startup Time": 0.0, "Relation Name": "company_name", "Actual Loops": 0, "Plan Rows": 1, "Startup Cost": 0.42, "Rows Removed by Index Recheck": 0, "Rows Removed by Filter": 0, "Alias": "cn", "Node Type": "Index Scan", "Scan Direction": "Forward", "Actual Total Time": 0.0, "Actual Rows": 0, "Index Cond": "(id = mc.company_id)", "Filter": "((country_code)::text = '[jp]'::text)", "Parent Relationship": "Inner", "Total Cost": 0.45, "Plan Width": 4}], "Join Type": "Inner", "Node Type": "Nested Loop", "Actual Total Time": 0.054, "Actual Rows": 0, "Parent Relationship": "Outer", "Total Cost": 78552.48, "Plan Width": 20}, {"Index Name": "name_pkey", "Actual Startup Time": 0.0, "Relation Name": "name", "Actual Loops": 0, "Plan Rows": 1, "Startup Cost": 0.43, "Rows Removed by Index Recheck": 0, "Rows Removed by Filter": 0, "Alias": "n", "Node Type": "Index Scan", "Scan Direction": "Forward", "Actual Total Time": 0.0, "Actual Rows": 0, "Index Cond": "(id = an.person_id)", "Filter": "((gender)::text = 'm'::text)", "Parent Relationship": "Inner", "Total Cost": 0.76, "Plan Width": 19}], "Join Type": "Inner", "Node Type": "Nested Loop", "Actual Total Time": 0.054, "Actual Rows": 0, "Parent Relationship": "Outer", "Total Cost": 78553.26, "Plan Width": 27}, {"Index Name": "title_pkey", "Actual Startup Time": 0.0, "Relation Name": "title", "Actual Loops": 0, "Plan Rows": 1, "Startup Cost": 0.43, "Rows Removed by Index Recheck": 0, "Rows Removed by Filter": 0, "Alias": "t", "Node Type": "Index Scan", "Scan Direction": "Forward", "Actual Total Time": 0.0, "Actual Rows": 0, "Index Cond": "(id = mc.movie_id)", "Filter": "(production_year > 1999)", "Parent Relationship": "Inner", "Total Cost": 0.52, "Plan Width": 21}], "Join Type": "Inner", "Node Type": "Nested Loop", "Actual Total Time": 0.056, "Actual Rows": 0, "Parent Relationship": "Outer", "Total Cost": 78553.79, "Plan Width": 32}]}, "Triggers": [], "Planning Time": 21.821, "Execution Time": 0.339}]]]}
{"start_time": 1569073755.9759562, "plan": [[[{"Plan": {"Actual Startup Time": 0.063, "Plan Rows": 1, "Node Type": "Aggregate", "Actual Loops": 1, "Actual Total Time": 0.063, "Actual Rows": 1, "Plan Width": 32, "Startup Cost": 78561.18, "Strategy": "Plain", "Total Cost": 78561.19, "Plans": [{"Actual Startup Time": 0.062, "Plan Rows": 1, "Join Filter": "(mi.movie_id = t.id)", "Actual Loops": 1, "Startup Cost": 78.37, "Rows Removed by Join Filter": 0, "Plans": [{"Actual Startup Time": 0.06, "Plan Rows": 1, "Join Filter": "(ci.person_id = n.id)", "Actual Loops": 1, "Startup Cost": 77.94, "Rows Removed by Join Filter": 0, "Plans": [{"Actual Startup Time": 0.06, "Plan Rows": 1, "Actual Loops": 1, "Startup Cost": 77.51, "Plans": [{"Actual Startup Time": 0.06, "Plan Rows": 1, "Actual Loops": 1, "Startup Cost": 77.09, "Plans": [{"Actual Startup Time": 0.06, "Plan Rows": 1, "Join Filter": "(ci.movie_id = mi.movie_id)", "Actual Loops": 1, "Startup Cost": 76.66, "Rows Removed by Join Filter": 0, "Plans": [{"Actual Startup Time": 0.06, "Plan Rows": 1, "Actual Loops": 1, "Startup Cost": 53.42, "Hash Cond": "(an.person_id = ci.person_id)", "Plans": [{"Actual Startup Time": 0.006, "Plan Rows": 902055, "Actual Loops": 1, "Startup Cost": 0.0, "Alias": "an", "Node Type": "Seq Scan", "Actual Total Time": 0.006, "Actual Rows": 1, "Parent Relationship": "Outer", "Relation Name": "aka_name", "Total Cost": 20425.55, "Plan Width": 4}, {"Actual Startup Time": 0.002, "Plan Rows": 1, "Peak Memory Usage": 8, "Actual Loops": 1, "Startup Cost": 53.4, "Original Hash Batches": 1, "Plans": [{"Actual Startup Time": 0.001, "Plan Rows": 1, "Actual Loops": 1, "Startup Cost": 18.93, "Hash Cond": "(ci.role_id = rt.id)", "Plans": [{"Actual Startup Time": 0.0, "Plan Rows": 58, "Actual Loops": 1, "Rows Removed by Filter": 0, "Startup Cost": 0.0, "Alias": "ci", "Node Type": "Seq Scan", "Actual Total Time": 0.0, "Actual Rows": 0, "Relation Name": "cast_info", "Filter": "(note = ANY ('{\"(as Bob Orton Jr.)\",\"(as Yuen Shun I)\",\"(as Izhak Fintsi)\",\"(as Jos\u00e9 Domingos)\",(cameo),\"(90 yo)\",\"(as Sepp Meier)\",\"(as Andrew Conlan)\",\"(voice: English version) (as J. Griff)\",\"(as Dr. Jacob Chachkes)\",\"(as Edward Davies)\",\"(as Mariusz Kiljan)\"}'::text[]))", "Parent Relationship": "Outer", "Total Cost": 34.25, "Plan Width": 16}, {"Actual Startup Time": 0.0, "Plan Rows": 4, "Node Type": "Hash", "Actual Loops": 0, "Actual Total Time": 0.0, "Actual Rows": 0, "Startup Cost": 18.88, "Plan Width": 4, "Parent Relationship": "Inner", "Total Cost": 18.88, "Plans": [{"Actual Startup Time": 0.0, "Plan Rows": 4, "Actual Loops": 0, "Rows Removed by Filter": 0, "Startup Cost": 0.0, "Alias": "rt", "Node Type": "Seq Scan", "Actual Total Time": 0.0, "Actual Rows": 0, "Relation Name": "role_type", "Filter": "((role)::text = 'actor'::text)", "Parent Relationship": "Outer", "Total Cost": 18.88, "Plan Width": 4}]}], "Join Type": "Inner", "Node Type": "Hash Join", "Actual Total Time": 0.001, "Actual Rows": 0, "Parent Relationship": "Outer", "Total Cost": 53.4, "Plan Width": 12}], "Hash Buckets": 1024, "Original Hash Buckets": 1024, "Node Type": "Hash", "Actual Total Time": 0.002, "Actual Rows": 0, "Parent Relationship": "Inner", "Hash Batches": 1, "Total Cost": 53.4, "Plan Width": 12}], "Join Type": "Inner", "Node Type": "Hash Join", "Actual Total Time": 0.06, "Actual Rows": 0, "Parent Relationship": "Outer", "Total Cost": 23861.69, "Plan Width": 16}, {"Actual Startup Time": 0.0, "Plan Rows": 22, "Actual Loops": 0, "Startup Cost": 23.24, "Hash Cond": "(mc.movie_id = mi.movie_id)", "Plans": [{"Actual Startup Time": 0.0, "Plan Rows": 2609129, "Actual Loops": 0, "Startup Cost": 0.0, "Alias": "mc", "Node Type": "Seq Scan", "Actual Total Time": 0.0, "Actual Rows": 0, "Parent Relationship": "Outer", "Relation Name": "movie_companies", "Total Cost": 44881.29, "Plan Width": 8}, {"Actual Startup Time": 0.0, "Plan Rows": 4, "Node Type": "Hash", "Actual Loops": 0, "Actual Total Time": 0.0, "Actual Rows": 0, "Startup Cost": 23.19, "Plan Width": 4, "Parent Relationship": "Inner", "Total Cost": 23.19, "Plans": [{"Actual Startup Time": 0.0, "Plan Rows": 4, "Actual Loops": 0, "Startup Cost": 2.43, "Hash Cond": "(mi.info_type_id = it.id)", "Plans": [{"Actual Startup Time": 0.0, "Plan Rows": 780, "Actual Loops": 0, "Startup Cost": 0.0, "Alias": "mi", "Node Type": "Seq Scan", "Actual Total Time": 0.0, "Actual Rows": 0, "Parent Relationship": "Outer", "Relation Name": "movie_info", "Total Cost": 17.8, "Plan Width": 8}, {"Actual Startup Time": 0.0, "Plan Rows": 1, "Node Type": "Hash", "Actual Loops": 0, "Actual Total Time": 0.0, "Actual Rows": 0, "Startup Cost": 2.41, "Plan Width": 4, "Parent Relationship": "Inner", "Total Cost": 2.41, "Plans": [{"Actual Startup Time": 0.0, "Plan Rows": 1, "Actual Loops": 0, "Rows Removed by Filter": 0, "Startup Cost": 0.0, "Alias": "it", "Node Type": "Seq Scan", "Actual Total Time": 0.0, "Actual Rows": 0, "Relation Name": "info_type", "Filter": "((info)::text = 'release dates'::text)", "Parent Relationship": "Outer", "Total Cost": 2.41, "Plan Width": 4}]}], "Join Type": "Inner", "Node Type": "Hash Join", "Actual Total Time": 0.0, "Actual Rows": 0, "Parent Relationship": "Outer", "Total Cost": 23.19, "Plan Width": 4}]}], "Join Type": "Inner", "Node Type": "Hash Join", "Actual Total Time": 0.0, "Actual Rows": 0, "Parent Relationship": "Inner", "Total Cost": 54688.98, "Plan Width": 12}], "Join Type": "Inner", "Node Type": "Nested Loop", "Actual Total Time": 0.06, "Actual Rows": 0, "Parent Relationship": "Outer", "Total Cost": 78550.95, "Plan Width": 28}, {"Index Name": "char_name_pkey", "Actual Startup Time": 0.0, "Relation Name": "char_name", "Actual Loops": 0, "Plan Rows": 1, "Startup Cost": 0.43, "Rows Removed by Index Recheck": 0, "Parent Relationship": "Inner", "Alias": "chn", "Node Type": "Index Only Scan", "Scan Direction": "Forward", "Actual Total Time": 0.0, "Actual Rows": 0, "Heap Fetches": 0, "Index Cond": "(id = ci.person_role_id)", "Total Cost": 8.45, "Plan Width": 4}], "Join Type": "Inner", "Node Type": "Nested Loop", "Actual Total Time": 0.06, "Actual Rows": 0, "Parent Relationship": "Outer", "Total Cost": 78559.41, "Plan Width": 24}, {"Index Name": "company_name_pkey", "Actual Startup Time": 0.0, "Relation Name": "company_name", "Actual Loops": 0, "Plan Rows": 1, "Startup Cost": 0.42, "Rows Removed by Index Recheck": 0, "Rows Removed by Filter": 0, "Alias": "cn", "Node Type": "Index Scan", "Scan Direction": "Forward", "Actual Total Time": 0.0, "Actual Rows": 0, "Index Cond": "(id = mc.company_id)", "Filter": "((country_code)::text = '[de]'::text)", "Parent Relationship": "Inner", "Total Cost": 0.45, "Plan Width": 4}], "Join Type": "Inner", "Node Type": "Nested Loop", "Actual Total Time": 0.06, "Actual Rows": 0, "Parent Relationship": "Outer", "Total Cost": 78559.86, "Plan Width": 20}, {"Index Name": "name_pkey", "Actual Startup Time": 0.0, "Relation Name": "name", "Actual Loops": 0, "Plan Rows": 1, "Startup Cost": 0.43, "Rows Removed by Index Recheck": 0, "Rows Removed by Filter": 0, "Alias": "n", "Node Type": "Index Scan", "Scan Direction": "Forward", "Actual Total Time": 0.0, "Actual Rows": 0, "Index Cond": "(id = an.person_id)", "Filter": "((gender)::text = 'm'::text)", "Parent Relationship": "Inner", "Total Cost": 0.76, "Plan Width": 19}], "Join Type": "Inner", "Node Type": "Nested Loop", "Actual Total Time": 0.06, "Actual Rows": 0, "Parent Relationship": "Outer", "Total Cost": 78560.64, "Plan Width": 27}, {"Index Name": "title_pkey", "Actual Startup Time": 0.0, "Relation Name": "title", "Actual Loops": 0, "Plan Rows": 1, "Startup Cost": 0.43, "Rows Removed by Index Recheck": 0, "Rows Removed by Filter": 0, "Alias": "t", "Node Type": "Index Scan", "Scan Direction": "Forward", "Actual Total Time": 0.0, "Actual Rows": 0, "Index Cond": "(id = mc.movie_id)", "Filter": "(production_year > 1894)", "Parent Relationship": "Inner", "Total Cost": 0.52, "Plan Width": 21}], "Join Type": "Inner", "Node Type": "Nested Loop", "Actual Total Time": 0.062, "Actual Rows": 0, "Parent Relationship": "Outer", "Total Cost": 78561.17, "Plan Width": 32}]}, "Triggers": [], "Planning Time": 22.059, "Execution Time": 0.353}]]]}
{"start_time": 1569073756.5149496, "plan": [[[{"Plan": {"Actual Startup Time": 0.06, "Plan Rows": 1, "Node Type": "Aggregate", "Actual Loops": 1, "Actual Total Time": 0.06, "Actual Rows": 1, "Plan Width": 32, "Startup Cost": 78557.49, "Strategy": "Plain", "Total Cost": 78557.5, "Plans": [{"Actual Startup Time": 0.056, "Plan Rows": 1, "Join Filter": "(mi.movie_id = t.id)", "Actual Loops": 1, "Startup Cost": 74.68, "Rows Removed by Join Filter": 0, "Plans": [{"Actual Startup Time": 0.056, "Plan Rows": 1, "Join Filter": "(ci.person_id = n.id)", "Actual Loops": 1, "Startup Cost": 74.25, "Rows Removed by Join Filter": 0, "Plans": [{"Actual Startup Time": 0.055, "Plan Rows": 1, "Actual Loops": 1, "Startup Cost": 73.82, "Plans": [{"Actual Startup Time": 0.055, "Plan Rows": 1, "Actual Loops": 1, "Startup Cost": 73.4, "Plans": [{"Actual Startup Time": 0.054, "Plan Rows": 1, "Join Filter": "(ci.movie_id = mi.movie_id)", "Actual Loops": 1, "Startup Cost": 72.97, "Rows Removed by Join Filter": 0, "Plans": [{"Actual Startup Time": 0.054, "Plan Rows": 1, "Actual Loops": 1, "Startup Cost": 49.73, "Hash Cond": "(an.person_id = ci.person_id)", "Plans": [{"Actual Startup Time": 0.007, "Plan Rows": 902055, "Actual Loops": 1, "Startup Cost": 0.0, "Alias": "an", "Node Type": "Seq Scan", "Actual Total Time": 0.007, "Actual Rows": 1, "Parent Relationship": "Outer", "Relation Name": "aka_name", "Total Cost": 20425.55, "Plan Width": 4}, {"Actual Startup Time": 0.001, "Plan Rows": 1, "Peak Memory Usage": 8, "Actual Loops": 1, "Startup Cost": 49.71, "Original Hash Batches": 1, "Plans": [{"Actual Startup Time": 0.001, "Plan Rows": 1, "Actual Loops": 1, "Startup Cost": 18.93, "Hash Cond": "(ci.role_id = rt.id)", "Plans": [{"Actual Startup Time": 0.001, "Plan Rows": 44, "Actual Loops": 1, "Rows Removed by Filter": 0, "Startup Cost": 0.0, "Alias": "ci", "Node Type": "Seq Scan", "Actual Total Time": 0.001, "Actual Rows": 0, "Relation Name": "cast_info", "Filter": "(note = ANY ('{\"(as Shanadine Llarena)\",\"(scenes from play ''The Glass Menagerie'')\",\"(segment ''The Beast Within'')\",\"(as \u00c1gi Margittai)\",\"(as Carolina Giametta)\",\"(as Jennifer Nadal)\",\"(as Cheryl Harrington)\",\"(as Irina Bruni)\",\"(segment ''L''affaire Fenayrou'')\"}'::text[]))", "Parent Relationship": "Outer", "Total Cost": 30.61, "Plan Width": 16}, {"Actual Startup Time": 0.0, "Plan Rows": 4, "Node Type": "Hash", "Actual Loops": 0, "Actual Total Time": 0.0, "Actual Rows": 0, "Startup Cost": 18.88, "Plan Width": 4, "Parent Relationship": "Inner", "Total Cost": 18.88, "Plans": [{"Actual Startup Time": 0.0, "Plan Rows": 4, "Actual Loops": 0, "Rows Removed by Filter": 0, "Startup Cost": 0.0, "Alias": "rt", "Node Type": "Seq Scan", "Actual Total Time": 0.0, "Actual Rows": 0, "Relation Name": "role_type", "Filter": "((role)::text = 'actress'::text)", "Parent Relationship": "Outer", "Total Cost": 18.88, "Plan Width": 4}]}], "Join Type": "Inner", "Node Type": "Hash Join", "Actual Total Time": 0.001, "Actual Rows": 0, "Parent Relationship": "Outer", "Total Cost": 49.71, "Plan Width": 12}], "Hash Buckets": 1024, "Original Hash Buckets": 1024, "Node Type": "Hash", "Actual Total Time": 0.001, "Actual Rows": 0, "Parent Relationship": "Inner", "Hash Batches": 1, "Total Cost": 49.71, "Plan Width": 12}], "Join Type": "Inner", "Node Type": "Hash Join", "Actual Total Time": 0.054, "Actual Rows": 0, "Parent Relationship": "Outer", "Total Cost": 23858.0, "Plan Width": 16}, {"Actual Startup Time": 0.0, "Plan Rows": 22, "Actual Loops": 0, "Startup Cost": 23.24, "Hash Cond": "(mc.movie_id = mi.movie_id)", "Plans": [{"Actual Startup Time": 0.0, "Plan Rows": 2609129, "Actual Loops": 0, "Startup Cost": 0.0, "Alias": "mc", "Node Type": "Seq Scan", "Actual Total Time": 0.0, "Actual Rows": 0, "Parent Relationship": "Outer", "Relation Name": "movie_companies", "Total Cost": 44881.29, "Plan Width": 8}, {"Actual Startup Time": 0.0, "Plan Rows": 4, "Node Type": "Hash", "Actual Loops": 0, "Actual Total Time": 0.0, "Actual Rows": 0, "Startup Cost": 23.19, "Plan Width": 4, "Parent Relationship": "Inner", "Total Cost": 23.19, "Plans": [{"Actual Startup Time": 0.0, "Plan Rows": 4, "Actual Loops": 0, "Startup Cost": 2.43, "Hash Cond": "(mi.info_type_id = it.id)", "Plans": [{"Actual Startup Time": 0.0, "Plan Rows": 780, "Actual Loops": 0, "Startup Cost": 0.0, "Alias": "mi", "Node Type": "Seq Scan", "Actual Total Time": 0.0, "Actual Rows": 0, "Parent Relationship": "Outer", "Relation Name": "movie_info", "Total Cost": 17.8, "Plan Width": 8}, {"Actual Startup Time": 0.0, "Plan Rows": 1, "Node Type": "Hash", "Actual Loops": 0, "Actual Total Time": 0.0, "Actual Rows": 0, "Startup Cost": 2.41, "Plan Width": 4, "Parent Relationship": "Inner", "Total Cost": 2.41, "Plans": [{"Actual Startup Time": 0.0, "Plan Rows": 1, "Actual Loops": 0, "Rows Removed by Filter": 0, "Startup Cost": 0.0, "Alias": "it", "Node Type": "Seq Scan", "Actual Total Time": 0.0, "Actual Rows": 0, "Relation Name": "info_type", "Filter": "((info)::text = 'release dates'::text)", "Parent Relationship": "Outer", "Total Cost": 2.41, "Plan Width": 4}]}], "Join Type": "Inner", "Node Type": "Hash Join", "Actual Total Time": 0.0, "Actual Rows": 0, "Parent Relationship": "Outer", "Total Cost": 23.19, "Plan Width": 4}]}], "Join Type": "Inner", "Node Type": "Hash Join", "Actual Total Time": 0.0, "Actual Rows": 0, "Parent Relationship": "Inner", "Total Cost": 54688.98, "Plan Width": 12}], "Join Type": "Inner", "Node Type": "Nested Loop", "Actual Total Time": 0.054, "Actual Rows": 0, "Parent Relationship": "Outer", "Total Cost": 78547.26, "Plan Width": 28}, {"Index Name": "char_name_pkey", "Actual Startup Time": 0.0, "Relation Name": "char_name", "Actual Loops": 0, "Plan Rows": 1, "Startup Cost": 0.43, "Rows Removed by Index Recheck": 0, "Parent Relationship": "Inner", "Alias": "chn", "Node Type": "Index Only Scan", "Scan Direction": "Forward", "Actual Total Time": 0.0, "Actual Rows": 0, "Heap Fetches": 0, "Index Cond": "(id = ci.person_role_id)", "Total Cost": 8.45, "Plan Width": 4}], "Join Type": "Inner", "Node Type": "Nested Loop", "Actual Total Time": 0.055, "Actual Rows": 0, "Parent Relationship": "Outer", "Total Cost": 78555.72, "Plan Width": 24}, {"Index Name": "company_name_pkey", "Actual Startup Time": 0.0, "Relation Name": "company_name", "Actual Loops": 0, "Plan Rows": 1, "Startup Cost": 0.42, "Rows Removed by Index Recheck": 0, "Rows Removed by Filter": 0, "Alias": "cn", "Node Type": "Index Scan", "Scan Direction": "Forward", "Actual Total Time": 0.0, "Actual Rows": 0, "Index Cond": "(id = mc.company_id)", "Filter": "((country_code)::text = '[ca]'::text)", "Parent Relationship": "Inner", "Total Cost": 0.45, "Plan Width": 4}], "Join Type": "Inner", "Node Type": "Nested Loop", "Actual Total Time": 0.055, "Actual Rows": 0, "Parent Relationship": "Outer", "Total Cost": 78556.17, "Plan Width": 20}, {"Index Name": "name_pkey", "Actual Startup Time": 0.0, "Relation Name": "name", "Actual Loops": 0, "Plan Rows": 1, "Startup Cost": 0.43, "Rows Removed by Index Recheck": 0, "Rows Removed by Filter": 0, "Alias": "n", "Node Type": "Index Scan", "Scan Direction": "Forward", "Actual Total Time": 0.0, "Actual Rows": 0, "Index Cond": "(id = an.person_id)", "Filter": "((gender)::text = 'f'::text)", "Parent Relationship": "Inner", "Total Cost": 0.76, "Plan Width": 19}], "Join Type": "Inner", "Node Type": "Nested Loop", "Actual Total Time": 0.056, "Actual Rows": 0, "Parent Relationship": "Outer", "Total Cost": 78556.95, "Plan Width": 27}, {"Index Name": "title_pkey", "Actual Startup Time": 0.0, "Relation Name": "title", "Actual Loops": 0, "Plan Rows": 1, "Startup Cost": 0.43, "Rows Removed by Index Recheck": 0, "Rows Removed by Filter": 0, "Alias": "t", "Node Type": "Index Scan", "Scan Direction": "Forward", "Actual Total Time": 0.0, "Actual Rows": 0, "Index Cond": "(id = mc.movie_id)", "Filter": "(production_year > 1951)", "Parent Relationship": "Inner", "Total Cost": 0.52, "Plan Width": 21}], "Join Type": "Inner", "Node Type": "Nested Loop", "Actual Total Time": 0.056, "Actual Rows": 0, "Parent Relationship": "Outer", "Total Cost": 78557.48, "Plan Width": 32}]}, "Triggers": [], "Planning Time": 22.426, "Execution Time": 0.365}]]]}
{"start_time": 1569073756.5149496, "plan": [[[{"Plan": {"Actual Startup Time": 0.051, "Plan Rows": 1, "Node Type": "Aggregate", "Actual Loops": 1, "Actual Total Time": 0.051, "Actual Rows": 1, "Plan Width": 32, "Startup Cost": 78558.71, "Strategy": "Plain", "Total Cost": 78558.72, "Plans": [{"Actual Startup Time": 0.049, "Plan Rows": 1, "Join Filter": "(mi.movie_id = t.id)", "Actual Loops": 1, "Startup Cost": 75.9, "Rows Removed by Join Filter": 0, "Plans": [{"Actual Startup Time": 0.049, "Plan Rows": 1, "Join Filter": "(ci.person_id = n.id)", "Actual Loops": 1, "Startup Cost": 75.47, "Rows Removed by Join Filter": 0, "Plans": [{"Actual Startup Time": 0.049, "Plan Rows": 1, "Actual Loops": 1, "Startup Cost": 75.04, "Plans": [{"Actual Startup Time": 0.049, "Plan Rows": 1, "Actual Loops": 1, "Startup Cost": 74.62, "Plans": [{"Actual Startup Time": 0.048, "Plan Rows": 1, "Join Filter": "(ci.movie_id = mi.movie_id)", "Actual Loops": 1, "Startup Cost": 74.19, "Rows Removed by Join Filter": 0, "Plans": [{"Actual Startup Time": 0.048, "Plan Rows": 1, "Actual Loops": 1, "Startup Cost": 50.95, "Hash Cond": "(an.person_id = ci.person_id)", "Plans": [{"Actual Startup Time": 0.005, "Plan Rows": 902055, "Actual Loops": 1, "Startup Cost": 0.0, "Alias": "an", "Node Type": "Seq Scan", "Actual Total Time": 0.005, "Actual Rows": 1, "Parent Relationship": "Outer", "Relation Name": "aka_name", "Total Cost": 20425.55, "Plan Width": 4}, {"Actual Startup Time": 0.001, "Plan Rows": 1, "Peak Memory Usage": 8, "Actual Loops": 1, "Startup Cost": 50.94, "Original Hash Batches": 1, "Plans": [{"Actual Startup Time": 0.001, "Plan Rows": 1, "Actual Loops": 1, "Startup Cost": 18.93, "Hash Cond": "(ci.role_id = rt.id)", "Plans": [{"Actual Startup Time": 0.001, "Plan Rows": 48, "Actual Loops": 1, "Rows Removed by Filter": 0, "Startup Cost": 0.0, "Alias": "ci", "Node Type": "Seq Scan", "Actual Total Time": 0.001, "Actual Rows": 0, "Relation Name": "cast_info", "Filter": "(note = ANY ('{\"(as Margot Hartman Tenney)\",\"(voice) (as Mimi Seton)\",\"(archive footage) (as Clara G)\",\"(as Crystelle Labaude)\",\"(as Gehrig and Weissmuller)\",\"(archive footage) (as Julia Sow)\",\"(voice: English version) (as Alicia Powers)\",\"(as Sardia Marley)\",\"(as Aleta Vieira)\",\"(as Dr. Claudia Ludwig)\"}'::text[]))", "Parent Relationship": "Outer", "Total Cost": 31.82, "Plan Width": 16}, {"Actual Startup Time": 0.0, "Plan Rows": 4, "Node Type": "Hash", "Actual Loops": 0, "Actual Total Time": 0.0, "Actual Rows": 0, "Startup Cost": 18.88, "Plan Width": 4, "Parent Relationship": "Inner", "Total Cost": 18.88, "Plans": [{"Actual Startup Time": 0.0, "Plan Rows": 4, "Actual Loops": 0, "Rows Removed by Filter": 0, "Startup Cost": 0.0, "Alias": "rt", "Node Type": "Seq Scan", "Actual Total Time": 0.0, "Actual Rows": 0, "Relation Name": "role_type", "Filter": "((role)::text = 'actress'::text)", "Parent Relationship": "Outer", "Total Cost": 18.88, "Plan Width": 4}]}], "Join Type": "Inner", "Node Type": "Hash Join", "Actual Total Time": 0.001, "Actual Rows": 0, "Parent Relationship": "Outer", "Total Cost": 50.94, "Plan Width": 12}], "Hash Buckets": 1024, "Original Hash Buckets": 1024, "Node Type": "Hash", "Actual Total Time": 0.001, "Actual Rows": 0, "Parent Relationship": "Inner", "Hash Batches": 1, "Total Cost": 50.94, "Plan Width": 12}], "Join Type": "Inner", "Node Type": "Hash Join", "Actual Total Time": 0.048, "Actual Rows": 0, "Parent Relationship": "Outer", "Total Cost": 23859.23, "Plan Width": 16}, {"Actual Startup Time": 0.0, "Plan Rows": 22, "Actual Loops": 0, "Startup Cost": 23.24, "Hash Cond": "(mc.movie_id = mi.movie_id)", "Plans": [{"Actual Startup Time": 0.0, "Plan Rows": 2609129, "Actual Loops": 0, "Startup Cost": 0.0, "Alias": "mc", "Node Type": "Seq Scan", "Actual Total Time": 0.0, "Actual Rows": 0, "Parent Relationship": "Outer", "Relation Name": "movie_companies", "Total Cost": 44881.29, "Plan Width": 8}, {"Actual Startup Time": 0.0, "Plan Rows": 4, "Node Type": "Hash", "Actual Loops": 0, "Actual Total Time": 0.0, "Actual Rows": 0, "Startup Cost": 23.19, "Plan Width": 4, "Parent Relationship": "Inner", "Total Cost": 23.19, "Plans": [{"Actual Startup Time": 0.0, "Plan Rows": 4, "Actual Loops": 0, "Startup Cost": 2.43, "Hash Cond": "(mi.info_type_id = it.id)", "Plans": [{"Actual Startup Time": 0.0, "Plan Rows": 780, "Actual Loops": 0, "Startup Cost": 0.0, "Alias": "mi", "Node Type": "Seq Scan", "Actual Total Time": 0.0, "Actual Rows": 0, "Parent Relationship": "Outer", "Relation Name": "movie_info", "Total Cost": 17.8, "Plan Width": 8}, {"Actual Startup Time": 0.0, "Plan Rows": 1, "Node Type": "Hash", "Actual Loops": 0, "Actual Total Time": 0.0, "Actual Rows": 0, "Startup Cost": 2.41, "Plan Width": 4, "Parent Relationship": "Inner", "Total Cost": 2.41, "Plans": [{"Actual Startup Time": 0.0, "Plan Rows": 1, "Actual Loops": 0, "Rows Removed by Filter": 0, "Startup Cost": 0.0, "Alias": "it", "Node Type": "Seq Scan", "Actual Total Time": 0.0, "Actual Rows": 0, "Relation Name": "info_type", "Filter": "((info)::text = 'release dates'::text)", "Parent Relationship": "Outer", "Total Cost": 2.41, "Plan Width": 4}]}], "Join Type": "Inner", "Node Type": "Hash Join", "Actual Total Time": 0.0, "Actual Rows": 0, "Parent Relationship": "Outer", "Total Cost": 23.19, "Plan Width": 4}]}], "Join Type": "Inner", "Node Type": "Hash Join", "Actual Total Time": 0.0, "Actual Rows": 0, "Parent Relationship": "Inner", "Total Cost": 54688.98, "Plan Width": 12}], "Join Type": "Inner", "Node Type": "Nested Loop", "Actual Total Time": 0.048, "Actual Rows": 0, "Parent Relationship": "Outer", "Total Cost": 78548.49, "Plan Width": 28}, {"Index Name": "char_name_pkey", "Actual Startup Time": 0.0, "Relation Name": "char_name", "Actual Loops": 0, "Plan Rows": 1, "Startup Cost": 0.43, "Rows Removed by Index Recheck": 0, "Parent Relationship": "Inner", "Alias": "chn", "Node Type": "Index Only Scan", "Scan Direction": "Forward", "Actual Total Time": 0.0, "Actual Rows": 0, "Heap Fetches": 0, "Index Cond": "(id = ci.person_role_id)", "Total Cost": 8.45, "Plan Width": 4}], "Join Type": "Inner", "Node Type": "Nested Loop", "Actual Total Time": 0.049, "Actual Rows": 0, "Parent Relationship": "Outer", "Total Cost": 78556.94, "Plan Width": 24}, {"Index Name": "company_name_pkey", "Actual Startup Time": 0.0, "Relation Name": "company_name", "Actual Loops": 0, "Plan Rows": 1, "Startup Cost": 0.42, "Rows Removed by Index Recheck": 0, "Rows Removed by Filter": 0, "Alias": "cn", "Node Type": "Index Scan", "Scan Direction": "Forward", "Actual Total Time": 0.0, "Actual Rows": 0, "Index Cond": "(id = mc.company_id)", "Filter": "((country_code)::text = '[nl]'::text)", "Parent Relationship": "Inner", "Total Cost": 0.45, "Plan Width": 4}], "Join Type": "Inner", "Node Type": "Nested Loop", "Actual Total Time": 0.049, "Actual Rows": 0, "Parent Relationship": "Outer", "Total Cost": 78557.4, "Plan Width": 20}, {"Index Name": "name_pkey", "Actual Startup Time": 0.0, "Relation Name": "name", "Actual Loops": 0, "Plan Rows": 1, "Startup Cost": 0.43, "Rows Removed by Index Recheck": 0, "Rows Removed by Filter": 0, "Alias": "n", "Node Type": "Index Scan", "Scan Direction": "Forward", "Actual Total Time": 0.0, "Actual Rows": 0, "Index Cond": "(id = an.person_id)", "Filter": "((gender)::text = 'f'::text)", "Parent Relationship": "Inner", "Total Cost": 0.76, "Plan Width": 19}], "Join Type": "Inner", "Node Type": "Nested Loop", "Actual Total Time": 0.049, "Actual Rows": 0, "Parent Relationship": "Outer", "Total Cost": 78558.18, "Plan Width": 27}, {"Index Name": "title_pkey", "Actual Startup Time": 0.0, "Relation Name": "title", "Actual Loops": 0, "Plan Rows": 1, "Startup Cost": 0.43, "Rows Removed by Index Recheck": 0, "Rows Removed by Filter": 0, "Alias": "t", "Node Type": "Index Scan", "Scan Direction": "Forward", "Actual Total Time": 0.0, "Actual Rows": 0, "Index Cond": "(id = mc.movie_id)", "Filter": "(production_year > 1979)", "Parent Relationship": "Inner", "Total Cost": 0.52, "Plan Width": 21}], "Join Type": "Inner", "Node Type": "Nested Loop", "Actual Total Time": 0.049, "Actual Rows": 0, "Parent Relationship": "Outer", "Total Cost": 78558.71, "Plan Width": 32}]}, "Triggers": [], "Planning Time": 21.291, "Execution Time": 0.329}]]]}
{"start_time": 1569073756.5149496, "plan": [[[{"Plan": {"Actual Startup Time": 0.05, "Plan Rows": 1, "Node Type": "Aggregate", "Actual Loops": 1, "Actual Total Time": 0.05, "Actual Rows": 1, "Plan Width": 32, "Startup Cost": 78561.18, "Strategy": "Plain", "Total Cost": 78561.19, "Plans": [{"Actual Startup Time": 0.049, "Plan Rows": 1, "Join Filter": "(mi.movie_id = t.id)", "Actual Loops": 1, "Startup Cost": 78.37, "Rows Removed by Join Filter": 0, "Plans": [{"Actual Startup Time": 0.048, "Plan Rows": 1, "Join Filter": "(ci.person_id = n.id)", "Actual Loops": 1, "Startup Cost": 77.94, "Rows Removed by Join Filter": 0, "Plans": [{"Actual Startup Time": 0.048, "Plan Rows": 1, "Actual Loops": 1, "Startup Cost": 77.51, "Plans": [{"Actual Startup Time": 0.047, "Plan Rows": 1, "Actual Loops": 1, "Startup Cost": 77.09, "Plans": [{"Actual Startup Time": 0.047, "Plan Rows": 1, "Join Filter": "(ci.movie_id = mi.movie_id)", "Actual Loops": 1, "Startup Cost": 76.66, "Rows Removed by Join Filter": 0, "Plans": [{"Actual Startup Time": 0.047, "Plan Rows": 1, "Actual Loops": 1, "Startup Cost": 53.42, "Hash Cond": "(an.person_id = ci.person_id)", "Plans": [{"Actual Startup Time": 0.006, "Plan Rows": 902055, "Actual Loops": 1, "Startup Cost": 0.0, "Alias": "an", "Node Type": "Seq Scan", "Actual Total Time": 0.006, "Actual Rows": 1, "Parent Relationship": "Outer", "Relation Name": "aka_name", "Total Cost": 20425.55, "Plan Width": 4}, {"Actual Startup Time": 0.001, "Plan Rows": 1, "Peak Memory Usage": 8, "Actual Loops": 1, "Startup Cost": 53.4, "Original Hash Batches": 1, "Plans": [{"Actual Startup Time": 0.001, "Plan Rows": 1, "Actual Loops": 1, "Startup Cost": 18.93, "Hash Cond": "(ci.role_id = rt.id)", "Plans": [{"Actual Startup Time": 0.0, "Plan Rows": 58, "Actual Loops": 1, "Rows Removed by Filter": 0, "Startup Cost": 0.0, "Alias": "ci", "Node Type": "Seq Scan", "Actual Total Time": 0.0, "Actual Rows": 0, "Relation Name": "cast_info", "Filter": "(note = ANY ('{\"(as Dr Mike Blackburn)\",\"(as David Dossey)\",\"(as Dr. Boris Feigelson)\",\"(as Say Anything)\",\"(as Ben Corbitt)\",(Assistent),\"(as Philip Shaw)\",\"(as Noro)\",\"(as Jorge Pallo)\",\"(Comets keyboardist)\",\"(as Robert MacDougall)\",\"(as Kwang Soo)\"}'::text[]))", "Parent Relationship": "Outer", "Total Cost": 34.25, "Plan Width": 16}, {"Actual Startup Time": 0.0, "Plan Rows": 4, "Node Type": "Hash", "Actual Loops": 0, "Actual Total Time": 0.0, "Actual Rows": 0, "Startup Cost": 18.88, "Plan Width": 4, "Parent Relationship": "Inner", "Total Cost": 18.88, "Plans": [{"Actual Startup Time": 0.0, "Plan Rows": 4, "Actual Loops": 0, "Rows Removed by Filter": 0, "Startup Cost": 0.0, "Alias": "rt", "Node Type": "Seq Scan", "Actual Total Time": 0.0, "Actual Rows": 0, "Relation Name": "role_type", "Filter": "((role)::text = 'actor'::text)", "Parent Relationship": "Outer", "Total Cost": 18.88, "Plan Width": 4}]}], "Join Type": "Inner", "Node Type": "Hash Join", "Actual Total Time": 0.001, "Actual Rows": 0, "Parent Relationship": "Outer", "Total Cost": 53.4, "Plan Width": 12}], "Hash Buckets": 1024, "Original Hash Buckets": 1024, "Node Type": "Hash", "Actual Total Time": 0.001, "Actual Rows": 0, "Parent Relationship": "Inner", "Hash Batches": 1, "Total Cost": 53.4, "Plan Width": 12}], "Join Type": "Inner", "Node Type": "Hash Join", "Actual Total Time": 0.047, "Actual Rows": 0, "Parent Relationship": "Outer", "Total Cost": 23861.69, "Plan Width": 16}, {"Actual Startup Time": 0.0, "Plan Rows": 22, "Actual Loops": 0, "Startup Cost": 23.24, "Hash Cond": "(mc.movie_id = mi.movie_id)", "Plans": [{"Actual Startup Time": 0.0, "Plan Rows": 2609129, "Actual Loops": 0, "Startup Cost": 0.0, "Alias": "mc", "Node Type": "Seq Scan", "Actual Total Time": 0.0, "Actual Rows": 0, "Parent Relationship": "Outer", "Relation Name": "movie_companies", "Total Cost": 44881.29, "Plan Width": 8}, {"Actual Startup Time": 0.0, "Plan Rows": 4, "Node Type": "Hash", "Actual Loops": 0, "Actual Total Time": 0.0, "Actual Rows": 0, "Startup Cost": 23.19, "Plan Width": 4, "Parent Relationship": "Inner", "Total Cost": 23.19, "Plans": [{"Actual Startup Time": 0.0, "Plan Rows": 4, "Actual Loops": 0, "Startup Cost": 2.43, "Hash Cond": "(mi.info_type_id = it.id)", "Plans": [{"Actual Startup Time": 0.0, "Plan Rows": 780, "Actual Loops": 0, "Startup Cost": 0.0, "Alias": "mi", "Node Type": "Seq Scan", "Actual Total Time": 0.0, "Actual Rows": 0, "Parent Relationship": "Outer", "Relation Name": "movie_info", "Total Cost": 17.8, "Plan Width": 8}, {"Actual Startup Time": 0.0, "Plan Rows": 1, "Node Type": "Hash", "Actual Loops": 0, "Actual Total Time": 0.0, "Actual Rows": 0, "Startup Cost": 2.41, "Plan Width": 4, "Parent Relationship": "Inner", "Total Cost": 2.41, "Plans": [{"Actual Startup Time": 0.0, "Plan Rows": 1, "Actual Loops": 0, "Rows Removed by Filter": 0, "Startup Cost": 0.0, "Alias": "it", "Node Type": "Seq Scan", "Actual Total Time": 0.0, "Actual Rows": 0, "Relation Name": "info_type", "Filter": "((info)::text = 'release dates'::text)", "Parent Relationship": "Outer", "Total Cost": 2.41, "Plan Width": 4}]}], "Join Type": "Inner", "Node Type": "Hash Join", "Actual Total Time": 0.0, "Actual Rows": 0, "Parent Relationship": "Outer", "Total Cost": 23.19, "Plan Width": 4}]}], "Join Type": "Inner", "Node Type": "Hash Join", "Actual Total Time": 0.0, "Actual Rows": 0, "Parent Relationship": "Inner", "Total Cost": 54688.98, "Plan Width": 12}], "Join Type": "Inner", "Node Type": "Nested Loop", "Actual Total Time": 0.047, "Actual Rows": 0, "Parent Relationship": "Outer", "Total Cost": 78550.95, "Plan Width": 28}, {"Index Name": "char_name_pkey", "Actual Startup Time": 0.0, "Relation Name": "char_name", "Actual Loops": 0, "Plan Rows": 1, "Startup Cost": 0.43, "Rows Removed by Index Recheck": 0, "Parent Relationship": "Inner", "Alias": "chn", "Node Type": "Index Only Scan", "Scan Direction": "Forward", "Actual Total Time": 0.0, "Actual Rows": 0, "Heap Fetches": 0, "Index Cond": "(id = ci.person_role_id)", "Total Cost": 8.45, "Plan Width": 4}], "Join Type": "Inner", "Node Type": "Nested Loop", "Actual Total Time": 0.047, "Actual Rows": 0, "Parent Relationship": "Outer", "Total Cost": 78559.41, "Plan Width": 24}, {"Index Name": "company_name_pkey", "Actual Startup Time": 0.0, "Relation Name": "company_name", "Actual Loops": 0, "Plan Rows": 1, "Startup Cost": 0.42, "Rows Removed by Index Recheck": 0, "Rows Removed by Filter": 0, "Alias": "cn", "Node Type": "Index Scan", "Scan Direction": "Forward", "Actual Total Time": 0.0, "Actual Rows": 0, "Index Cond": "(id = mc.company_id)", "Filter": "((country_code)::text = '[us]'::text)", "Parent Relationship": "Inner", "Total Cost": 0.45, "Plan Width": 4}], "Join Type": "Inner", "Node Type": "Nested Loop", "Actual Total Time": 0.048, "Actual Rows": 0, "Parent Relationship": "Outer", "Total Cost": 78559.86, "Plan Width": 20}, {"Index Name": "name_pkey", "Actual Startup Time": 0.0, "Relation Name": "name", "Actual Loops": 0, "Plan Rows": 1, "Startup Cost": 0.43, "Rows Removed by Index Recheck": 0, "Rows Removed by Filter": 0, "Alias": "n", "Node Type": "Index Scan", "Scan Direction": "Forward", "Actual Total Time": 0.0, "Actual Rows": 0, "Index Cond": "(id = an.person_id)", "Filter": "((gender)::text = 'm'::text)", "Parent Relationship": "Inner", "Total Cost": 0.76, "Plan Width": 19}], "Join Type": "Inner", "Node Type": "Nested Loop", "Actual Total Time": 0.048, "Actual Rows": 0, "Parent Relationship": "Outer", "Total Cost": 78560.64, "Plan Width": 27}, {"Index Name": "title_pkey", "Actual Startup Time": 0.0, "Relation Name": "title", "Actual Loops": 0, "Plan Rows": 1, "Startup Cost": 0.43, "Rows Removed by Index Recheck": 0, "Rows Removed by Filter": 0, "Alias": "t", "Node Type": "Index Scan", "Scan Direction": "Forward", "Actual Total Time": 0.0, "Actual Rows": 0, "Index Cond": "(id = mc.movie_id)", "Filter": "(production_year > 1898)", "Parent Relationship": "Inner", "Total Cost": 0.52, "Plan Width": 21}], "Join Type": "Inner", "Node Type": "Nested Loop", "Actual Total Time": 0.049, "Actual Rows": 0, "Parent Relationship": "Outer", "Total Cost": 78561.17, "Plan Width": 32}]}, "Triggers": [], "Planning Time": 21.885, "Execution Time": 0.324}]]]}
{"start_time": 1569073756.5149496, "plan": [[[{"Plan": {"Actual Startup Time": 0.053, "Plan Rows": 1, "Node Type": "Aggregate", "Actual Loops": 1, "Actual Total Time": 0.053, "Actual Rows": 1, "Plan Width": 32, "Startup Cost": 78559.94, "Strategy": "Plain", "Total Cost": 78559.95, "Plans": [{"Actual Startup Time": 0.052, "Plan Rows": 1, "Join Filter": "(mi.movie_id = t.id)", "Actual Loops": 1, "Startup Cost": 77.13, "Rows Removed by Join Filter": 0, "Plans": [{"Actual Startup Time": 0.051, "Plan Rows": 1, "Join Filter": "(ci.person_id = n.id)", "Actual Loops": 1, "Startup Cost": 76.7, "Rows Removed by Join Filter": 0, "Plans": [{"Actual Startup Time": 0.051, "Plan Rows": 1, "Actual Loops": 1, "Startup Cost": 76.27, "Plans": [{"Actual Startup Time": 0.05, "Plan Rows": 1, "Actual Loops": 1, "Startup Cost": 75.85, "Plans": [{"Actual Startup Time": 0.05, "Plan Rows": 1, "Join Filter": "(ci.movie_id = mi.movie_id)", "Actual Loops": 1, "Startup Cost": 75.42, "Rows Removed by Join Filter": 0, "Plans": [{"Actual Startup Time": 0.05, "Plan Rows": 1, "Actual Loops": 1, "Startup Cost": 52.18, "Hash Cond": "(an.person_id = ci.person_id)", "Plans": [{"Actual Startup Time": 0.006, "Plan Rows": 902055, "Actual Loops": 1, "Startup Cost": 0.0, "Alias": "an", "Node Type": "Seq Scan", "Actual Total Time": 0.006, "Actual Rows": 1, "Parent Relationship": "Outer", "Relation Name": "aka_name", "Total Cost": 20425.55, "Plan Width": 4}, {"Actual Startup Time": 0.001, "Plan Rows": 1, "Peak Memory Usage": 8, "Actual Loops": 1, "Startup Cost": 52.17, "Original Hash Batches": 1, "Plans": [{"Actual Startup Time": 0.001, "Plan Rows": 1, "Actual Loops": 1, "Startup Cost": 18.93, "Hash Cond": "(ci.role_id = rt.id)", "Plans": [{"Actual Startup Time": 0.001, "Plan Rows": 53, "Actual Loops": 1, "Rows Removed by Filter": 0, "Startup Cost": 0.0, "Alias": "ci", "Node Type": "Seq Scan", "Actual Total Time": 0.001, "Actual Rows": 0, "Relation Name": "cast_info", "Filter": "(note = ANY ('{\"(as Victoria Adams)\",\"(as Fr\u00e9d\u00e9rique Smetana)\",\"(as Delia Esther Quinones)\",\"(as Ya-Tse Chao)\",\"(as Kristine Sparkle)\",\"(as Suchitra Krishnamurthy)\",\"(as Emmanuelle Yang)\",(Cook),\"(as Lesley Sachs)\",\"(as de Tokkies)\",\"(as Katrina Katie Norman)\"}'::text[]))", "Parent Relationship": "Outer", "Total Cost": 33.04, "Plan Width": 16}, {"Actual Startup Time": 0.0, "Plan Rows": 4, "Node Type": "Hash", "Actual Loops": 0, "Actual Total Time": 0.0, "Actual Rows": 0, "Startup Cost": 18.88, "Plan Width": 4, "Parent Relationship": "Inner", "Total Cost": 18.88, "Plans": [{"Actual Startup Time": 0.0, "Plan Rows": 4, "Actual Loops": 0, "Rows Removed by Filter": 0, "Startup Cost": 0.0, "Alias": "rt", "Node Type": "Seq Scan", "Actual Total Time": 0.0, "Actual Rows": 0, "Relation Name": "role_type", "Filter": "((role)::text = 'actress'::text)", "Parent Relationship": "Outer", "Total Cost": 18.88, "Plan Width": 4}]}], "Join Type": "Inner", "Node Type": "Hash Join", "Actual Total Time": 0.001, "Actual Rows": 0, "Parent Relationship": "Outer", "Total Cost": 52.17, "Plan Width": 12}], "Hash Buckets": 1024, "Original Hash Buckets": 1024, "Node Type": "Hash", "Actual Total Time": 0.001, "Actual Rows": 0, "Parent Relationship": "Inner", "Hash Batches": 1, "Total Cost": 52.17, "Plan Width": 12}], "Join Type": "Inner", "Node Type": "Hash Join", "Actual Total Time": 0.05, "Actual Rows": 0, "Parent Relationship": "Outer", "Total Cost": 23860.46, "Plan Width": 16}, {"Actual Startup Time": 0.0, "Plan Rows": 22, "Actual Loops": 0, "Startup Cost": 23.24, "Hash Cond": "(mc.movie_id = mi.movie_id)", "Plans": [{"Actual Startup Time": 0.0, "Plan Rows": 2609129, "Actual Loops": 0, "Startup Cost": 0.0, "Alias": "mc", "Node Type": "Seq Scan", "Actual Total Time": 0.0, "Actual Rows": 0, "Parent Relationship": "Outer", "Relation Name": "movie_companies", "Total Cost": 44881.29, "Plan Width": 8}, {"Actual Startup Time": 0.0, "Plan Rows": 4, "Node Type": "Hash", "Actual Loops": 0, "Actual Total Time": 0.0, "Actual Rows": 0, "Startup Cost": 23.19, "Plan Width": 4, "Parent Relationship": "Inner", "Total Cost": 23.19, "Plans": [{"Actual Startup Time": 0.0, "Plan Rows": 4, "Actual Loops": 0, "Startup Cost": 2.43, "Hash Cond": "(mi.info_type_id = it.id)", "Plans": [{"Actual Startup Time": 0.0, "Plan Rows": 780, "Actual Loops": 0, "Startup Cost": 0.0, "Alias": "mi", "Node Type": "Seq Scan", "Actual Total Time": 0.0, "Actual Rows": 0, "Parent Relationship": "Outer", "Relation Name": "movie_info", "Total Cost": 17.8, "Plan Width": 8}, {"Actual Startup Time": 0.0, "Plan Rows": 1, "Node Type": "Hash", "Actual Loops": 0, "Actual Total Time": 0.0, "Actual Rows": 0, "Startup Cost": 2.41, "Plan Width": 4, "Parent Relationship": "Inner", "Total Cost": 2.41, "Plans": [{"Actual Startup Time": 0.0, "Plan Rows": 1, "Actual Loops": 0, "Rows Removed by Filter": 0, "Startup Cost": 0.0, "Alias": "it", "Node Type": "Seq Scan", "Actual Total Time": 0.0, "Actual Rows": 0, "Relation Name": "info_type", "Filter": "((info)::text = 'release dates'::text)", "Parent Relationship": "Outer", "Total Cost": 2.41, "Plan Width": 4}]}], "Join Type": "Inner", "Node Type": "Hash Join", "Actual Total Time": 0.0, "Actual Rows": 0, "Parent Relationship": "Outer", "Total Cost": 23.19, "Plan Width": 4}]}], "Join Type": "Inner", "Node Type": "Hash Join", "Actual Total Time": 0.0, "Actual Rows": 0, "Parent Relationship": "Inner", "Total Cost": 54688.98, "Plan Width": 12}], "Join Type": "Inner", "Node Type": "Nested Loop", "Actual Total Time": 0.05, "Actual Rows": 0, "Parent Relationship": "Outer", "Total Cost": 78549.72, "Plan Width": 28}, {"Index Name": "char_name_pkey", "Actual Startup Time": 0.0, "Relation Name": "char_name", "Actual Loops": 0, "Plan Rows": 1, "Startup Cost": 0.43, "Rows Removed by Index Recheck": 0, "Parent Relationship": "Inner", "Alias": "chn", "Node Type": "Index Only Scan", "Scan Direction": "Forward", "Actual Total Time": 0.0, "Actual Rows": 0, "Heap Fetches": 0, "Index Cond": "(id = ci.person_role_id)", "Total Cost": 8.45, "Plan Width": 4}], "Join Type": "Inner", "Node Type": "Nested Loop", "Actual Total Time": 0.05, "Actual Rows": 0, "Parent Relationship": "Outer", "Total Cost": 78558.18, "Plan Width": 24}, {"Index Name": "company_name_pkey", "Actual Startup Time": 0.0, "Relation Name": "company_name", "Actual Loops": 0, "Plan Rows": 1, "Startup Cost": 0.42, "Rows Removed by Index Recheck": 0, "Rows Removed by Filter": 0, "Alias": "cn", "Node Type": "Index Scan", "Scan Direction": "Forward", "Actual Total Time": 0.0, "Actual Rows": 0, "Index Cond": "(id = mc.company_id)", "Filter": "((country_code)::text = '[es]'::text)", "Parent Relationship": "Inner", "Total Cost": 0.45, "Plan Width": 4}], "Join Type": "Inner", "Node Type": "Nested Loop", "Actual Total Time": 0.051, "Actual Rows": 0, "Parent Relationship": "Outer", "Total Cost": 78558.63, "Plan Width": 20}, {"Index Name": "name_pkey", "Actual Startup Time": 0.0, "Relation Name": "name", "Actual Loops": 0, "Plan Rows": 1, "Startup Cost": 0.43, "Rows Removed by Index Recheck": 0, "Rows Removed by Filter": 0, "Alias": "n", "Node Type": "Index Scan", "Scan Direction": "Forward", "Actual Total Time": 0.0, "Actual Rows": 0, "Index Cond": "(id = an.person_id)", "Filter": "((gender)::text = 'f'::text)", "Parent Relationship": "Inner", "Total Cost": 0.76, "Plan Width": 19}], "Join Type": "Inner", "Node Type": "Nested Loop", "Actual Total Time": 0.051, "Actual Rows": 0, "Parent Relationship": "Outer", "Total Cost": 78559.41, "Plan Width": 27}, {"Index Name": "title_pkey", "Actual Startup Time": 0.0, "Relation Name": "title", "Actual Loops": 0, "Plan Rows": 1, "Startup Cost": 0.43, "Rows Removed by Index Recheck": 0, "Rows Removed by Filter": 0, "Alias": "t", "Node Type": "Index Scan", "Scan Direction": "Forward", "Actual Total Time": 0.0, "Actual Rows": 0, "Index Cond": "(id = mc.movie_id)", "Filter": "(production_year > 1946)", "Parent Relationship": "Inner", "Total Cost": 0.52, "Plan Width": 21}], "Join Type": "Inner", "Node Type": "Nested Loop", "Actual Total Time": 0.052, "Actual Rows": 0, "Parent Relationship": "Outer", "Total Cost": 78559.94, "Plan Width": 32}]}, "Triggers": [], "Planning Time": 21.854, "Execution Time": 0.334}]]]}
{"start_time": 1569073756.5149496, "plan": [[[{"Plan": {"Actual Startup Time": 0.051, "Plan Rows": 1, "Node Type": "Aggregate", "Actual Loops": 1, "Actual Total Time": 0.051, "Actual Rows": 1, "Plan Width": 32, "Startup Cost": 78558.71, "Strategy": "Plain", "Total Cost": 78558.72, "Plans": [{"Actual Startup Time": 0.048, "Plan Rows": 1, "Join Filter": "(mi.movie_id = t.id)", "Actual Loops": 1, "Startup Cost": 75.9, "Rows Removed by Join Filter": 0, "Plans": [{"Actual Startup Time": 0.048, "Plan Rows": 1, "Join Filter": "(ci.person_id = n.id)", "Actual Loops": 1, "Startup Cost": 75.47, "Rows Removed by Join Filter": 0, "Plans": [{"Actual Startup Time": 0.048, "Plan Rows": 1, "Actual Loops": 1, "Startup Cost": 75.04, "Plans": [{"Actual Startup Time": 0.048, "Plan Rows": 1, "Actual Loops": 1, "Startup Cost": 74.62, "Plans": [{"Actual Startup Time": 0.047, "Plan Rows": 1, "Join Filter": "(ci.movie_id = mi.movie_id)", "Actual Loops": 1, "Startup Cost": 74.19, "Rows Removed by Join Filter": 0, "Plans": [{"Actual Startup Time": 0.047, "Plan Rows": 1, "Actual Loops": 1, "Startup Cost": 50.95, "Hash Cond": "(an.person_id = ci.person_id)", "Plans": [{"Actual Startup Time": 0.006, "Plan Rows": 902055, "Actual Loops": 1, "Startup Cost": 0.0, "Alias": "an", "Node Type": "Seq Scan", "Actual Total Time": 0.006, "Actual Rows": 1, "Parent Relationship": "Outer", "Relation Name": "aka_name", "Total Cost": 20425.55, "Plan Width": 4}, {"Actual Startup Time": 0.001, "Plan Rows": 1, "Peak Memory Usage": 8, "Actual Loops": 1, "Startup Cost": 50.94, "Original Hash Batches": 1, "Plans": [{"Actual Startup Time": 0.0, "Plan Rows": 1, "Actual Loops": 1, "Startup Cost": 18.93, "Hash Cond": "(ci.role_id = rt.id)", "Plans": [{"Actual Startup Time": 0.0, "Plan Rows": 48, "Actual Loops": 1, "Rows Removed by Filter": 0, "Startup Cost": 0.0, "Alias": "ci", "Node Type": "Seq Scan", "Actual Total Time": 0.0, "Actual Rows": 0, "Relation Name": "cast_info", "Filter": "(note = ANY ('{\"(performing ''Hva'' du ude p\u00e5'')\",\"(as Chelsie Ray)\",\"(as Cassandra Deluxe)\",\"(as Patricia Francisco)\",\"(as Encarnita Fuentes)\",\"(as Azlea)\",\"(as Lisa Marie Wade)\",\"(segment ''Buon appetito!'')\",\"(as FTO Brooke Molino)\",\"(as Rhapsody Violetti)\"}'::text[]))", "Parent Relationship": "Outer", "Total Cost": 31.82, "Plan Width": 16}, {"Actual Startup Time": 0.0, "Plan Rows": 4, "Node Type": "Hash", "Actual Loops": 0, "Actual Total Time": 0.0, "Actual Rows": 0, "Startup Cost": 18.88, "Plan Width": 4, "Parent Relationship": "Inner", "Total Cost": 18.88, "Plans": [{"Actual Startup Time": 0.0, "Plan Rows": 4, "Actual Loops": 0, "Rows Removed by Filter": 0, "Startup Cost": 0.0, "Alias": "rt", "Node Type": "Seq Scan", "Actual Total Time": 0.0, "Actual Rows": 0, "Relation Name": "role_type", "Filter": "((role)::text = 'actress'::text)", "Parent Relationship": "Outer", "Total Cost": 18.88, "Plan Width": 4}]}], "Join Type": "Inner", "Node Type": "Hash Join", "Actual Total Time": 0.0, "Actual Rows": 0, "Parent Relationship": "Outer", "Total Cost": 50.94, "Plan Width": 12}], "Hash Buckets": 1024, "Original Hash Buckets": 1024, "Node Type": "Hash", "Actual Total Time": 0.001, "Actual Rows": 0, "Parent Relationship": "Inner", "Hash Batches": 1, "Total Cost": 50.94, "Plan Width": 12}], "Join Type": "Inner", "Node Type": "Hash Join", "Actual Total Time": 0.047, "Actual Rows": 0, "Parent Relationship": "Outer", "Total Cost": 23859.23, "Plan Width": 16}, {"Actual Startup Time": 0.0, "Plan Rows": 22, "Actual Loops": 0, "Startup Cost": 23.24, "Hash Cond": "(mc.movie_id = mi.movie_id)", "Plans": [{"Actual Startup Time": 0.0, "Plan Rows": 2609129, "Actual Loops": 0, "Startup Cost": 0.0, "Alias": "mc", "Node Type": "Seq Scan", "Actual Total Time": 0.0, "Actual Rows": 0, "Parent Relationship": "Outer", "Relation Name": "movie_companies", "Total Cost": 44881.29, "Plan Width": 8}, {"Actual Startup Time": 0.0, "Plan Rows": 4, "Node Type": "Hash", "Actual Loops": 0, "Actual Total Time": 0.0, "Actual Rows": 0, "Startup Cost": 23.19, "Plan Width": 4, "Parent Relationship": "Inner", "Total Cost": 23.19, "Plans": [{"Actual Startup Time": 0.0, "Plan Rows": 4, "Actual Loops": 0, "Startup Cost": 2.43, "Hash Cond": "(mi.info_type_id = it.id)", "Plans": [{"Actual Startup Time": 0.0, "Plan Rows": 780, "Actual Loops": 0, "Startup Cost": 0.0, "Alias": "mi", "Node Type": "Seq Scan", "Actual Total Time": 0.0, "Actual Rows": 0, "Parent Relationship": "Outer", "Relation Name": "movie_info", "Total Cost": 17.8, "Plan Width": 8}, {"Actual Startup Time": 0.0, "Plan Rows": 1, "Node Type": "Hash", "Actual Loops": 0, "Actual Total Time": 0.0, "Actual Rows": 0, "Startup Cost": 2.41, "Plan Width": 4, "Parent Relationship": "Inner", "Total Cost": 2.41, "Plans": [{"Actual Startup Time": 0.0, "Plan Rows": 1, "Actual Loops": 0, "Rows Removed by Filter": 0, "Startup Cost": 0.0, "Alias": "it", "Node Type": "Seq Scan", "Actual Total Time": 0.0, "Actual Rows": 0, "Relation Name": "info_type", "Filter": "((info)::text = 'release dates'::text)", "Parent Relationship": "Outer", "Total Cost": 2.41, "Plan Width": 4}]}], "Join Type": "Inner", "Node Type": "Hash Join", "Actual Total Time": 0.0, "Actual Rows": 0, "Parent Relationship": "Outer", "Total Cost": 23.19, "Plan Width": 4}]}], "Join Type": "Inner", "Node Type": "Hash Join", "Actual Total Time": 0.0, "Actual Rows": 0, "Parent Relationship": "Inner", "Total Cost": 54688.98, "Plan Width": 12}], "Join Type": "Inner", "Node Type": "Nested Loop", "Actual Total Time": 0.047, "Actual Rows": 0, "Parent Relationship": "Outer", "Total Cost": 78548.49, "Plan Width": 28}, {"Index Name": "char_name_pkey", "Actual Startup Time": 0.0, "Relation Name": "char_name", "Actual Loops": 0, "Plan Rows": 1, "Startup Cost": 0.43, "Rows Removed by Index Recheck": 0, "Parent Relationship": "Inner", "Alias": "chn", "Node Type": "Index Only Scan", "Scan Direction": "Forward", "Actual Total Time": 0.0, "Actual Rows": 0, "Heap Fetches": 0, "Index Cond": "(id = ci.person_role_id)", "Total Cost": 8.45, "Plan Width": 4}], "Join Type": "Inner", "Node Type": "Nested Loop", "Actual Total Time": 0.048, "Actual Rows": 0, "Parent Relationship": "Outer", "Total Cost": 78556.94, "Plan Width": 24}, {"Index Name": "company_name_pkey", "Actual Startup Time": 0.0, "Relation Name": "company_name", "Actual Loops": 0, "Plan Rows": 1, "Startup Cost": 0.42, "Rows Removed by Index Recheck": 0, "Rows Removed by Filter": 0, "Alias": "cn", "Node Type": "Index Scan", "Scan Direction": "Forward", "Actual Total Time": 0.0, "Actual Rows": 0, "Index Cond": "(id = mc.company_id)", "Filter": "((country_code)::text = '[dk]'::text)", "Parent Relationship": "Inner", "Total Cost": 0.45, "Plan Width": 4}], "Join Type": "Inner", "Node Type": "Nested Loop", "Actual Total Time": 0.048, "Actual Rows": 0, "Parent Relationship": "Outer", "Total Cost": 78557.4, "Plan Width": 20}, {"Index Name": "name_pkey", "Actual Startup Time": 0.0, "Relation Name": "name", "Actual Loops": 0, "Plan Rows": 1, "Startup Cost": 0.43, "Rows Removed by Index Recheck": 0, "Rows Removed by Filter": 0, "Alias": "n", "Node Type": "Index Scan", "Scan Direction": "Forward", "Actual Total Time": 0.0, "Actual Rows": 0, "Index Cond": "(id = an.person_id)", "Filter": "((gender)::text = 'f'::text)", "Parent Relationship": "Inner", "Total Cost": 0.76, "Plan Width": 19}], "Join Type": "Inner", "Node Type": "Nested Loop", "Actual Total Time": 0.048, "Actual Rows": 0, "Parent Relationship": "Outer", "Total Cost": 78558.18, "Plan Width": 27}, {"Index Name": "title_pkey", "Actual Startup Time": 0.0, "Relation Name": "title", "Actual Loops": 0, "Plan Rows": 1, "Startup Cost": 0.43, "Rows Removed by Index Recheck": 0, "Rows Removed by Filter": 0, "Alias": "t", "Node Type": "Index Scan", "Scan Direction": "Forward", "Actual Total Time": 0.0, "Actual Rows": 0, "Index Cond": "(id = mc.movie_id)", "Filter": "(production_year > 1976)", "Parent Relationship": "Inner", "Total Cost": 0.52, "Plan Width": 21}], "Join Type": "Inner", "Node Type": "Nested Loop", "Actual Total Time": 0.048, "Actual Rows": 0, "Parent Relationship": "Outer", "Total Cost": 78558.71, "Plan Width": 32}]}, "Triggers": [], "Planning Time": 22.214, "Execution Time": 0.34}]]]}
