{"start_time": 1569073735.7521338, "plan": [[[{"Plan": {"Actual Startup Time": 0.057, "Plan Rows": 1, "Node Type": "Aggregate", "Actual Loops": 1, "Actual Total Time": 0.057, "Actual Rows": 1, "Plan Width": 32, "Startup Cost": 78558.71, "Strategy": "Plain", "Total Cost": 78558.72, "Plans": [{"Actual Startup Time": 0.053, "Plan Rows": 1, "Join Filter": "(mi.movie_id = t.id)", "Actual Loops": 1, "Startup Cost": 75.9, "Rows Removed by Join Filter": 0, "Plans": [{"Actual Startup Time": 0.052, "Plan Rows": 1, "Join Filter": "(ci.person_id = n.id)", "Actual Loops": 1, "Startup Cost": 75.47, "Rows Removed by Join Filter": 0, "Plans": [{"Actual Startup Time": 0.052, "Plan Rows": 1, "Actual Loops": 1, "Startup Cost": 75.04, "Plans": [{"Actual Startup Time": 0.052, "Plan Rows": 1, "Actual Loops": 1, "Startup Cost": 74.62, "Plans": [{"Actual Startup Time": 0.052, "Plan Rows": 1, "Join Filter": "(ci.movie_id = mi.movie_id)", "Actual Loops": 1, "Startup Cost": 74.19, "Rows Removed by Join Filter": 0, "Plans": [{"Actual Startup Time": 0.051, "Plan Rows": 1, "Actual Loops": 1, "Startup Cost": 50.95, "Hash Cond": "(an.person_id = ci.person_id)", "Plans": [{"Actual Startup Time": 0.008, "Plan Rows": 902055, "Actual Loops": 1, "Startup Cost": 0.0, "Alias": "an", "Node Type": "Seq Scan", "Actual Total Time": 0.008, "Actual Rows": 1, "Parent Relationship": "Outer", "Relation Name": "aka_name", "Total Cost": 20425.55, "Plan Width": 4}, {"Actual Startup Time": 0.002, "Plan Rows": 1, "Peak Memory Usage": 8, "Actual Loops": 1, "Startup Cost": 50.94, "Original Hash Batches": 1, "Plans": [{"Actual Startup Time": 0.001, "Plan Rows": 1, "Actual Loops": 1, "Startup Cost": 18.93, "Hash Cond": "(ci.role_id = rt.id)", "Plans": [{"Actual Startup Time": 0.0, "Plan Rows": 48, "Actual Loops": 1, "Rows Removed by Filter": 0, "Startup Cost": 0.0, "Alias": "ci", "Node Type": "Seq Scan", "Actual Total Time": 0.0, "Actual Rows": 0, "Relation Name": "cast_info", "Filter": "(note = ANY ('{\"(as Brijgopal)\",\"(as Russell Dubois)\",\"(as Little Gus Alexander)\",\"(voice) (as Christopher Johnson)\",\"(as Lt. Gen. Rom\u00e9o Dallaire)\",\"(as Arjun)\",\"(as Prof. Maurizio Scaparro)\",\"(as Dr. Jonathan Whitaker)\",\"(as Christoph Piesk)\",\"(segment ''Echos'')\"}'::text[]))", "Parent Relationship": "Outer", "Total Cost": 31.82, "Plan Width": 16}, {"Actual Startup Time": 0.0, "Plan Rows": 4, "Node Type": "Hash", "Actual Loops": 0, "Actual Total Time": 0.0, "Actual Rows": 0, "Startup Cost": 18.88, "Plan Width": 4, "Parent Relationship": "Inner", "Total Cost": 18.88, "Plans": [{"Actual Startup Time": 0.0, "Plan Rows": 4, "Actual Loops": 0, "Rows Removed by Filter": 0, "Startup Cost": 0.0, "Alias": "rt", "Node Type": "Seq Scan", "Actual Total Time": 0.0, "Actual Rows": 0, "Relation Name": "role_type", "Filter": "((role)::text = 'actor'::text)", "Parent Relationship": "Outer", "Total Cost": 18.88, "Plan Width": 4}]}], "Join Type": "Inner", "Node Type": "Hash Join", "Actual Total Time": 0.001, "Actual Rows": 0, "Parent Relationship": "Outer", "Total Cost": 50.94, "Plan Width": 12}], "Hash Buckets": 1024, "Original Hash Buckets": 1024, "Node Type": "Hash", "Actual Total Time": 0.002, "Actual Rows": 0, "Parent Relationship": "Inner", "Hash Batches": 1, "Total Cost": 50.94, "Plan Width": 12}], "Join Type": "Inner", "Node Type": "Hash Join", "Actual Total Time": 0.051, "Actual Rows": 0, "Parent Relationship": "Outer", "Total Cost": 23859.23, "Plan Width": 16}, {"Actual Startup Time": 0.0, "Plan Rows": 22, "Actual Loops": 0, "Startup Cost": 23.24, "Hash Cond": "(mc.movie_id = mi.movie_id)", "Plans": [{"Actual Startup Time": 0.0, "Plan Rows": 2609129, "Actual Loops": 0, "Startup Cost": 0.0, "Alias": "mc", "Node Type": "Seq Scan", "Actual Total Time": 0.0, "Actual Rows": 0, "Parent Relationship": "Outer", "Relation Name": "movie_companies", "Total Cost": 44881.29, "Plan Width": 8}, {"Actual Startup Time": 0.0, "Plan Rows": 4, "Node Type": "Hash", "Actual Loops": 0, "Actual Total Time": 0.0, "Actual Rows": 0, "Startup Cost": 23.19, "Plan Width": 4, "Parent Relationship": "Inner", "Total Cost": 23.19, "Plans": [{"Actual Startup Time": 0.0, "Plan Rows": 4, "Actual Loops": 0, "Startup Cost": 2.43, "Hash Cond": "(mi.info_type_id = it.id)", "Plans": [{"Actual Startup Time": 0.0, "Plan Rows": 780, "Actual Loops": 0, "Startup Cost": 0.0, "Alias": "mi", "Node Type": "Seq Scan", "Actual Total Time": 0.0, "Actual Rows": 0, "Parent Relationship": "Outer", "Relation Name": "movie_info", "Total Cost": 17.8, "Plan Width": 8}, {"Actual Startup Time": 0.0, "Plan Rows": 1, "Node Type": "Hash", "Actual Loops": 0, "Actual Total Time": 0.0, "Actual Rows": 0, "Startup Cost": 2.41, "Plan Width": 4, "Parent Relationship": "Inner", "Total Cost": 2.41, "Plans": [{"Actual Startup Time": 0.0, "Plan Rows": 1, "Actual Loops": 0, "Rows Removed by Filter": 0, "Startup Cost": 0.0, "Alias": "it", "Node Type": "Seq Scan", "Actual Total Time": 0.0, "Actual Rows": 0, "Relation Name": "info_type", "Filter": "((info)::text = 'release dates'::text)", "Parent Relationship": "Outer", "Total Cost": 2.41, "Plan Width": 4}]}], "Join Type": "Inner", "Node Type": "Hash Join", "Actual Total Time": 0.0, "Actual Rows": 0, "Parent Relationship": "Outer", "Total Cost": 23.19, "Plan Width": 4}]}], "Join Type": "Inner", "Node Type": "Hash Join", "Actual Total Time": 0.0, "Actual Rows": 0, "Parent Relationship": "Inner", "Total Cost": 54688.98, "Plan Width": 12}], "Join Type": "Inner", "Node Type": "Nested Loop", "Actual Total Time": 0.052, "Actual Rows": 0, "Parent Relationship": "Outer", "Total Cost": 78548.49, "Plan Width": 28}, {"Index Name": "char_name_pkey", "Actual Startup Time": 0.0, "Relation Name": "char_name", "Actual Loops": 0, "Plan Rows": 1, "Startup Cost": 0.43, "Rows Removed by Index Recheck": 0, "Parent Relationship": "Inner", "Alias": "chn", "Node Type": "Index Only Scan", "Scan Direction": "Forward", "Actual Total Time": 0.0, "Actual Rows": 0, "Heap Fetches": 0, "Index Cond": "(id = ci.person_role_id)", "Total Cost": 8.45, "Plan Width": 4}], "Join Type": "Inner", "Node Type": "Nested Loop", "Actual Total Time": 0.052, "Actual Rows": 0, "Parent Relationship": "Outer", "Total Cost": 78556.94, "Plan Width": 24}, {"Index Name": "company_name_pkey", "Actual Startup Time": 0.0, "Relation Name": "company_name", "Actual Loops": 0, "Plan Rows": 1, "Startup Cost": 0.42, "Rows Removed by Index Recheck": 0, "Rows Removed by Filter": 0, "Alias": "cn", "Node Type": "Index Scan", "Scan Direction": "Forward", "Actual Total Time": 0.0, "Actual Rows": 0, "Index Cond": "(id = mc.company_id)", "Filter": "((country_code)::text = '[de]'::text)", "Parent Relationship": "Inner", "Total Cost": 0.45, "Plan Width": 4}], "Join Type": "Inner", "Node Type": "Nested Loop", "Actual Total Time": 0.052, "Actual Rows": 0, "Parent Relationship": "Outer", "Total Cost": 78557.4, "Plan Width": 20}, {"Index Name": "name_pkey", "Actual Startup Time": 0.0, "Relation Name": "name", "Actual Loops": 0, "Plan Rows": 1, "Startup Cost": 0.43, "Rows Removed by Index Recheck": 0, "Rows Removed by Filter": 0, "Alias": "n", "Node Type": "Index Scan", "Scan Direction": "Forward", "Actual Total Time": 0.0, "Actual Rows": 0, "Index Cond": "(id = an.person_id)", "Filter": "((gender)::text = 'm'::text)", "Parent Relationship": "Inner", "Total Cost": 0.76, "Plan Width": 19}], "Join Type": "Inner", "Node Type": "Nested Loop", "Actual Total Time": 0.052, "Actual Rows": 0, "Parent Relationship": "Outer", "Total Cost": 78558.18, "Plan Width": 27}, {"Index Name": "title_pkey", "Actual Startup Time": 0.0, "Relation Name": "title", "Actual Loops": 0, "Plan Rows": 1, "Startup Cost": 0.43, "Rows Removed by Index Recheck": 0, "Rows Removed by Filter": 0, "Alias": "t", "Node Type": "Index Scan", "Scan Direction": "Forward", "Actual Total Time": 0.0, "Actual Rows": 0, "Index Cond": "(id = mc.movie_id)", "Filter": "(production_year > 1985)", "Parent Relationship": "Inner", "Total Cost": 0.52, "Plan Width": 21}], "Join Type": "Inner", "Node Type": "Nested Loop", "Actual Total Time": 0.053, "Actual Rows": 0, "Parent Relationship": "Outer", "Total Cost": 78558.71, "Plan Width": 32}]}, "Triggers": [], "Planning Time": 21.709, "Execution Time": 0.347}]]]}
{"start_time": 1569073735.7521338, "plan": [[[{"Plan": {"Actual Startup Time": 0.056, "Plan Rows": 1, "Node Type": "Aggregate", "Actual Loops": 1, "Actual Total Time": 0.057, "Actual Rows": 1, "Plan Width": 32, "Startup Cost": 78556.25, "Strategy": "Plain", "Total Cost": 78556.26, "Plans": [{"Actual Startup Time": 0.054, "Plan Rows": 1, "Join Filter": "(mi.movie_id = t.id)", "Actual Loops": 1, "Startup Cost": 73.44, "Rows Removed by Join Filter": 0, "Plans": [{"Actual Startup Time": 0.053, "Plan Rows": 1, "Join Filter": "(ci.person_id = n.id)", "Actual Loops": 1, "Startup Cost": 73.01, "Rows Removed by Join Filter": 0, "Plans": [{"Actual Startup Time": 0.053, "Plan Rows": 1, "Actual Loops": 1, "Startup Cost": 72.58, "Plans": [{"Actual Startup Time": 0.053, "Plan Rows": 1, "Actual Loops": 1, "Startup Cost": 72.16, "Plans": [{"Actual Startup Time": 0.052, "Plan Rows": 1, "Join Filter": "(ci.movie_id = mi.movie_id)", "Actual Loops": 1, "Startup Cost": 71.73, "Rows Removed by Join Filter": 0, "Plans": [{"Actual Startup Time": 0.052, "Plan Rows": 1, "Actual Loops": 1, "Startup Cost": 48.49, "Hash Cond": "(an.person_id = ci.person_id)", "Plans": [{"Actual Startup Time": 0.006, "Plan Rows": 902055, "Actual Loops": 1, "Startup Cost": 0.0, "Alias": "an", "Node Type": "Seq Scan", "Actual Total Time": 0.006, "Actual Rows": 1, "Parent Relationship": "Outer", "Relation Name": "aka_name", "Total Cost": 20425.55, "Plan Width": 4}, {"Actual Startup Time": 0.001, "Plan Rows": 1, "Peak Memory Usage": 8, "Actual Loops": 1, "Startup Cost": 48.48, "Original Hash Batches": 1, "Plans": [{"Actual Startup Time": 0.001, "Plan Rows": 1, "Actual Loops": 1, "Startup Cost": 18.93, "Hash Cond": "(ci.role_id = rt.id)", "Plans": [{"Actual Startup Time": 0.0, "Plan Rows": 39, "Actual Loops": 1, "Rows Removed by Filter": 0, "Startup Cost": 0.0, "Alias": "ci", "Node Type": "Seq Scan", "Actual Total Time": 0.0, "Actual Rows": 0, "Relation Name": "cast_info", "Filter": "(note = ANY ('{\"(as Louise-H\u00e9l\u00e8ne Lacasse)\",\"(voice) (as Bridgette)\",\"(titanic survivor)\",\"(as Lubna Aziz)\",\"(as Jillian Moorehead)\",\"(as Amy Rene)\",\"(Main Lead)\",\"(as Gov. Christine Todd Whitman)\"}'::text[]))", "Parent Relationship": "Outer", "Total Cost": 29.4, "Plan Width": 16}, {"Actual Startup Time": 0.0, "Plan Rows": 4, "Node Type": "Hash", "Actual Loops": 0, "Actual Total Time": 0.0, "Actual Rows": 0, "Startup Cost": 18.88, "Plan Width": 4, "Parent Relationship": "Inner", "Total Cost": 18.88, "Plans": [{"Actual Startup Time": 0.0, "Plan Rows": 4, "Actual Loops": 0, "Rows Removed by Filter": 0, "Startup Cost": 0.0, "Alias": "rt", "Node Type": "Seq Scan", "Actual Total Time": 0.0, "Actual Rows": 0, "Relation Name": "role_type", "Filter": "((role)::text = 'actress'::text)", "Parent Relationship": "Outer", "Total Cost": 18.88, "Plan Width": 4}]}], "Join Type": "Inner", "Node Type": "Hash Join", "Actual Total Time": 0.001, "Actual Rows": 0, "Parent Relationship": "Outer", "Total Cost": 48.48, "Plan Width": 12}], "Hash Buckets": 1024, "Original Hash Buckets": 1024, "Node Type": "Hash", "Actual Total Time": 0.001, "Actual Rows": 0, "Parent Relationship": "Inner", "Hash Batches": 1, "Total Cost": 48.48, "Plan Width": 12}], "Join Type": "Inner", "Node Type": "Hash Join", "Actual Total Time": 0.052, "Actual Rows": 0, "Parent Relationship": "Outer", "Total Cost": 23856.77, "Plan Width": 16}, {"Actual Startup Time": 0.0, "Plan Rows": 22, "Actual Loops": 0, "Startup Cost": 23.24, "Hash Cond": "(mc.movie_id = mi.movie_id)", "Plans": [{"Actual Startup Time": 0.0, "Plan Rows": 2609129, "Actual Loops": 0, "Startup Cost": 0.0, "Alias": "mc", "Node Type": "Seq Scan", "Actual Total Time": 0.0, "Actual Rows": 0, "Parent Relationship": "Outer", "Relation Name": "movie_companies", "Total Cost": 44881.29, "Plan Width": 8}, {"Actual Startup Time": 0.0, "Plan Rows": 4, "Node Type": "Hash", "Actual Loops": 0, "Actual Total Time": 0.0, "Actual Rows": 0, "Startup Cost": 23.19, "Plan Width": 4, "Parent Relationship": "Inner", "Total Cost": 23.19, "Plans": [{"Actual Startup Time": 0.0, "Plan Rows": 4, "Actual Loops": 0, "Startup Cost": 2.43, "Hash Cond": "(mi.info_type_id = it.id)", "Plans": [{"Actual Startup Time": 0.0, "Plan Rows": 780, "Actual Loops": 0, "Startup Cost": 0.0, "Alias": "mi", "Node Type": "Seq Scan", "Actual Total Time": 0.0, "Actual Rows": 0, "Parent Relationship": "Outer", "Relation Name": "movie_info", "Total Cost": 17.8, "Plan Width": 8}, {"Actual Startup Time": 0.0, "Plan Rows": 1, "Node Type": "Hash", "Actual Loops": 0, "Actual Total Time": 0.0, "Actual Rows": 0, "Startup Cost": 2.41, "Plan Width": 4, "Parent Relationship": "Inner", "Total Cost": 2.41, "Plans": [{"Actual Startup Time": 0.0, "Plan Rows": 1, "Actual Loops": 0, "Rows Removed by Filter": 0, "Startup Cost": 0.0, "Alias": "it", "Node Type": "Seq Scan", "Actual Total Time": 0.0, "Actual Rows": 0, "Relation Name": "info_type", "Filter": "((info)::text = 'release dates'::text)", "Parent Relationship": "Outer", "Total Cost": 2.41, "Plan Width": 4}]}], "Join Type": "Inner", "Node Type": "Hash Join", "Actual Total Time": 0.0, "Actual Rows": 0, "Parent Relationship": "Outer", "Total Cost": 23.19, "Plan Width": 4}]}], "Join Type": "Inner", "Node Type": "Hash Join", "Actual Total Time": 0.0, "Actual Rows": 0, "Parent Relationship": "Inner", "Total Cost": 54688.98, "Plan Width": 12}], "Join Type": "Inner", "Node Type": "Nested Loop", "Actual Total Time": 0.052, "Actual Rows": 0, "Parent Relationship": "Outer", "Total Cost": 78546.03, "Plan Width": 28}, {"Index Name": "char_name_pkey", "Actual Startup Time": 0.0, "Relation Name": "char_name", "Actual Loops": 0, "Plan Rows": 1, "Startup Cost": 0.43, "Rows Removed by Index Recheck": 0, "Parent Relationship": "Inner", "Alias": "chn", "Node Type": "Index Only Scan", "Scan Direction": "Forward", "Actual Total Time": 0.0, "Actual Rows": 0, "Heap Fetches": 0, "Index Cond": "(id = ci.person_role_id)", "Total Cost": 8.45, "Plan Width": 4}], "Join Type": "Inner", "Node Type": "Nested Loop", "Actual Total Time": 0.053, "Actual Rows": 0, "Parent Relationship": "Outer", "Total Cost": 78554.49, "Plan Width": 24}, {"Index Name": "company_name_pkey", "Actual Startup Time": 0.0, "Relation Name": "company_name", "Actual Loops": 0, "Plan Rows": 1, "Startup Cost": 0.42, "Rows Removed by Index Recheck": 0, "Rows Removed by Filter": 0, "Alias": "cn", "Node Type": "Index Scan", "Scan Direction": "Forward", "Actual Total Time": 0.0, "Actual Rows": 0, "Index Cond": "(id = mc.company_id)", "Filter": "((country_code)::text = '[ca]'::text)", "Parent Relationship": "Inner", "Total Cost": 0.45, "Plan Width": 4}], "Join Type": "Inner", "Node Type": "Nested Loop", "Actual Total Time": 0.053, "Actual Rows": 0, "Parent Relationship": "Outer", "Total Cost": 78554.94, "Plan Width": 20}, {"Index Name": "name_pkey", "Actual Startup Time": 0.0, "Relation Name": "name", "Actual Loops": 0, "Plan Rows": 1, "Startup Cost": 0.43, "Rows Removed by Index Recheck": 0, "Rows Removed by Filter": 0, "Alias": "n", "Node Type": "Index Scan", "Scan Direction": "Forward", "Actual Total Time": 0.0, "Actual Rows": 0, "Index Cond": "(id = an.person_id)", "Filter": "((gender)::text = 'f'::text)", "Parent Relationship": "Inner", "Total Cost": 0.76, "Plan Width": 19}], "Join Type": "Inner", "Node Type": "Nested Loop", "Actual Total Time": 0.053, "Actual Rows": 0, "Parent Relationship": "Outer", "Total Cost": 78555.72, "Plan Width": 27}, {"Index Name": "title_pkey", "Actual Startup Time": 0.0, "Relation Name": "title", "Actual Loops": 0, "Plan Rows": 1, "Startup Cost": 0.43, "Rows Removed by Index Recheck": 0, "Rows Removed by Filter": 0, "Alias": "t", "Node Type": "Index Scan", "Scan Direction": "Forward", "Actual Total Time": 0.0, "Actual Rows": 0, "Index Cond": "(id = mc.movie_id)", "Filter": "(production_year > 1962)", "Parent Relationship": "Inner", "Total Cost": 0.52, "Plan Width": 21}], "Join Type": "Inner", "Node Type": "Nested Loop", "Actual Total Time": 0.054, "Actual Rows": 0, "Parent Relationship": "Outer", "Total Cost": 78556.25, "Plan Width": 32}]}, "Triggers": [], "Planning Time": 22.153, "Execution Time": 0.379}]]]}
{"start_time": 1569073735.7521338, "plan": [[[{"Plan": {"Actual Startup Time": 0.049, "Plan Rows": 1, "Node Type": "Aggregate", "Actual Loops": 1, "Actual Total Time": 0.049, "Actual Rows": 1, "Plan Width": 32, "Startup Cost": 78556.25, "Strategy": "Plain", "Total Cost": 78556.26, "Plans": [{"Actual Startup Time": 0.047, "Plan Rows": 1, "Join Filter": "(mi.movie_id = t.id)", "Actual Loops": 1, "Startup Cost": 73.44, "Rows Removed by Join Filter": 0, "Plans": [{"Actual Startup Time": 0.047, "Plan Rows": 1, "Join Filter": "(ci.person_id = n.id)", "Actual Loops": 1, "Startup Cost": 73.01, "Rows Removed by Join Filter": 0, "Plans": [{"Actual Startup Time": 0.047, "Plan Rows": 1, "Actual Loops": 1, "Startup Cost": 72.58, "Plans": [{"Actual Startup Time": 0.047, "Plan Rows": 1, "Actual Loops": 1, "Startup Cost": 72.16, "Plans": [{"Actual Startup Time": 0.046, "Plan Rows": 1, "Join Filter": "(ci.movie_id = mi.movie_id)", "Actual Loops": 1, "Startup Cost": 71.73, "Rows Removed by Join Filter": 0, "Plans": [{"Actual Startup Time": 0.046, "Plan Rows": 1, "Actual Loops": 1, "Startup Cost": 48.49, "Hash Cond": "(an.person_id = ci.person_id)", "Plans": [{"Actual Startup Time": 0.006, "Plan Rows": 902055, "Actual Loops": 1, "Startup Cost": 0.0, "Alias": "an", "Node Type": "Seq Scan", "Actual Total Time": 0.006, "Actual Rows": 1, "Parent Relationship": "Outer", "Relation Name": "aka_name", "Total Cost": 20425.55, "Plan Width": 4}, {"Actual Startup Time": 0.001, "Plan Rows": 1, "Peak Memory Usage": 8, "Actual Loops": 1, "Startup Cost": 48.48, "Original Hash Batches": 1, "Plans": [{"Actual Startup Time": 0.001, "Plan Rows": 1, "Actual Loops": 1, "Startup Cost": 18.93, "Hash Cond": "(ci.role_id = rt.id)", "Plans": [{"Actual Startup Time": 0.001, "Plan Rows": 39, "Actual Loops": 1, "Rows Removed by Filter": 0, "Startup Cost": 0.0, "Alias": "ci", "Node Type": "Seq Scan", "Actual Total Time": 0.001, "Actual Rows": 0, "Relation Name": "cast_info", "Filter": "(note = ANY ('{\"(voice) (as Bill Fichtner)\",\"(as Steve Farac-Cyprian)\",\"(as Justus von Dohn\u00e0nyi)\",\"(as Ya. Yanakiyev)\",\"(as Kostas Sarafoglou)\",\"(as Joseph B. Totten)\",\"(voice) (as Iizuka Syozo)\",\"(as Robert ''Lil Rob'' Flores)\"}'::text[]))", "Parent Relationship": "Outer", "Total Cost": 29.4, "Plan Width": 16}, {"Actual Startup Time": 0.0, "Plan Rows": 4, "Node Type": "Hash", "Actual Loops": 0, "Actual Total Time": 0.0, "Actual Rows": 0, "Startup Cost": 18.88, "Plan Width": 4, "Parent Relationship": "Inner", "Total Cost": 18.88, "Plans": [{"Actual Startup Time": 0.0, "Plan Rows": 4, "Actual Loops": 0, "Rows Removed by Filter": 0, "Startup Cost": 0.0, "Alias": "rt", "Node Type": "Seq Scan", "Actual Total Time": 0.0, "Actual Rows": 0, "Relation Name": "role_type", "Filter": "((role)::text = 'actor'::text)", "Parent Relationship": "Outer", "Total Cost": 18.88, "Plan Width": 4}]}], "Join Type": "Inner", "Node Type": "Hash Join", "Actual Total Time": 0.001, "Actual Rows": 0, "Parent Relationship": "Outer", "Total Cost": 48.48, "Plan Width": 12}], "Hash Buckets": 1024, "Original Hash Buckets": 1024, "Node Type": "Hash", "Actual Total Time": 0.001, "Actual Rows": 0, "Parent Relationship": "Inner", "Hash Batches": 1, "Total Cost": 48.48, "Plan Width": 12}], "Join Type": "Inner", "Node Type": "Hash Join", "Actual Total Time": 0.046, "Actual Rows": 0, "Parent Relationship": "Outer", "Total Cost": 23856.77, "Plan Width": 16}, {"Actual Startup Time": 0.0, "Plan Rows": 22, "Actual Loops": 0, "Startup Cost": 23.24, "Hash Cond": "(mc.movie_id = mi.movie_id)", "Plans": [{"Actual Startup Time": 0.0, "Plan Rows": 2609129, "Actual Loops": 0, "Startup Cost": 0.0, "Alias": "mc", "Node Type": "Seq Scan", "Actual Total Time": 0.0, "Actual Rows": 0, "Parent Relationship": "Outer", "Relation Name": "movie_companies", "Total Cost": 44881.29, "Plan Width": 8}, {"Actual Startup Time": 0.0, "Plan Rows": 4, "Node Type": "Hash", "Actual Loops": 0, "Actual Total Time": 0.0, "Actual Rows": 0, "Startup Cost": 23.19, "Plan Width": 4, "Parent Relationship": "Inner", "Total Cost": 23.19, "Plans": [{"Actual Startup Time": 0.0, "Plan Rows": 4, "Actual Loops": 0, "Startup Cost": 2.43, "Hash Cond": "(mi.info_type_id = it.id)", "Plans": [{"Actual Startup Time": 0.0, "Plan Rows": 780, "Actual Loops": 0, "Startup Cost": 0.0, "Alias": "mi", "Node Type": "Seq Scan", "Actual Total Time": 0.0, "Actual Rows": 0, "Parent Relationship": "Outer", "Relation Name": "movie_info", "Total Cost": 17.8, "Plan Width": 8}, {"Actual Startup Time": 0.0, "Plan Rows": 1, "Node Type": "Hash", "Actual Loops": 0, "Actual Total Time": 0.0, "Actual Rows": 0, "Startup Cost": 2.41, "Plan Width": 4, "Parent Relationship": "Inner", "Total Cost": 2.41, "Plans": [{"Actual Startup Time": 0.0, "Plan Rows": 1, "Actual Loops": 0, "Rows Removed by Filter": 0, "Startup Cost": 0.0, "Alias": "it", "Node Type": "Seq Scan", "Actual Total Time": 0.0, "Actual Rows": 0, "Relation Name": "info_type", "Filter": "((info)::text = 'release dates'::text)", "Parent Relationship": "Outer", "Total Cost": 2.41, "Plan Width": 4}]}], "Join Type": "Inner", "Node Type": "Hash Join", "Actual Total Time": 0.0, "Actual Rows": 0, "Parent Relationship": "Outer", "Total Cost": 23.19, "Plan Width": 4}]}], "Join Type": "Inner", "Node Type": "Hash Join", "Actual Total Time": 0.0, "Actual Rows": 0, "Parent Relationship": "Inner", "Total Cost": 54688.98, "Plan Width": 12}], "Join Type": "Inner", "Node Type": "Nested Loop", "Actual Total Time": 0.046, "Actual Rows": 0, "Parent Relationship": "Outer", "Total Cost": 78546.03, "Plan Width": 28}, {"Index Name": "char_name_pkey", "Actual Startup Time": 0.0, "Relation Name": "char_name", "Actual Loops": 0, "Plan Rows": 1, "Startup Cost": 0.43, "Rows Removed by Index Recheck": 0, "Parent Relationship": "Inner", "Alias": "chn", "Node Type": "Index Only Scan", "Scan Direction": "Forward", "Actual Total Time": 0.0, "Actual Rows": 0, "Heap Fetches": 0, "Index Cond": "(id = ci.person_role_id)", "Total Cost": 8.45, "Plan Width": 4}], "Join Type": "Inner", "Node Type": "Nested Loop", "Actual Total Time": 0.047, "Actual Rows": 0, "Parent Relationship": "Outer", "Total Cost": 78554.49, "Plan Width": 24}, {"Index Name": "company_name_pkey", "Actual Startup Time": 0.0, "Relation Name": "company_name", "Actual Loops": 0, "Plan Rows": 1, "Startup Cost": 0.42, "Rows Removed by Index Recheck": 0, "Rows Removed by Filter": 0, "Alias": "cn", "Node Type": "Index Scan", "Scan Direction": "Forward", "Actual Total Time": 0.0, "Actual Rows": 0, "Index Cond": "(id = mc.company_id)", "Filter": "((country_code)::text = '[es]'::text)", "Parent Relationship": "Inner", "Total Cost": 0.45, "Plan Width": 4}], "Join Type": "Inner", "Node Type": "Nested Loop", "Actual Total Time": 0.047, "Actual Rows": 0, "Parent Relationship": "Outer", "Total Cost": 78554.94, "Plan Width": 20}, {"Index Name": "name_pkey", "Actual Startup Time": 0.0, "Relation Name": "name", "Actual Loops": 0, "Plan Rows": 1, "Startup Cost": 0.43, "Rows Removed by Index Recheck": 0, "Rows Removed by Filter": 0, "Alias": "n", "Node Type": "Index Scan", "Scan Direction": "Forward", "Actual Total Time": 0.0, "Actual Rows": 0, "Index Cond": "(id = an.person_id)", "Filter": "((gender)::text = 'm'::text)", "Parent Relationship": "Inner", "Total Cost": 0.76, "Plan Width": 19}], "Join Type": "Inner", "Node Type": "Nested Loop", "Actual Total Time": 0.047, "Actual Rows": 0, "Parent Relationship": "Outer", "Total Cost": 78555.72, "Plan Width": 27}, {"Index Name": "title_pkey", "Actual Startup Time": 0.0, "Relation Name": "title", "Actual Loops": 0, "Plan Rows": 1, "Startup Cost": 0.43, "Rows Removed by Index Recheck": 0, "Rows Removed by Filter": 0, "Alias": "t", "Node Type": "Index Scan", "Scan Direction": "Forward", "Actual Total Time": 0.0, "Actual Rows": 0, "Index Cond": "(id = mc.movie_id)", "Filter": "(production_year > 1997)", "Parent Relationship": "Inner", "Total Cost": 0.52, "Plan Width": 21}], "Join Type": "Inner", "Node Type": "Nested Loop", "Actual Total Time": 0.047, "Actual Rows": 0, "Parent Relationship": "Outer", "Total Cost": 78556.25, "Plan Width": 32}]}, "Triggers": [], "Planning Time": 22.046, "Execution Time": 0.309}]]]}
{"start_time": 1569073736.2932966, "plan": [[[{"Plan": {"Actual Startup Time": 0.054, "Plan Rows": 1, "Node Type": "Aggregate", "Actual Loops": 1, "Actual Total Time": 0.054, "Actual Rows": 1, "Plan Width": 32, "Startup Cost": 78556.25, "Strategy": "Plain", "Total Cost": 78556.26, "Plans": [{"Actual Startup Time": 0.051, "Plan Rows": 1, "Join Filter": "(mi.movie_id = t.id)", "Actual Loops": 1, "Startup Cost": 73.44, "Rows Removed by Join Filter": 0, "Plans": [{"Actual Startup Time": 0.05, "Plan Rows": 1, "Join Filter": "(ci.person_id = n.id)", "Actual Loops": 1, "Startup Cost": 73.01, "Rows Removed by Join Filter": 0, "Plans": [{"Actual Startup Time": 0.049, "Plan Rows": 1, "Actual Loops": 1, "Startup Cost": 72.58, "Plans": [{"Actual Startup Time": 0.049, "Plan Rows": 1, "Actual Loops": 1, "Startup Cost": 72.16, "Plans": [{"Actual Startup Time": 0.049, "Plan Rows": 1, "Join Filter": "(ci.movie_id = mi.movie_id)", "Actual Loops": 1, "Startup Cost": 71.73, "Rows Removed by Join Filter": 0, "Plans": [{"Actual Startup Time": 0.049, "Plan Rows": 1, "Actual Loops": 1, "Startup Cost": 48.49, "Hash Cond": "(an.person_id = ci.person_id)", "Plans": [{"Actual Startup Time": 0.007, "Plan Rows": 902055, "Actual Loops": 1, "Startup Cost": 0.0, "Alias": "an", "Node Type": "Seq Scan", "Actual Total Time": 0.007, "Actual Rows": 1, "Parent Relationship": "Outer", "Relation Name": "aka_name", "Total Cost": 20425.55, "Plan Width": 4}, {"Actual Startup Time": 0.001, "Plan Rows": 1, "Peak Memory Usage": 8, "Actual Loops": 1, "Startup Cost": 48.48, "Original Hash Batches": 1, "Plans": [{"Actual Startup Time": 0.001, "Plan Rows": 1, "Actual Loops": 1, "Startup Cost": 18.93, "Hash Cond": "(ci.role_id = rt.id)", "Plans": [{"Actual Startup Time": 0.0, "Plan Rows": 39, "Actual Loops": 1, "Rows Removed by Filter": 0, "Startup Cost": 0.0, "Alias": "ci", "Node Type": "Seq Scan", "Actual Total Time": 0.0, "Actual Rows": 0, "Relation Name": "cast_info", "Filter": "(note = ANY ('{\"(as Janice MacKenzie)\",\"(\u00c5rets danske hit - The Voice prisen)\",\"(as Miss Juicy)\",\"(as Jennifer White)\",\"(as O. Valeeva)\",\"(as Elisa Christian Galv\u00e9)\",\"(as Professor Secil Karal Akgun)\",\"(voice) (as Heddy Galen)\"}'::text[]))", "Parent Relationship": "Outer", "Total Cost": 29.4, "Plan Width": 16}, {"Actual Startup Time": 0.0, "Plan Rows": 4, "Node Type": "Hash", "Actual Loops": 0, "Actual Total Time": 0.0, "Actual Rows": 0, "Startup Cost": 18.88, "Plan Width": 4, "Parent Relationship": "Inner", "Total Cost": 18.88, "Plans": [{"Actual Startup Time": 0.0, "Plan Rows": 4, "Actual Loops": 0, "Rows Removed by Filter": 0, "Startup Cost": 0.0, "Alias": "rt", "Node Type": "Seq Scan", "Actual Total Time": 0.0, "Actual Rows": 0, "Relation Name": "role_type", "Filter": "((role)::text = 'actress'::text)", "Parent Relationship": "Outer", "Total Cost": 18.88, "Plan Width": 4}]}], "Join Type": "Inner", "Node Type": "Hash Join", "Actual Total Time": 0.001, "Actual Rows": 0, "Parent Relationship": "Outer", "Total Cost": 48.48, "Plan Width": 12}], "Hash Buckets": 1024, "Original Hash Buckets": 1024, "Node Type": "Hash", "Actual Total Time": 0.001, "Actual Rows": 0, "Parent Relationship": "Inner", "Hash Batches": 1, "Total Cost": 48.48, "Plan Width": 12}], "Join Type": "Inner", "Node Type": "Hash Join", "Actual Total Time": 0.049, "Actual Rows": 0, "Parent Relationship": "Outer", "Total Cost": 23856.77, "Plan Width": 16}, {"Actual Startup Time": 0.0, "Plan Rows": 22, "Actual Loops": 0, "Startup Cost": 23.24, "Hash Cond": "(mc.movie_id = mi.movie_id)", "Plans": [{"Actual Startup Time": 0.0, "Plan Rows": 2609129, "Actual Loops": 0, "Startup Cost": 0.0, "Alias": "mc", "Node Type": "Seq Scan", "Actual Total Time": 0.0, "Actual Rows": 0, "Parent Relationship": "Outer", "Relation Name": "movie_companies", "Total Cost": 44881.29, "Plan Width": 8}, {"Actual Startup Time": 0.0, "Plan Rows": 4, "Node Type": "Hash", "Actual Loops": 0, "Actual Total Time": 0.0, "Actual Rows": 0, "Startup Cost": 23.19, "Plan Width": 4, "Parent Relationship": "Inner", "Total Cost": 23.19, "Plans": [{"Actual Startup Time": 0.0, "Plan Rows": 4, "Actual Loops": 0, "Startup Cost": 2.43, "Hash Cond": "(mi.info_type_id = it.id)", "Plans": [{"Actual Startup Time": 0.0, "Plan Rows": 780, "Actual Loops": 0, "Startup Cost": 0.0, "Alias": "mi", "Node Type": "Seq Scan", "Actual Total Time": 0.0, "Actual Rows": 0, "Parent Relationship": "Outer", "Relation Name": "movie_info", "Total Cost": 17.8, "Plan Width": 8}, {"Actual Startup Time": 0.0, "Plan Rows": 1, "Node Type": "Hash", "Actual Loops": 0, "Actual Total Time": 0.0, "Actual Rows": 0, "Startup Cost": 2.41, "Plan Width": 4, "Parent Relationship": "Inner", "Total Cost": 2.41, "Plans": [{"Actual Startup Time": 0.0, "Plan Rows": 1, "Actual Loops": 0, "Rows Removed by Filter": 0, "Startup Cost": 0.0, "Alias": "it", "Node Type": "Seq Scan", "Actual Total Time": 0.0, "Actual Rows": 0, "Relation Name": "info_type", "Filter": "((info)::text = 'release dates'::text)", "Parent Relationship": "Outer", "Total Cost": 2.41, "Plan Width": 4}]}], "Join Type": "Inner", "Node Type": "Hash Join", "Actual Total Time": 0.0, "Actual Rows": 0, "Parent Relationship": "Outer", "Total Cost": 23.19, "Plan Width": 4}]}], "Join Type": "Inner", "Node Type": "Hash Join", "Actual Total Time": 0.0, "Actual Rows": 0, "Parent Relationship": "Inner", "Total Cost": 54688.98, "Plan Width": 12}], "Join Type": "Inner", "Node Type": "Nested Loop", "Actual Total Time": 0.049, "Actual Rows": 0, "Parent Relationship": "Outer", "Total Cost": 78546.03, "Plan Width": 28}, {"Index Name": "char_name_pkey", "Actual Startup Time": 0.0, "Relation Name": "char_name", "Actual Loops": 0, "Plan Rows": 1, "Startup Cost": 0.43, "Rows Removed by Index Recheck": 0, "Parent Relationship": "Inner", "Alias": "chn", "Node Type": "Index Only Scan", "Scan Direction": "Forward", "Actual Total Time": 0.0, "Actual Rows": 0, "Heap Fetches": 0, "Index Cond": "(id = ci.person_role_id)", "Total Cost": 8.45, "Plan Width": 4}], "Join Type": "Inner", "Node Type": "Nested Loop", "Actual Total Time": 0.049, "Actual Rows": 0, "Parent Relationship": "Outer", "Total Cost": 78554.49, "Plan Width": 24}, {"Index Name": "company_name_pkey", "Actual Startup Time": 0.0, "Relation Name": "company_name", "Actual Loops": 0, "Plan Rows": 1, "Startup Cost": 0.42, "Rows Removed by Index Recheck": 0, "Rows Removed by Filter": 0, "Alias": "cn", "Node Type": "Index Scan", "Scan Direction": "Forward", "Actual Total Time": 0.0, "Actual Rows": 0, "Index Cond": "(id = mc.company_id)", "Filter": "((country_code)::text = '[br]'::text)", "Parent Relationship": "Inner", "Total Cost": 0.45, "Plan Width": 4}], "Join Type": "Inner", "Node Type": "Nested Loop", "Actual Total Time": 0.049, "Actual Rows": 0, "Parent Relationship": "Outer", "Total Cost": 78554.94, "Plan Width": 20}, {"Index Name": "name_pkey", "Actual Startup Time": 0.0, "Relation Name": "name", "Actual Loops": 0, "Plan Rows": 1, "Startup Cost": 0.43, "Rows Removed by Index Recheck": 0, "Rows Removed by Filter": 0, "Alias": "n", "Node Type": "Index Scan", "Scan Direction": "Forward", "Actual Total Time": 0.0, "Actual Rows": 0, "Index Cond": "(id = an.person_id)", "Filter": "((gender)::text = 'f'::text)", "Parent Relationship": "Inner", "Total Cost": 0.76, "Plan Width": 19}], "Join Type": "Inner", "Node Type": "Nested Loop", "Actual Total Time": 0.05, "Actual Rows": 0, "Parent Relationship": "Outer", "Total Cost": 78555.72, "Plan Width": 27}, {"Index Name": "title_pkey", "Actual Startup Time": 0.0, "Relation Name": "title", "Actual Loops": 0, "Plan Rows": 1, "Startup Cost": 0.43, "Rows Removed by Index Recheck": 0, "Rows Removed by Filter": 0, "Alias": "t", "Node Type": "Index Scan", "Scan Direction": "Forward", "Actual Total Time": 0.0, "Actual Rows": 0, "Index Cond": "(id = mc.movie_id)", "Filter": "(production_year > 1942)", "Parent Relationship": "Inner", "Total Cost": 0.52, "Plan Width": 21}], "Join Type": "Inner", "Node Type": "Nested Loop", "Actual Total Time": 0.051, "Actual Rows": 0, "Parent Relationship": "Outer", "Total Cost": 78556.25, "Plan Width": 32}]}, "Triggers": [], "Planning Time": 21.917, "Execution Time": 0.33}]]]}
{"start_time": 1569073736.2932966, "plan": [[[{"Plan": {"Actual Startup Time": 0.056, "Plan Rows": 1, "Node Type": "Aggregate", "Actual Loops": 1, "Actual Total Time": 0.056, "Actual Rows": 1, "Plan Width": 32, "Startup Cost": 78550.1, "Strategy": "Plain", "Total Cost": 78550.11, "Plans": [{"Actual Startup Time": 0.053, "Plan Rows": 1, "Join Filter": "(mi.movie_id = t.id)", "Actual Loops": 1, "Startup Cost": 67.29, "Rows Removed by Join Filter": 0, "Plans": [{"Actual Startup Time": 0.053, "Plan Rows": 1, "Join Filter": "(ci.person_id = n.id)", "Actual Loops": 1, "Startup Cost": 66.86, "Rows Removed by Join Filter": 0, "Plans": [{"Actual Startup Time": 0.053, "Plan Rows": 1, "Actual Loops": 1, "Startup Cost": 66.43, "Plans": [{"Actual Startup Time": 0.053, "Plan Rows": 1, "Actual Loops": 1, "Startup Cost": 66.01, "Plans": [{"Actual Startup Time": 0.053, "Plan Rows": 1, "Join Filter": "(ci.movie_id = mi.movie_id)", "Actual Loops": 1, "Startup Cost": 65.58, "Rows Removed by Join Filter": 0, "Plans": [{"Actual Startup Time": 0.053, "Plan Rows": 1, "Actual Loops": 1, "Startup Cost": 42.34, "Hash Cond": "(an.person_id = ci.person_id)", "Plans": [{"Actual Startup Time": 0.006, "Plan Rows": 902055, "Actual Loops": 1, "Startup Cost": 0.0, "Alias": "an", "Node Type": "Seq Scan", "Actual Total Time": 0.006, "Actual Rows": 1, "Parent Relationship": "Outer", "Relation Name": "aka_name", "Total Cost": 20425.55, "Plan Width": 4}, {"Actual Startup Time": 0.001, "Plan Rows": 1, "Peak Memory Usage": 8, "Actual Loops": 1, "Startup Cost": 42.33, "Original Hash Batches": 1, "Plans": [{"Actual Startup Time": 0.001, "Plan Rows": 1, "Actual Loops": 1, "Startup Cost": 18.93, "Hash Cond": "(ci.role_id = rt.id)", "Plans": [{"Actual Startup Time": 0.001, "Plan Rows": 15, "Actual Loops": 1, "Rows Removed by Filter": 0, "Startup Cost": 0.0, "Alias": "ci", "Node Type": "Seq Scan", "Actual Total Time": 0.001, "Actual Rows": 0, "Relation Name": "cast_info", "Filter": "(note = ANY ('{\"(as Elizabeth Fern\u00e1ndez)\",\"(as Angelique Kidjo)\",\"(as ''Vitola'')\"}'::text[]))", "Parent Relationship": "Outer", "Total Cost": 23.34, "Plan Width": 16}, {"Actual Startup Time": 0.0, "Plan Rows": 4, "Node Type": "Hash", "Actual Loops": 0, "Actual Total Time": 0.0, "Actual Rows": 0, "Startup Cost": 18.88, "Plan Width": 4, "Parent Relationship": "Inner", "Total Cost": 18.88, "Plans": [{"Actual Startup Time": 0.0, "Plan Rows": 4, "Actual Loops": 0, "Rows Removed by Filter": 0, "Startup Cost": 0.0, "Alias": "rt", "Node Type": "Seq Scan", "Actual Total Time": 0.0, "Actual Rows": 0, "Relation Name": "role_type", "Filter": "((role)::text = 'actress'::text)", "Parent Relationship": "Outer", "Total Cost": 18.88, "Plan Width": 4}]}], "Join Type": "Inner", "Node Type": "Hash Join", "Actual Total Time": 0.001, "Actual Rows": 0, "Parent Relationship": "Outer", "Total Cost": 42.33, "Plan Width": 12}], "Hash Buckets": 1024, "Original Hash Buckets": 1024, "Node Type": "Hash", "Actual Total Time": 0.001, "Actual Rows": 0, "Parent Relationship": "Inner", "Hash Batches": 1, "Total Cost": 42.33, "Plan Width": 12}], "Join Type": "Inner", "Node Type": "Hash Join", "Actual Total Time": 0.053, "Actual Rows": 0, "Parent Relationship": "Outer", "Total Cost": 23850.62, "Plan Width": 16}, {"Actual Startup Time": 0.0, "Plan Rows": 22, "Actual Loops": 0, "Startup Cost": 23.24, "Hash Cond": "(mc.movie_id = mi.movie_id)", "Plans": [{"Actual Startup Time": 0.0, "Plan Rows": 2609129, "Actual Loops": 0, "Startup Cost": 0.0, "Alias": "mc", "Node Type": "Seq Scan", "Actual Total Time": 0.0, "Actual Rows": 0, "Parent Relationship": "Outer", "Relation Name": "movie_companies", "Total Cost": 44881.29, "Plan Width": 8}, {"Actual Startup Time": 0.0, "Plan Rows": 4, "Node Type": "Hash", "Actual Loops": 0, "Actual Total Time": 0.0, "Actual Rows": 0, "Startup Cost": 23.19, "Plan Width": 4, "Parent Relationship": "Inner", "Total Cost": 23.19, "Plans": [{"Actual Startup Time": 0.0, "Plan Rows": 4, "Actual Loops": 0, "Startup Cost": 2.43, "Hash Cond": "(mi.info_type_id = it.id)", "Plans": [{"Actual Startup Time": 0.0, "Plan Rows": 780, "Actual Loops": 0, "Startup Cost": 0.0, "Alias": "mi", "Node Type": "Seq Scan", "Actual Total Time": 0.0, "Actual Rows": 0, "Parent Relationship": "Outer", "Relation Name": "movie_info", "Total Cost": 17.8, "Plan Width": 8}, {"Actual Startup Time": 0.0, "Plan Rows": 1, "Node Type": "Hash", "Actual Loops": 0, "Actual Total Time": 0.0, "Actual Rows": 0, "Startup Cost": 2.41, "Plan Width": 4, "Parent Relationship": "Inner", "Total Cost": 2.41, "Plans": [{"Actual Startup Time": 0.0, "Plan Rows": 1, "Actual Loops": 0, "Rows Removed by Filter": 0, "Startup Cost": 0.0, "Alias": "it", "Node Type": "Seq Scan", "Actual Total Time": 0.0, "Actual Rows": 0, "Relation Name": "info_type", "Filter": "((info)::text = 'release dates'::text)", "Parent Relationship": "Outer", "Total Cost": 2.41, "Plan Width": 4}]}], "Join Type": "Inner", "Node Type": "Hash Join", "Actual Total Time": 0.0, "Actual Rows": 0, "Parent Relationship": "Outer", "Total Cost": 23.19, "Plan Width": 4}]}], "Join Type": "Inner", "Node Type": "Hash Join", "Actual Total Time": 0.0, "Actual Rows": 0, "Parent Relationship": "Inner", "Total Cost": 54688.98, "Plan Width": 12}], "Join Type": "Inner", "Node Type": "Nested Loop", "Actual Total Time": 0.053, "Actual Rows": 0, "Parent Relationship": "Outer", "Total Cost": 78539.88, "Plan Width": 28}, {"Index Name": "char_name_pkey", "Actual Startup Time": 0.0, "Relation Name": "char_name", "Actual Loops": 0, "Plan Rows": 1, "Startup Cost": 0.43, "Rows Removed by Index Recheck": 0, "Parent Relationship": "Inner", "Alias": "chn", "Node Type": "Index Only Scan", "Scan Direction": "Forward", "Actual Total Time": 0.0, "Actual Rows": 0, "Heap Fetches": 0, "Index Cond": "(id = ci.person_role_id)", "Total Cost": 8.45, "Plan Width": 4}], "Join Type": "Inner", "Node Type": "Nested Loop", "Actual Total Time": 0.053, "Actual Rows": 0, "Parent Relationship": "Outer", "Total Cost": 78548.33, "Plan Width": 24}, {"Index Name": "company_name_pkey", "Actual Startup Time": 0.0, "Relation Name": "company_name", "Actual Loops": 0, "Plan Rows": 1, "Startup Cost": 0.42, "Rows Removed by Index Recheck": 0, "Rows Removed by Filter": 0, "Alias": "cn", "Node Type": "Index Scan", "Scan Direction": "Forward", "Actual Total Time": 0.0, "Actual Rows": 0, "Index Cond": "(id = mc.company_id)", "Filter": "((country_code)::text = '[jp]'::text)", "Parent Relationship": "Inner", "Total Cost": 0.45, "Plan Width": 4}], "Join Type": "Inner", "Node Type": "Nested Loop", "Actual Total Time": 0.053, "Actual Rows": 0, "Parent Relationship": "Outer", "Total Cost": 78548.79, "Plan Width": 20}, {"Index Name": "name_pkey", "Actual Startup Time": 0.0, "Relation Name": "name", "Actual Loops": 0, "Plan Rows": 1, "Startup Cost": 0.43, "Rows Removed by Index Recheck": 0, "Rows Removed by Filter": 0, "Alias": "n", "Node Type": "Index Scan", "Scan Direction": "Forward", "Actual Total Time": 0.0, "Actual Rows": 0, "Index Cond": "(id = an.person_id)", "Filter": "((gender)::text = 'f'::text)", "Parent Relationship": "Inner", "Total Cost": 0.76, "Plan Width": 19}], "Join Type": "Inner", "Node Type": "Nested Loop", "Actual Total Time": 0.053, "Actual Rows": 0, "Parent Relationship": "Outer", "Total Cost": 78549.57, "Plan Width": 27}, {"Index Name": "title_pkey", "Actual Startup Time": 0.0, "Relation Name": "title", "Actual Loops": 0, "Plan Rows": 1, "Startup Cost": 0.43, "Rows Removed by Index Recheck": 0, "Rows Removed by Filter": 0, "Alias": "t", "Node Type": "Index Scan", "Scan Direction": "Forward", "Actual Total Time": 0.0, "Actual Rows": 0, "Index Cond": "(id = mc.movie_id)", "Filter": "(production_year > 1899)", "Parent Relationship": "Inner", "Total Cost": 0.52, "Plan Width": 21}], "Join Type": "Inner", "Node Type": "Nested Loop", "Actual Total Time": 0.053, "Actual Rows": 0, "Parent Relationship": "Outer", "Total Cost": 78550.1, "Plan Width": 32}]}, "Triggers": [], "Planning Time": 22.028, "Execution Time": 0.353}]]]}
{"start_time": 1569073736.2932966, "plan": [[[{"Plan": {"Actual Startup Time": 0.052, "Plan Rows": 1, "Node Type": "Aggregate", "Actual Loops": 1, "Actual Total Time": 0.052, "Actual Rows": 1, "Plan Width": 32, "Startup Cost": 78553.79, "Strategy": "Plain", "Total Cost": 78553.8, "Plans": [{"Actual Startup Time": 0.049, "Plan Rows": 1, "Join Filter": "(mi.movie_id = t.id)", "Actual Loops": 1, "Startup Cost": 70.98, "Rows Removed by Join Filter": 0, "Plans": [{"Actual Startup Time": 0.049, "Plan Rows": 1, "Join Filter": "(ci.person_id = n.id)", "Actual Loops": 1, "Startup Cost": 70.55, "Rows Removed by Join Filter": 0, "Plans": [{"Actual Startup Time": 0.049, "Plan Rows": 1, "Actual Loops": 1, "Startup Cost": 70.12, "Plans": [{"Actual Startup Time": 0.048, "Plan Rows": 1, "Actual Loops": 1, "Startup Cost": 69.7, "Plans": [{"Actual Startup Time": 0.048, "Plan Rows": 1, "Join Filter": "(ci.movie_id = mi.movie_id)", "Actual Loops": 1, "Startup Cost": 69.27, "Rows Removed by Join Filter": 0, "Plans": [{"Actual Startup Time": 0.047, "Plan Rows": 1, "Actual Loops": 1, "Startup Cost": 46.03, "Hash Cond": "(an.person_id = ci.person_id)", "Plans": [{"Actual Startup Time": 0.006, "Plan Rows": 902055, "Actual Loops": 1, "Startup Cost": 0.0, "Alias": "an", "Node Type": "Seq Scan", "Actual Total Time": 0.006, "Actual Rows": 1, "Parent Relationship": "Outer", "Relation Name": "aka_name", "Total Cost": 20425.55, "Plan Width": 4}, {"Actual Startup Time": 0.001, "Plan Rows": 1, "Peak Memory Usage": 8, "Actual Loops": 1, "Startup Cost": 46.02, "Original Hash Batches": 1, "Plans": [{"Actual Startup Time": 0.001, "Plan Rows": 1, "Actual Loops": 1, "Startup Cost": 18.93, "Hash Cond": "(ci.role_id = rt.id)", "Plans": [{"Actual Startup Time": 0.001, "Plan Rows": 29, "Actual Loops": 1, "Rows Removed by Filter": 0, "Startup Cost": 0.0, "Alias": "ci", "Node Type": "Seq Scan", "Actual Total Time": 0.001, "Actual Rows": 0, "Relation Name": "cast_info", "Filter": "(note = ANY ('{\"(as Lennart Hjulstr\u00f8m in opening credits)\",\"(Colorado''s Thug)\",\"(as Mark Ri\u00dfmann)\",\"(segment ''Towne of Highmoon'')/Bureaucrat (segment ''Volcania'')\",\"(as Ernest Guimont)\",\"(as Greg Mitchell)\"}'::text[]))", "Parent Relationship": "Outer", "Total Cost": 26.98, "Plan Width": 16}, {"Actual Startup Time": 0.0, "Plan Rows": 4, "Node Type": "Hash", "Actual Loops": 0, "Actual Total Time": 0.0, "Actual Rows": 0, "Startup Cost": 18.88, "Plan Width": 4, "Parent Relationship": "Inner", "Total Cost": 18.88, "Plans": [{"Actual Startup Time": 0.0, "Plan Rows": 4, "Actual Loops": 0, "Rows Removed by Filter": 0, "Startup Cost": 0.0, "Alias": "rt", "Node Type": "Seq Scan", "Actual Total Time": 0.0, "Actual Rows": 0, "Relation Name": "role_type", "Filter": "((role)::text = 'actor'::text)", "Parent Relationship": "Outer", "Total Cost": 18.88, "Plan Width": 4}]}], "Join Type": "Inner", "Node Type": "Hash Join", "Actual Total Time": 0.001, "Actual Rows": 0, "Parent Relationship": "Outer", "Total Cost": 46.02, "Plan Width": 12}], "Hash Buckets": 1024, "Original Hash Buckets": 1024, "Node Type": "Hash", "Actual Total Time": 0.001, "Actual Rows": 0, "Parent Relationship": "Inner", "Hash Batches": 1, "Total Cost": 46.02, "Plan Width": 12}], "Join Type": "Inner", "Node Type": "Hash Join", "Actual Total Time": 0.047, "Actual Rows": 0, "Parent Relationship": "Outer", "Total Cost": 23854.31, "Plan Width": 16}, {"Actual Startup Time": 0.0, "Plan Rows": 22, "Actual Loops": 0, "Startup Cost": 23.24, "Hash Cond": "(mc.movie_id = mi.movie_id)", "Plans": [{"Actual Startup Time": 0.0, "Plan Rows": 2609129, "Actual Loops": 0, "Startup Cost": 0.0, "Alias": "mc", "Node Type": "Seq Scan", "Actual Total Time": 0.0, "Actual Rows": 0, "Parent Relationship": "Outer", "Relation Name": "movie_companies", "Total Cost": 44881.29, "Plan Width": 8}, {"Actual Startup Time": 0.0, "Plan Rows": 4, "Node Type": "Hash", "Actual Loops": 0, "Actual Total Time": 0.0, "Actual Rows": 0, "Startup Cost": 23.19, "Plan Width": 4, "Parent Relationship": "Inner", "Total Cost": 23.19, "Plans": [{"Actual Startup Time": 0.0, "Plan Rows": 4, "Actual Loops": 0, "Startup Cost": 2.43, "Hash Cond": "(mi.info_type_id = it.id)", "Plans": [{"Actual Startup Time": 0.0, "Plan Rows": 780, "Actual Loops": 0, "Startup Cost": 0.0, "Alias": "mi", "Node Type": "Seq Scan", "Actual Total Time": 0.0, "Actual Rows": 0, "Parent Relationship": "Outer", "Relation Name": "movie_info", "Total Cost": 17.8, "Plan Width": 8}, {"Actual Startup Time": 0.0, "Plan Rows": 1, "Node Type": "Hash", "Actual Loops": 0, "Actual Total Time": 0.0, "Actual Rows": 0, "Startup Cost": 2.41, "Plan Width": 4, "Parent Relationship": "Inner", "Total Cost": 2.41, "Plans": [{"Actual Startup Time": 0.0, "Plan Rows": 1, "Actual Loops": 0, "Rows Removed by Filter": 0, "Startup Cost": 0.0, "Alias": "it", "Node Type": "Seq Scan", "Actual Total Time": 0.0, "Actual Rows": 0, "Relation Name": "info_type", "Filter": "((info)::text = 'release dates'::text)", "Parent Relationship": "Outer", "Total Cost": 2.41, "Plan Width": 4}]}], "Join Type": "Inner", "Node Type": "Hash Join", "Actual Total Time": 0.0, "Actual Rows": 0, "Parent Relationship": "Outer", "Total Cost": 23.19, "Plan Width": 4}]}], "Join Type": "Inner", "Node Type": "Hash Join", "Actual Total Time": 0.0, "Actual Rows": 0, "Parent Relationship": "Inner", "Total Cost": 54688.98, "Plan Width": 12}], "Join Type": "Inner", "Node Type": "Nested Loop", "Actual Total Time": 0.048, "Actual Rows": 0, "Parent Relationship": "Outer", "Total Cost": 78543.57, "Plan Width": 28}, {"Index Name": "char_name_pkey", "Actual Startup Time": 0.0, "Relation Name": "char_name", "Actual Loops": 0, "Plan Rows": 1, "Startup Cost": 0.43, "Rows Removed by Index Recheck": 0, "Parent Relationship": "Inner", "Alias": "chn", "Node Type": "Index Only Scan", "Scan Direction": "Forward", "Actual Total Time": 0.0, "Actual Rows": 0, "Heap Fetches": 0, "Index Cond": "(id = ci.person_role_id)", "Total Cost": 8.45, "Plan Width": 4}], "Join Type": "Inner", "Node Type": "Nested Loop", "Actual Total Time": 0.048, "Actual Rows": 0, "Parent Relationship": "Outer", "Total Cost": 78552.02, "Plan Width": 24}, {"Index Name": "company_name_pkey", "Actual Startup Time": 0.0, "Relation Name": "company_name", "Actual Loops": 0, "Plan Rows": 1, "Startup Cost": 0.42, "Rows Removed by Index Recheck": 0, "Rows Removed by Filter": 0, "Alias": "cn", "Node Type": "Index Scan", "Scan Direction": "Forward", "Actual Total Time": 0.0, "Actual Rows": 0, "Index Cond": "(id = mc.company_id)", "Filter": "((country_code)::text = '[nl]'::text)", "Parent Relationship": "Inner", "Total Cost": 0.45, "Plan Width": 4}], "Join Type": "Inner", "Node Type": "Nested Loop", "Actual Total Time": 0.049, "Actual Rows": 0, "Parent Relationship": "Outer", "Total Cost": 78552.48, "Plan Width": 20}, {"Index Name": "name_pkey", "Actual Startup Time": 0.0, "Relation Name": "name", "Actual Loops": 0, "Plan Rows": 1, "Startup Cost": 0.43, "Rows Removed by Index Recheck": 0, "Rows Removed by Filter": 0, "Alias": "n", "Node Type": "Index Scan", "Scan Direction": "Forward", "Actual Total Time": 0.0, "Actual Rows": 0, "Index Cond": "(id = an.person_id)", "Filter": "((gender)::text = 'm'::text)", "Parent Relationship": "Inner", "Total Cost": 0.76, "Plan Width": 19}], "Join Type": "Inner", "Node Type": "Nested Loop", "Actual Total Time": 0.049, "Actual Rows": 0, "Parent Relationship": "Outer", "Total Cost": 78553.26, "Plan Width": 27}, {"Index Name": "title_pkey", "Actual Startup Time": 0.0, "Relation Name": "title", "Actual Loops": 0, "Plan Rows": 1, "Startup Cost": 0.43, "Rows Removed by Index Recheck": 0, "Rows Removed by Filter": 0, "Alias": "t", "Node Type": "Index Scan", "Scan Direction": "Forward", "Actual Total Time": 0.0, "Actual Rows": 0, "Index Cond": "(id = mc.movie_id)", "Filter": "(production_year > 1892)", "Parent Relationship": "Inner", "Total Cost": 0.52, "Plan Width": 21}], "Join Type": "Inner", "Node Type": "Nested Loop", "Actual Total Time": 0.049, "Actual Rows": 0, "Parent Relationship": "Outer", "Total Cost": 78553.79, "Plan Width": 32}]}, "Triggers": [], "Planning Time": 21.733, "Execution Time": 0.32}]]]}
{"start_time": 1569073736.8309813, "plan": [[[{"Plan": {"Actual Startup Time": 0.059, "Plan Rows": 1, "Node Type": "Aggregate", "Actual Loops": 1, "Actual Total Time": 0.059, "Actual Rows": 1, "Plan Width": 32, "Startup Cost": 78553.79, "Strategy": "Plain", "Total Cost": 78553.8, "Plans": [{"Actual Startup Time": 0.056, "Plan Rows": 1, "Join Filter": "(mi.movie_id = t.id)", "Actual Loops": 1, "Startup Cost": 70.98, "Rows Removed by Join Filter": 0, "Plans": [{"Actual Startup Time": 0.056, "Plan Rows": 1, "Join Filter": "(ci.person_id = n.id)", "Actual Loops": 1, "Startup Cost": 70.55, "Rows Removed by Join Filter": 0, "Plans": [{"Actual Startup Time": 0.055, "Plan Rows": 1, "Actual Loops": 1, "Startup Cost": 70.12, "Plans": [{"Actual Startup Time": 0.054, "Plan Rows": 1, "Actual Loops": 1, "Startup Cost": 69.7, "Plans": [{"Actual Startup Time": 0.054, "Plan Rows": 1, "Join Filter": "(ci.movie_id = mi.movie_id)", "Actual Loops": 1, "Startup Cost": 69.27, "Rows Removed by Join Filter": 0, "Plans": [{"Actual Startup Time": 0.054, "Plan Rows": 1, "Actual Loops": 1, "Startup Cost": 46.03, "Hash Cond": "(an.person_id = ci.person_id)", "Plans": [{"Actual Startup Time": 0.008, "Plan Rows": 902055, "Actual Loops": 1, "Startup Cost": 0.0, "Alias": "an", "Node Type": "Seq Scan", "Actual Total Time": 0.008, "Actual Rows": 1, "Parent Relationship": "Outer", "Relation Name": "aka_name", "Total Cost": 20425.55, "Plan Width": 4}, {"Actual Startup Time": 0.001, "Plan Rows": 1, "Peak Memory Usage": 8, "Actual Loops": 1, "Startup Cost": 46.02, "Original Hash Batches": 1, "Plans": [{"Actual Startup Time": 0.001, "Plan Rows": 1, "Actual Loops": 1, "Startup Cost": 18.93, "Hash Cond": "(ci.role_id = rt.id)", "Plans": [{"Actual Startup Time": 0.001, "Plan Rows": 29, "Actual Loops": 1, "Rows Removed by Filter": 0, "Startup Cost": 0.0, "Alias": "ci", "Node Type": "Seq Scan", "Actual Total Time": 0.001, "Actual Rows": 0, "Relation Name": "cast_info", "Filter": "(note = ANY ('{\"(as Justice Abner J. Mikva)\",\"(as Aoub El Hilali)\",\"(segment: ''A Mother''s Fight'')\",\"(Keyboards and percussion)\",\"(as Dan Krueger)\",\"(as Jarrod Henry)\"}'::text[]))", "Parent Relationship": "Outer", "Total Cost": 26.98, "Plan Width": 16}, {"Actual Startup Time": 0.0, "Plan Rows": 4, "Node Type": "Hash", "Actual Loops": 0, "Actual Total Time": 0.0, "Actual Rows": 0, "Startup Cost": 18.88, "Plan Width": 4, "Parent Relationship": "Inner", "Total Cost": 18.88, "Plans": [{"Actual Startup Time": 0.0, "Plan Rows": 4, "Actual Loops": 0, "Rows Removed by Filter": 0, "Startup Cost": 0.0, "Alias": "rt", "Node Type": "Seq Scan", "Actual Total Time": 0.0, "Actual Rows": 0, "Relation Name": "role_type", "Filter": "((role)::text = 'actor'::text)", "Parent Relationship": "Outer", "Total Cost": 18.88, "Plan Width": 4}]}], "Join Type": "Inner", "Node Type": "Hash Join", "Actual Total Time": 0.001, "Actual Rows": 0, "Parent Relationship": "Outer", "Total Cost": 46.02, "Plan Width": 12}], "Hash Buckets": 1024, "Original Hash Buckets": 1024, "Node Type": "Hash", "Actual Total Time": 0.001, "Actual Rows": 0, "Parent Relationship": "Inner", "Hash Batches": 1, "Total Cost": 46.02, "Plan Width": 12}], "Join Type": "Inner", "Node Type": "Hash Join", "Actual Total Time": 0.054, "Actual Rows": 0, "Parent Relationship": "Outer", "Total Cost": 23854.31, "Plan Width": 16}, {"Actual Startup Time": 0.0, "Plan Rows": 22, "Actual Loops": 0, "Startup Cost": 23.24, "Hash Cond": "(mc.movie_id = mi.movie_id)", "Plans": [{"Actual Startup Time": 0.0, "Plan Rows": 2609129, "Actual Loops": 0, "Startup Cost": 0.0, "Alias": "mc", "Node Type": "Seq Scan", "Actual Total Time": 0.0, "Actual Rows": 0, "Parent Relationship": "Outer", "Relation Name": "movie_companies", "Total Cost": 44881.29, "Plan Width": 8}, {"Actual Startup Time": 0.0, "Plan Rows": 4, "Node Type": "Hash", "Actual Loops": 0, "Actual Total Time": 0.0, "Actual Rows": 0, "Startup Cost": 23.19, "Plan Width": 4, "Parent Relationship": "Inner", "Total Cost": 23.19, "Plans": [{"Actual Startup Time": 0.0, "Plan Rows": 4, "Actual Loops": 0, "Startup Cost": 2.43, "Hash Cond": "(mi.info_type_id = it.id)", "Plans": [{"Actual Startup Time": 0.0, "Plan Rows": 780, "Actual Loops": 0, "Startup Cost": 0.0, "Alias": "mi", "Node Type": "Seq Scan", "Actual Total Time": 0.0, "Actual Rows": 0, "Parent Relationship": "Outer", "Relation Name": "movie_info", "Total Cost": 17.8, "Plan Width": 8}, {"Actual Startup Time": 0.0, "Plan Rows": 1, "Node Type": "Hash", "Actual Loops": 0, "Actual Total Time": 0.0, "Actual Rows": 0, "Startup Cost": 2.41, "Plan Width": 4, "Parent Relationship": "Inner", "Total Cost": 2.41, "Plans": [{"Actual Startup Time": 0.0, "Plan Rows": 1, "Actual Loops": 0, "Rows Removed by Filter": 0, "Startup Cost": 0.0, "Alias": "it", "Node Type": "Seq Scan", "Actual Total Time": 0.0, "Actual Rows": 0, "Relation Name": "info_type", "Filter": "((info)::text = 'release dates'::text)", "Parent Relationship": "Outer", "Total Cost": 2.41, "Plan Width": 4}]}], "Join Type": "Inner", "Node Type": "Hash Join", "Actual Total Time": 0.0, "Actual Rows": 0, "Parent Relationship": "Outer", "Total Cost": 23.19, "Plan Width": 4}]}], "Join Type": "Inner", "Node Type": "Hash Join", "Actual Total Time": 0.0, "Actual Rows": 0, "Parent Relationship": "Inner", "Total Cost": 54688.98, "Plan Width": 12}], "Join Type": "Inner", "Node Type": "Nested Loop", "Actual Total Time": 0.054, "Actual Rows": 0, "Parent Relationship": "Outer", "Total Cost": 78543.57, "Plan Width": 28}, {"Index Name": "char_name_pkey", "Actual Startup Time": 0.0, "Relation Name": "char_name", "Actual Loops": 0, "Plan Rows": 1, "Startup Cost": 0.43, "Rows Removed by Index Recheck": 0, "Parent Relationship": "Inner", "Alias": "chn", "Node Type": "Index Only Scan", "Scan Direction": "Forward", "Actual Total Time": 0.0, "Actual Rows": 0, "Heap Fetches": 0, "Index Cond": "(id = ci.person_role_id)", "Total Cost": 8.45, "Plan Width": 4}], "Join Type": "Inner", "Node Type": "Nested Loop", "Actual Total Time": 0.054, "Actual Rows": 0, "Parent Relationship": "Outer", "Total Cost": 78552.02, "Plan Width": 24}, {"Index Name": "company_name_pkey", "Actual Startup Time": 0.0, "Relation Name": "company_name", "Actual Loops": 0, "Plan Rows": 1, "Startup Cost": 0.42, "Rows Removed by Index Recheck": 0, "Rows Removed by Filter": 0, "Alias": "cn", "Node Type": "Index Scan", "Scan Direction": "Forward", "Actual Total Time": 0.0, "Actual Rows": 0, "Index Cond": "(id = mc.company_id)", "Filter": "((country_code)::text = '[gr]'::text)", "Parent Relationship": "Inner", "Total Cost": 0.45, "Plan Width": 4}], "Join Type": "Inner", "Node Type": "Nested Loop", "Actual Total Time": 0.055, "Actual Rows": 0, "Parent Relationship": "Outer", "Total Cost": 78552.48, "Plan Width": 20}, {"Index Name": "name_pkey", "Actual Startup Time": 0.0, "Relation Name": "name", "Actual Loops": 0, "Plan Rows": 1, "Startup Cost": 0.43, "Rows Removed by Index Recheck": 0, "Rows Removed by Filter": 0, "Alias": "n", "Node Type": "Index Scan", "Scan Direction": "Forward", "Actual Total Time": 0.0, "Actual Rows": 0, "Index Cond": "(id = an.person_id)", "Filter": "((gender)::text = 'm'::text)", "Parent Relationship": "Inner", "Total Cost": 0.76, "Plan Width": 19}], "Join Type": "Inner", "Node Type": "Nested Loop", "Actual Total Time": 0.056, "Actual Rows": 0, "Parent Relationship": "Outer", "Total Cost": 78553.26, "Plan Width": 27}, {"Index Name": "title_pkey", "Actual Startup Time": 0.0, "Relation Name": "title", "Actual Loops": 0, "Plan Rows": 1, "Startup Cost": 0.43, "Rows Removed by Index Recheck": 0, "Rows Removed by Filter": 0, "Alias": "t", "Node Type": "Index Scan", "Scan Direction": "Forward", "Actual Total Time": 0.0, "Actual Rows": 0, "Index Cond": "(id = mc.movie_id)", "Filter": "(production_year > 1979)", "Parent Relationship": "Inner", "Total Cost": 0.52, "Plan Width": 21}], "Join Type": "Inner", "Node Type": "Nested Loop", "Actual Total Time": 0.056, "Actual Rows": 0, "Parent Relationship": "Outer", "Total Cost": 78553.79, "Plan Width": 32}]}, "Triggers": [], "Planning Time": 22.398, "Execution Time": 0.435}]]]}
{"start_time": 1569073736.8309813, "plan": [[[{"Plan": {"Actual Startup Time": 0.056, "Plan Rows": 1, "Node Type": "Aggregate", "Actual Loops": 1, "Actual Total Time": 0.056, "Actual Rows": 1, "Plan Width": 32, "Startup Cost": 78550.1, "Strategy": "Plain", "Total Cost": 78550.11, "Plans": [{"Actual Startup Time": 0.053, "Plan Rows": 1, "Join Filter": "(mi.movie_id = t.id)", "Actual Loops": 1, "Startup Cost": 67.29, "Rows Removed by Join Filter": 0, "Plans": [{"Actual Startup Time": 0.053, "Plan Rows": 1, "Join Filter": "(ci.person_id = n.id)", "Actual Loops": 1, "Startup Cost": 66.86, "Rows Removed by Join Filter": 0, "Plans": [{"Actual Startup Time": 0.053, "Plan Rows": 1, "Actual Loops": 1, "Startup Cost": 66.43, "Plans": [{"Actual Startup Time": 0.053, "Plan Rows": 1, "Actual Loops": 1, "Startup Cost": 66.01, "Plans": [{"Actual Startup Time": 0.053, "Plan Rows": 1, "Join Filter": "(ci.movie_id = mi.movie_id)", "Actual Loops": 1, "Startup Cost": 65.58, "Rows Removed by Join Filter": 0, "Plans": [{"Actual Startup Time": 0.053, "Plan Rows": 1, "Actual Loops": 1, "Startup Cost": 42.34, "Hash Cond": "(an.person_id = ci.person_id)", "Plans": [{"Actual Startup Time": 0.006, "Plan Rows": 902055, "Actual Loops": 1, "Startup Cost": 0.0, "Alias": "an", "Node Type": "Seq Scan", "Actual Total Time": 0.006, "Actual Rows": 1, "Parent Relationship": "Outer", "Relation Name": "aka_name", "Total Cost": 20425.55, "Plan Width": 4}, {"Actual Startup Time": 0.001, "Plan Rows": 1, "Peak Memory Usage": 8, "Actual Loops": 1, "Startup Cost": 42.33, "Original Hash Batches": 1, "Plans": [{"Actual Startup Time": 0.001, "Plan Rows": 1, "Actual Loops": 1, "Startup Cost": 18.93, "Hash Cond": "(ci.role_id = rt.id)", "Plans": [{"Actual Startup Time": 0.0, "Plan Rows": 15, "Actual Loops": 1, "Rows Removed by Filter": 0, "Startup Cost": 0.0, "Alias": "ci", "Node Type": "Seq Scan", "Actual Total Time": 0.0, "Actual Rows": 0, "Relation Name": "cast_info", "Filter": "(note = ANY ('{\"(as Robert M. Steinberg)\",\"(as Vesta Pegg)\",\"(credit only) (as Allan Jacobs)\"}'::text[]))", "Parent Relationship": "Outer", "Total Cost": 23.34, "Plan Width": 16}, {"Actual Startup Time": 0.0, "Plan Rows": 4, "Node Type": "Hash", "Actual Loops": 0, "Actual Total Time": 0.0, "Actual Rows": 0, "Startup Cost": 18.88, "Plan Width": 4, "Parent Relationship": "Inner", "Total Cost": 18.88, "Plans": [{"Actual Startup Time": 0.0, "Plan Rows": 4, "Actual Loops": 0, "Rows Removed by Filter": 0, "Startup Cost": 0.0, "Alias": "rt", "Node Type": "Seq Scan", "Actual Total Time": 0.0, "Actual Rows": 0, "Relation Name": "role_type", "Filter": "((role)::text = 'actor'::text)", "Parent Relationship": "Outer", "Total Cost": 18.88, "Plan Width": 4}]}], "Join Type": "Inner", "Node Type": "Hash Join", "Actual Total Time": 0.001, "Actual Rows": 0, "Parent Relationship": "Outer", "Total Cost": 42.33, "Plan Width": 12}], "Hash Buckets": 1024, "Original Hash Buckets": 1024, "Node Type": "Hash", "Actual Total Time": 0.001, "Actual Rows": 0, "Parent Relationship": "Inner", "Hash Batches": 1, "Total Cost": 42.33, "Plan Width": 12}], "Join Type": "Inner", "Node Type": "Hash Join", "Actual Total Time": 0.053, "Actual Rows": 0, "Parent Relationship": "Outer", "Total Cost": 23850.62, "Plan Width": 16}, {"Actual Startup Time": 0.0, "Plan Rows": 22, "Actual Loops": 0, "Startup Cost": 23.24, "Hash Cond": "(mc.movie_id = mi.movie_id)", "Plans": [{"Actual Startup Time": 0.0, "Plan Rows": 2609129, "Actual Loops": 0, "Startup Cost": 0.0, "Alias": "mc", "Node Type": "Seq Scan", "Actual Total Time": 0.0, "Actual Rows": 0, "Parent Relationship": "Outer", "Relation Name": "movie_companies", "Total Cost": 44881.29, "Plan Width": 8}, {"Actual Startup Time": 0.0, "Plan Rows": 4, "Node Type": "Hash", "Actual Loops": 0, "Actual Total Time": 0.0, "Actual Rows": 0, "Startup Cost": 23.19, "Plan Width": 4, "Parent Relationship": "Inner", "Total Cost": 23.19, "Plans": [{"Actual Startup Time": 0.0, "Plan Rows": 4, "Actual Loops": 0, "Startup Cost": 2.43, "Hash Cond": "(mi.info_type_id = it.id)", "Plans": [{"Actual Startup Time": 0.0, "Plan Rows": 780, "Actual Loops": 0, "Startup Cost": 0.0, "Alias": "mi", "Node Type": "Seq Scan", "Actual Total Time": 0.0, "Actual Rows": 0, "Parent Relationship": "Outer", "Relation Name": "movie_info", "Total Cost": 17.8, "Plan Width": 8}, {"Actual Startup Time": 0.0, "Plan Rows": 1, "Node Type": "Hash", "Actual Loops": 0, "Actual Total Time": 0.0, "Actual Rows": 0, "Startup Cost": 2.41, "Plan Width": 4, "Parent Relationship": "Inner", "Total Cost": 2.41, "Plans": [{"Actual Startup Time": 0.0, "Plan Rows": 1, "Actual Loops": 0, "Rows Removed by Filter": 0, "Startup Cost": 0.0, "Alias": "it", "Node Type": "Seq Scan", "Actual Total Time": 0.0, "Actual Rows": 0, "Relation Name": "info_type", "Filter": "((info)::text = 'release dates'::text)", "Parent Relationship": "Outer", "Total Cost": 2.41, "Plan Width": 4}]}], "Join Type": "Inner", "Node Type": "Hash Join", "Actual Total Time": 0.0, "Actual Rows": 0, "Parent Relationship": "Outer", "Total Cost": 23.19, "Plan Width": 4}]}], "Join Type": "Inner", "Node Type": "Hash Join", "Actual Total Time": 0.0, "Actual Rows": 0, "Parent Relationship": "Inner", "Total Cost": 54688.98, "Plan Width": 12}], "Join Type": "Inner", "Node Type": "Nested Loop", "Actual Total Time": 0.053, "Actual Rows": 0, "Parent Relationship": "Outer", "Total Cost": 78539.88, "Plan Width": 28}, {"Index Name": "char_name_pkey", "Actual Startup Time": 0.0, "Relation Name": "char_name", "Actual Loops": 0, "Plan Rows": 1, "Startup Cost": 0.43, "Rows Removed by Index Recheck": 0, "Parent Relationship": "Inner", "Alias": "chn", "Node Type": "Index Only Scan", "Scan Direction": "Forward", "Actual Total Time": 0.0, "Actual Rows": 0, "Heap Fetches": 0, "Index Cond": "(id = ci.person_role_id)", "Total Cost": 8.45, "Plan Width": 4}], "Join Type": "Inner", "Node Type": "Nested Loop", "Actual Total Time": 0.053, "Actual Rows": 0, "Parent Relationship": "Outer", "Total Cost": 78548.33, "Plan Width": 24}, {"Index Name": "company_name_pkey", "Actual Startup Time": 0.0, "Relation Name": "company_name", "Actual Loops": 0, "Plan Rows": 1, "Startup Cost": 0.42, "Rows Removed by Index Recheck": 0, "Rows Removed by Filter": 0, "Alias": "cn", "Node Type": "Index Scan", "Scan Direction": "Forward", "Actual Total Time": 0.0, "Actual Rows": 0, "Index Cond": "(id = mc.company_id)", "Filter": "((country_code)::text = '[fr]'::text)", "Parent Relationship": "Inner", "Total Cost": 0.45, "Plan Width": 4}], "Join Type": "Inner", "Node Type": "Nested Loop", "Actual Total Time": 0.053, "Actual Rows": 0, "Parent Relationship": "Outer", "Total Cost": 78548.79, "Plan Width": 20}, {"Index Name": "name_pkey", "Actual Startup Time": 0.0, "Relation Name": "name", "Actual Loops": 0, "Plan Rows": 1, "Startup Cost": 0.43, "Rows Removed by Index Recheck": 0, "Rows Removed by Filter": 0, "Alias": "n", "Node Type": "Index Scan", "Scan Direction": "Forward", "Actual Total Time": 0.0, "Actual Rows": 0, "Index Cond": "(id = an.person_id)", "Filter": "((gender)::text = 'm'::text)", "Parent Relationship": "Inner", "Total Cost": 0.76, "Plan Width": 19}], "Join Type": "Inner", "Node Type": "Nested Loop", "Actual Total Time": 0.053, "Actual Rows": 0, "Parent Relationship": "Outer", "Total Cost": 78549.57, "Plan Width": 27}, {"Index Name": "title_pkey", "Actual Startup Time": 0.0, "Relation Name": "title", "Actual Loops": 0, "Plan Rows": 1, "Startup Cost": 0.43, "Rows Removed by Index Recheck": 0, "Rows Removed by Filter": 0, "Alias": "t", "Node Type": "Index Scan", "Scan Direction": "Forward", "Actual Total Time": 0.0, "Actual Rows": 0, "Index Cond": "(id = mc.movie_id)", "Filter": "(production_year > 1931)", "Parent Relationship": "Inner", "Total Cost": 0.52, "Plan Width": 21}], "Join Type": "Inner", "Node Type": "Nested Loop", "Actual Total Time": 0.053, "Actual Rows": 0, "Parent Relationship": "Outer", "Total Cost": 78550.1, "Plan Width": 32}]}, "Triggers": [], "Planning Time": 22.195, "Execution Time": 0.339}]]]}
{"start_time": 1569073736.8309813, "plan": [[[{"Plan": {"Actual Startup Time": 0.068, "Plan Rows": 1, "Node Type": "Aggregate", "Actual Loops": 1, "Actual Total Time": 0.068, "Actual Rows": 1, "Plan Width": 32, "Startup Cost": 78557.49, "Strategy": "Plain", "Total Cost": 78557.5, "Plans": [{"Actual Startup Time": 0.065, "Plan Rows": 1, "Join Filter": "(mi.movie_id = t.id)", "Actual Loops": 1, "Startup Cost": 74.68, "Rows Removed by Join Filter": 0, "Plans": [{"Actual Startup Time": 0.065, "Plan Rows": 1, "Join Filter": "(ci.person_id = n.id)", "Actual Loops": 1, "Startup Cost": 74.25, "Rows Removed by Join Filter": 0, "Plans": [{"Actual Startup Time": 0.065, "Plan Rows": 1, "Actual Loops": 1, "Startup Cost": 73.82, "Plans": [{"Actual Startup Time": 0.064, "Plan Rows": 1, "Actual Loops": 1, "Startup Cost": 73.4, "Plans": [{"Actual Startup Time": 0.063, "Plan Rows": 1, "Join Filter": "(ci.movie_id = mi.movie_id)", "Actual Loops": 1, "Startup Cost": 72.97, "Rows Removed by Join Filter": 0, "Plans": [{"Actual Startup Time": 0.063, "Plan Rows": 1, "Actual Loops": 1, "Startup Cost": 49.73, "Hash Cond": "(an.person_id = ci.person_id)", "Plans": [{"Actual Startup Time": 0.009, "Plan Rows": 902055, "Actual Loops": 1, "Startup Cost": 0.0, "Alias": "an", "Node Type": "Seq Scan", "Actual Total Time": 0.009, "Actual Rows": 1, "Parent Relationship": "Outer", "Relation Name": "aka_name", "Total Cost": 20425.55, "Plan Width": 4}, {"Actual Startup Time": 0.001, "Plan Rows": 1, "Peak Memory Usage": 8, "Actual Loops": 1, "Startup Cost": 49.71, "Original Hash Batches": 1, "Plans": [{"Actual Startup Time": 0.001, "Plan Rows": 1, "Actual Loops": 1, "Startup Cost": 18.93, "Hash Cond": "(ci.role_id = rt.id)", "Plans": [{"Actual Startup Time": 0.0, "Plan Rows": 44, "Actual Loops": 1, "Rows Removed by Filter": 0, "Startup Cost": 0.0, "Alias": "ci", "Node Type": "Seq Scan", "Actual Total Time": 0.0, "Actual Rows": 0, "Relation Name": "cast_info", "Filter": "(note = ANY ('{\"(as Long Tien Cheung)\",\"(as Dale ''Apollo'' Cook)\",\"(as Bhasker)\",\"(as Roggerio Matteo)\",\"(as Rev. Father Brusey)\",\"(as Ramblin'' Jack Eliott)\",\"(as Jos\u00e9 M\u00aa Guzm\u00e1n)\",\"(voice) (as Mark Reis)\",\"(voice) (as Horv\u00e1th K\u00e1roly)\"}'::text[]))", "Parent Relationship": "Outer", "Total Cost": 30.61, "Plan Width": 16}, {"Actual Startup Time": 0.0, "Plan Rows": 4, "Node Type": "Hash", "Actual Loops": 0, "Actual Total Time": 0.0, "Actual Rows": 0, "Startup Cost": 18.88, "Plan Width": 4, "Parent Relationship": "Inner", "Total Cost": 18.88, "Plans": [{"Actual Startup Time": 0.0, "Plan Rows": 4, "Actual Loops": 0, "Rows Removed by Filter": 0, "Startup Cost": 0.0, "Alias": "rt", "Node Type": "Seq Scan", "Actual Total Time": 0.0, "Actual Rows": 0, "Relation Name": "role_type", "Filter": "((role)::text = 'actor'::text)", "Parent Relationship": "Outer", "Total Cost": 18.88, "Plan Width": 4}]}], "Join Type": "Inner", "Node Type": "Hash Join", "Actual Total Time": 0.001, "Actual Rows": 0, "Parent Relationship": "Outer", "Total Cost": 49.71, "Plan Width": 12}], "Hash Buckets": 1024, "Original Hash Buckets": 1024, "Node Type": "Hash", "Actual Total Time": 0.001, "Actual Rows": 0, "Parent Relationship": "Inner", "Hash Batches": 1, "Total Cost": 49.71, "Plan Width": 12}], "Join Type": "Inner", "Node Type": "Hash Join", "Actual Total Time": 0.063, "Actual Rows": 0, "Parent Relationship": "Outer", "Total Cost": 23858.0, "Plan Width": 16}, {"Actual Startup Time": 0.0, "Plan Rows": 22, "Actual Loops": 0, "Startup Cost": 23.24, "Hash Cond": "(mc.movie_id = mi.movie_id)", "Plans": [{"Actual Startup Time": 0.0, "Plan Rows": 2609129, "Actual Loops": 0, "Startup Cost": 0.0, "Alias": "mc", "Node Type": "Seq Scan", "Actual Total Time": 0.0, "Actual Rows": 0, "Parent Relationship": "Outer", "Relation Name": "movie_companies", "Total Cost": 44881.29, "Plan Width": 8}, {"Actual Startup Time": 0.0, "Plan Rows": 4, "Node Type": "Hash", "Actual Loops": 0, "Actual Total Time": 0.0, "Actual Rows": 0, "Startup Cost": 23.19, "Plan Width": 4, "Parent Relationship": "Inner", "Total Cost": 23.19, "Plans": [{"Actual Startup Time": 0.0, "Plan Rows": 4, "Actual Loops": 0, "Startup Cost": 2.43, "Hash Cond": "(mi.info_type_id = it.id)", "Plans": [{"Actual Startup Time": 0.0, "Plan Rows": 780, "Actual Loops": 0, "Startup Cost": 0.0, "Alias": "mi", "Node Type": "Seq Scan", "Actual Total Time": 0.0, "Actual Rows": 0, "Parent Relationship": "Outer", "Relation Name": "movie_info", "Total Cost": 17.8, "Plan Width": 8}, {"Actual Startup Time": 0.0, "Plan Rows": 1, "Node Type": "Hash", "Actual Loops": 0, "Actual Total Time": 0.0, "Actual Rows": 0, "Startup Cost": 2.41, "Plan Width": 4, "Parent Relationship": "Inner", "Total Cost": 2.41, "Plans": [{"Actual Startup Time": 0.0, "Plan Rows": 1, "Actual Loops": 0, "Rows Removed by Filter": 0, "Startup Cost": 0.0, "Alias": "it", "Node Type": "Seq Scan", "Actual Total Time": 0.0, "Actual Rows": 0, "Relation Name": "info_type", "Filter": "((info)::text = 'release dates'::text)", "Parent Relationship": "Outer", "Total Cost": 2.41, "Plan Width": 4}]}], "Join Type": "Inner", "Node Type": "Hash Join", "Actual Total Time": 0.0, "Actual Rows": 0, "Parent Relationship": "Outer", "Total Cost": 23.19, "Plan Width": 4}]}], "Join Type": "Inner", "Node Type": "Hash Join", "Actual Total Time": 0.0, "Actual Rows": 0, "Parent Relationship": "Inner", "Total Cost": 54688.98, "Plan Width": 12}], "Join Type": "Inner", "Node Type": "Nested Loop", "Actual Total Time": 0.063, "Actual Rows": 0, "Parent Relationship": "Outer", "Total Cost": 78547.26, "Plan Width": 28}, {"Index Name": "char_name_pkey", "Actual Startup Time": 0.0, "Relation Name": "char_name", "Actual Loops": 0, "Plan Rows": 1, "Startup Cost": 0.43, "Rows Removed by Index Recheck": 0, "Parent Relationship": "Inner", "Alias": "chn", "Node Type": "Index Only Scan", "Scan Direction": "Forward", "Actual Total Time": 0.0, "Actual Rows": 0, "Heap Fetches": 0, "Index Cond": "(id = ci.person_role_id)", "Total Cost": 8.45, "Plan Width": 4}], "Join Type": "Inner", "Node Type": "Nested Loop", "Actual Total Time": 0.064, "Actual Rows": 0, "Parent Relationship": "Outer", "Total Cost": 78555.72, "Plan Width": 24}, {"Index Name": "company_name_pkey", "Actual Startup Time": 0.0, "Relation Name": "company_name", "Actual Loops": 0, "Plan Rows": 1, "Startup Cost": 0.42, "Rows Removed by Index Recheck": 0, "Rows Removed by Filter": 0, "Alias": "cn", "Node Type": "Index Scan", "Scan Direction": "Forward", "Actual Total Time": 0.0, "Actual Rows": 0, "Index Cond": "(id = mc.company_id)", "Filter": "((country_code)::text = '[gb]'::text)", "Parent Relationship": "Inner", "Total Cost": 0.45, "Plan Width": 4}], "Join Type": "Inner", "Node Type": "Nested Loop", "Actual Total Time": 0.065, "Actual Rows": 0, "Parent Relationship": "Outer", "Total Cost": 78556.17, "Plan Width": 20}, {"Index Name": "name_pkey", "Actual Startup Time": 0.0, "Relation Name": "name", "Actual Loops": 0, "Plan Rows": 1, "Startup Cost": 0.43, "Rows Removed by Index Recheck": 0, "Rows Removed by Filter": 0, "Alias": "n", "Node Type": "Index Scan", "Scan Direction": "Forward", "Actual Total Time": 0.0, "Actual Rows": 0, "Index Cond": "(id = an.person_id)", "Filter": "((gender)::text = 'm'::text)", "Parent Relationship": "Inner", "Total Cost": 0.76, "Plan Width": 19}], "Join Type": "Inner", "Node Type": "Nested Loop", "Actual Total Time": 0.065, "Actual Rows": 0, "Parent Relationship": "Outer", "Total Cost": 78556.95, "Plan Width": 27}, {"Index Name": "title_pkey", "Actual Startup Time": 0.0, "Relation Name": "title", "Actual Loops": 0, "Plan Rows": 1, "Startup Cost": 0.43, "Rows Removed by Index Recheck": 0, "Rows Removed by Filter": 0, "Alias": "t", "Node Type": "Index Scan", "Scan Direction": "Forward", "Actual Total Time": 0.0, "Actual Rows": 0, "Index Cond": "(id = mc.movie_id)", "Filter": "(production_year > 1991)", "Parent Relationship": "Inner", "Total Cost": 0.52, "Plan Width": 21}], "Join Type": "Inner", "Node Type": "Nested Loop", "Actual Total Time": 0.065, "Actual Rows": 0, "Parent Relationship": "Outer", "Total Cost": 78557.48, "Plan Width": 32}]}, "Triggers": [], "Planning Time": 33.918, "Execution Time": 0.439}]]]}
{"start_time": 1569073736.8309813, "plan": [[[{"Plan": {"Actual Startup Time": 0.07, "Plan Rows": 1, "Node Type": "Aggregate", "Actual Loops": 1, "Actual Total Time": 0.07, "Actual Rows": 1, "Plan Width": 32, "Startup Cost": 78553.79, "Strategy": "Plain", "Total Cost": 78553.8, "Plans": [{"Actual Startup Time": 0.067, "Plan Rows": 1, "Join Filter": "(mi.movie_id = t.id)", "Actual Loops": 1, "Startup Cost": 70.98, "Rows Removed by Join Filter": 0, "Plans": [{"Actual Startup Time": 0.067, "Plan Rows": 1, "Join Filter": "(ci.person_id = n.id)", "Actual Loops": 1, "Startup Cost": 70.55, "Rows Removed by Join Filter": 0, "Plans": [{"Actual Startup Time": 0.067, "Plan Rows": 1, "Actual Loops": 1, "Startup Cost": 70.12, "Plans": [{"Actual Startup Time": 0.067, "Plan Rows": 1, "Actual Loops": 1, "Startup Cost": 69.7, "Plans": [{"Actual Startup Time": 0.067, "Plan Rows": 1, "Join Filter": "(ci.movie_id = mi.movie_id)", "Actual Loops": 1, "Startup Cost": 69.27, "Rows Removed by Join Filter": 0, "Plans": [{"Actual Startup Time": 0.066, "Plan Rows": 1, "Actual Loops": 1, "Startup Cost": 46.03, "Hash Cond": "(an.person_id = ci.person_id)", "Plans": [{"Actual Startup Time": 0.009, "Plan Rows": 902055, "Actual Loops": 1, "Startup Cost": 0.0, "Alias": "an", "Node Type": "Seq Scan", "Actual Total Time": 0.009, "Actual Rows": 1, "Parent Relationship": "Outer", "Relation Name": "aka_name", "Total Cost": 20425.55, "Plan Width": 4}, {"Actual Startup Time": 0.001, "Plan Rows": 1, "Peak Memory Usage": 8, "Actual Loops": 1, "Startup Cost": 46.02, "Original Hash Batches": 1, "Plans": [{"Actual Startup Time": 0.001, "Plan Rows": 1, "Actual Loops": 1, "Startup Cost": 18.93, "Hash Cond": "(ci.role_id = rt.id)", "Plans": [{"Actual Startup Time": 0.001, "Plan Rows": 29, "Actual Loops": 1, "Rows Removed by Filter": 0, "Startup Cost": 0.0, "Alias": "ci", "Node Type": "Seq Scan", "Actual Total Time": 0.001, "Actual Rows": 0, "Relation Name": "cast_info", "Filter": "(note = ANY ('{\"(segment ''Lost Command'')\",\"(as Lt Col Philip Westwood)\",\"(as Christopher Brent)\",\"(singing voice) (as Georges Blanes)\",\"(as J.M. Henry)\",\"(as Jim Stathis)\"}'::text[]))", "Parent Relationship": "Outer", "Total Cost": 26.98, "Plan Width": 16}, {"Actual Startup Time": 0.0, "Plan Rows": 4, "Node Type": "Hash", "Actual Loops": 0, "Actual Total Time": 0.0, "Actual Rows": 0, "Startup Cost": 18.88, "Plan Width": 4, "Parent Relationship": "Inner", "Total Cost": 18.88, "Plans": [{"Actual Startup Time": 0.0, "Plan Rows": 4, "Actual Loops": 0, "Rows Removed by Filter": 0, "Startup Cost": 0.0, "Alias": "rt", "Node Type": "Seq Scan", "Actual Total Time": 0.0, "Actual Rows": 0, "Relation Name": "role_type", "Filter": "((role)::text = 'actor'::text)", "Parent Relationship": "Outer", "Total Cost": 18.88, "Plan Width": 4}]}], "Join Type": "Inner", "Node Type": "Hash Join", "Actual Total Time": 0.001, "Actual Rows": 0, "Parent Relationship": "Outer", "Total Cost": 46.02, "Plan Width": 12}], "Hash Buckets": 1024, "Original Hash Buckets": 1024, "Node Type": "Hash", "Actual Total Time": 0.001, "Actual Rows": 0, "Parent Relationship": "Inner", "Hash Batches": 1, "Total Cost": 46.02, "Plan Width": 12}], "Join Type": "Inner", "Node Type": "Hash Join", "Actual Total Time": 0.066, "Actual Rows": 0, "Parent Relationship": "Outer", "Total Cost": 23854.31, "Plan Width": 16}, {"Actual Startup Time": 0.0, "Plan Rows": 22, "Actual Loops": 0, "Startup Cost": 23.24, "Hash Cond": "(mc.movie_id = mi.movie_id)", "Plans": [{"Actual Startup Time": 0.0, "Plan Rows": 2609129, "Actual Loops": 0, "Startup Cost": 0.0, "Alias": "mc", "Node Type": "Seq Scan", "Actual Total Time": 0.0, "Actual Rows": 0, "Parent Relationship": "Outer", "Relation Name": "movie_companies", "Total Cost": 44881.29, "Plan Width": 8}, {"Actual Startup Time": 0.0, "Plan Rows": 4, "Node Type": "Hash", "Actual Loops": 0, "Actual Total Time": 0.0, "Actual Rows": 0, "Startup Cost": 23.19, "Plan Width": 4, "Parent Relationship": "Inner", "Total Cost": 23.19, "Plans": [{"Actual Startup Time": 0.0, "Plan Rows": 4, "Actual Loops": 0, "Startup Cost": 2.43, "Hash Cond": "(mi.info_type_id = it.id)", "Plans": [{"Actual Startup Time": 0.0, "Plan Rows": 780, "Actual Loops": 0, "Startup Cost": 0.0, "Alias": "mi", "Node Type": "Seq Scan", "Actual Total Time": 0.0, "Actual Rows": 0, "Parent Relationship": "Outer", "Relation Name": "movie_info", "Total Cost": 17.8, "Plan Width": 8}, {"Actual Startup Time": 0.0, "Plan Rows": 1, "Node Type": "Hash", "Actual Loops": 0, "Actual Total Time": 0.0, "Actual Rows": 0, "Startup Cost": 2.41, "Plan Width": 4, "Parent Relationship": "Inner", "Total Cost": 2.41, "Plans": [{"Actual Startup Time": 0.0, "Plan Rows": 1, "Actual Loops": 0, "Rows Removed by Filter": 0, "Startup Cost": 0.0, "Alias": "it", "Node Type": "Seq Scan", "Actual Total Time": 0.0, "Actual Rows": 0, "Relation Name": "info_type", "Filter": "((info)::text = 'release dates'::text)", "Parent Relationship": "Outer", "Total Cost": 2.41, "Plan Width": 4}]}], "Join Type": "Inner", "Node Type": "Hash Join", "Actual Total Time": 0.0, "Actual Rows": 0, "Parent Relationship": "Outer", "Total Cost": 23.19, "Plan Width": 4}]}], "Join Type": "Inner", "Node Type": "Hash Join", "Actual Total Time": 0.0, "Actual Rows": 0, "Parent Relationship": "Inner", "Total Cost": 54688.98, "Plan Width": 12}], "Join Type": "Inner", "Node Type": "Nested Loop", "Actual Total Time": 0.067, "Actual Rows": 0, "Parent Relationship": "Outer", "Total Cost": 78543.57, "Plan Width": 28}, {"Index Name": "char_name_pkey", "Actual Startup Time": 0.0, "Relation Name": "char_name", "Actual Loops": 0, "Plan Rows": 1, "Startup Cost": 0.43, "Rows Removed by Index Recheck": 0, "Parent Relationship": "Inner", "Alias": "chn", "Node Type": "Index Only Scan", "Scan Direction": "Forward", "Actual Total Time": 0.0, "Actual Rows": 0, "Heap Fetches": 0, "Index Cond": "(id = ci.person_role_id)", "Total Cost": 8.45, "Plan Width": 4}], "Join Type": "Inner", "Node Type": "Nested Loop", "Actual Total Time": 0.067, "Actual Rows": 0, "Parent Relationship": "Outer", "Total Cost": 78552.02, "Plan Width": 24}, {"Index Name": "company_name_pkey", "Actual Startup Time": 0.0, "Relation Name": "company_name", "Actual Loops": 0, "Plan Rows": 1, "Startup Cost": 0.42, "Rows Removed by Index Recheck": 0, "Rows Removed by Filter": 0, "Alias": "cn", "Node Type": "Index Scan", "Scan Direction": "Forward", "Actual Total Time": 0.0, "Actual Rows": 0, "Index Cond": "(id = mc.company_id)", "Filter": "((country_code)::text = '[ch]'::text)", "Parent Relationship": "Inner", "Total Cost": 0.45, "Plan Width": 4}], "Join Type": "Inner", "Node Type": "Nested Loop", "Actual Total Time": 0.067, "Actual Rows": 0, "Parent Relationship": "Outer", "Total Cost": 78552.48, "Plan Width": 20}, {"Index Name": "name_pkey", "Actual Startup Time": 0.0, "Relation Name": "name", "Actual Loops": 0, "Plan Rows": 1, "Startup Cost": 0.43, "Rows Removed by Index Recheck": 0, "Rows Removed by Filter": 0, "Alias": "n", "Node Type": "Index Scan", "Scan Direction": "Forward", "Actual Total Time": 0.0, "Actual Rows": 0, "Index Cond": "(id = an.person_id)", "Filter": "((gender)::text = 'm'::text)", "Parent Relationship": "Inner", "Total Cost": 0.76, "Plan Width": 19}], "Join Type": "Inner", "Node Type": "Nested Loop", "Actual Total Time": 0.067, "Actual Rows": 0, "Parent Relationship": "Outer", "Total Cost": 78553.26, "Plan Width": 27}, {"Index Name": "title_pkey", "Actual Startup Time": 0.0, "Relation Name": "title", "Actual Loops": 0, "Plan Rows": 1, "Startup Cost": 0.43, "Rows Removed by Index Recheck": 0, "Rows Removed by Filter": 0, "Alias": "t", "Node Type": "Index Scan", "Scan Direction": "Forward", "Actual Total Time": 0.0, "Actual Rows": 0, "Index Cond": "(id = mc.movie_id)", "Filter": "(production_year > 1999)", "Parent Relationship": "Inner", "Total Cost": 0.52, "Plan Width": 21}], "Join Type": "Inner", "Node Type": "Nested Loop", "Actual Total Time": 0.067, "Actual Rows": 0, "Parent Relationship": "Outer", "Total Cost": 78553.79, "Plan Width": 32}]}, "Triggers": [], "Planning Time": 35.506, "Execution Time": 0.456}]]]}
