{"start_time": 1569073704.4686427, "plan": [[[{"Plan": {"Actual Startup Time": 0.142, "Plan Rows": 1, "Node Type": "Aggregate", "Actual Loops": 1, "Actual Total Time": 0.142, "Actual Rows": 1, "Plan Width": 22, "Startup Cost": 113344.56, "Strategy": "Plain", "Total Cost": 113344.57, "Plans": [{"Actual Startup Time": 0.139, "Plan Rows": 1, "Actual Loops": 1, "Startup Cost": 32.86, "Plans": [{"Actual Startup Time": 0.139, "Plan Rows": 1, "Join Filter": "(mi.movie_id = t.id)", "Actual Loops": 1, "Startup Cost": 32.71, "Rows Removed by Join Filter": 0, "Plans": [{"Actual Startup Time": 0.139, "Plan Rows": 1, "Join Filter": "(mi_idx.movie_id = mi.movie_id)", "Actual Loops": 1, "Startup Cost": 32.28, "Rows Removed by Join Filter": 0, "Plans": [{"Actual Startup Time": 0.137, "Plan Rows": 1, "Actual Loops": 1, "Startup Cost": 29.86, "Plans": [{"Actual Startup Time": 0.137, "Plan Rows": 47, "Actual Loops": 1, "Startup Cost": 29.44, "Hash Cond": "(mk.movie_id = mi.movie_id)", "Plans": [{"Actual Startup Time": 0.021, "Plan Rows": 4523930, "Actual Loops": 1, "Startup Cost": 0.0, "Alias": "mk", "Node Type": "Seq Scan", "Actual Total Time": 0.021, "Actual Rows": 1, "Parent Relationship": "Outer", "Relation Name": "movie_keyword", "Total Cost": 69693.3, "Plan Width": 8}, {"Actual Startup Time": 0.062, "Plan Rows": 1, "Peak Memory Usage": 8, "Actual Loops": 1, "Startup Cost": 29.43, "Original Hash Batches": 1, "Plans": [{"Actual Startup Time": 0.062, "Plan Rows": 1, "Join Filter": "(it1.id = mi.info_type_id)", "Actual Loops": 1, "Startup Cost": 0.0, "Rows Removed by Join Filter": 0, "Plans": [{"Actual Startup Time": 0.016, "Plan Rows": 1, "Actual Loops": 1, "Rows Removed by Filter": 112, "Startup Cost": 0.0, "Alias": "it1", "Node Type": "Seq Scan", "Actual Total Time": 0.058, "Actual Rows": 1, "Relation Name": "info_type", "Filter": "((info)::text = 'countries'::text)", "Parent Relationship": "Outer", "Total Cost": 2.41, "Plan Width": 4}, {"Actual Startup Time": 0.0, "Plan Rows": 35, "Actual Loops": 1, "Rows Removed by Filter": 0, "Startup Cost": 0.0, "Alias": "mi", "Node Type": "Seq Scan", "Actual Total Time": 0.0, "Actual Rows": 0, "Relation Name": "movie_info", "Filter": "(info = ANY ('{\"Serbia and Montenegro\",\"Sri Lanka\",Yugoslavia,Malaysia,\"Sierra Leone\",India,Spain,\"South Africa\",Aruba}'::text[]))", "Parent Relationship": "Inner", "Total Cost": 26.57, "Plan Width": 8}], "Join Type": "Inner", "Node Type": "Nested Loop", "Actual Total Time": 0.062, "Actual Rows": 0, "Parent Relationship": "Outer", "Total Cost": 29.43, "Plan Width": 4}], "Hash Buckets": 1024, "Original Hash Buckets": 1024, "Node Type": "Hash", "Actual Total Time": 0.062, "Actual Rows": 0, "Parent Relationship": "Inner", "Hash Batches": 1, "Total Cost": 29.43, "Plan Width": 4}], "Join Type": "Inner", "Node Type": "Hash Join", "Actual Total Time": 0.137, "Actual Rows": 0, "Parent Relationship": "Outer", "Total Cost": 86687.95, "Plan Width": 12}, {"Index Name": "keyword_pkey", "Actual Startup Time": 0.0, "Relation Name": "keyword", "Actual Loops": 0, "Plan Rows": 1, "Startup Cost": 0.42, "Rows Removed by Index Recheck": 0, "Rows Removed by Filter": 0, "Alias": "k", "Node Type": "Index Scan", "Scan Direction": "Forward", "Actual Total Time": 0.0, "Actual Rows": 0, "Index Cond": "(id = mk.keyword_id)", "Filter": "(keyword = ANY ('{nursing-animal,complaint,weathering,california-history,christian-hymn,heathendom,multicultural,clorox,nest-of-spies}'::text[]))", "Parent Relationship": "Inner", "Total Cost": 0.45, "Plan Width": 4}], "Join Type": "Inner", "Node Type": "Nested Loop", "Actual Total Time": 0.137, "Actual Rows": 0, "Parent Relationship": "Outer", "Total Cost": 86709.57, "Plan Width": 8}, {"Actual Startup Time": 0.0, "Plan Rows": 3241, "Actual Loops": 0, "Startup Cost": 2.43, "Hash Cond": "(mi_idx.info_type_id = it2.id)", "Plans": [{"Actual Startup Time": 0.0, "Plan Rows": 366269, "Actual Loops": 0, "Rows Removed by Filter": 0, "Startup Cost": 0.0, "Alias": "mi_idx", "Node Type": "Seq Scan", "Actual Total Time": 0.0, "Actual Rows": 0, "Relation Name": "movie_info_idx", "Filter": "(info > '6.1'::text)", "Parent Relationship": "Outer", "Total Cost": 25185.44, "Plan Width": 13}, {"Actual Startup Time": 0.0, "Plan Rows": 1, "Node Type": "Hash", "Actual Loops": 0, "Actual Total Time": 0.0, "Actual Rows": 0, "Startup Cost": 2.41, "Plan Width": 4, "Parent Relationship": "Inner", "Total Cost": 2.41, "Plans": [{"Actual Startup Time": 0.0, "Plan Rows": 1, "Actual Loops": 0, "Rows Removed by Filter": 0, "Startup Cost": 0.0, "Alias": "it2", "Node Type": "Seq Scan", "Actual Total Time": 0.0, "Actual Rows": 0, "Relation Name": "info_type", "Filter": "((info)::text = 'rating'::text)", "Parent Relationship": "Outer", "Total Cost": 2.41, "Plan Width": 4}]}], "Join Type": "Inner", "Node Type": "Hash Join", "Actual Total Time": 0.0, "Actual Rows": 0, "Parent Relationship": "Inner", "Total Cost": 26593.78, "Plan Width": 9}], "Join Type": "Inner", "Node Type": "Nested Loop", "Actual Total Time": 0.139, "Actual Rows": 0, "Parent Relationship": "Outer", "Total Cost": 113343.86, "Plan Width": 17}, {"Index Name": "title_pkey", "Actual Startup Time": 0.0, "Relation Name": "title", "Actual Loops": 0, "Plan Rows": 1, "Startup Cost": 0.43, "Rows Removed by Index Recheck": 0, "Rows Removed by Filter": 0, "Alias": "t", "Node Type": "Index Scan", "Scan Direction": "Forward", "Actual Total Time": 0.0, "Actual Rows": 0, "Index Cond": "(id = mk.movie_id)", "Filter": "((production_year > 1909) AND ((title ~~ '%Soeur%'::text) OR (title ~~ '%the%'::text) OR (title ~~ '%Hon%'::text)))", "Parent Relationship": "Inner", "Total Cost": 0.5, "Plan Width": 25}], "Join Type": "Inner", "Node Type": "Nested Loop", "Actual Total Time": 0.139, "Actual Rows": 0, "Parent Relationship": "Outer", "Total Cost": 113344.37, "Plan Width": 26}, {"Index Name": "kind_type_pkey", "Actual Startup Time": 0.0, "Relation Name": "kind_type", "Actual Loops": 0, "Plan Rows": 1, "Startup Cost": 0.15, "Rows Removed by Index Recheck": 0, "Rows Removed by Filter": 0, "Alias": "kt", "Node Type": "Index Scan", "Scan Direction": "Forward", "Actual Total Time": 0.0, "Actual Rows": 0, "Index Cond": "(id = t.kind_id)", "Filter": "((kind)::text = 'movie'::text)", "Parent Relationship": "Inner", "Total Cost": 0.17, "Plan Width": 4}], "Join Type": "Inner", "Node Type": "Nested Loop", "Actual Total Time": 0.139, "Actual Rows": 0, "Parent Relationship": "Outer", "Total Cost": 113344.55, "Plan Width": 22}]}, "Triggers": [], "Planning Time": 7.151, "Execution Time": 0.458}]]]}
{"start_time": 1569073704.4686427, "plan": [[[{"Plan": {"Actual Startup Time": 0.077, "Plan Rows": 1, "Node Type": "Aggregate", "Actual Loops": 1, "Actual Total Time": 0.077, "Actual Rows": 1, "Plan Width": 22, "Startup Cost": 114867.6, "Strategy": "Plain", "Total Cost": 114867.61, "Plans": [{"Actual Startup Time": 0.074, "Plan Rows": 1, "Actual Loops": 1, "Startup Cost": 33.57, "Plans": [{"Actual Startup Time": 0.074, "Plan Rows": 1, "Join Filter": "(mi.movie_id = t.id)", "Actual Loops": 1, "Startup Cost": 33.42, "Rows Removed by Join Filter": 0, "Plans": [{"Actual Startup Time": 0.074, "Plan Rows": 1, "Join Filter": "(mi_idx.movie_id = mi.movie_id)", "Actual Loops": 1, "Startup Cost": 32.99, "Rows Removed by Join Filter": 0, "Plans": [{"Actual Startup Time": 0.074, "Plan Rows": 1, "Actual Loops": 1, "Startup Cost": 30.56, "Plans": [{"Actual Startup Time": 0.074, "Plan Rows": 47, "Actual Loops": 1, "Startup Cost": 30.14, "Hash Cond": "(mk.movie_id = mi.movie_id)", "Plans": [{"Actual Startup Time": 0.021, "Plan Rows": 4523930, "Actual Loops": 1, "Startup Cost": 0.0, "Alias": "mk", "Node Type": "Seq Scan", "Actual Total Time": 0.021, "Actual Rows": 1, "Parent Relationship": "Outer", "Relation Name": "movie_keyword", "Total Cost": 69693.3, "Plan Width": 8}, {"Actual Startup Time": 0.001, "Plan Rows": 1, "Peak Memory Usage": 8, "Actual Loops": 1, "Startup Cost": 30.13, "Original Hash Batches": 1, "Plans": [{"Actual Startup Time": 0.001, "Plan Rows": 1, "Actual Loops": 1, "Startup Cost": 2.43, "Hash Cond": "(mi.info_type_id = it1.id)", "Plans": [{"Actual Startup Time": 0.001, "Plan Rows": 39, "Actual Loops": 1, "Rows Removed by Filter": 0, "Startup Cost": 0.0, "Alias": "mi", "Node Type": "Seq Scan", "Actual Total Time": 0.001, "Actual Rows": 0, "Relation Name": "movie_info", "Filter": "(info = ANY ('{USA,Norway,Grenada,Hungary,Switzerland,Croatia,Swaziland,Malta,Ukraine,\"Papua New Guinea\"}'::text[]))", "Parent Relationship": "Outer", "Total Cost": 27.55, "Plan Width": 8}, {"Actual Startup Time": 0.0, "Plan Rows": 1, "Node Type": "Hash", "Actual Loops": 0, "Actual Total Time": 0.0, "Actual Rows": 0, "Startup Cost": 2.41, "Plan Width": 4, "Parent Relationship": "Inner", "Total Cost": 2.41, "Plans": [{"Actual Startup Time": 0.0, "Plan Rows": 1, "Actual Loops": 0, "Rows Removed by Filter": 0, "Startup Cost": 0.0, "Alias": "it1", "Node Type": "Seq Scan", "Actual Total Time": 0.0, "Actual Rows": 0, "Relation Name": "info_type", "Filter": "((info)::text = 'countries'::text)", "Parent Relationship": "Outer", "Total Cost": 2.41, "Plan Width": 4}]}], "Join Type": "Inner", "Node Type": "Hash Join", "Actual Total Time": 0.001, "Actual Rows": 0, "Parent Relationship": "Outer", "Total Cost": 30.13, "Plan Width": 4}], "Hash Buckets": 1024, "Original Hash Buckets": 1024, "Node Type": "Hash", "Actual Total Time": 0.001, "Actual Rows": 0, "Parent Relationship": "Inner", "Hash Batches": 1, "Total Cost": 30.13, "Plan Width": 4}], "Join Type": "Inner", "Node Type": "Hash Join", "Actual Total Time": 0.074, "Actual Rows": 0, "Parent Relationship": "Outer", "Total Cost": 86688.65, "Plan Width": 12}, {"Index Name": "keyword_pkey", "Actual Startup Time": 0.0, "Relation Name": "keyword", "Actual Loops": 0, "Plan Rows": 1, "Startup Cost": 0.42, "Rows Removed by Index Recheck": 0, "Rows Removed by Filter": 0, "Alias": "k", "Node Type": "Index Scan", "Scan Direction": "Forward", "Actual Total Time": 0.0, "Actual Rows": 0, "Index Cond": "(id = mk.keyword_id)", "Filter": "(keyword = ANY ('{fictional-radio-show,telephone-repairwoman,sudbury-ontario,ringo-starr,tonfa,con-trick,reference-to-john-fowles}'::text[]))", "Parent Relationship": "Inner", "Total Cost": 0.45, "Plan Width": 4}], "Join Type": "Inner", "Node Type": "Nested Loop", "Actual Total Time": 0.074, "Actual Rows": 0, "Parent Relationship": "Outer", "Total Cost": 86710.15, "Plan Width": 8}, {"Actual Startup Time": 0.0, "Plan Rows": 6653, "Actual Loops": 0, "Startup Cost": 2.43, "Hash Cond": "(mi_idx.info_type_id = it2.id)", "Plans": [{"Actual Startup Time": 0.0, "Plan Rows": 751784, "Actual Loops": 0, "Rows Removed by Filter": 0, "Startup Cost": 0.0, "Alias": "mi_idx", "Node Type": "Seq Scan", "Actual Total Time": 0.0, "Actual Rows": 0, "Relation Name": "movie_info_idx", "Filter": "(info > '2.6'::text)", "Parent Relationship": "Outer", "Total Cost": 25185.44, "Plan Width": 13}, {"Actual Startup Time": 0.0, "Plan Rows": 1, "Node Type": "Hash", "Actual Loops": 0, "Actual Total Time": 0.0, "Actual Rows": 0, "Startup Cost": 2.41, "Plan Width": 4, "Parent Relationship": "Inner", "Total Cost": 2.41, "Plans": [{"Actual Startup Time": 0.0, "Plan Rows": 1, "Actual Loops": 0, "Rows Removed by Filter": 0, "Startup Cost": 0.0, "Alias": "it2", "Node Type": "Seq Scan", "Actual Total Time": 0.0, "Actual Rows": 0, "Relation Name": "info_type", "Filter": "((info)::text = 'rating'::text)", "Parent Relationship": "Outer", "Total Cost": 2.41, "Plan Width": 4}]}], "Join Type": "Inner", "Node Type": "Hash Join", "Actual Total Time": 0.0, "Actual Rows": 0, "Parent Relationship": "Inner", "Total Cost": 28073.58, "Plan Width": 9}], "Join Type": "Inner", "Node Type": "Nested Loop", "Actual Total Time": 0.074, "Actual Rows": 0, "Parent Relationship": "Outer", "Total Cost": 114866.9, "Plan Width": 17}, {"Index Name": "title_pkey", "Actual Startup Time": 0.0, "Relation Name": "title", "Actual Loops": 0, "Plan Rows": 1, "Startup Cost": 0.43, "Rows Removed by Index Recheck": 0, "Rows Removed by Filter": 0, "Alias": "t", "Node Type": "Index Scan", "Scan Direction": "Forward", "Actual Total Time": 0.0, "Actual Rows": 0, "Index Cond": "(id = mk.movie_id)", "Filter": "((production_year > 1978) AND ((title ~~ '%Night%'::text) OR (title ~~ '%How%'::text) OR (title ~~ '%\u00c1ngel%'::text)))", "Parent Relationship": "Inner", "Total Cost": 0.5, "Plan Width": 25}], "Join Type": "Inner", "Node Type": "Nested Loop", "Actual Total Time": 0.074, "Actual Rows": 0, "Parent Relationship": "Outer", "Total Cost": 114867.41, "Plan Width": 26}, {"Index Name": "kind_type_pkey", "Actual Startup Time": 0.0, "Relation Name": "kind_type", "Actual Loops": 0, "Plan Rows": 1, "Startup Cost": 0.15, "Rows Removed by Index Recheck": 0, "Rows Removed by Filter": 0, "Alias": "kt", "Node Type": "Index Scan", "Scan Direction": "Forward", "Actual Total Time": 0.0, "Actual Rows": 0, "Index Cond": "(id = t.kind_id)", "Filter": "((kind)::text = 'movie'::text)", "Parent Relationship": "Inner", "Total Cost": 0.17, "Plan Width": 4}], "Join Type": "Inner", "Node Type": "Nested Loop", "Actual Total Time": 0.074, "Actual Rows": 0, "Parent Relationship": "Outer", "Total Cost": 114867.59, "Plan Width": 22}]}, "Triggers": [], "Planning Time": 10.104, "Execution Time": 0.383}]]]}
{"start_time": 1569073704.4686427, "plan": [[[{"Plan": {"Actual Startup Time": 0.062, "Plan Rows": 1, "Node Type": "Aggregate", "Actual Loops": 1, "Actual Total Time": 0.062, "Actual Rows": 1, "Plan Width": 22, "Startup Cost": 114908.34, "Strategy": "Plain", "Total Cost": 114908.35, "Plans": [{"Actual Startup Time": 0.059, "Plan Rows": 1, "Actual Loops": 1, "Startup Cost": 35.55, "Plans": [{"Actual Startup Time": 0.059, "Plan Rows": 1, "Join Filter": "(mi.movie_id = t.id)", "Actual Loops": 1, "Startup Cost": 35.4, "Rows Removed by Join Filter": 0, "Plans": [{"Actual Startup Time": 0.059, "Plan Rows": 1, "Join Filter": "(mi_idx.movie_id = mi.movie_id)", "Actual Loops": 1, "Startup Cost": 34.97, "Rows Removed by Join Filter": 0, "Plans": [{"Actual Startup Time": 0.058, "Plan Rows": 1, "Actual Loops": 1, "Startup Cost": 32.54, "Plans": [{"Actual Startup Time": 0.058, "Plan Rows": 47, "Actual Loops": 1, "Startup Cost": 32.12, "Hash Cond": "(mk.movie_id = mi.movie_id)", "Plans": [{"Actual Startup Time": 0.015, "Plan Rows": 4523930, "Actual Loops": 1, "Startup Cost": 0.0, "Alias": "mk", "Node Type": "Seq Scan", "Actual Total Time": 0.015, "Actual Rows": 1, "Parent Relationship": "Outer", "Relation Name": "movie_keyword", "Total Cost": 69693.3, "Plan Width": 8}, {"Actual Startup Time": 0.001, "Plan Rows": 1, "Peak Memory Usage": 8, "Actual Loops": 1, "Startup Cost": 32.11, "Original Hash Batches": 1, "Plans": [{"Actual Startup Time": 0.001, "Plan Rows": 1, "Actual Loops": 1, "Startup Cost": 2.43, "Hash Cond": "(mi.info_type_id = it1.id)", "Plans": [{"Actual Startup Time": 0.001, "Plan Rows": 47, "Actual Loops": 1, "Rows Removed by Filter": 0, "Startup Cost": 0.0, "Alias": "mi", "Node Type": "Seq Scan", "Actual Total Time": 0.001, "Actual Rows": 0, "Relation Name": "movie_info", "Filter": "(info = ANY ('{Sudan,Serbia,\"Soviet Union\",UK,Belarus,Lithuania,\"American Samoa\",Portugal,\"Isle of Man\",Ukraine,Austria,Aruba}'::text[]))", "Parent Relationship": "Outer", "Total Cost": 29.5, "Plan Width": 8}, {"Actual Startup Time": 0.0, "Plan Rows": 1, "Node Type": "Hash", "Actual Loops": 0, "Actual Total Time": 0.0, "Actual Rows": 0, "Startup Cost": 2.41, "Plan Width": 4, "Parent Relationship": "Inner", "Total Cost": 2.41, "Plans": [{"Actual Startup Time": 0.0, "Plan Rows": 1, "Actual Loops": 0, "Rows Removed by Filter": 0, "Startup Cost": 0.0, "Alias": "it1", "Node Type": "Seq Scan", "Actual Total Time": 0.0, "Actual Rows": 0, "Relation Name": "info_type", "Filter": "((info)::text = 'countries'::text)", "Parent Relationship": "Outer", "Total Cost": 2.41, "Plan Width": 4}]}], "Join Type": "Inner", "Node Type": "Hash Join", "Actual Total Time": 0.001, "Actual Rows": 0, "Parent Relationship": "Outer", "Total Cost": 32.11, "Plan Width": 4}], "Hash Buckets": 1024, "Original Hash Buckets": 1024, "Node Type": "Hash", "Actual Total Time": 0.001, "Actual Rows": 0, "Parent Relationship": "Inner", "Hash Batches": 1, "Total Cost": 32.11, "Plan Width": 4}], "Join Type": "Inner", "Node Type": "Hash Join", "Actual Total Time": 0.058, "Actual Rows": 0, "Parent Relationship": "Outer", "Total Cost": 86690.63, "Plan Width": 12}, {"Index Name": "keyword_pkey", "Actual Startup Time": 0.0, "Relation Name": "keyword", "Actual Loops": 0, "Plan Rows": 1, "Startup Cost": 0.42, "Rows Removed by Index Recheck": 0, "Rows Removed by Filter": 0, "Alias": "k", "Node Type": "Index Scan", "Scan Direction": "Forward", "Actual Total Time": 0.0, "Actual Rows": 0, "Index Cond": "(id = mk.keyword_id)", "Filter": "(keyword = ANY ('{new-chapter,woman-in-love,tradition,shallow-grave,throwing-an-axe,chief-constable,pakistani-drama,wienermobile}'::text[]))", "Parent Relationship": "Inner", "Total Cost": 0.45, "Plan Width": 4}], "Join Type": "Inner", "Node Type": "Nested Loop", "Actual Total Time": 0.058, "Actual Rows": 0, "Parent Relationship": "Outer", "Total Cost": 86712.19, "Plan Width": 8}, {"Actual Startup Time": 0.0, "Plan Rows": 6740, "Actual Loops": 0, "Startup Cost": 2.43, "Hash Cond": "(mi_idx.info_type_id = it2.id)", "Plans": [{"Actual Startup Time": 0.0, "Plan Rows": 761584, "Actual Loops": 0, "Rows Removed by Filter": 0, "Startup Cost": 0.0, "Alias": "mi_idx", "Node Type": "Seq Scan", "Actual Total Time": 0.0, "Actual Rows": 0, "Relation Name": "movie_info_idx", "Filter": "(info > '2.5'::text)", "Parent Relationship": "Outer", "Total Cost": 25185.44, "Plan Width": 13}, {"Actual Startup Time": 0.0, "Plan Rows": 1, "Node Type": "Hash", "Actual Loops": 0, "Actual Total Time": 0.0, "Actual Rows": 0, "Startup Cost": 2.41, "Plan Width": 4, "Parent Relationship": "Inner", "Total Cost": 2.41, "Plans": [{"Actual Startup Time": 0.0, "Plan Rows": 1, "Actual Loops": 0, "Rows Removed by Filter": 0, "Startup Cost": 0.0, "Alias": "it2", "Node Type": "Seq Scan", "Actual Total Time": 0.0, "Actual Rows": 0, "Relation Name": "info_type", "Filter": "((info)::text = 'rating'::text)", "Parent Relationship": "Outer", "Total Cost": 2.41, "Plan Width": 4}]}], "Join Type": "Inner", "Node Type": "Hash Join", "Actual Total Time": 0.0, "Actual Rows": 0, "Parent Relationship": "Inner", "Total Cost": 28111.2, "Plan Width": 9}], "Join Type": "Inner", "Node Type": "Nested Loop", "Actual Total Time": 0.059, "Actual Rows": 0, "Parent Relationship": "Outer", "Total Cost": 114907.65, "Plan Width": 17}, {"Index Name": "title_pkey", "Actual Startup Time": 0.0, "Relation Name": "title", "Actual Loops": 0, "Plan Rows": 1, "Startup Cost": 0.43, "Rows Removed by Index Recheck": 0, "Rows Removed by Filter": 0, "Alias": "t", "Node Type": "Index Scan", "Scan Direction": "Forward", "Actual Total Time": 0.0, "Actual Rows": 0, "Index Cond": "(id = mk.movie_id)", "Filter": "((production_year > 1977) AND ((title ~~ '%Amanhecer%'::text) OR (title ~~ '%from%'::text) OR (title ~~ '%the%'::text)))", "Parent Relationship": "Inner", "Total Cost": 0.5, "Plan Width": 25}], "Join Type": "Inner", "Node Type": "Nested Loop", "Actual Total Time": 0.059, "Actual Rows": 0, "Parent Relationship": "Outer", "Total Cost": 114908.16, "Plan Width": 26}, {"Index Name": "kind_type_pkey", "Actual Startup Time": 0.0, "Relation Name": "kind_type", "Actual Loops": 0, "Plan Rows": 1, "Startup Cost": 0.15, "Rows Removed by Index Recheck": 0, "Rows Removed by Filter": 0, "Alias": "kt", "Node Type": "Index Scan", "Scan Direction": "Forward", "Actual Total Time": 0.0, "Actual Rows": 0, "Index Cond": "(id = t.kind_id)", "Filter": "((kind)::text = 'tv movie'::text)", "Parent Relationship": "Inner", "Total Cost": 0.17, "Plan Width": 4}], "Join Type": "Inner", "Node Type": "Nested Loop", "Actual Total Time": 0.059, "Actual Rows": 0, "Parent Relationship": "Outer", "Total Cost": 114908.34, "Plan Width": 22}]}, "Triggers": [], "Planning Time": 6.622, "Execution Time": 0.3}]]]}
{"start_time": 1569073704.4686427, "plan": [[[{"Plan": {"Actual Startup Time": 0.089, "Plan Rows": 1, "Node Type": "Aggregate", "Actual Loops": 1, "Actual Total Time": 0.089, "Actual Rows": 1, "Plan Width": 22, "Startup Cost": 114614.76, "Strategy": "Plain", "Total Cost": 114614.77, "Plans": [{"Actual Startup Time": 0.087, "Plan Rows": 1, "Actual Loops": 1, "Startup Cost": 30.81, "Plans": [{"Actual Startup Time": 0.086, "Plan Rows": 1, "Join Filter": "(mi.movie_id = t.id)", "Actual Loops": 1, "Startup Cost": 30.66, "Rows Removed by Join Filter": 0, "Plans": [{"Actual Startup Time": 0.086, "Plan Rows": 1, "Join Filter": "(mi_idx.movie_id = mi.movie_id)", "Actual Loops": 1, "Startup Cost": 30.23, "Rows Removed by Join Filter": 0, "Plans": [{"Actual Startup Time": 0.086, "Plan Rows": 1, "Actual Loops": 1, "Startup Cost": 27.81, "Plans": [{"Actual Startup Time": 0.086, "Plan Rows": 47, "Actual Loops": 1, "Startup Cost": 27.39, "Hash Cond": "(mk.movie_id = mi.movie_id)", "Plans": [{"Actual Startup Time": 0.014, "Plan Rows": 4523930, "Actual Loops": 1, "Startup Cost": 0.0, "Alias": "mk", "Node Type": "Seq Scan", "Actual Total Time": 0.014, "Actual Rows": 1, "Parent Relationship": "Outer", "Relation Name": "movie_keyword", "Total Cost": 69693.3, "Plan Width": 8}, {"Actual Startup Time": 0.031, "Plan Rows": 1, "Peak Memory Usage": 8, "Actual Loops": 1, "Startup Cost": 27.38, "Original Hash Batches": 1, "Plans": [{"Actual Startup Time": 0.03, "Plan Rows": 1, "Join Filter": "(it1.id = mi.info_type_id)", "Actual Loops": 1, "Startup Cost": 0.0, "Rows Removed by Join Filter": 0, "Plans": [{"Actual Startup Time": 0.01, "Plan Rows": 1, "Actual Loops": 1, "Rows Removed by Filter": 112, "Startup Cost": 0.0, "Alias": "it1", "Node Type": "Seq Scan", "Actual Total Time": 0.028, "Actual Rows": 1, "Relation Name": "info_type", "Filter": "((info)::text = 'countries'::text)", "Parent Relationship": "Outer", "Total Cost": 2.41, "Plan Width": 4}, {"Actual Startup Time": 0.0, "Plan Rows": 27, "Actual Loops": 1, "Rows Removed by Filter": 0, "Startup Cost": 0.0, "Alias": "mi", "Node Type": "Seq Scan", "Actual Total Time": 0.0, "Actual Rows": 0, "Relation Name": "movie_info", "Filter": "(info = ANY ('{\"U.S. Virgin Islands\",\"Occupied Palestinian Territory\",Seychelles,\"Sierra Leone\",Macau,Russia,\"South Africa\"}'::text[]))", "Parent Relationship": "Inner", "Total Cost": 24.62, "Plan Width": 8}], "Join Type": "Inner", "Node Type": "Nested Loop", "Actual Total Time": 0.03, "Actual Rows": 0, "Parent Relationship": "Outer", "Total Cost": 27.38, "Plan Width": 4}], "Hash Buckets": 1024, "Original Hash Buckets": 1024, "Node Type": "Hash", "Actual Total Time": 0.031, "Actual Rows": 0, "Parent Relationship": "Inner", "Hash Batches": 1, "Total Cost": 27.38, "Plan Width": 4}], "Join Type": "Inner", "Node Type": "Hash Join", "Actual Total Time": 0.086, "Actual Rows": 0, "Parent Relationship": "Outer", "Total Cost": 86685.9, "Plan Width": 12}, {"Index Name": "keyword_pkey", "Actual Startup Time": 0.0, "Relation Name": "keyword", "Actual Loops": 0, "Plan Rows": 1, "Startup Cost": 0.42, "Rows Removed by Index Recheck": 0, "Rows Removed by Filter": 0, "Alias": "k", "Node Type": "Index Scan", "Scan Direction": "Forward", "Actual Total Time": 0.0, "Actual Rows": 0, "Index Cond": "(id = mk.keyword_id)", "Filter": "(keyword = ANY ('{rock-star,cowgirl,sharp-x68000,impersonating-a-celebrity,test-your-strength,thorotrast,filing-fingernails,hate-radio,kangaroo-costume,bad-batch,drugs,seat-belt}'::text[]))", "Parent Relationship": "Inner", "Total Cost": 0.45, "Plan Width": 4}], "Join Type": "Inner", "Node Type": "Nested Loop", "Actual Total Time": 0.086, "Actual Rows": 0, "Parent Relationship": "Outer", "Total Cost": 86707.69, "Plan Width": 8}, {"Actual Startup Time": 0.0, "Plan Rows": 6092, "Actual Loops": 0, "Startup Cost": 2.43, "Hash Cond": "(mi_idx.info_type_id = it2.id)", "Plans": [{"Actual Startup Time": 0.0, "Plan Rows": 688383, "Actual Loops": 0, "Rows Removed by Filter": 0, "Startup Cost": 0.0, "Alias": "mi_idx", "Node Type": "Seq Scan", "Actual Total Time": 0.0, "Actual Rows": 0, "Relation Name": "movie_info_idx", "Filter": "(info > '3.3'::text)", "Parent Relationship": "Outer", "Total Cost": 25185.44, "Plan Width": 13}, {"Actual Startup Time": 0.0, "Plan Rows": 1, "Node Type": "Hash", "Actual Loops": 0, "Actual Total Time": 0.0, "Actual Rows": 0, "Startup Cost": 2.41, "Plan Width": 4, "Parent Relationship": "Inner", "Total Cost": 2.41, "Plans": [{"Actual Startup Time": 0.0, "Plan Rows": 1, "Actual Loops": 0, "Rows Removed by Filter": 0, "Startup Cost": 0.0, "Alias": "it2", "Node Type": "Seq Scan", "Actual Total Time": 0.0, "Actual Rows": 0, "Relation Name": "info_type", "Filter": "((info)::text = 'rating'::text)", "Parent Relationship": "Outer", "Total Cost": 2.41, "Plan Width": 4}]}], "Join Type": "Inner", "Node Type": "Hash Join", "Actual Total Time": 0.0, "Actual Rows": 0, "Parent Relationship": "Inner", "Total Cost": 27830.22, "Plan Width": 9}], "Join Type": "Inner", "Node Type": "Nested Loop", "Actual Total Time": 0.086, "Actual Rows": 0, "Parent Relationship": "Outer", "Total Cost": 114614.06, "Plan Width": 17}, {"Index Name": "title_pkey", "Actual Startup Time": 0.0, "Relation Name": "title", "Actual Loops": 0, "Plan Rows": 1, "Startup Cost": 0.43, "Rows Removed by Index Recheck": 0, "Rows Removed by Filter": 0, "Alias": "t", "Node Type": "Index Scan", "Scan Direction": "Forward", "Actual Total Time": 0.0, "Actual Rows": 0, "Index Cond": "(id = mk.movie_id)", "Filter": "((production_year > 1975) AND ((title ~~ '%Silva%'::text) OR (title ~~ '%besynderlige%'::text) OR (title ~~ '%The%'::text)))", "Parent Relationship": "Inner", "Total Cost": 0.5, "Plan Width": 25}], "Join Type": "Inner", "Node Type": "Nested Loop", "Actual Total Time": 0.086, "Actual Rows": 0, "Parent Relationship": "Outer", "Total Cost": 114614.57, "Plan Width": 26}, {"Index Name": "kind_type_pkey", "Actual Startup Time": 0.0, "Relation Name": "kind_type", "Actual Loops": 0, "Plan Rows": 1, "Startup Cost": 0.15, "Rows Removed by Index Recheck": 0, "Rows Removed by Filter": 0, "Alias": "kt", "Node Type": "Index Scan", "Scan Direction": "Forward", "Actual Total Time": 0.0, "Actual Rows": 0, "Index Cond": "(id = t.kind_id)", "Filter": "((kind)::text = 'movie'::text)", "Parent Relationship": "Inner", "Total Cost": 0.17, "Plan Width": 4}], "Join Type": "Inner", "Node Type": "Nested Loop", "Actual Total Time": 0.087, "Actual Rows": 0, "Parent Relationship": "Outer", "Total Cost": 114614.75, "Plan Width": 22}]}, "Triggers": [], "Planning Time": 6.33, "Execution Time": 0.302}]]]}
{"start_time": 1569073704.4686427, "plan": [[[{"Plan": {"Actual Startup Time": 0.064, "Plan Rows": 1, "Node Type": "Aggregate", "Actual Loops": 1, "Actual Total Time": 0.064, "Actual Rows": 1, "Plan Width": 22, "Startup Cost": 114617.22, "Strategy": "Plain", "Total Cost": 114617.23, "Plans": [{"Actual Startup Time": 0.061, "Plan Rows": 1, "Actual Loops": 1, "Startup Cost": 33.57, "Plans": [{"Actual Startup Time": 0.061, "Plan Rows": 1, "Join Filter": "(mi.movie_id = t.id)", "Actual Loops": 1, "Startup Cost": 33.42, "Rows Removed by Join Filter": 0, "Plans": [{"Actual Startup Time": 0.061, "Plan Rows": 1, "Join Filter": "(mi_idx.movie_id = mi.movie_id)", "Actual Loops": 1, "Startup Cost": 32.99, "Rows Removed by Join Filter": 0, "Plans": [{"Actual Startup Time": 0.06, "Plan Rows": 1, "Actual Loops": 1, "Startup Cost": 30.56, "Plans": [{"Actual Startup Time": 0.06, "Plan Rows": 47, "Actual Loops": 1, "Startup Cost": 30.14, "Hash Cond": "(mk.movie_id = mi.movie_id)", "Plans": [{"Actual Startup Time": 0.014, "Plan Rows": 4523930, "Actual Loops": 1, "Startup Cost": 0.0, "Alias": "mk", "Node Type": "Seq Scan", "Actual Total Time": 0.014, "Actual Rows": 1, "Parent Relationship": "Outer", "Relation Name": "movie_keyword", "Total Cost": 69693.3, "Plan Width": 8}, {"Actual Startup Time": 0.001, "Plan Rows": 1, "Peak Memory Usage": 8, "Actual Loops": 1, "Startup Cost": 30.13, "Original Hash Batches": 1, "Plans": [{"Actual Startup Time": 0.001, "Plan Rows": 1, "Actual Loops": 1, "Startup Cost": 2.43, "Hash Cond": "(mi.info_type_id = it1.id)", "Plans": [{"Actual Startup Time": 0.0, "Plan Rows": 39, "Actual Loops": 1, "Rows Removed by Filter": 0, "Startup Cost": 0.0, "Alias": "mi", "Node Type": "Seq Scan", "Actual Total Time": 0.0, "Actual Rows": 0, "Relation Name": "movie_info", "Filter": "(info = ANY ('{Canada,Liberia,Andorra,\"Serbia and Montenegro\",Montserrat,Norway,Myanmar,\"Antigua and Barbuda\",Luxembourg,Djibouti}'::text[]))", "Parent Relationship": "Outer", "Total Cost": 27.55, "Plan Width": 8}, {"Actual Startup Time": 0.0, "Plan Rows": 1, "Node Type": "Hash", "Actual Loops": 0, "Actual Total Time": 0.0, "Actual Rows": 0, "Startup Cost": 2.41, "Plan Width": 4, "Parent Relationship": "Inner", "Total Cost": 2.41, "Plans": [{"Actual Startup Time": 0.0, "Plan Rows": 1, "Actual Loops": 0, "Rows Removed by Filter": 0, "Startup Cost": 0.0, "Alias": "it1", "Node Type": "Seq Scan", "Actual Total Time": 0.0, "Actual Rows": 0, "Relation Name": "info_type", "Filter": "((info)::text = 'countries'::text)", "Parent Relationship": "Outer", "Total Cost": 2.41, "Plan Width": 4}]}], "Join Type": "Inner", "Node Type": "Hash Join", "Actual Total Time": 0.001, "Actual Rows": 0, "Parent Relationship": "Outer", "Total Cost": 30.13, "Plan Width": 4}], "Hash Buckets": 1024, "Original Hash Buckets": 1024, "Node Type": "Hash", "Actual Total Time": 0.001, "Actual Rows": 0, "Parent Relationship": "Inner", "Hash Batches": 1, "Total Cost": 30.13, "Plan Width": 4}], "Join Type": "Inner", "Node Type": "Hash Join", "Actual Total Time": 0.06, "Actual Rows": 0, "Parent Relationship": "Outer", "Total Cost": 86688.65, "Plan Width": 12}, {"Index Name": "keyword_pkey", "Actual Startup Time": 0.0, "Relation Name": "keyword", "Actual Loops": 0, "Plan Rows": 1, "Startup Cost": 0.42, "Rows Removed by Index Recheck": 0, "Rows Removed by Filter": 0, "Alias": "k", "Node Type": "Index Scan", "Scan Direction": "Forward", "Actual Total Time": 0.0, "Actual Rows": 0, "Index Cond": "(id = mk.keyword_id)", "Filter": "(keyword = ANY ('{head-in-a-tank,child-bombed,book-in-film-with-same-name,fire,ww2,knock-off,rufus-oregon}'::text[]))", "Parent Relationship": "Inner", "Total Cost": 0.45, "Plan Width": 4}], "Join Type": "Inner", "Node Type": "Nested Loop", "Actual Total Time": 0.06, "Actual Rows": 0, "Parent Relationship": "Outer", "Total Cost": 86710.15, "Plan Width": 8}, {"Actual Startup Time": 0.0, "Plan Rows": 6092, "Actual Loops": 0, "Startup Cost": 2.43, "Hash Cond": "(mi_idx.info_type_id = it2.id)", "Plans": [{"Actual Startup Time": 0.0, "Plan Rows": 688383, "Actual Loops": 0, "Rows Removed by Filter": 0, "Startup Cost": 0.0, "Alias": "mi_idx", "Node Type": "Seq Scan", "Actual Total Time": 0.0, "Actual Rows": 0, "Relation Name": "movie_info_idx", "Filter": "(info > '3.3'::text)", "Parent Relationship": "Outer", "Total Cost": 25185.44, "Plan Width": 13}, {"Actual Startup Time": 0.0, "Plan Rows": 1, "Node Type": "Hash", "Actual Loops": 0, "Actual Total Time": 0.0, "Actual Rows": 0, "Startup Cost": 2.41, "Plan Width": 4, "Parent Relationship": "Inner", "Total Cost": 2.41, "Plans": [{"Actual Startup Time": 0.0, "Plan Rows": 1, "Actual Loops": 0, "Rows Removed by Filter": 0, "Startup Cost": 0.0, "Alias": "it2", "Node Type": "Seq Scan", "Actual Total Time": 0.0, "Actual Rows": 0, "Relation Name": "info_type", "Filter": "((info)::text = 'rating'::text)", "Parent Relationship": "Outer", "Total Cost": 2.41, "Plan Width": 4}]}], "Join Type": "Inner", "Node Type": "Hash Join", "Actual Total Time": 0.0, "Actual Rows": 0, "Parent Relationship": "Inner", "Total Cost": 27830.22, "Plan Width": 9}], "Join Type": "Inner", "Node Type": "Nested Loop", "Actual Total Time": 0.061, "Actual Rows": 0, "Parent Relationship": "Outer", "Total Cost": 114616.52, "Plan Width": 17}, {"Index Name": "title_pkey", "Actual Startup Time": 0.0, "Relation Name": "title", "Actual Loops": 0, "Plan Rows": 1, "Startup Cost": 0.43, "Rows Removed by Index Recheck": 0, "Rows Removed by Filter": 0, "Alias": "t", "Node Type": "Index Scan", "Scan Direction": "Forward", "Actual Total Time": 0.0, "Actual Rows": 0, "Index Cond": "(id = mk.movie_id)", "Filter": "((production_year > 1907) AND ((title ~~ '%Ever%'::text) OR (title ~~ '%desastrosa%'::text) OR (title ~~ '%and%'::text)))", "Parent Relationship": "Inner", "Total Cost": 0.5, "Plan Width": 25}], "Join Type": "Inner", "Node Type": "Nested Loop", "Actual Total Time": 0.061, "Actual Rows": 0, "Parent Relationship": "Outer", "Total Cost": 114617.03, "Plan Width": 26}, {"Index Name": "kind_type_pkey", "Actual Startup Time": 0.0, "Relation Name": "kind_type", "Actual Loops": 0, "Plan Rows": 1, "Startup Cost": 0.15, "Rows Removed by Index Recheck": 0, "Rows Removed by Filter": 0, "Alias": "kt", "Node Type": "Index Scan", "Scan Direction": "Forward", "Actual Total Time": 0.0, "Actual Rows": 0, "Index Cond": "(id = t.kind_id)", "Filter": "((kind)::text = 'movie'::text)", "Parent Relationship": "Inner", "Total Cost": 0.17, "Plan Width": 4}], "Join Type": "Inner", "Node Type": "Nested Loop", "Actual Total Time": 0.061, "Actual Rows": 0, "Parent Relationship": "Outer", "Total Cost": 114617.21, "Plan Width": 22}]}, "Triggers": [], "Planning Time": 7.498, "Execution Time": 0.288}]]]}
{"start_time": 1569073704.4686427, "plan": [[[{"Plan": {"Actual Startup Time": 0.093, "Plan Rows": 1, "Node Type": "Aggregate", "Actual Loops": 1, "Actual Total Time": 0.093, "Actual Rows": 1, "Plan Width": 22, "Startup Cost": 115413.08, "Strategy": "Plain", "Total Cost": 115413.09, "Plans": [{"Actual Startup Time": 0.09, "Plan Rows": 1, "Actual Loops": 1, "Startup Cost": 23.28, "Plans": [{"Actual Startup Time": 0.09, "Plan Rows": 1, "Join Filter": "(mi.movie_id = t.id)", "Actual Loops": 1, "Startup Cost": 23.13, "Rows Removed by Join Filter": 0, "Plans": [{"Actual Startup Time": 0.09, "Plan Rows": 1, "Join Filter": "(mi_idx.movie_id = mi.movie_id)", "Actual Loops": 1, "Startup Cost": 22.7, "Rows Removed by Join Filter": 0, "Plans": [{"Actual Startup Time": 0.089, "Plan Rows": 1, "Actual Loops": 1, "Startup Cost": 20.27, "Plans": [{"Actual Startup Time": 0.089, "Plan Rows": 47, "Join Filter": "(mi.info_type_id = it1.id)", "Actual Loops": 1, "Startup Cost": 19.85, "Rows Removed by Join Filter": 0, "Plans": [{"Actual Startup Time": 0.012, "Plan Rows": 1, "Actual Loops": 1, "Rows Removed by Filter": 112, "Startup Cost": 0.0, "Alias": "it1", "Node Type": "Seq Scan", "Actual Total Time": 0.03, "Actual Rows": 1, "Relation Name": "info_type", "Filter": "((info)::text = 'countries'::text)", "Parent Relationship": "Outer", "Total Cost": 2.41, "Plan Width": 4}, {"Actual Startup Time": 0.057, "Plan Rows": 374, "Actual Loops": 1, "Startup Cost": 19.85, "Hash Cond": "(mk.movie_id = mi.movie_id)", "Plans": [{"Actual Startup Time": 0.012, "Plan Rows": 4523930, "Actual Loops": 1, "Startup Cost": 0.0, "Alias": "mk", "Node Type": "Seq Scan", "Actual Total Time": 0.012, "Actual Rows": 1, "Parent Relationship": "Outer", "Relation Name": "movie_keyword", "Total Cost": 69693.3, "Plan Width": 8}, {"Actual Startup Time": 0.001, "Plan Rows": 8, "Peak Memory Usage": 8, "Actual Loops": 1, "Startup Cost": 19.75, "Original Hash Batches": 1, "Plans": [{"Actual Startup Time": 0.0, "Plan Rows": 8, "Actual Loops": 1, "Rows Removed by Filter": 0, "Startup Cost": 0.0, "Alias": "mi", "Node Type": "Seq Scan", "Actual Total Time": 0.0, "Actual Rows": 0, "Relation Name": "movie_info", "Filter": "(info = ANY ('{\"Saint Vincent and the Grenadines\",USA}'::text[]))", "Parent Relationship": "Outer", "Total Cost": 19.75, "Plan Width": 8}], "Hash Buckets": 1024, "Original Hash Buckets": 1024, "Node Type": "Hash", "Actual Total Time": 0.001, "Actual Rows": 0, "Parent Relationship": "Inner", "Hash Batches": 1, "Total Cost": 19.75, "Plan Width": 8}], "Join Type": "Inner", "Node Type": "Hash Join", "Actual Total Time": 0.057, "Actual Rows": 0, "Parent Relationship": "Inner", "Total Cost": 86681.63, "Plan Width": 16}], "Join Type": "Inner", "Node Type": "Nested Loop", "Actual Total Time": 0.089, "Actual Rows": 0, "Parent Relationship": "Outer", "Total Cost": 86688.72, "Plan Width": 12}, {"Index Name": "keyword_pkey", "Actual Startup Time": 0.0, "Relation Name": "keyword", "Actual Loops": 0, "Plan Rows": 1, "Startup Cost": 0.42, "Rows Removed by Index Recheck": 0, "Rows Removed by Filter": 0, "Alias": "k", "Node Type": "Index Scan", "Scan Direction": "Forward", "Actual Total Time": 0.0, "Actual Rows": 0, "Index Cond": "(id = mk.keyword_id)", "Filter": "(keyword = ANY ('{arms-race,telling-story,condom-accident,hedge,habitual-criminal,photomodels,william-spence,stabbed-in-vagina}'::text[]))", "Parent Relationship": "Inner", "Total Cost": 0.45, "Plan Width": 4}], "Join Type": "Inner", "Node Type": "Nested Loop", "Actual Total Time": 0.089, "Actual Rows": 0, "Parent Relationship": "Outer", "Total Cost": 86710.28, "Plan Width": 8}, {"Actual Startup Time": 0.0, "Plan Rows": 7875, "Actual Loops": 0, "Startup Cost": 2.43, "Hash Cond": "(mi_idx.info_type_id = it2.id)", "Plans": [{"Actual Startup Time": 0.0, "Plan Rows": 889882, "Actual Loops": 0, "Rows Removed by Filter": 0, "Startup Cost": 0.0, "Alias": "mi_idx", "Node Type": "Seq Scan", "Actual Total Time": 0.0, "Actual Rows": 0, "Relation Name": "movie_info_idx", "Filter": "(info > '1.7'::text)", "Parent Relationship": "Outer", "Total Cost": 25185.44, "Plan Width": 13}, {"Actual Startup Time": 0.0, "Plan Rows": 1, "Node Type": "Hash", "Actual Loops": 0, "Actual Total Time": 0.0, "Actual Rows": 0, "Startup Cost": 2.41, "Plan Width": 4, "Parent Relationship": "Inner", "Total Cost": 2.41, "Plans": [{"Actual Startup Time": 0.0, "Plan Rows": 1, "Actual Loops": 0, "Rows Removed by Filter": 0, "Startup Cost": 0.0, "Alias": "it2", "Node Type": "Seq Scan", "Actual Total Time": 0.0, "Actual Rows": 0, "Relation Name": "info_type", "Filter": "((info)::text = 'rating'::text)", "Parent Relationship": "Outer", "Total Cost": 2.41, "Plan Width": 4}]}], "Join Type": "Inner", "Node Type": "Hash Join", "Actual Total Time": 0.0, "Actual Rows": 0, "Parent Relationship": "Inner", "Total Cost": 28603.67, "Plan Width": 9}], "Join Type": "Inner", "Node Type": "Nested Loop", "Actual Total Time": 0.09, "Actual Rows": 0, "Parent Relationship": "Outer", "Total Cost": 115412.38, "Plan Width": 17}, {"Index Name": "title_pkey", "Actual Startup Time": 0.0, "Relation Name": "title", "Actual Loops": 0, "Plan Rows": 1, "Startup Cost": 0.43, "Rows Removed by Index Recheck": 0, "Rows Removed by Filter": 0, "Alias": "t", "Node Type": "Index Scan", "Scan Direction": "Forward", "Actual Total Time": 0.0, "Actual Rows": 0, "Index Cond": "(id = mk.movie_id)", "Filter": "((production_year > 1939) AND ((title ~~ '%The%'::text) OR (title ~~ '%mentira%'::text) OR (title ~~ '%National%'::text)))", "Parent Relationship": "Inner", "Total Cost": 0.5, "Plan Width": 25}], "Join Type": "Inner", "Node Type": "Nested Loop", "Actual Total Time": 0.09, "Actual Rows": 0, "Parent Relationship": "Outer", "Total Cost": 115412.89, "Plan Width": 26}, {"Index Name": "kind_type_pkey", "Actual Startup Time": 0.0, "Relation Name": "kind_type", "Actual Loops": 0, "Plan Rows": 1, "Startup Cost": 0.15, "Rows Removed by Index Recheck": 0, "Rows Removed by Filter": 0, "Alias": "kt", "Node Type": "Index Scan", "Scan Direction": "Forward", "Actual Total Time": 0.0, "Actual Rows": 0, "Index Cond": "(id = t.kind_id)", "Filter": "((kind)::text = 'tv movie'::text)", "Parent Relationship": "Inner", "Total Cost": 0.17, "Plan Width": 4}], "Join Type": "Inner", "Node Type": "Nested Loop", "Actual Total Time": 0.09, "Actual Rows": 0, "Parent Relationship": "Outer", "Total Cost": 115413.07, "Plan Width": 22}]}, "Triggers": [], "Planning Time": 6.149, "Execution Time": 0.309}]]]}
{"start_time": 1569073705.0021899, "plan": [[[{"Plan": {"Actual Startup Time": 0.101, "Plan Rows": 1, "Node Type": "Aggregate", "Actual Loops": 1, "Actual Total Time": 0.102, "Actual Rows": 1, "Plan Width": 22, "Startup Cost": 115189.24, "Strategy": "Plain", "Total Cost": 115189.25, "Plans": [{"Actual Startup Time": 0.098, "Plan Rows": 1, "Actual Loops": 1, "Startup Cost": 31.84, "Plans": [{"Actual Startup Time": 0.096, "Plan Rows": 1, "Join Filter": "(mi.movie_id = t.id)", "Actual Loops": 1, "Startup Cost": 31.69, "Rows Removed by Join Filter": 0, "Plans": [{"Actual Startup Time": 0.096, "Plan Rows": 1, "Join Filter": "(mi_idx.movie_id = mi.movie_id)", "Actual Loops": 1, "Startup Cost": 31.26, "Rows Removed by Join Filter": 0, "Plans": [{"Actual Startup Time": 0.096, "Plan Rows": 1, "Actual Loops": 1, "Startup Cost": 28.83, "Plans": [{"Actual Startup Time": 0.096, "Plan Rows": 47, "Actual Loops": 1, "Startup Cost": 28.41, "Hash Cond": "(mk.movie_id = mi.movie_id)", "Plans": [{"Actual Startup Time": 0.018, "Plan Rows": 4523930, "Actual Loops": 1, "Startup Cost": 0.0, "Alias": "mk", "Node Type": "Seq Scan", "Actual Total Time": 0.018, "Actual Rows": 1, "Parent Relationship": "Outer", "Relation Name": "movie_keyword", "Total Cost": 69693.3, "Plan Width": 8}, {"Actual Startup Time": 0.036, "Plan Rows": 1, "Peak Memory Usage": 8, "Actual Loops": 1, "Startup Cost": 28.4, "Original Hash Batches": 1, "Plans": [{"Actual Startup Time": 0.035, "Plan Rows": 1, "Join Filter": "(it1.id = mi.info_type_id)", "Actual Loops": 1, "Startup Cost": 0.0, "Rows Removed by Join Filter": 0, "Plans": [{"Actual Startup Time": 0.014, "Plan Rows": 1, "Actual Loops": 1, "Rows Removed by Filter": 112, "Startup Cost": 0.0, "Alias": "it1", "Node Type": "Seq Scan", "Actual Total Time": 0.033, "Actual Rows": 1, "Relation Name": "info_type", "Filter": "((info)::text = 'countries'::text)", "Parent Relationship": "Outer", "Total Cost": 2.41, "Plan Width": 4}, {"Actual Startup Time": 0.0, "Plan Rows": 31, "Actual Loops": 1, "Rows Removed by Filter": 0, "Startup Cost": 0.0, "Alias": "mi", "Node Type": "Seq Scan", "Actual Total Time": 0.0, "Actual Rows": 0, "Relation Name": "movie_info", "Filter": "(info = ANY ('{Guatemala,\"Hong Kong\",Liechtenstein,Mexico,\"Occupied Palestinian Territory\",Jordan,Spain,Taiwan}'::text[]))", "Parent Relationship": "Inner", "Total Cost": 25.6, "Plan Width": 8}], "Join Type": "Inner", "Node Type": "Nested Loop", "Actual Total Time": 0.035, "Actual Rows": 0, "Parent Relationship": "Outer", "Total Cost": 28.4, "Plan Width": 4}], "Hash Buckets": 1024, "Original Hash Buckets": 1024, "Node Type": "Hash", "Actual Total Time": 0.036, "Actual Rows": 0, "Parent Relationship": "Inner", "Hash Batches": 1, "Total Cost": 28.4, "Plan Width": 4}], "Join Type": "Inner", "Node Type": "Hash Join", "Actual Total Time": 0.096, "Actual Rows": 0, "Parent Relationship": "Outer", "Total Cost": 86686.92, "Plan Width": 12}, {"Index Name": "keyword_pkey", "Actual Startup Time": 0.0, "Relation Name": "keyword", "Actual Loops": 0, "Plan Rows": 1, "Startup Cost": 0.42, "Rows Removed by Index Recheck": 0, "Rows Removed by Filter": 0, "Alias": "k", "Node Type": "Index Scan", "Scan Direction": "Forward", "Actual Total Time": 0.0, "Actual Rows": 0, "Index Cond": "(id = mk.keyword_id)", "Filter": "(keyword = ANY ('{sand-river,bluetooth,armenia,based-on-true-story,mise-en-scene,reference-to-isolde,wooden-hand,spotting-scope}'::text[]))", "Parent Relationship": "Inner", "Total Cost": 0.45, "Plan Width": 4}], "Join Type": "Inner", "Node Type": "Nested Loop", "Actual Total Time": 0.096, "Actual Rows": 0, "Parent Relationship": "Outer", "Total Cost": 86708.48, "Plan Width": 8}, {"Actual Startup Time": 0.0, "Plan Rows": 7377, "Actual Loops": 0, "Startup Cost": 2.43, "Hash Cond": "(mi_idx.info_type_id = it2.id)", "Plans": [{"Actual Startup Time": 0.0, "Plan Rows": 833637, "Actual Loops": 0, "Rows Removed by Filter": 0, "Startup Cost": 0.0, "Alias": "mi_idx", "Node Type": "Seq Scan", "Actual Total Time": 0.0, "Actual Rows": 0, "Relation Name": "movie_info_idx", "Filter": "(info > '2.1'::text)", "Parent Relationship": "Outer", "Total Cost": 25185.44, "Plan Width": 13}, {"Actual Startup Time": 0.0, "Plan Rows": 1, "Node Type": "Hash", "Actual Loops": 0, "Actual Total Time": 0.0, "Actual Rows": 0, "Startup Cost": 2.41, "Plan Width": 4, "Parent Relationship": "Inner", "Total Cost": 2.41, "Plans": [{"Actual Startup Time": 0.0, "Plan Rows": 1, "Actual Loops": 0, "Rows Removed by Filter": 0, "Startup Cost": 0.0, "Alias": "it2", "Node Type": "Seq Scan", "Actual Total Time": 0.0, "Actual Rows": 0, "Relation Name": "info_type", "Filter": "((info)::text = 'rating'::text)", "Parent Relationship": "Outer", "Total Cost": 2.41, "Plan Width": 4}]}], "Join Type": "Inner", "Node Type": "Hash Join", "Actual Total Time": 0.0, "Actual Rows": 0, "Parent Relationship": "Inner", "Total Cost": 28387.77, "Plan Width": 9}], "Join Type": "Inner", "Node Type": "Nested Loop", "Actual Total Time": 0.096, "Actual Rows": 0, "Parent Relationship": "Outer", "Total Cost": 115188.47, "Plan Width": 17}, {"Index Name": "title_pkey", "Actual Startup Time": 0.0, "Relation Name": "title", "Actual Loops": 0, "Plan Rows": 1, "Startup Cost": 0.43, "Rows Removed by Index Recheck": 0, "Rows Removed by Filter": 0, "Alias": "t", "Node Type": "Index Scan", "Scan Direction": "Forward", "Actual Total Time": 0.0, "Actual Rows": 0, "Index Cond": "(id = mk.movie_id)", "Filter": "((production_year > 1934) AND ((title ~~ '%Especial%'::text) OR (title ~~ '%zhi%'::text) OR (title ~~ '%Flu%'::text)))", "Parent Relationship": "Inner", "Total Cost": 0.5, "Plan Width": 25}], "Join Type": "Inner", "Node Type": "Nested Loop", "Actual Total Time": 0.096, "Actual Rows": 0, "Parent Relationship": "Outer", "Total Cost": 115188.98, "Plan Width": 26}, {"Index Name": "kind_type_pkey", "Actual Startup Time": 0.0, "Relation Name": "kind_type", "Actual Loops": 0, "Plan Rows": 1, "Startup Cost": 0.15, "Rows Removed by Index Recheck": 0, "Rows Removed by Filter": 0, "Alias": "kt", "Node Type": "Index Scan", "Scan Direction": "Forward", "Actual Total Time": 0.0, "Actual Rows": 0, "Index Cond": "(id = t.kind_id)", "Filter": "((kind)::text = 'movie'::text)", "Parent Relationship": "Inner", "Total Cost": 0.24, "Plan Width": 4}], "Join Type": "Inner", "Node Type": "Nested Loop", "Actual Total Time": 0.098, "Actual Rows": 0, "Parent Relationship": "Outer", "Total Cost": 115189.23, "Plan Width": 22}]}, "Triggers": [], "Planning Time": 6.769, "Execution Time": 0.351}]]]}
{"start_time": 1569073705.0021899, "plan": [[[{"Plan": {"Actual Startup Time": 0.099, "Plan Rows": 1, "Node Type": "Aggregate", "Actual Loops": 1, "Actual Total Time": 0.099, "Actual Rows": 1, "Plan Width": 22, "Startup Cost": 114808.49, "Strategy": "Plain", "Total Cost": 114808.5, "Plans": [{"Actual Startup Time": 0.096, "Plan Rows": 1, "Actual Loops": 1, "Startup Cost": 24.3, "Plans": [{"Actual Startup Time": 0.096, "Plan Rows": 1, "Join Filter": "(mi.movie_id = t.id)", "Actual Loops": 1, "Startup Cost": 24.15, "Rows Removed by Join Filter": 0, "Plans": [{"Actual Startup Time": 0.096, "Plan Rows": 1, "Join Filter": "(mi_idx.movie_id = mi.movie_id)", "Actual Loops": 1, "Startup Cost": 23.72, "Rows Removed by Join Filter": 0, "Plans": [{"Actual Startup Time": 0.096, "Plan Rows": 1, "Actual Loops": 1, "Startup Cost": 21.3, "Plans": [{"Actual Startup Time": 0.095, "Plan Rows": 47, "Join Filter": "(mi.info_type_id = it1.id)", "Actual Loops": 1, "Startup Cost": 20.88, "Rows Removed by Join Filter": 0, "Plans": [{"Actual Startup Time": 0.013, "Plan Rows": 1, "Actual Loops": 1, "Rows Removed by Filter": 112, "Startup Cost": 0.0, "Alias": "it1", "Node Type": "Seq Scan", "Actual Total Time": 0.033, "Actual Rows": 1, "Relation Name": "info_type", "Filter": "((info)::text = 'countries'::text)", "Parent Relationship": "Outer", "Total Cost": 2.41, "Plan Width": 4}, {"Actual Startup Time": 0.06, "Plan Rows": 562, "Actual Loops": 1, "Startup Cost": 20.88, "Hash Cond": "(mk.movie_id = mi.movie_id)", "Plans": [{"Actual Startup Time": 0.014, "Plan Rows": 4523930, "Actual Loops": 1, "Startup Cost": 0.0, "Alias": "mk", "Node Type": "Seq Scan", "Actual Total Time": 0.014, "Actual Rows": 1, "Parent Relationship": "Outer", "Relation Name": "movie_keyword", "Total Cost": 69693.3, "Plan Width": 8}, {"Actual Startup Time": 0.001, "Plan Rows": 12, "Peak Memory Usage": 8, "Actual Loops": 1, "Startup Cost": 20.73, "Original Hash Batches": 1, "Plans": [{"Actual Startup Time": 0.001, "Plan Rows": 12, "Actual Loops": 1, "Rows Removed by Filter": 0, "Startup Cost": 0.0, "Alias": "mi", "Node Type": "Seq Scan", "Actual Total Time": 0.001, "Actual Rows": 0, "Relation Name": "movie_info", "Filter": "(info = ANY ('{Guam,Reunion,Australia}'::text[]))", "Parent Relationship": "Outer", "Total Cost": 20.73, "Plan Width": 8}], "Hash Buckets": 1024, "Original Hash Buckets": 1024, "Node Type": "Hash", "Actual Total Time": 0.001, "Actual Rows": 0, "Parent Relationship": "Inner", "Hash Batches": 1, "Total Cost": 20.73, "Plan Width": 8}], "Join Type": "Inner", "Node Type": "Hash Join", "Actual Total Time": 0.06, "Actual Rows": 0, "Parent Relationship": "Inner", "Total Cost": 86684.53, "Plan Width": 16}], "Join Type": "Inner", "Node Type": "Nested Loop", "Actual Total Time": 0.095, "Actual Rows": 0, "Parent Relationship": "Outer", "Total Cost": 86693.97, "Plan Width": 12}, {"Index Name": "keyword_pkey", "Actual Startup Time": 0.0, "Relation Name": "keyword", "Actual Loops": 0, "Plan Rows": 1, "Startup Cost": 0.42, "Rows Removed by Index Recheck": 0, "Rows Removed by Filter": 0, "Alias": "k", "Node Type": "Index Scan", "Scan Direction": "Forward", "Actual Total Time": 0.0, "Actual Rows": 0, "Index Cond": "(id = mk.keyword_id)", "Filter": "(keyword = ANY ('{medical-file,traditional-womens''-art,unseen-horror,reference-to-mary-kate-olsen,souled-out,financial-conspiracy,cineglobe,vassar-college,class-consciousness,implant,man-dressed-as-a-maid,film-starts-with-text}'::text[]))", "Parent Relationship": "Inner", "Total Cost": 0.45, "Plan Width": 4}], "Join Type": "Inner", "Node Type": "Nested Loop", "Actual Total Time": 0.096, "Actual Rows": 0, "Parent Relationship": "Outer", "Total Cost": 86715.77, "Plan Width": 8}, {"Actual Startup Time": 0.0, "Plan Rows": 6508, "Actual Loops": 0, "Startup Cost": 2.43, "Hash Cond": "(mi_idx.info_type_id = it2.id)", "Plans": [{"Actual Startup Time": 0.0, "Plan Rows": 735396, "Actual Loops": 0, "Rows Removed by Filter": 0, "Startup Cost": 0.0, "Alias": "mi_idx", "Node Type": "Seq Scan", "Actual Total Time": 0.0, "Actual Rows": 0, "Relation Name": "movie_info_idx", "Filter": "(info > '2.8'::text)", "Parent Relationship": "Outer", "Total Cost": 25185.44, "Plan Width": 13}, {"Actual Startup Time": 0.0, "Plan Rows": 1, "Node Type": "Hash", "Actual Loops": 0, "Actual Total Time": 0.0, "Actual Rows": 0, "Startup Cost": 2.41, "Plan Width": 4, "Parent Relationship": "Inner", "Total Cost": 2.41, "Plans": [{"Actual Startup Time": 0.0, "Plan Rows": 1, "Actual Loops": 0, "Rows Removed by Filter": 0, "Startup Cost": 0.0, "Alias": "it2", "Node Type": "Seq Scan", "Actual Total Time": 0.0, "Actual Rows": 0, "Relation Name": "info_type", "Filter": "((info)::text = 'rating'::text)", "Parent Relationship": "Outer", "Total Cost": 2.41, "Plan Width": 4}]}], "Join Type": "Inner", "Node Type": "Hash Join", "Actual Total Time": 0.0, "Actual Rows": 0, "Parent Relationship": "Inner", "Total Cost": 28010.68, "Plan Width": 9}], "Join Type": "Inner", "Node Type": "Nested Loop", "Actual Total Time": 0.096, "Actual Rows": 0, "Parent Relationship": "Outer", "Total Cost": 114807.79, "Plan Width": 17}, {"Index Name": "title_pkey", "Actual Startup Time": 0.0, "Relation Name": "title", "Actual Loops": 0, "Plan Rows": 1, "Startup Cost": 0.43, "Rows Removed by Index Recheck": 0, "Rows Removed by Filter": 0, "Alias": "t", "Node Type": "Index Scan", "Scan Direction": "Forward", "Actual Total Time": 0.0, "Actual Rows": 0, "Index Cond": "(id = mk.movie_id)", "Filter": "((production_year > 1930) AND ((title ~~ '%The%'::text) OR (title ~~ '%Aflevering%'::text) OR (title ~~ '%Jos\u00e9%'::text)))", "Parent Relationship": "Inner", "Total Cost": 0.5, "Plan Width": 25}], "Join Type": "Inner", "Node Type": "Nested Loop", "Actual Total Time": 0.096, "Actual Rows": 0, "Parent Relationship": "Outer", "Total Cost": 114808.3, "Plan Width": 26}, {"Index Name": "kind_type_pkey", "Actual Startup Time": 0.0, "Relation Name": "kind_type", "Actual Loops": 0, "Plan Rows": 1, "Startup Cost": 0.15, "Rows Removed by Index Recheck": 0, "Rows Removed by Filter": 0, "Alias": "kt", "Node Type": "Index Scan", "Scan Direction": "Forward", "Actual Total Time": 0.0, "Actual Rows": 0, "Index Cond": "(id = t.kind_id)", "Filter": "((kind)::text = 'episode'::text)", "Parent Relationship": "Inner", "Total Cost": 0.17, "Plan Width": 4}], "Join Type": "Inner", "Node Type": "Nested Loop", "Actual Total Time": 0.096, "Actual Rows": 0, "Parent Relationship": "Outer", "Total Cost": 114808.48, "Plan Width": 22}]}, "Triggers": [], "Planning Time": 6.861, "Execution Time": 0.336}]]]}
{"start_time": 1569073705.0021899, "plan": [[[{"Plan": {"Actual Startup Time": 0.105, "Plan Rows": 1, "Node Type": "Aggregate", "Actual Loops": 1, "Actual Total Time": 0.105, "Actual Rows": 1, "Plan Width": 22, "Startup Cost": 115260.98, "Strategy": "Plain", "Total Cost": 115260.99, "Plans": [{"Actual Startup Time": 0.101, "Plan Rows": 1, "Actual Loops": 1, "Startup Cost": 31.84, "Plans": [{"Actual Startup Time": 0.1, "Plan Rows": 1, "Join Filter": "(mi.movie_id = t.id)", "Actual Loops": 1, "Startup Cost": 31.69, "Rows Removed by Join Filter": 0, "Plans": [{"Actual Startup Time": 0.1, "Plan Rows": 1, "Join Filter": "(mi_idx.movie_id = mi.movie_id)", "Actual Loops": 1, "Startup Cost": 31.26, "Rows Removed by Join Filter": 0, "Plans": [{"Actual Startup Time": 0.1, "Plan Rows": 1, "Actual Loops": 1, "Startup Cost": 28.83, "Plans": [{"Actual Startup Time": 0.1, "Plan Rows": 47, "Actual Loops": 1, "Startup Cost": 28.41, "Hash Cond": "(mk.movie_id = mi.movie_id)", "Plans": [{"Actual Startup Time": 0.019, "Plan Rows": 4523930, "Actual Loops": 1, "Startup Cost": 0.0, "Alias": "mk", "Node Type": "Seq Scan", "Actual Total Time": 0.019, "Actual Rows": 1, "Parent Relationship": "Outer", "Relation Name": "movie_keyword", "Total Cost": 69693.3, "Plan Width": 8}, {"Actual Startup Time": 0.036, "Plan Rows": 1, "Peak Memory Usage": 8, "Actual Loops": 1, "Startup Cost": 28.4, "Original Hash Batches": 1, "Plans": [{"Actual Startup Time": 0.036, "Plan Rows": 1, "Join Filter": "(it1.id = mi.info_type_id)", "Actual Loops": 1, "Startup Cost": 0.0, "Rows Removed by Join Filter": 0, "Plans": [{"Actual Startup Time": 0.014, "Plan Rows": 1, "Actual Loops": 1, "Rows Removed by Filter": 112, "Startup Cost": 0.0, "Alias": "it1", "Node Type": "Seq Scan", "Actual Total Time": 0.034, "Actual Rows": 1, "Relation Name": "info_type", "Filter": "((info)::text = 'countries'::text)", "Parent Relationship": "Outer", "Total Cost": 2.41, "Plan Width": 4}, {"Actual Startup Time": 0.0, "Plan Rows": 31, "Actual Loops": 1, "Rows Removed by Filter": 0, "Startup Cost": 0.0, "Alias": "mi", "Node Type": "Seq Scan", "Actual Total Time": 0.0, "Actual Rows": 0, "Relation Name": "movie_info", "Filter": "(info = ANY ('{Canada,\"Soviet Union\",Germany,Thailand,Jordan,Turkmenistan,Estonia,Aruba}'::text[]))", "Parent Relationship": "Inner", "Total Cost": 25.6, "Plan Width": 8}], "Join Type": "Inner", "Node Type": "Nested Loop", "Actual Total Time": 0.036, "Actual Rows": 0, "Parent Relationship": "Outer", "Total Cost": 28.4, "Plan Width": 4}], "Hash Buckets": 1024, "Original Hash Buckets": 1024, "Node Type": "Hash", "Actual Total Time": 0.036, "Actual Rows": 0, "Parent Relationship": "Inner", "Hash Batches": 1, "Total Cost": 28.4, "Plan Width": 4}], "Join Type": "Inner", "Node Type": "Hash Join", "Actual Total Time": 0.1, "Actual Rows": 0, "Parent Relationship": "Outer", "Total Cost": 86686.92, "Plan Width": 12}, {"Index Name": "keyword_pkey", "Actual Startup Time": 0.0, "Relation Name": "keyword", "Actual Loops": 0, "Plan Rows": 1, "Startup Cost": 0.42, "Rows Removed by Index Recheck": 0, "Rows Removed by Filter": 0, "Alias": "k", "Node Type": "Index Scan", "Scan Direction": "Forward", "Actual Total Time": 0.0, "Actual Rows": 0, "Index Cond": "(id = mk.keyword_id)", "Filter": "(keyword = ANY ('{punched-in-the-back,matzo,fake-police-badge,speak,leyland-badger-truck,vladivostok,secret-document,winter-quarters,religious}'::text[]))", "Parent Relationship": "Inner", "Total Cost": 0.45, "Plan Width": 4}], "Join Type": "Inner", "Node Type": "Nested Loop", "Actual Total Time": 0.1, "Actual Rows": 0, "Parent Relationship": "Outer", "Total Cost": 86708.54, "Plan Width": 8}, {"Actual Startup Time": 0.0, "Plan Rows": 7538, "Actual Loops": 0, "Startup Cost": 2.43, "Hash Cond": "(mi_idx.info_type_id = it2.id)", "Plans": [{"Actual Startup Time": 0.0, "Plan Rows": 851806, "Actual Loops": 0, "Rows Removed by Filter": 0, "Startup Cost": 0.0, "Alias": "mi_idx", "Node Type": "Seq Scan", "Actual Total Time": 0.0, "Actual Rows": 0, "Relation Name": "movie_info_idx", "Filter": "(info > '2.0'::text)", "Parent Relationship": "Outer", "Total Cost": 25185.44, "Plan Width": 13}, {"Actual Startup Time": 0.0, "Plan Rows": 1, "Node Type": "Hash", "Actual Loops": 0, "Actual Total Time": 0.0, "Actual Rows": 0, "Startup Cost": 2.41, "Plan Width": 4, "Parent Relationship": "Inner", "Total Cost": 2.41, "Plans": [{"Actual Startup Time": 0.0, "Plan Rows": 1, "Actual Loops": 0, "Rows Removed by Filter": 0, "Startup Cost": 0.0, "Alias": "it2", "Node Type": "Seq Scan", "Actual Total Time": 0.0, "Actual Rows": 0, "Relation Name": "info_type", "Filter": "((info)::text = 'rating'::text)", "Parent Relationship": "Outer", "Total Cost": 2.41, "Plan Width": 4}]}], "Join Type": "Inner", "Node Type": "Hash Join", "Actual Total Time": 0.0, "Actual Rows": 0, "Parent Relationship": "Inner", "Total Cost": 28457.51, "Plan Width": 9}], "Join Type": "Inner", "Node Type": "Nested Loop", "Actual Total Time": 0.1, "Actual Rows": 0, "Parent Relationship": "Outer", "Total Cost": 115260.28, "Plan Width": 17}, {"Index Name": "title_pkey", "Actual Startup Time": 0.0, "Relation Name": "title", "Actual Loops": 0, "Plan Rows": 1, "Startup Cost": 0.43, "Rows Removed by Index Recheck": 0, "Rows Removed by Filter": 0, "Alias": "t", "Node Type": "Index Scan", "Scan Direction": "Forward", "Actual Total Time": 0.0, "Actual Rows": 0, "Index Cond": "(id = mk.movie_id)", "Filter": "((production_year > 2004) AND ((title ~~ '%England%'::text) OR (title ~~ '%Angels%'::text) OR (title ~~ '%The%'::text)))", "Parent Relationship": "Inner", "Total Cost": 0.5, "Plan Width": 25}], "Join Type": "Inner", "Node Type": "Nested Loop", "Actual Total Time": 0.1, "Actual Rows": 0, "Parent Relationship": "Outer", "Total Cost": 115260.79, "Plan Width": 26}, {"Index Name": "kind_type_pkey", "Actual Startup Time": 0.0, "Relation Name": "kind_type", "Actual Loops": 0, "Plan Rows": 1, "Startup Cost": 0.15, "Rows Removed by Index Recheck": 0, "Rows Removed by Filter": 0, "Alias": "kt", "Node Type": "Index Scan", "Scan Direction": "Forward", "Actual Total Time": 0.0, "Actual Rows": 0, "Index Cond": "(id = t.kind_id)", "Filter": "((kind)::text = 'video movie'::text)", "Parent Relationship": "Inner", "Total Cost": 0.17, "Plan Width": 4}], "Join Type": "Inner", "Node Type": "Nested Loop", "Actual Total Time": 0.101, "Actual Rows": 0, "Parent Relationship": "Outer", "Total Cost": 115260.97, "Plan Width": 22}]}, "Triggers": [], "Planning Time": 6.922, "Execution Time": 0.356}]]]}
{"start_time": 1569073705.0021899, "plan": [[[{"Plan": {"Actual Startup Time": 0.094, "Plan Rows": 1, "Node Type": "Aggregate", "Actual Loops": 1, "Actual Total Time": 0.094, "Actual Rows": 1, "Plan Width": 22, "Startup Cost": 115196.04, "Strategy": "Plain", "Total Cost": 115196.05, "Plans": [{"Actual Startup Time": 0.091, "Plan Rows": 1, "Actual Loops": 1, "Startup Cost": 24.3, "Plans": [{"Actual Startup Time": 0.091, "Plan Rows": 1, "Join Filter": "(mi.movie_id = t.id)", "Actual Loops": 1, "Startup Cost": 24.15, "Rows Removed by Join Filter": 0, "Plans": [{"Actual Startup Time": 0.091, "Plan Rows": 1, "Join Filter": "(mi_idx.movie_id = mi.movie_id)", "Actual Loops": 1, "Startup Cost": 23.72, "Rows Removed by Join Filter": 0, "Plans": [{"Actual Startup Time": 0.091, "Plan Rows": 1, "Actual Loops": 1, "Startup Cost": 21.3, "Plans": [{"Actual Startup Time": 0.091, "Plan Rows": 47, "Join Filter": "(mi.info_type_id = it1.id)", "Actual Loops": 1, "Startup Cost": 20.88, "Rows Removed by Join Filter": 0, "Plans": [{"Actual Startup Time": 0.013, "Plan Rows": 1, "Actual Loops": 1, "Rows Removed by Filter": 112, "Startup Cost": 0.0, "Alias": "it1", "Node Type": "Seq Scan", "Actual Total Time": 0.033, "Actual Rows": 1, "Relation Name": "info_type", "Filter": "((info)::text = 'countries'::text)", "Parent Relationship": "Outer", "Total Cost": 2.41, "Plan Width": 4}, {"Actual Startup Time": 0.054, "Plan Rows": 562, "Actual Loops": 1, "Startup Cost": 20.88, "Hash Cond": "(mk.movie_id = mi.movie_id)", "Plans": [{"Actual Startup Time": 0.014, "Plan Rows": 4523930, "Actual Loops": 1, "Startup Cost": 0.0, "Alias": "mk", "Node Type": "Seq Scan", "Actual Total Time": 0.014, "Actual Rows": 1, "Parent Relationship": "Outer", "Relation Name": "movie_keyword", "Total Cost": 69693.3, "Plan Width": 8}, {"Actual Startup Time": 0.001, "Plan Rows": 12, "Peak Memory Usage": 8, "Actual Loops": 1, "Startup Cost": 20.73, "Original Hash Batches": 1, "Plans": [{"Actual Startup Time": 0.001, "Plan Rows": 12, "Actual Loops": 1, "Rows Removed by Filter": 0, "Startup Cost": 0.0, "Alias": "mi", "Node Type": "Seq Scan", "Actual Total Time": 0.001, "Actual Rows": 0, "Relation Name": "movie_info", "Filter": "(info = ANY ('{\"Czech Republic\",Jamaica,Switzerland}'::text[]))", "Parent Relationship": "Outer", "Total Cost": 20.73, "Plan Width": 8}], "Hash Buckets": 1024, "Original Hash Buckets": 1024, "Node Type": "Hash", "Actual Total Time": 0.001, "Actual Rows": 0, "Parent Relationship": "Inner", "Hash Batches": 1, "Total Cost": 20.73, "Plan Width": 8}], "Join Type": "Inner", "Node Type": "Hash Join", "Actual Total Time": 0.054, "Actual Rows": 0, "Parent Relationship": "Inner", "Total Cost": 86684.53, "Plan Width": 16}], "Join Type": "Inner", "Node Type": "Nested Loop", "Actual Total Time": 0.091, "Actual Rows": 0, "Parent Relationship": "Outer", "Total Cost": 86693.97, "Plan Width": 12}, {"Index Name": "keyword_pkey", "Actual Startup Time": 0.0, "Relation Name": "keyword", "Actual Loops": 0, "Plan Rows": 1, "Startup Cost": 0.42, "Rows Removed by Index Recheck": 0, "Rows Removed by Filter": 0, "Alias": "k", "Node Type": "Index Scan", "Scan Direction": "Forward", "Actual Total Time": 0.0, "Actual Rows": 0, "Index Cond": "(id = mk.keyword_id)", "Filter": "(keyword = ANY ('{racism,task-force-61,flivver,poppyseed-cake,hag}'::text[]))", "Parent Relationship": "Inner", "Total Cost": 0.45, "Plan Width": 4}], "Join Type": "Inner", "Node Type": "Nested Loop", "Actual Total Time": 0.091, "Actual Rows": 0, "Parent Relationship": "Outer", "Total Cost": 86715.36, "Plan Width": 8}, {"Actual Startup Time": 0.0, "Plan Rows": 7377, "Actual Loops": 0, "Startup Cost": 2.43, "Hash Cond": "(mi_idx.info_type_id = it2.id)", "Plans": [{"Actual Startup Time": 0.0, "Plan Rows": 833637, "Actual Loops": 0, "Rows Removed by Filter": 0, "Startup Cost": 0.0, "Alias": "mi_idx", "Node Type": "Seq Scan", "Actual Total Time": 0.0, "Actual Rows": 0, "Relation Name": "movie_info_idx", "Filter": "(info > '2.1'::text)", "Parent Relationship": "Outer", "Total Cost": 25185.44, "Plan Width": 13}, {"Actual Startup Time": 0.0, "Plan Rows": 1, "Node Type": "Hash", "Actual Loops": 0, "Actual Total Time": 0.0, "Actual Rows": 0, "Startup Cost": 2.41, "Plan Width": 4, "Parent Relationship": "Inner", "Total Cost": 2.41, "Plans": [{"Actual Startup Time": 0.0, "Plan Rows": 1, "Actual Loops": 0, "Rows Removed by Filter": 0, "Startup Cost": 0.0, "Alias": "it2", "Node Type": "Seq Scan", "Actual Total Time": 0.0, "Actual Rows": 0, "Relation Name": "info_type", "Filter": "((info)::text = 'rating'::text)", "Parent Relationship": "Outer", "Total Cost": 2.41, "Plan Width": 4}]}], "Join Type": "Inner", "Node Type": "Hash Join", "Actual Total Time": 0.0, "Actual Rows": 0, "Parent Relationship": "Inner", "Total Cost": 28387.77, "Plan Width": 9}], "Join Type": "Inner", "Node Type": "Nested Loop", "Actual Total Time": 0.091, "Actual Rows": 0, "Parent Relationship": "Outer", "Total Cost": 115195.34, "Plan Width": 17}, {"Index Name": "title_pkey", "Actual Startup Time": 0.0, "Relation Name": "title", "Actual Loops": 0, "Plan Rows": 1, "Startup Cost": 0.43, "Rows Removed by Index Recheck": 0, "Rows Removed by Filter": 0, "Alias": "t", "Node Type": "Index Scan", "Scan Direction": "Forward", "Actual Total Time": 0.0, "Actual Rows": 0, "Index Cond": "(id = mk.movie_id)", "Filter": "((production_year > 1892) AND ((title ~~ '%the%'::text) OR (title ~~ '%Rikki%'::text) OR (title ~~ '%Hobbies%'::text)))", "Parent Relationship": "Inner", "Total Cost": 0.5, "Plan Width": 25}], "Join Type": "Inner", "Node Type": "Nested Loop", "Actual Total Time": 0.091, "Actual Rows": 0, "Parent Relationship": "Outer", "Total Cost": 115195.85, "Plan Width": 26}, {"Index Name": "kind_type_pkey", "Actual Startup Time": 0.0, "Relation Name": "kind_type", "Actual Loops": 0, "Plan Rows": 1, "Startup Cost": 0.15, "Rows Removed by Index Recheck": 0, "Rows Removed by Filter": 0, "Alias": "kt", "Node Type": "Index Scan", "Scan Direction": "Forward", "Actual Total Time": 0.0, "Actual Rows": 0, "Index Cond": "(id = t.kind_id)", "Filter": "((kind)::text = 'movie'::text)", "Parent Relationship": "Inner", "Total Cost": 0.17, "Plan Width": 4}], "Join Type": "Inner", "Node Type": "Nested Loop", "Actual Total Time": 0.091, "Actual Rows": 0, "Parent Relationship": "Outer", "Total Cost": 115196.03, "Plan Width": 22}]}, "Triggers": [], "Planning Time": 6.801, "Execution Time": 0.329}]]]}
