{"start_time": 1569073690.2178774, "plan": [[[{"Plan": {"Actual Startup Time": 0.089, "Plan Rows": 1, "Node Type": "Aggregate", "Actual Loops": 1, "Actual Total Time": 0.089, "Actual Rows": 1, "Plan Width": 22, "Startup Cost": 115354.75, "Strategy": "Plain", "Total Cost": 115354.76, "Plans": [{"Actual Startup Time": 0.086, "Plan Rows": 1, "Actual Loops": 1, "Startup Cost": 28.78, "Plans": [{"Actual Startup Time": 0.085, "Plan Rows": 1, "Join Filter": "(mi.movie_id = t.id)", "Actual Loops": 1, "Startup Cost": 28.63, "Rows Removed by Join Filter": 0, "Plans": [{"Actual Startup Time": 0.085, "Plan Rows": 1, "Join Filter": "(mi_idx.movie_id = mi.movie_id)", "Actual Loops": 1, "Startup Cost": 28.2, "Rows Removed by Join Filter": 0, "Plans": [{"Actual Startup Time": 0.084, "Plan Rows": 1, "Actual Loops": 1, "Startup Cost": 25.77, "Plans": [{"Actual Startup Time": 0.084, "Plan Rows": 47, "Actual Loops": 1, "Startup Cost": 25.35, "Hash Cond": "(mk.movie_id = mi.movie_id)", "Plans": [{"Actual Startup Time": 0.014, "Plan Rows": 4523930, "Actual Loops": 1, "Startup Cost": 0.0, "Alias": "mk", "Node Type": "Seq Scan", "Actual Total Time": 0.014, "Actual Rows": 1, "Parent Relationship": "Outer", "Relation Name": "movie_keyword", "Total Cost": 69693.3, "Plan Width": 8}, {"Actual Startup Time": 0.031, "Plan Rows": 1, "Peak Memory Usage": 8, "Actual Loops": 1, "Startup Cost": 25.34, "Original Hash Batches": 1, "Plans": [{"Actual Startup Time": 0.031, "Plan Rows": 1, "Join Filter": "(it1.id = mi.info_type_id)", "Actual Loops": 1, "Startup Cost": 0.0, "Rows Removed by Join Filter": 0, "Plans": [{"Actual Startup Time": 0.01, "Plan Rows": 1, "Actual Loops": 1, "Rows Removed by Filter": 112, "Startup Cost": 0.0, "Alias": "it1", "Node Type": "Seq Scan", "Actual Total Time": 0.028, "Actual Rows": 1, "Relation Name": "info_type", "Filter": "((info)::text = 'countries'::text)", "Parent Relationship": "Outer", "Total Cost": 2.41, "Plan Width": 4}, {"Actual Startup Time": 0.001, "Plan Rows": 20, "Actual Loops": 1, "Rows Removed by Filter": 0, "Startup Cost": 0.0, "Alias": "mi", "Node Type": "Seq Scan", "Actual Total Time": 0.001, "Actual Rows": 0, "Relation Name": "movie_info", "Filter": "(info = ANY ('{Indonesia,Suriname,USA,Tanzania,Guam}'::text[]))", "Parent Relationship": "Inner", "Total Cost": 22.68, "Plan Width": 8}], "Join Type": "Inner", "Node Type": "Nested Loop", "Actual Total Time": 0.031, "Actual Rows": 0, "Parent Relationship": "Outer", "Total Cost": 25.34, "Plan Width": 4}], "Hash Buckets": 1024, "Original Hash Buckets": 1024, "Node Type": "Hash", "Actual Total Time": 0.031, "Actual Rows": 0, "Parent Relationship": "Inner", "Hash Batches": 1, "Total Cost": 25.34, "Plan Width": 4}], "Join Type": "Inner", "Node Type": "Hash Join", "Actual Total Time": 0.084, "Actual Rows": 0, "Parent Relationship": "Outer", "Total Cost": 86683.86, "Plan Width": 12}, {"Index Name": "keyword_pkey", "Actual Startup Time": 0.0, "Relation Name": "keyword", "Actual Loops": 0, "Plan Rows": 1, "Startup Cost": 0.42, "Rows Removed by Index Recheck": 0, "Rows Removed by Filter": 0, "Alias": "k", "Node Type": "Index Scan", "Scan Direction": "Forward", "Actual Total Time": 0.0, "Actual Rows": 0, "Index Cond": "(id = mk.keyword_id)", "Filter": "(keyword = ANY ('{vomiting-on-someone''s-head,disfigured,star-wars-lunchbox,spitting-out-seeds,acronym-in-title,nelson-mandela,diesel-electric-submarine,spinning-axe,german-immigrant,travelogue-footage}'::text[]))", "Parent Relationship": "Inner", "Total Cost": 0.45, "Plan Width": 4}], "Join Type": "Inner", "Node Type": "Nested Loop", "Actual Total Time": 0.084, "Actual Rows": 0, "Parent Relationship": "Outer", "Total Cost": 86705.54, "Plan Width": 8}, {"Actual Startup Time": 0.0, "Plan Rows": 7755, "Actual Loops": 0, "Startup Cost": 2.43, "Hash Cond": "(mi_idx.info_type_id = it2.id)", "Plans": [{"Actual Startup Time": 0.0, "Plan Rows": 876310, "Actual Loops": 0, "Rows Removed by Filter": 0, "Startup Cost": 0.0, "Alias": "mi_idx", "Node Type": "Seq Scan", "Actual Total Time": 0.0, "Actual Rows": 0, "Relation Name": "movie_info_idx", "Filter": "(info > '1.8'::text)", "Parent Relationship": "Outer", "Total Cost": 25185.44, "Plan Width": 13}, {"Actual Startup Time": 0.0, "Plan Rows": 1, "Node Type": "Hash", "Actual Loops": 0, "Actual Total Time": 0.0, "Actual Rows": 0, "Startup Cost": 2.41, "Plan Width": 4, "Parent Relationship": "Inner", "Total Cost": 2.41, "Plans": [{"Actual Startup Time": 0.0, "Plan Rows": 1, "Actual Loops": 0, "Rows Removed by Filter": 0, "Startup Cost": 0.0, "Alias": "it2", "Node Type": "Seq Scan", "Actual Total Time": 0.0, "Actual Rows": 0, "Relation Name": "info_type", "Filter": "((info)::text = 'rating'::text)", "Parent Relationship": "Outer", "Total Cost": 2.41, "Plan Width": 4}]}], "Join Type": "Inner", "Node Type": "Hash Join", "Actual Total Time": 0.0, "Actual Rows": 0, "Parent Relationship": "Inner", "Total Cost": 28551.58, "Plan Width": 9}], "Join Type": "Inner", "Node Type": "Nested Loop", "Actual Total Time": 0.085, "Actual Rows": 0, "Parent Relationship": "Outer", "Total Cost": 115354.05, "Plan Width": 17}, {"Index Name": "title_pkey", "Actual Startup Time": 0.0, "Relation Name": "title", "Actual Loops": 0, "Plan Rows": 1, "Startup Cost": 0.43, "Rows Removed by Index Recheck": 0, "Rows Removed by Filter": 0, "Alias": "t", "Node Type": "Index Scan", "Scan Direction": "Forward", "Actual Total Time": 0.0, "Actual Rows": 0, "Index Cond": "(id = mk.movie_id)", "Filter": "((production_year > 1919) AND ((title ~~ '%the%'::text) OR (title ~~ '%Sammuneen%'::text) OR (title ~~ '%Verzauberte%'::text)))", "Parent Relationship": "Inner", "Total Cost": 0.5, "Plan Width": 25}], "Join Type": "Inner", "Node Type": "Nested Loop", "Actual Total Time": 0.085, "Actual Rows": 0, "Parent Relationship": "Outer", "Total Cost": 115354.56, "Plan Width": 26}, {"Index Name": "kind_type_pkey", "Actual Startup Time": 0.0, "Relation Name": "kind_type", "Actual Loops": 0, "Plan Rows": 1, "Startup Cost": 0.15, "Rows Removed by Index Recheck": 0, "Rows Removed by Filter": 0, "Alias": "kt", "Node Type": "Index Scan", "Scan Direction": "Forward", "Actual Total Time": 0.0, "Actual Rows": 0, "Index Cond": "(id = t.kind_id)", "Filter": "((kind)::text = 'video movie'::text)", "Parent Relationship": "Inner", "Total Cost": 0.17, "Plan Width": 4}], "Join Type": "Inner", "Node Type": "Nested Loop", "Actual Total Time": 0.086, "Actual Rows": 0, "Parent Relationship": "Outer", "Total Cost": 115354.74, "Plan Width": 22}]}, "Triggers": [], "Planning Time": 6.72, "Execution Time": 0.313}]]]}
{"start_time": 1569073690.2178774, "plan": [[[{"Plan": {"Actual Startup Time": 0.053, "Plan Rows": 1, "Node Type": "Aggregate", "Actual Loops": 1, "Actual Total Time": 0.053, "Actual Rows": 1, "Plan Width": 22, "Startup Cost": 114390.74, "Strategy": "Plain", "Total Cost": 114390.75, "Plans": [{"Actual Startup Time": 0.052, "Plan Rows": 1, "Actual Loops": 1, "Startup Cost": 34.56, "Plans": [{"Actual Startup Time": 0.051, "Plan Rows": 1, "Join Filter": "(mi.movie_id = t.id)", "Actual Loops": 1, "Startup Cost": 34.41, "Rows Removed by Join Filter": 0, "Plans": [{"Actual Startup Time": 0.05, "Plan Rows": 1, "Join Filter": "(mi_idx.movie_id = mi.movie_id)", "Actual Loops": 1, "Startup Cost": 33.98, "Rows Removed by Join Filter": 0, "Plans": [{"Actual Startup Time": 0.05, "Plan Rows": 1, "Actual Loops": 1, "Startup Cost": 31.55, "Plans": [{"Actual Startup Time": 0.05, "Plan Rows": 47, "Actual Loops": 1, "Startup Cost": 31.13, "Hash Cond": "(mk.movie_id = mi.movie_id)", "Plans": [{"Actual Startup Time": 0.014, "Plan Rows": 4523930, "Actual Loops": 1, "Startup Cost": 0.0, "Alias": "mk", "Node Type": "Seq Scan", "Actual Total Time": 0.014, "Actual Rows": 1, "Parent Relationship": "Outer", "Relation Name": "movie_keyword", "Total Cost": 69693.3, "Plan Width": 8}, {"Actual Startup Time": 0.001, "Plan Rows": 1, "Peak Memory Usage": 8, "Actual Loops": 1, "Startup Cost": 31.12, "Original Hash Batches": 1, "Plans": [{"Actual Startup Time": 0.001, "Plan Rows": 1, "Actual Loops": 1, "Startup Cost": 2.43, "Hash Cond": "(mi.info_type_id = it1.id)", "Plans": [{"Actual Startup Time": 0.001, "Plan Rows": 43, "Actual Loops": 1, "Rows Removed by Filter": 0, "Startup Cost": 0.0, "Alias": "mi", "Node Type": "Seq Scan", "Actual Total Time": 0.001, "Actual Rows": 0, "Relation Name": "movie_info", "Filter": "(info = ANY ('{\"Federated States of Micronesia\",Lithuania,Hungary,Kuwait,Andorra,\"Antigua and Barbuda\",USA,Palau,Tonga,Vietnam,\"West Germany\"}'::text[]))", "Parent Relationship": "Outer", "Total Cost": 28.52, "Plan Width": 8}, {"Actual Startup Time": 0.0, "Plan Rows": 1, "Node Type": "Hash", "Actual Loops": 0, "Actual Total Time": 0.0, "Actual Rows": 0, "Startup Cost": 2.41, "Plan Width": 4, "Parent Relationship": "Inner", "Total Cost": 2.41, "Plans": [{"Actual Startup Time": 0.0, "Plan Rows": 1, "Actual Loops": 0, "Rows Removed by Filter": 0, "Startup Cost": 0.0, "Alias": "it1", "Node Type": "Seq Scan", "Actual Total Time": 0.0, "Actual Rows": 0, "Relation Name": "info_type", "Filter": "((info)::text = 'countries'::text)", "Parent Relationship": "Outer", "Total Cost": 2.41, "Plan Width": 4}]}], "Join Type": "Inner", "Node Type": "Hash Join", "Actual Total Time": 0.001, "Actual Rows": 0, "Parent Relationship": "Outer", "Total Cost": 31.12, "Plan Width": 4}], "Hash Buckets": 1024, "Original Hash Buckets": 1024, "Node Type": "Hash", "Actual Total Time": 0.001, "Actual Rows": 0, "Parent Relationship": "Inner", "Hash Batches": 1, "Total Cost": 31.12, "Plan Width": 4}], "Join Type": "Inner", "Node Type": "Hash Join", "Actual Total Time": 0.05, "Actual Rows": 0, "Parent Relationship": "Outer", "Total Cost": 86689.64, "Plan Width": 12}, {"Index Name": "keyword_pkey", "Actual Startup Time": 0.0, "Relation Name": "keyword", "Actual Loops": 0, "Plan Rows": 1, "Startup Cost": 0.42, "Rows Removed by Index Recheck": 0, "Rows Removed by Filter": 0, "Alias": "k", "Node Type": "Index Scan", "Scan Direction": "Forward", "Actual Total Time": 0.0, "Actual Rows": 0, "Index Cond": "(id = mk.keyword_id)", "Filter": "(keyword = ANY ('{racist-convict,george-mcclellan,reference-to-aaron-burr,virginia-beach,pro-bush,last-reunion,hand-transplant}'::text[]))", "Parent Relationship": "Inner", "Total Cost": 0.45, "Plan Width": 4}], "Join Type": "Inner", "Node Type": "Nested Loop", "Actual Total Time": 0.05, "Actual Rows": 0, "Parent Relationship": "Outer", "Total Cost": 86711.14, "Plan Width": 8}, {"Actual Startup Time": 0.0, "Plan Rows": 5582, "Actual Loops": 0, "Startup Cost": 2.43, "Hash Cond": "(mi_idx.info_type_id = it2.id)", "Plans": [{"Actual Startup Time": 0.0, "Plan Rows": 630767, "Actual Loops": 0, "Rows Removed by Filter": 0, "Startup Cost": 0.0, "Alias": "mi_idx", "Node Type": "Seq Scan", "Actual Total Time": 0.0, "Actual Rows": 0, "Relation Name": "movie_info_idx", "Filter": "(info > '4.1'::text)", "Parent Relationship": "Outer", "Total Cost": 25185.44, "Plan Width": 13}, {"Actual Startup Time": 0.0, "Plan Rows": 1, "Node Type": "Hash", "Actual Loops": 0, "Actual Total Time": 0.0, "Actual Rows": 0, "Startup Cost": 2.41, "Plan Width": 4, "Parent Relationship": "Inner", "Total Cost": 2.41, "Plans": [{"Actual Startup Time": 0.0, "Plan Rows": 1, "Actual Loops": 0, "Rows Removed by Filter": 0, "Startup Cost": 0.0, "Alias": "it2", "Node Type": "Seq Scan", "Actual Total Time": 0.0, "Actual Rows": 0, "Relation Name": "info_type", "Filter": "((info)::text = 'rating'::text)", "Parent Relationship": "Outer", "Total Cost": 2.41, "Plan Width": 4}]}], "Join Type": "Inner", "Node Type": "Hash Join", "Actual Total Time": 0.0, "Actual Rows": 0, "Parent Relationship": "Inner", "Total Cost": 27609.06, "Plan Width": 9}], "Join Type": "Inner", "Node Type": "Nested Loop", "Actual Total Time": 0.05, "Actual Rows": 0, "Parent Relationship": "Outer", "Total Cost": 114389.98, "Plan Width": 17}, {"Index Name": "title_pkey", "Actual Startup Time": 0.0, "Relation Name": "title", "Actual Loops": 0, "Plan Rows": 1, "Startup Cost": 0.43, "Rows Removed by Index Recheck": 0, "Rows Removed by Filter": 0, "Alias": "t", "Node Type": "Index Scan", "Scan Direction": "Forward", "Actual Total Time": 0.0, "Actual Rows": 0, "Index Cond": "(id = mk.movie_id)", "Filter": "((production_year > 1904) AND ((title ~~ '%Th\u00e9o%'::text) OR (title ~~ '%with%'::text) OR (title ~~ '%MILFs%'::text)))", "Parent Relationship": "Inner", "Total Cost": 0.5, "Plan Width": 25}], "Join Type": "Inner", "Node Type": "Nested Loop", "Actual Total Time": 0.051, "Actual Rows": 0, "Parent Relationship": "Outer", "Total Cost": 114390.49, "Plan Width": 26}, {"Index Name": "kind_type_pkey", "Actual Startup Time": 0.0, "Relation Name": "kind_type", "Actual Loops": 0, "Plan Rows": 1, "Startup Cost": 0.15, "Rows Removed by Index Recheck": 0, "Rows Removed by Filter": 0, "Alias": "kt", "Node Type": "Index Scan", "Scan Direction": "Forward", "Actual Total Time": 0.0, "Actual Rows": 0, "Index Cond": "(id = t.kind_id)", "Filter": "((kind)::text = 'tv series'::text)", "Parent Relationship": "Inner", "Total Cost": 0.24, "Plan Width": 4}], "Join Type": "Inner", "Node Type": "Nested Loop", "Actual Total Time": 0.052, "Actual Rows": 0, "Parent Relationship": "Outer", "Total Cost": 114390.74, "Plan Width": 22}]}, "Triggers": [], "Planning Time": 6.706, "Execution Time": 0.281}]]]}
{"start_time": 1569073690.2178774, "plan": [[[{"Plan": {"Actual Startup Time": 0.092, "Plan Rows": 1, "Node Type": "Aggregate", "Actual Loops": 1, "Actual Total Time": 0.092, "Actual Rows": 1, "Plan Width": 22, "Startup Cost": 114317.18, "Strategy": "Plain", "Total Cost": 114317.19, "Plans": [{"Actual Startup Time": 0.089, "Plan Rows": 1, "Actual Loops": 1, "Startup Cost": 24.3, "Plans": [{"Actual Startup Time": 0.089, "Plan Rows": 1, "Join Filter": "(mi.movie_id = t.id)", "Actual Loops": 1, "Startup Cost": 24.15, "Rows Removed by Join Filter": 0, "Plans": [{"Actual Startup Time": 0.088, "Plan Rows": 1, "Join Filter": "(mi_idx.movie_id = mi.movie_id)", "Actual Loops": 1, "Startup Cost": 23.72, "Rows Removed by Join Filter": 0, "Plans": [{"Actual Startup Time": 0.088, "Plan Rows": 1, "Actual Loops": 1, "Startup Cost": 21.3, "Plans": [{"Actual Startup Time": 0.088, "Plan Rows": 47, "Join Filter": "(mi.info_type_id = it1.id)", "Actual Loops": 1, "Startup Cost": 20.88, "Rows Removed by Join Filter": 0, "Plans": [{"Actual Startup Time": 0.013, "Plan Rows": 1, "Actual Loops": 1, "Rows Removed by Filter": 112, "Startup Cost": 0.0, "Alias": "it1", "Node Type": "Seq Scan", "Actual Total Time": 0.033, "Actual Rows": 1, "Relation Name": "info_type", "Filter": "((info)::text = 'countries'::text)", "Parent Relationship": "Outer", "Total Cost": 2.41, "Plan Width": 4}, {"Actual Startup Time": 0.053, "Plan Rows": 562, "Actual Loops": 1, "Startup Cost": 20.88, "Hash Cond": "(mk.movie_id = mi.movie_id)", "Plans": [{"Actual Startup Time": 0.013, "Plan Rows": 4523930, "Actual Loops": 1, "Startup Cost": 0.0, "Alias": "mk", "Node Type": "Seq Scan", "Actual Total Time": 0.013, "Actual Rows": 1, "Parent Relationship": "Outer", "Relation Name": "movie_keyword", "Total Cost": 69693.3, "Plan Width": 8}, {"Actual Startup Time": 0.001, "Plan Rows": 12, "Peak Memory Usage": 8, "Actual Loops": 1, "Startup Cost": 20.73, "Original Hash Batches": 1, "Plans": [{"Actual Startup Time": 0.001, "Plan Rows": 12, "Actual Loops": 1, "Rows Removed by Filter": 0, "Startup Cost": 0.0, "Alias": "mi", "Node Type": "Seq Scan", "Actual Total Time": 0.001, "Actual Rows": 0, "Relation Name": "movie_info", "Filter": "(info = ANY ('{Lithuania,USA,\"South Africa\"}'::text[]))", "Parent Relationship": "Outer", "Total Cost": 20.73, "Plan Width": 8}], "Hash Buckets": 1024, "Original Hash Buckets": 1024, "Node Type": "Hash", "Actual Total Time": 0.001, "Actual Rows": 0, "Parent Relationship": "Inner", "Hash Batches": 1, "Total Cost": 20.73, "Plan Width": 8}], "Join Type": "Inner", "Node Type": "Hash Join", "Actual Total Time": 0.053, "Actual Rows": 0, "Parent Relationship": "Inner", "Total Cost": 86684.53, "Plan Width": 16}], "Join Type": "Inner", "Node Type": "Nested Loop", "Actual Total Time": 0.088, "Actual Rows": 0, "Parent Relationship": "Outer", "Total Cost": 86693.97, "Plan Width": 12}, {"Index Name": "keyword_pkey", "Actual Startup Time": 0.0, "Relation Name": "keyword", "Actual Loops": 0, "Plan Rows": 1, "Startup Cost": 0.42, "Rows Removed by Index Recheck": 0, "Rows Removed by Filter": 0, "Alias": "k", "Node Type": "Index Scan", "Scan Direction": "Forward", "Actual Total Time": 0.0, "Actual Rows": 0, "Index Cond": "(id = mk.keyword_id)", "Filter": "(keyword = ANY ('{incestuous-relationship,lip-enlargement,whinnying,reference-to-ralph-nader,cleaning-crew,reading-a-newspaper-over-someone''s-shoulder,love-lost,pretending-to-smoke,reference-to-josephine-baker,veniamin,weak-heart,crucifix}'::text[]))", "Parent Relationship": "Inner", "Total Cost": 0.45, "Plan Width": 4}], "Join Type": "Inner", "Node Type": "Nested Loop", "Actual Total Time": 0.088, "Actual Rows": 0, "Parent Relationship": "Outer", "Total Cost": 86715.77, "Plan Width": 8}, {"Actual Startup Time": 0.0, "Plan Rows": 5407, "Actual Loops": 0, "Startup Cost": 2.43, "Hash Cond": "(mi_idx.info_type_id = it2.id)", "Plans": [{"Actual Startup Time": 0.0, "Plan Rows": 610967, "Actual Loops": 0, "Rows Removed by Filter": 0, "Startup Cost": 0.0, "Alias": "mi_idx", "Node Type": "Seq Scan", "Actual Total Time": 0.0, "Actual Rows": 0, "Relation Name": "movie_info_idx", "Filter": "(info > '4.3'::text)", "Parent Relationship": "Outer", "Total Cost": 25185.44, "Plan Width": 13}, {"Actual Startup Time": 0.0, "Plan Rows": 1, "Node Type": "Hash", "Actual Loops": 0, "Actual Total Time": 0.0, "Actual Rows": 0, "Startup Cost": 2.41, "Plan Width": 4, "Parent Relationship": "Inner", "Total Cost": 2.41, "Plans": [{"Actual Startup Time": 0.0, "Plan Rows": 1, "Actual Loops": 0, "Rows Removed by Filter": 0, "Startup Cost": 0.0, "Alias": "it2", "Node Type": "Seq Scan", "Actual Total Time": 0.0, "Actual Rows": 0, "Relation Name": "info_type", "Filter": "((info)::text = 'rating'::text)", "Parent Relationship": "Outer", "Total Cost": 2.41, "Plan Width": 4}]}], "Join Type": "Inner", "Node Type": "Hash Join", "Actual Total Time": 0.0, "Actual Rows": 0, "Parent Relationship": "Inner", "Total Cost": 27533.06, "Plan Width": 9}], "Join Type": "Inner", "Node Type": "Nested Loop", "Actual Total Time": 0.088, "Actual Rows": 0, "Parent Relationship": "Outer", "Total Cost": 114316.41, "Plan Width": 17}, {"Index Name": "title_pkey", "Actual Startup Time": 0.0, "Relation Name": "title", "Actual Loops": 0, "Plan Rows": 1, "Startup Cost": 0.43, "Rows Removed by Index Recheck": 0, "Rows Removed by Filter": 0, "Alias": "t", "Node Type": "Index Scan", "Scan Direction": "Forward", "Actual Total Time": 0.0, "Actual Rows": 0, "Index Cond": "(id = mk.movie_id)", "Filter": "((production_year > 1910) AND ((title ~~ '%Road%'::text) OR (title ~~ '%Line%'::text) OR (title ~~ '%Pangako%'::text)))", "Parent Relationship": "Inner", "Total Cost": 0.5, "Plan Width": 25}], "Join Type": "Inner", "Node Type": "Nested Loop", "Actual Total Time": 0.089, "Actual Rows": 0, "Parent Relationship": "Outer", "Total Cost": 114316.92, "Plan Width": 26}, {"Index Name": "kind_type_pkey", "Actual Startup Time": 0.0, "Relation Name": "kind_type", "Actual Loops": 0, "Plan Rows": 1, "Startup Cost": 0.15, "Rows Removed by Index Recheck": 0, "Rows Removed by Filter": 0, "Alias": "kt", "Node Type": "Index Scan", "Scan Direction": "Forward", "Actual Total Time": 0.0, "Actual Rows": 0, "Index Cond": "(id = t.kind_id)", "Filter": "((kind)::text = 'video movie'::text)", "Parent Relationship": "Inner", "Total Cost": 0.24, "Plan Width": 4}], "Join Type": "Inner", "Node Type": "Nested Loop", "Actual Total Time": 0.089, "Actual Rows": 0, "Parent Relationship": "Outer", "Total Cost": 114317.17, "Plan Width": 22}]}, "Triggers": [], "Planning Time": 6.767, "Execution Time": 0.322}]]]}
{"start_time": 1569073690.2178774, "plan": [[[{"Plan": {"Actual Startup Time": 0.06, "Plan Rows": 1, "Node Type": "Aggregate", "Actual Loops": 1, "Actual Total Time": 0.06, "Actual Rows": 1, "Plan Width": 22, "Startup Cost": 116144.6, "Strategy": "Plain", "Total Cost": 116144.61, "Plans": [{"Actual Startup Time": 0.057, "Plan Rows": 1, "Actual Loops": 1, "Startup Cost": 33.57, "Plans": [{"Actual Startup Time": 0.057, "Plan Rows": 1, "Join Filter": "(mi.movie_id = t.id)", "Actual Loops": 1, "Startup Cost": 33.42, "Rows Removed by Join Filter": 0, "Plans": [{"Actual Startup Time": 0.057, "Plan Rows": 1, "Join Filter": "(mi_idx.movie_id = mi.movie_id)", "Actual Loops": 1, "Startup Cost": 32.99, "Rows Removed by Join Filter": 0, "Plans": [{"Actual Startup Time": 0.057, "Plan Rows": 1, "Actual Loops": 1, "Startup Cost": 30.56, "Plans": [{"Actual Startup Time": 0.057, "Plan Rows": 47, "Actual Loops": 1, "Startup Cost": 30.14, "Hash Cond": "(mk.movie_id = mi.movie_id)", "Plans": [{"Actual Startup Time": 0.014, "Plan Rows": 4523930, "Actual Loops": 1, "Startup Cost": 0.0, "Alias": "mk", "Node Type": "Seq Scan", "Actual Total Time": 0.014, "Actual Rows": 1, "Parent Relationship": "Outer", "Relation Name": "movie_keyword", "Total Cost": 69693.3, "Plan Width": 8}, {"Actual Startup Time": 0.001, "Plan Rows": 1, "Peak Memory Usage": 8, "Actual Loops": 1, "Startup Cost": 30.13, "Original Hash Batches": 1, "Plans": [{"Actual Startup Time": 0.001, "Plan Rows": 1, "Actual Loops": 1, "Startup Cost": 2.43, "Hash Cond": "(mi.info_type_id = it1.id)", "Plans": [{"Actual Startup Time": 0.0, "Plan Rows": 39, "Actual Loops": 1, "Rows Removed by Filter": 0, "Startup Cost": 0.0, "Alias": "mi", "Node Type": "Seq Scan", "Actual Total Time": 0.0, "Actual Rows": 0, "Relation Name": "movie_info", "Filter": "(info = ANY ('{Iraq,Bulgaria,Guam,Lesotho,Benin,Somalia,\"South Korea\",USA,Zimbabwe,Tonga}'::text[]))", "Parent Relationship": "Outer", "Total Cost": 27.55, "Plan Width": 8}, {"Actual Startup Time": 0.0, "Plan Rows": 1, "Node Type": "Hash", "Actual Loops": 0, "Actual Total Time": 0.0, "Actual Rows": 0, "Startup Cost": 2.41, "Plan Width": 4, "Parent Relationship": "Inner", "Total Cost": 2.41, "Plans": [{"Actual Startup Time": 0.0, "Plan Rows": 1, "Actual Loops": 0, "Rows Removed by Filter": 0, "Startup Cost": 0.0, "Alias": "it1", "Node Type": "Seq Scan", "Actual Total Time": 0.0, "Actual Rows": 0, "Relation Name": "info_type", "Filter": "((info)::text = 'countries'::text)", "Parent Relationship": "Outer", "Total Cost": 2.41, "Plan Width": 4}]}], "Join Type": "Inner", "Node Type": "Hash Join", "Actual Total Time": 0.001, "Actual Rows": 0, "Parent Relationship": "Outer", "Total Cost": 30.13, "Plan Width": 4}], "Hash Buckets": 1024, "Original Hash Buckets": 1024, "Node Type": "Hash", "Actual Total Time": 0.001, "Actual Rows": 0, "Parent Relationship": "Inner", "Hash Batches": 1, "Total Cost": 30.13, "Plan Width": 4}], "Join Type": "Inner", "Node Type": "Hash Join", "Actual Total Time": 0.057, "Actual Rows": 0, "Parent Relationship": "Outer", "Total Cost": 86688.65, "Plan Width": 12}, {"Index Name": "keyword_pkey", "Actual Startup Time": 0.0, "Relation Name": "keyword", "Actual Loops": 0, "Plan Rows": 1, "Startup Cost": 0.42, "Rows Removed by Index Recheck": 0, "Rows Removed by Filter": 0, "Alias": "k", "Node Type": "Index Scan", "Scan Direction": "Forward", "Actual Total Time": 0.0, "Actual Rows": 0, "Index Cond": "(id = mk.keyword_id)", "Filter": "(keyword = ANY ('{bottle-of-rum,stilton-cheese,reference-to-larry-csonka,reference-to-pachacuti,fanfare-band,non-fiction,tram-driver,puc\u00f3n,shirt-cut-off,incentive-program,marianas-trench,walkway}'::text[]))", "Parent Relationship": "Inner", "Total Cost": 0.45, "Plan Width": 4}], "Join Type": "Inner", "Node Type": "Nested Loop", "Actual Total Time": 0.057, "Actual Rows": 0, "Parent Relationship": "Outer", "Total Cost": 86710.45, "Plan Width": 8}, {"Actual Startup Time": 0.0, "Plan Rows": 9514, "Actual Loops": 0, "Startup Cost": 2.43, "Hash Cond": "(mi_idx.info_type_id = it2.id)", "Plans": [{"Actual Startup Time": 0.0, "Plan Rows": 1075074, "Actual Loops": 0, "Rows Removed by Filter": 0, "Startup Cost": 0.0, "Alias": "mi_idx", "Node Type": "Seq Scan", "Actual Total Time": 0.0, "Actual Rows": 0, "Relation Name": "movie_info_idx", "Filter": "(info > '1.1'::text)", "Parent Relationship": "Outer", "Total Cost": 25185.44, "Plan Width": 13}, {"Actual Startup Time": 0.0, "Plan Rows": 1, "Node Type": "Hash", "Actual Loops": 0, "Actual Total Time": 0.0, "Actual Rows": 0, "Startup Cost": 2.41, "Plan Width": 4, "Parent Relationship": "Inner", "Total Cost": 2.41, "Plans": [{"Actual Startup Time": 0.0, "Plan Rows": 1, "Actual Loops": 0, "Rows Removed by Filter": 0, "Startup Cost": 0.0, "Alias": "it2", "Node Type": "Seq Scan", "Actual Total Time": 0.0, "Actual Rows": 0, "Relation Name": "info_type", "Filter": "((info)::text = 'rating'::text)", "Parent Relationship": "Outer", "Total Cost": 2.41, "Plan Width": 4}]}], "Join Type": "Inner", "Node Type": "Hash Join", "Actual Total Time": 0.0, "Actual Rows": 0, "Parent Relationship": "Inner", "Total Cost": 29314.53, "Plan Width": 9}], "Join Type": "Inner", "Node Type": "Nested Loop", "Actual Total Time": 0.057, "Actual Rows": 0, "Parent Relationship": "Outer", "Total Cost": 116143.9, "Plan Width": 17}, {"Index Name": "title_pkey", "Actual Startup Time": 0.0, "Relation Name": "title", "Actual Loops": 0, "Plan Rows": 1, "Startup Cost": 0.43, "Rows Removed by Index Recheck": 0, "Rows Removed by Filter": 0, "Alias": "t", "Node Type": "Index Scan", "Scan Direction": "Forward", "Actual Total Time": 0.0, "Actual Rows": 0, "Index Cond": "(id = mk.movie_id)", "Filter": "((production_year > 1975) AND ((title ~~ '%Part%'::text) OR (title ~~ '%Tsumetai%'::text) OR (title ~~ '%Ligas%'::text)))", "Parent Relationship": "Inner", "Total Cost": 0.5, "Plan Width": 25}], "Join Type": "Inner", "Node Type": "Nested Loop", "Actual Total Time": 0.057, "Actual Rows": 0, "Parent Relationship": "Outer", "Total Cost": 116144.41, "Plan Width": 26}, {"Index Name": "kind_type_pkey", "Actual Startup Time": 0.0, "Relation Name": "kind_type", "Actual Loops": 0, "Plan Rows": 1, "Startup Cost": 0.15, "Rows Removed by Index Recheck": 0, "Rows Removed by Filter": 0, "Alias": "kt", "Node Type": "Index Scan", "Scan Direction": "Forward", "Actual Total Time": 0.0, "Actual Rows": 0, "Index Cond": "(id = t.kind_id)", "Filter": "((kind)::text = 'episode'::text)", "Parent Relationship": "Inner", "Total Cost": 0.17, "Plan Width": 4}], "Join Type": "Inner", "Node Type": "Nested Loop", "Actual Total Time": 0.057, "Actual Rows": 0, "Parent Relationship": "Outer", "Total Cost": 116144.6, "Plan Width": 22}]}, "Triggers": [], "Planning Time": 6.818, "Execution Time": 0.307}]]]}
{"start_time": 1569073690.2178774, "plan": [[[{"Plan": {"Actual Startup Time": 0.07, "Plan Rows": 1, "Node Type": "Aggregate", "Actual Loops": 1, "Actual Total Time": 0.07, "Actual Rows": 1, "Plan Width": 22, "Startup Cost": 112567.65, "Strategy": "Plain", "Total Cost": 112567.66, "Plans": [{"Actual Startup Time": 0.068, "Plan Rows": 1, "Actual Loops": 1, "Startup Cost": 35.55, "Plans": [{"Actual Startup Time": 0.068, "Plan Rows": 1, "Join Filter": "(mi.movie_id = t.id)", "Actual Loops": 1, "Startup Cost": 35.4, "Rows Removed by Join Filter": 0, "Plans": [{"Actual Startup Time": 0.067, "Plan Rows": 1, "Join Filter": "(mi_idx.movie_id = mi.movie_id)", "Actual Loops": 1, "Startup Cost": 34.97, "Rows Removed by Join Filter": 0, "Plans": [{"Actual Startup Time": 0.067, "Plan Rows": 1, "Actual Loops": 1, "Startup Cost": 32.54, "Plans": [{"Actual Startup Time": 0.067, "Plan Rows": 47, "Actual Loops": 1, "Startup Cost": 32.12, "Hash Cond": "(mk.movie_id = mi.movie_id)", "Plans": [{"Actual Startup Time": 0.02, "Plan Rows": 4523930, "Actual Loops": 1, "Startup Cost": 0.0, "Alias": "mk", "Node Type": "Seq Scan", "Actual Total Time": 0.02, "Actual Rows": 1, "Parent Relationship": "Outer", "Relation Name": "movie_keyword", "Total Cost": 69693.3, "Plan Width": 8}, {"Actual Startup Time": 0.002, "Plan Rows": 1, "Peak Memory Usage": 8, "Actual Loops": 1, "Startup Cost": 32.11, "Original Hash Batches": 1, "Plans": [{"Actual Startup Time": 0.001, "Plan Rows": 1, "Actual Loops": 1, "Startup Cost": 2.43, "Hash Cond": "(mi.info_type_id = it1.id)", "Plans": [{"Actual Startup Time": 0.0, "Plan Rows": 47, "Actual Loops": 1, "Rows Removed by Filter": 0, "Startup Cost": 0.0, "Alias": "mi", "Node Type": "Seq Scan", "Actual Total Time": 0.0, "Actual Rows": 0, "Relation Name": "movie_info", "Filter": "(info = ANY ('{Iraq,Thailand,Mexico,Cuba,Azerbaijan,Lithuania,Venezuela,Belarus,\"Saint Helena\",Nigeria,USA,Nicaragua}'::text[]))", "Parent Relationship": "Outer", "Total Cost": 29.5, "Plan Width": 8}, {"Actual Startup Time": 0.0, "Plan Rows": 1, "Node Type": "Hash", "Actual Loops": 0, "Actual Total Time": 0.0, "Actual Rows": 0, "Startup Cost": 2.41, "Plan Width": 4, "Parent Relationship": "Inner", "Total Cost": 2.41, "Plans": [{"Actual Startup Time": 0.0, "Plan Rows": 1, "Actual Loops": 0, "Rows Removed by Filter": 0, "Startup Cost": 0.0, "Alias": "it1", "Node Type": "Seq Scan", "Actual Total Time": 0.0, "Actual Rows": 0, "Relation Name": "info_type", "Filter": "((info)::text = 'countries'::text)", "Parent Relationship": "Outer", "Total Cost": 2.41, "Plan Width": 4}]}], "Join Type": "Inner", "Node Type": "Hash Join", "Actual Total Time": 0.001, "Actual Rows": 0, "Parent Relationship": "Outer", "Total Cost": 32.11, "Plan Width": 4}], "Hash Buckets": 1024, "Original Hash Buckets": 1024, "Node Type": "Hash", "Actual Total Time": 0.002, "Actual Rows": 0, "Parent Relationship": "Inner", "Hash Batches": 1, "Total Cost": 32.11, "Plan Width": 4}], "Join Type": "Inner", "Node Type": "Hash Join", "Actual Total Time": 0.067, "Actual Rows": 0, "Parent Relationship": "Outer", "Total Cost": 86690.63, "Plan Width": 12}, {"Index Name": "keyword_pkey", "Actual Startup Time": 0.0, "Relation Name": "keyword", "Actual Loops": 0, "Plan Rows": 1, "Startup Cost": 0.42, "Rows Removed by Index Recheck": 0, "Rows Removed by Filter": 0, "Alias": "k", "Node Type": "Index Scan", "Scan Direction": "Forward", "Actual Total Time": 0.0, "Actual Rows": 0, "Index Cond": "(id = mk.keyword_id)", "Filter": "(keyword = ANY ('{knights-armor,littoral-warfare,satan''s-church,the-hire,hostile-act,planning-a-murder,skull-fracture,fist}'::text[]))", "Parent Relationship": "Inner", "Total Cost": 0.45, "Plan Width": 4}], "Join Type": "Inner", "Node Type": "Nested Loop", "Actual Total Time": 0.067, "Actual Rows": 0, "Parent Relationship": "Outer", "Total Cost": 86712.19, "Plan Width": 8}, {"Actual Startup Time": 0.0, "Plan Rows": 1494, "Actual Loops": 0, "Startup Cost": 2.43, "Hash Cond": "(mi_idx.info_type_id = it2.id)", "Plans": [{"Actual Startup Time": 0.0, "Plan Rows": 168875, "Actual Loops": 0, "Rows Removed by Filter": 0, "Startup Cost": 0.0, "Alias": "mi_idx", "Node Type": "Seq Scan", "Actual Total Time": 0.0, "Actual Rows": 0, "Relation Name": "movie_info_idx", "Filter": "(info > '7.2'::text)", "Parent Relationship": "Outer", "Total Cost": 25185.44, "Plan Width": 13}, {"Actual Startup Time": 0.0, "Plan Rows": 1, "Node Type": "Hash", "Actual Loops": 0, "Actual Total Time": 0.0, "Actual Rows": 0, "Startup Cost": 2.41, "Plan Width": 4, "Parent Relationship": "Inner", "Total Cost": 2.41, "Plans": [{"Actual Startup Time": 0.0, "Plan Rows": 1, "Actual Loops": 0, "Rows Removed by Filter": 0, "Startup Cost": 0.0, "Alias": "it2", "Node Type": "Seq Scan", "Actual Total Time": 0.0, "Actual Rows": 0, "Relation Name": "info_type", "Filter": "((info)::text = 'rating'::text)", "Parent Relationship": "Outer", "Total Cost": 2.41, "Plan Width": 4}]}], "Join Type": "Inner", "Node Type": "Hash Join", "Actual Total Time": 0.0, "Actual Rows": 0, "Parent Relationship": "Inner", "Total Cost": 25836.08, "Plan Width": 9}], "Join Type": "Inner", "Node Type": "Nested Loop", "Actual Total Time": 0.067, "Actual Rows": 0, "Parent Relationship": "Outer", "Total Cost": 112566.95, "Plan Width": 17}, {"Index Name": "title_pkey", "Actual Startup Time": 0.0, "Relation Name": "title", "Actual Loops": 0, "Plan Rows": 1, "Startup Cost": 0.43, "Rows Removed by Index Recheck": 0, "Rows Removed by Filter": 0, "Alias": "t", "Node Type": "Index Scan", "Scan Direction": "Forward", "Actual Total Time": 0.0, "Actual Rows": 0, "Index Cond": "(id = mk.movie_id)", "Filter": "((production_year > 1902) AND ((title ~~ '%fan%'::text) OR (title ~~ '%The%'::text) OR (title ~~ '%War%'::text)))", "Parent Relationship": "Inner", "Total Cost": 0.5, "Plan Width": 25}], "Join Type": "Inner", "Node Type": "Nested Loop", "Actual Total Time": 0.068, "Actual Rows": 0, "Parent Relationship": "Outer", "Total Cost": 112567.46, "Plan Width": 26}, {"Index Name": "kind_type_pkey", "Actual Startup Time": 0.0, "Relation Name": "kind_type", "Actual Loops": 0, "Plan Rows": 1, "Startup Cost": 0.15, "Rows Removed by Index Recheck": 0, "Rows Removed by Filter": 0, "Alias": "kt", "Node Type": "Index Scan", "Scan Direction": "Forward", "Actual Total Time": 0.0, "Actual Rows": 0, "Index Cond": "(id = t.kind_id)", "Filter": "((kind)::text = 'video movie'::text)", "Parent Relationship": "Inner", "Total Cost": 0.17, "Plan Width": 4}], "Join Type": "Inner", "Node Type": "Nested Loop", "Actual Total Time": 0.068, "Actual Rows": 0, "Parent Relationship": "Outer", "Total Cost": 112567.64, "Plan Width": 22}]}, "Triggers": [], "Planning Time": 10.399, "Execution Time": 0.347}]]]}
{"start_time": 1569073690.2178774, "plan": [[[{"Plan": {"Actual Startup Time": 0.138, "Plan Rows": 1, "Node Type": "Aggregate", "Actual Loops": 1, "Actual Total Time": 0.139, "Actual Rows": 1, "Plan Width": 22, "Startup Cost": 114517.19, "Strategy": "Plain", "Total Cost": 114517.2, "Plans": [{"Actual Startup Time": 0.135, "Plan Rows": 1, "Actual Loops": 1, "Startup Cost": 30.81, "Plans": [{"Actual Startup Time": 0.135, "Plan Rows": 1, "Join Filter": "(mi.movie_id = t.id)", "Actual Loops": 1, "Startup Cost": 30.66, "Rows Removed by Join Filter": 0, "Plans": [{"Actual Startup Time": 0.135, "Plan Rows": 1, "Join Filter": "(mi_idx.movie_id = mi.movie_id)", "Actual Loops": 1, "Startup Cost": 30.23, "Rows Removed by Join Filter": 0, "Plans": [{"Actual Startup Time": 0.134, "Plan Rows": 1, "Actual Loops": 1, "Startup Cost": 27.81, "Plans": [{"Actual Startup Time": 0.133, "Plan Rows": 47, "Actual Loops": 1, "Startup Cost": 27.39, "Hash Cond": "(mk.movie_id = mi.movie_id)", "Plans": [{"Actual Startup Time": 0.021, "Plan Rows": 4523930, "Actual Loops": 1, "Startup Cost": 0.0, "Alias": "mk", "Node Type": "Seq Scan", "Actual Total Time": 0.021, "Actual Rows": 1, "Parent Relationship": "Outer", "Relation Name": "movie_keyword", "Total Cost": 69693.3, "Plan Width": 8}, {"Actual Startup Time": 0.06, "Plan Rows": 1, "Peak Memory Usage": 8, "Actual Loops": 1, "Startup Cost": 27.38, "Original Hash Batches": 1, "Plans": [{"Actual Startup Time": 0.06, "Plan Rows": 1, "Join Filter": "(it1.id = mi.info_type_id)", "Actual Loops": 1, "Startup Cost": 0.0, "Rows Removed by Join Filter": 0, "Plans": [{"Actual Startup Time": 0.016, "Plan Rows": 1, "Actual Loops": 1, "Rows Removed by Filter": 112, "Startup Cost": 0.0, "Alias": "it1", "Node Type": "Seq Scan", "Actual Total Time": 0.056, "Actual Rows": 1, "Relation Name": "info_type", "Filter": "((info)::text = 'countries'::text)", "Parent Relationship": "Outer", "Total Cost": 2.41, "Plan Width": 4}, {"Actual Startup Time": 0.0, "Plan Rows": 27, "Actual Loops": 1, "Rows Removed by Filter": 0, "Startup Cost": 0.0, "Alias": "mi", "Node Type": "Seq Scan", "Actual Total Time": 0.0, "Actual Rows": 0, "Relation Name": "movie_info", "Filter": "(info = ANY ('{Italy,Grenada,Congo,\"Isle of Man\",Iceland,Poland,USA}'::text[]))", "Parent Relationship": "Inner", "Total Cost": 24.62, "Plan Width": 8}], "Join Type": "Inner", "Node Type": "Nested Loop", "Actual Total Time": 0.06, "Actual Rows": 0, "Parent Relationship": "Outer", "Total Cost": 27.38, "Plan Width": 4}], "Hash Buckets": 1024, "Original Hash Buckets": 1024, "Node Type": "Hash", "Actual Total Time": 0.06, "Actual Rows": 0, "Parent Relationship": "Inner", "Hash Batches": 1, "Total Cost": 27.38, "Plan Width": 4}], "Join Type": "Inner", "Node Type": "Hash Join", "Actual Total Time": 0.133, "Actual Rows": 0, "Parent Relationship": "Outer", "Total Cost": 86685.9, "Plan Width": 12}, {"Index Name": "keyword_pkey", "Actual Startup Time": 0.0, "Relation Name": "keyword", "Actual Loops": 0, "Plan Rows": 1, "Startup Cost": 0.42, "Rows Removed by Index Recheck": 0, "Rows Removed by Filter": 0, "Alias": "k", "Node Type": "Index Scan", "Scan Direction": "Forward", "Actual Total Time": 0.0, "Actual Rows": 0, "Index Cond": "(id = mk.keyword_id)", "Filter": "(keyword = ANY ('{atf,naked-female-corpse,riding-a-bicycle-down-stairs,allegiance,nature-show,lovers-rendezvous,poor-painter,creation,comics-page}'::text[]))", "Parent Relationship": "Inner", "Total Cost": 0.45, "Plan Width": 4}], "Join Type": "Inner", "Node Type": "Nested Loop", "Actual Total Time": 0.134, "Actual Rows": 0, "Parent Relationship": "Outer", "Total Cost": 86707.52, "Plan Width": 8}, {"Actual Startup Time": 0.0, "Plan Rows": 5874, "Actual Loops": 0, "Startup Cost": 2.43, "Hash Cond": "(mi_idx.info_type_id = it2.id)", "Plans": [{"Actual Startup Time": 0.0, "Plan Rows": 663721, "Actual Loops": 0, "Rows Removed by Filter": 0, "Startup Cost": 0.0, "Alias": "mi_idx", "Node Type": "Seq Scan", "Actual Total Time": 0.0, "Actual Rows": 0, "Relation Name": "movie_info_idx", "Filter": "(info > '3.7'::text)", "Parent Relationship": "Outer", "Total Cost": 25185.44, "Plan Width": 13}, {"Actual Startup Time": 0.0, "Plan Rows": 1, "Node Type": "Hash", "Actual Loops": 0, "Actual Total Time": 0.0, "Actual Rows": 0, "Startup Cost": 2.41, "Plan Width": 4, "Parent Relationship": "Inner", "Total Cost": 2.41, "Plans": [{"Actual Startup Time": 0.0, "Plan Rows": 1, "Actual Loops": 0, "Rows Removed by Filter": 0, "Startup Cost": 0.0, "Alias": "it2", "Node Type": "Seq Scan", "Actual Total Time": 0.0, "Actual Rows": 0, "Relation Name": "info_type", "Filter": "((info)::text = 'rating'::text)", "Parent Relationship": "Outer", "Total Cost": 2.41, "Plan Width": 4}]}], "Join Type": "Inner", "Node Type": "Hash Join", "Actual Total Time": 0.0, "Actual Rows": 0, "Parent Relationship": "Inner", "Total Cost": 27735.56, "Plan Width": 9}], "Join Type": "Inner", "Node Type": "Nested Loop", "Actual Total Time": 0.135, "Actual Rows": 0, "Parent Relationship": "Outer", "Total Cost": 114516.5, "Plan Width": 17}, {"Index Name": "title_pkey", "Actual Startup Time": 0.0, "Relation Name": "title", "Actual Loops": 0, "Plan Rows": 1, "Startup Cost": 0.43, "Rows Removed by Index Recheck": 0, "Rows Removed by Filter": 0, "Alias": "t", "Node Type": "Index Scan", "Scan Direction": "Forward", "Actual Total Time": 0.0, "Actual Rows": 0, "Index Cond": "(id = mk.movie_id)", "Filter": "((production_year > 1889) AND ((title ~~ '%Gonzalo%'::text) OR (title ~~ '%Cybervictor%'::text) OR (title ~~ '%for%'::text)))", "Parent Relationship": "Inner", "Total Cost": 0.5, "Plan Width": 25}], "Join Type": "Inner", "Node Type": "Nested Loop", "Actual Total Time": 0.135, "Actual Rows": 0, "Parent Relationship": "Outer", "Total Cost": 114517.01, "Plan Width": 26}, {"Index Name": "kind_type_pkey", "Actual Startup Time": 0.0, "Relation Name": "kind_type", "Actual Loops": 0, "Plan Rows": 1, "Startup Cost": 0.15, "Rows Removed by Index Recheck": 0, "Rows Removed by Filter": 0, "Alias": "kt", "Node Type": "Index Scan", "Scan Direction": "Forward", "Actual Total Time": 0.0, "Actual Rows": 0, "Index Cond": "(id = t.kind_id)", "Filter": "((kind)::text = 'movie'::text)", "Parent Relationship": "Inner", "Total Cost": 0.17, "Plan Width": 4}], "Join Type": "Inner", "Node Type": "Nested Loop", "Actual Total Time": 0.135, "Actual Rows": 0, "Parent Relationship": "Outer", "Total Cost": 114517.19, "Plan Width": 22}]}, "Triggers": [], "Planning Time": 10.694, "Execution Time": 0.426}]]]}
{"start_time": 1569073690.2178774, "plan": [[[{"Plan": {"Actual Startup Time": 0.058, "Plan Rows": 1, "Node Type": "Aggregate", "Actual Loops": 1, "Actual Total Time": 0.058, "Actual Rows": 1, "Plan Width": 22, "Startup Cost": 114646.9, "Strategy": "Plain", "Total Cost": 114646.91, "Plans": [{"Actual Startup Time": 0.056, "Plan Rows": 1, "Actual Loops": 1, "Startup Cost": 34.56, "Plans": [{"Actual Startup Time": 0.055, "Plan Rows": 1, "Join Filter": "(mi.movie_id = t.id)", "Actual Loops": 1, "Startup Cost": 34.41, "Rows Removed by Join Filter": 0, "Plans": [{"Actual Startup Time": 0.055, "Plan Rows": 1, "Join Filter": "(mi_idx.movie_id = mi.movie_id)", "Actual Loops": 1, "Startup Cost": 33.98, "Rows Removed by Join Filter": 0, "Plans": [{"Actual Startup Time": 0.055, "Plan Rows": 1, "Actual Loops": 1, "Startup Cost": 31.55, "Plans": [{"Actual Startup Time": 0.055, "Plan Rows": 47, "Actual Loops": 1, "Startup Cost": 31.13, "Hash Cond": "(mk.movie_id = mi.movie_id)", "Plans": [{"Actual Startup Time": 0.014, "Plan Rows": 4523930, "Actual Loops": 1, "Startup Cost": 0.0, "Alias": "mk", "Node Type": "Seq Scan", "Actual Total Time": 0.014, "Actual Rows": 1, "Parent Relationship": "Outer", "Relation Name": "movie_keyword", "Total Cost": 69693.3, "Plan Width": 8}, {"Actual Startup Time": 0.001, "Plan Rows": 1, "Peak Memory Usage": 8, "Actual Loops": 1, "Startup Cost": 31.12, "Original Hash Batches": 1, "Plans": [{"Actual Startup Time": 0.001, "Plan Rows": 1, "Actual Loops": 1, "Startup Cost": 2.43, "Hash Cond": "(mi.info_type_id = it1.id)", "Plans": [{"Actual Startup Time": 0.0, "Plan Rows": 43, "Actual Loops": 1, "Rows Removed by Filter": 0, "Startup Cost": 0.0, "Alias": "mi", "Node Type": "Seq Scan", "Actual Total Time": 0.0, "Actual Rows": 0, "Relation Name": "movie_info", "Filter": "(info = ANY ('{Croatia,Taiwan,Congo,Mauritania,Palestine,Pakistan,\"South Korea\",Slovenia,France,\"East Germany\",Tuvalu}'::text[]))", "Parent Relationship": "Outer", "Total Cost": 28.52, "Plan Width": 8}, {"Actual Startup Time": 0.0, "Plan Rows": 1, "Node Type": "Hash", "Actual Loops": 0, "Actual Total Time": 0.0, "Actual Rows": 0, "Startup Cost": 2.41, "Plan Width": 4, "Parent Relationship": "Inner", "Total Cost": 2.41, "Plans": [{"Actual Startup Time": 0.0, "Plan Rows": 1, "Actual Loops": 0, "Rows Removed by Filter": 0, "Startup Cost": 0.0, "Alias": "it1", "Node Type": "Seq Scan", "Actual Total Time": 0.0, "Actual Rows": 0, "Relation Name": "info_type", "Filter": "((info)::text = 'countries'::text)", "Parent Relationship": "Outer", "Total Cost": 2.41, "Plan Width": 4}]}], "Join Type": "Inner", "Node Type": "Hash Join", "Actual Total Time": 0.001, "Actual Rows": 0, "Parent Relationship": "Outer", "Total Cost": 31.12, "Plan Width": 4}], "Hash Buckets": 1024, "Original Hash Buckets": 1024, "Node Type": "Hash", "Actual Total Time": 0.001, "Actual Rows": 0, "Parent Relationship": "Inner", "Hash Batches": 1, "Total Cost": 31.12, "Plan Width": 4}], "Join Type": "Inner", "Node Type": "Hash Join", "Actual Total Time": 0.055, "Actual Rows": 0, "Parent Relationship": "Outer", "Total Cost": 86689.64, "Plan Width": 12}, {"Index Name": "keyword_pkey", "Actual Startup Time": 0.0, "Relation Name": "keyword", "Actual Loops": 0, "Plan Rows": 1, "Startup Cost": 0.42, "Rows Removed by Index Recheck": 0, "Rows Removed by Filter": 0, "Alias": "k", "Node Type": "Index Scan", "Scan Direction": "Forward", "Actual Total Time": 0.0, "Actual Rows": 0, "Index Cond": "(id = mk.keyword_id)", "Filter": "(keyword = ANY ('{infrared-vision,kaos,hydrolic-truck,half-brother-half-sister-relationship,pennywise,macho-man,television-show-advisor,perfume-counter,bucket}'::text[]))", "Parent Relationship": "Inner", "Total Cost": 0.45, "Plan Width": 4}], "Join Type": "Inner", "Node Type": "Nested Loop", "Actual Total Time": 0.055, "Actual Rows": 0, "Parent Relationship": "Outer", "Total Cost": 86711.26, "Plan Width": 8}, {"Actual Startup Time": 0.0, "Plan Rows": 6156, "Actual Loops": 0, "Startup Cost": 2.43, "Hash Cond": "(mi_idx.info_type_id = it2.id)", "Plans": [{"Actual Startup Time": 0.0, "Plan Rows": 695619, "Actual Loops": 0, "Rows Removed by Filter": 0, "Startup Cost": 0.0, "Alias": "mi_idx", "Node Type": "Seq Scan", "Actual Total Time": 0.0, "Actual Rows": 0, "Relation Name": "movie_info_idx", "Filter": "(info > '3.2'::text)", "Parent Relationship": "Outer", "Total Cost": 25185.44, "Plan Width": 13}, {"Actual Startup Time": 0.0, "Plan Rows": 1, "Node Type": "Hash", "Actual Loops": 0, "Actual Total Time": 0.0, "Actual Rows": 0, "Startup Cost": 2.41, "Plan Width": 4, "Parent Relationship": "Inner", "Total Cost": 2.41, "Plans": [{"Actual Startup Time": 0.0, "Plan Rows": 1, "Actual Loops": 0, "Rows Removed by Filter": 0, "Startup Cost": 0.0, "Alias": "it2", "Node Type": "Seq Scan", "Actual Total Time": 0.0, "Actual Rows": 0, "Relation Name": "info_type", "Filter": "((info)::text = 'rating'::text)", "Parent Relationship": "Outer", "Total Cost": 2.41, "Plan Width": 4}]}], "Join Type": "Inner", "Node Type": "Hash Join", "Actual Total Time": 0.0, "Actual Rows": 0, "Parent Relationship": "Inner", "Total Cost": 27857.99, "Plan Width": 9}], "Join Type": "Inner", "Node Type": "Nested Loop", "Actual Total Time": 0.055, "Actual Rows": 0, "Parent Relationship": "Outer", "Total Cost": 114646.21, "Plan Width": 17}, {"Index Name": "title_pkey", "Actual Startup Time": 0.0, "Relation Name": "title", "Actual Loops": 0, "Plan Rows": 1, "Startup Cost": 0.43, "Rows Removed by Index Recheck": 0, "Rows Removed by Filter": 0, "Alias": "t", "Node Type": "Index Scan", "Scan Direction": "Forward", "Actual Total Time": 0.0, "Actual Rows": 0, "Index Cond": "(id = mk.movie_id)", "Filter": "((production_year > 1929) AND ((title ~~ '%Maangandi%'::text) OR (title ~~ '%Antonio%'::text) OR (title ~~ '%The%'::text)))", "Parent Relationship": "Inner", "Total Cost": 0.5, "Plan Width": 25}], "Join Type": "Inner", "Node Type": "Nested Loop", "Actual Total Time": 0.055, "Actual Rows": 0, "Parent Relationship": "Outer", "Total Cost": 114646.72, "Plan Width": 26}, {"Index Name": "kind_type_pkey", "Actual Startup Time": 0.0, "Relation Name": "kind_type", "Actual Loops": 0, "Plan Rows": 1, "Startup Cost": 0.15, "Rows Removed by Index Recheck": 0, "Rows Removed by Filter": 0, "Alias": "kt", "Node Type": "Index Scan", "Scan Direction": "Forward", "Actual Total Time": 0.0, "Actual Rows": 0, "Index Cond": "(id = t.kind_id)", "Filter": "((kind)::text = 'movie'::text)", "Parent Relationship": "Inner", "Total Cost": 0.17, "Plan Width": 4}], "Join Type": "Inner", "Node Type": "Nested Loop", "Actual Total Time": 0.056, "Actual Rows": 0, "Parent Relationship": "Outer", "Total Cost": 114646.9, "Plan Width": 22}]}, "Triggers": [], "Planning Time": 6.399, "Execution Time": 0.273}]]]}
{"start_time": 1569073690.752179, "plan": [[[{"Plan": {"Actual Startup Time": 0.067, "Plan Rows": 1, "Node Type": "Aggregate", "Actual Loops": 1, "Actual Total Time": 0.067, "Actual Rows": 1, "Plan Width": 22, "Startup Cost": 114539.87, "Strategy": "Plain", "Total Cost": 114539.88, "Plans": [{"Actual Startup Time": 0.064, "Plan Rows": 1, "Actual Loops": 1, "Startup Cost": 33.57, "Plans": [{"Actual Startup Time": 0.063, "Plan Rows": 1, "Join Filter": "(mi.movie_id = t.id)", "Actual Loops": 1, "Startup Cost": 33.42, "Rows Removed by Join Filter": 0, "Plans": [{"Actual Startup Time": 0.063, "Plan Rows": 1, "Join Filter": "(mi_idx.movie_id = mi.movie_id)", "Actual Loops": 1, "Startup Cost": 32.99, "Rows Removed by Join Filter": 0, "Plans": [{"Actual Startup Time": 0.063, "Plan Rows": 1, "Actual Loops": 1, "Startup Cost": 30.56, "Plans": [{"Actual Startup Time": 0.063, "Plan Rows": 47, "Actual Loops": 1, "Startup Cost": 30.14, "Hash Cond": "(mk.movie_id = mi.movie_id)", "Plans": [{"Actual Startup Time": 0.015, "Plan Rows": 4523930, "Actual Loops": 1, "Startup Cost": 0.0, "Alias": "mk", "Node Type": "Seq Scan", "Actual Total Time": 0.015, "Actual Rows": 1, "Parent Relationship": "Outer", "Relation Name": "movie_keyword", "Total Cost": 69693.3, "Plan Width": 8}, {"Actual Startup Time": 0.001, "Plan Rows": 1, "Peak Memory Usage": 8, "Actual Loops": 1, "Startup Cost": 30.13, "Original Hash Batches": 1, "Plans": [{"Actual Startup Time": 0.001, "Plan Rows": 1, "Actual Loops": 1, "Startup Cost": 2.43, "Hash Cond": "(mi.info_type_id = it1.id)", "Plans": [{"Actual Startup Time": 0.0, "Plan Rows": 39, "Actual Loops": 1, "Rows Removed by Filter": 0, "Startup Cost": 0.0, "Alias": "mi", "Node Type": "Seq Scan", "Actual Total Time": 0.0, "Actual Rows": 0, "Relation Name": "movie_info", "Filter": "(info = ANY ('{Indonesia,Martinique,India,Tunisia,Luxembourg,Nigeria,Bermuda,\"Cape Verde\",Paraguay,\"United States Minor Outlying Islands\"}'::text[]))", "Parent Relationship": "Outer", "Total Cost": 27.55, "Plan Width": 8}, {"Actual Startup Time": 0.0, "Plan Rows": 1, "Node Type": "Hash", "Actual Loops": 0, "Actual Total Time": 0.0, "Actual Rows": 0, "Startup Cost": 2.41, "Plan Width": 4, "Parent Relationship": "Inner", "Total Cost": 2.41, "Plans": [{"Actual Startup Time": 0.0, "Plan Rows": 1, "Actual Loops": 0, "Rows Removed by Filter": 0, "Startup Cost": 0.0, "Alias": "it1", "Node Type": "Seq Scan", "Actual Total Time": 0.0, "Actual Rows": 0, "Relation Name": "info_type", "Filter": "((info)::text = 'countries'::text)", "Parent Relationship": "Outer", "Total Cost": 2.41, "Plan Width": 4}]}], "Join Type": "Inner", "Node Type": "Hash Join", "Actual Total Time": 0.001, "Actual Rows": 0, "Parent Relationship": "Outer", "Total Cost": 30.13, "Plan Width": 4}], "Hash Buckets": 1024, "Original Hash Buckets": 1024, "Node Type": "Hash", "Actual Total Time": 0.001, "Actual Rows": 0, "Parent Relationship": "Inner", "Hash Batches": 1, "Total Cost": 30.13, "Plan Width": 4}], "Join Type": "Inner", "Node Type": "Hash Join", "Actual Total Time": 0.063, "Actual Rows": 0, "Parent Relationship": "Outer", "Total Cost": 86688.65, "Plan Width": 12}, {"Index Name": "keyword_pkey", "Actual Startup Time": 0.0, "Relation Name": "keyword", "Actual Loops": 0, "Plan Rows": 1, "Startup Cost": 0.42, "Rows Removed by Index Recheck": 0, "Rows Removed by Filter": 0, "Alias": "k", "Node Type": "Index Scan", "Scan Direction": "Forward", "Actual Total Time": 0.0, "Actual Rows": 0, "Index Cond": "(id = mk.keyword_id)", "Filter": "(keyword = ANY ('{farm-crisis,chewed-up-body,children-theater-show,reference-to-arkansas-tom-jones,department-store-manager,sports-school,fashion-police,altar,fiber-optic-scope,tap-dance}'::text[]))", "Parent Relationship": "Inner", "Total Cost": 0.45, "Plan Width": 4}], "Join Type": "Inner", "Node Type": "Nested Loop", "Actual Total Time": 0.063, "Actual Rows": 0, "Parent Relationship": "Outer", "Total Cost": 86710.33, "Plan Width": 8}, {"Actual Startup Time": 0.0, "Plan Rows": 5918, "Actual Loops": 0, "Startup Cost": 2.43, "Hash Cond": "(mi_idx.info_type_id = it2.id)", "Plans": [{"Actual Startup Time": 0.0, "Plan Rows": 668736, "Actual Loops": 0, "Rows Removed by Filter": 0, "Startup Cost": 0.0, "Alias": "mi_idx", "Node Type": "Seq Scan", "Actual Total Time": 0.0, "Actual Rows": 0, "Relation Name": "movie_info_idx", "Filter": "(info > '3.6'::text)", "Parent Relationship": "Outer", "Total Cost": 25185.44, "Plan Width": 13}, {"Actual Startup Time": 0.0, "Plan Rows": 1, "Node Type": "Hash", "Actual Loops": 0, "Actual Total Time": 0.0, "Actual Rows": 0, "Startup Cost": 2.41, "Plan Width": 4, "Parent Relationship": "Inner", "Total Cost": 2.41, "Plans": [{"Actual Startup Time": 0.0, "Plan Rows": 1, "Actual Loops": 0, "Rows Removed by Filter": 0, "Startup Cost": 0.0, "Alias": "it2", "Node Type": "Seq Scan", "Actual Total Time": 0.0, "Actual Rows": 0, "Relation Name": "info_type", "Filter": "((info)::text = 'rating'::text)", "Parent Relationship": "Outer", "Total Cost": 2.41, "Plan Width": 4}]}], "Join Type": "Inner", "Node Type": "Hash Join", "Actual Total Time": 0.0, "Actual Rows": 0, "Parent Relationship": "Inner", "Total Cost": 27754.8, "Plan Width": 9}], "Join Type": "Inner", "Node Type": "Nested Loop", "Actual Total Time": 0.063, "Actual Rows": 0, "Parent Relationship": "Outer", "Total Cost": 114539.11, "Plan Width": 17}, {"Index Name": "title_pkey", "Actual Startup Time": 0.0, "Relation Name": "title", "Actual Loops": 0, "Plan Rows": 1, "Startup Cost": 0.43, "Rows Removed by Index Recheck": 0, "Rows Removed by Filter": 0, "Alias": "t", "Node Type": "Index Scan", "Scan Direction": "Forward", "Actual Total Time": 0.0, "Actual Rows": 0, "Index Cond": "(id = mk.movie_id)", "Filter": "((production_year > 1899) AND ((title ~~ '%Nature%'::text) OR (title ~~ '%River%'::text) OR (title ~~ '%Bubble%'::text)))", "Parent Relationship": "Inner", "Total Cost": 0.5, "Plan Width": 25}], "Join Type": "Inner", "Node Type": "Nested Loop", "Actual Total Time": 0.063, "Actual Rows": 0, "Parent Relationship": "Outer", "Total Cost": 114539.62, "Plan Width": 26}, {"Index Name": "kind_type_pkey", "Actual Startup Time": 0.0, "Relation Name": "kind_type", "Actual Loops": 0, "Plan Rows": 1, "Startup Cost": 0.15, "Rows Removed by Index Recheck": 0, "Rows Removed by Filter": 0, "Alias": "kt", "Node Type": "Index Scan", "Scan Direction": "Forward", "Actual Total Time": 0.0, "Actual Rows": 0, "Index Cond": "(id = t.kind_id)", "Filter": "((kind)::text = 'movie'::text)", "Parent Relationship": "Inner", "Total Cost": 0.24, "Plan Width": 4}], "Join Type": "Inner", "Node Type": "Nested Loop", "Actual Total Time": 0.064, "Actual Rows": 0, "Parent Relationship": "Outer", "Total Cost": 114539.87, "Plan Width": 22}]}, "Triggers": [], "Planning Time": 6.765, "Execution Time": 0.302}]]]}
{"start_time": 1569073690.752179, "plan": [[[{"Plan": {"Actual Startup Time": 0.094, "Plan Rows": 1, "Node Type": "Aggregate", "Actual Loops": 1, "Actual Total Time": 0.094, "Actual Rows": 1, "Plan Width": 22, "Startup Cost": 114753.54, "Strategy": "Plain", "Total Cost": 114753.55, "Plans": [{"Actual Startup Time": 0.092, "Plan Rows": 1, "Actual Loops": 1, "Startup Cost": 23.28, "Plans": [{"Actual Startup Time": 0.092, "Plan Rows": 1, "Join Filter": "(mi.movie_id = t.id)", "Actual Loops": 1, "Startup Cost": 23.13, "Rows Removed by Join Filter": 0, "Plans": [{"Actual Startup Time": 0.091, "Plan Rows": 1, "Join Filter": "(mi_idx.movie_id = mi.movie_id)", "Actual Loops": 1, "Startup Cost": 22.7, "Rows Removed by Join Filter": 0, "Plans": [{"Actual Startup Time": 0.09, "Plan Rows": 1, "Actual Loops": 1, "Startup Cost": 20.27, "Plans": [{"Actual Startup Time": 0.09, "Plan Rows": 47, "Join Filter": "(mi.info_type_id = it1.id)", "Actual Loops": 1, "Startup Cost": 19.85, "Rows Removed by Join Filter": 0, "Plans": [{"Actual Startup Time": 0.013, "Plan Rows": 1, "Actual Loops": 1, "Rows Removed by Filter": 112, "Startup Cost": 0.0, "Alias": "it1", "Node Type": "Seq Scan", "Actual Total Time": 0.033, "Actual Rows": 1, "Relation Name": "info_type", "Filter": "((info)::text = 'countries'::text)", "Parent Relationship": "Outer", "Total Cost": 2.41, "Plan Width": 4}, {"Actual Startup Time": 0.054, "Plan Rows": 374, "Actual Loops": 1, "Startup Cost": 19.85, "Hash Cond": "(mk.movie_id = mi.movie_id)", "Plans": [{"Actual Startup Time": 0.013, "Plan Rows": 4523930, "Actual Loops": 1, "Startup Cost": 0.0, "Alias": "mk", "Node Type": "Seq Scan", "Actual Total Time": 0.013, "Actual Rows": 1, "Parent Relationship": "Outer", "Relation Name": "movie_keyword", "Total Cost": 69693.3, "Plan Width": 8}, {"Actual Startup Time": 0.0, "Plan Rows": 8, "Peak Memory Usage": 8, "Actual Loops": 1, "Startup Cost": 19.75, "Original Hash Batches": 1, "Plans": [{"Actual Startup Time": 0.0, "Plan Rows": 8, "Actual Loops": 1, "Rows Removed by Filter": 0, "Startup Cost": 0.0, "Alias": "mi", "Node Type": "Seq Scan", "Actual Total Time": 0.0, "Actual Rows": 0, "Relation Name": "movie_info", "Filter": "(info = ANY ('{Nepal,Canada}'::text[]))", "Parent Relationship": "Outer", "Total Cost": 19.75, "Plan Width": 8}], "Hash Buckets": 1024, "Original Hash Buckets": 1024, "Node Type": "Hash", "Actual Total Time": 0.0, "Actual Rows": 0, "Parent Relationship": "Inner", "Hash Batches": 1, "Total Cost": 19.75, "Plan Width": 8}], "Join Type": "Inner", "Node Type": "Hash Join", "Actual Total Time": 0.054, "Actual Rows": 0, "Parent Relationship": "Inner", "Total Cost": 86681.63, "Plan Width": 16}], "Join Type": "Inner", "Node Type": "Nested Loop", "Actual Total Time": 0.09, "Actual Rows": 0, "Parent Relationship": "Outer", "Total Cost": 86688.72, "Plan Width": 12}, {"Index Name": "keyword_pkey", "Actual Startup Time": 0.0, "Relation Name": "keyword", "Actual Loops": 0, "Plan Rows": 1, "Startup Cost": 0.42, "Rows Removed by Index Recheck": 0, "Rows Removed by Filter": 0, "Alias": "k", "Node Type": "Index Scan", "Scan Direction": "Forward", "Actual Total Time": 0.0, "Actual Rows": 0, "Index Cond": "(id = mk.keyword_id)", "Filter": "(keyword = ANY ('{cascades,marital-infidelity,fourth-estate,corporate-swindler}'::text[]))", "Parent Relationship": "Inner", "Total Cost": 0.44, "Plan Width": 4}], "Join Type": "Inner", "Node Type": "Nested Loop", "Actual Total Time": 0.09, "Actual Rows": 0, "Parent Relationship": "Outer", "Total Cost": 86710.04, "Plan Width": 8}, {"Actual Startup Time": 0.0, "Plan Rows": 6398, "Actual Loops": 0, "Startup Cost": 2.43, "Hash Cond": "(mi_idx.info_type_id = it2.id)", "Plans": [{"Actual Startup Time": 0.0, "Plan Rows": 722929, "Actual Loops": 0, "Rows Removed by Filter": 0, "Startup Cost": 0.0, "Alias": "mi_idx", "Node Type": "Seq Scan", "Actual Total Time": 0.0, "Actual Rows": 0, "Relation Name": "movie_info_idx", "Filter": "(info > '3.0'::text)", "Parent Relationship": "Outer", "Total Cost": 25185.44, "Plan Width": 13}, {"Actual Startup Time": 0.0, "Plan Rows": 1, "Node Type": "Hash", "Actual Loops": 0, "Actual Total Time": 0.0, "Actual Rows": 0, "Startup Cost": 2.41, "Plan Width": 4, "Parent Relationship": "Inner", "Total Cost": 2.41, "Plans": [{"Actual Startup Time": 0.0, "Plan Rows": 1, "Actual Loops": 0, "Rows Removed by Filter": 0, "Startup Cost": 0.0, "Alias": "it2", "Node Type": "Seq Scan", "Actual Total Time": 0.0, "Actual Rows": 0, "Relation Name": "info_type", "Filter": "((info)::text = 'rating'::text)", "Parent Relationship": "Outer", "Total Cost": 2.41, "Plan Width": 4}]}], "Join Type": "Inner", "Node Type": "Hash Join", "Actual Total Time": 0.0, "Actual Rows": 0, "Parent Relationship": "Inner", "Total Cost": 27962.83, "Plan Width": 9}], "Join Type": "Inner", "Node Type": "Nested Loop", "Actual Total Time": 0.091, "Actual Rows": 0, "Parent Relationship": "Outer", "Total Cost": 114752.84, "Plan Width": 17}, {"Index Name": "title_pkey", "Actual Startup Time": 0.0, "Relation Name": "title", "Actual Loops": 0, "Plan Rows": 1, "Startup Cost": 0.43, "Rows Removed by Index Recheck": 0, "Rows Removed by Filter": 0, "Alias": "t", "Node Type": "Index Scan", "Scan Direction": "Forward", "Actual Total Time": 0.0, "Actual Rows": 0, "Index Cond": "(id = mk.movie_id)", "Filter": "((production_year > 1968) AND ((title ~~ '%Blood%'::text) OR (title ~~ '%The%'::text) OR (title ~~ '%Dario:%'::text)))", "Parent Relationship": "Inner", "Total Cost": 0.5, "Plan Width": 25}], "Join Type": "Inner", "Node Type": "Nested Loop", "Actual Total Time": 0.092, "Actual Rows": 0, "Parent Relationship": "Outer", "Total Cost": 114753.35, "Plan Width": 26}, {"Index Name": "kind_type_pkey", "Actual Startup Time": 0.0, "Relation Name": "kind_type", "Actual Loops": 0, "Plan Rows": 1, "Startup Cost": 0.15, "Rows Removed by Index Recheck": 0, "Rows Removed by Filter": 0, "Alias": "kt", "Node Type": "Index Scan", "Scan Direction": "Forward", "Actual Total Time": 0.0, "Actual Rows": 0, "Index Cond": "(id = t.kind_id)", "Filter": "((kind)::text = 'tv movie'::text)", "Parent Relationship": "Inner", "Total Cost": 0.17, "Plan Width": 4}], "Join Type": "Inner", "Node Type": "Nested Loop", "Actual Total Time": 0.092, "Actual Rows": 0, "Parent Relationship": "Outer", "Total Cost": 114753.53, "Plan Width": 22}]}, "Triggers": [], "Planning Time": 6.5, "Execution Time": 0.323}]]]}
{"start_time": 1569073691.274174, "plan": [[[{"Plan": {"Actual Startup Time": 0.1, "Plan Rows": 1, "Node Type": "Aggregate", "Actual Loops": 1, "Actual Total Time": 0.101, "Actual Rows": 1, "Plan Width": 22, "Startup Cost": 113936.8, "Strategy": "Plain", "Total Cost": 113936.81, "Plans": [{"Actual Startup Time": 0.096, "Plan Rows": 1, "Actual Loops": 1, "Startup Cost": 30.81, "Plans": [{"Actual Startup Time": 0.096, "Plan Rows": 1, "Join Filter": "(mi.movie_id = t.id)", "Actual Loops": 1, "Startup Cost": 30.66, "Rows Removed by Join Filter": 0, "Plans": [{"Actual Startup Time": 0.096, "Plan Rows": 1, "Join Filter": "(mi_idx.movie_id = mi.movie_id)", "Actual Loops": 1, "Startup Cost": 30.23, "Rows Removed by Join Filter": 0, "Plans": [{"Actual Startup Time": 0.095, "Plan Rows": 1, "Actual Loops": 1, "Startup Cost": 27.81, "Plans": [{"Actual Startup Time": 0.095, "Plan Rows": 47, "Actual Loops": 1, "Startup Cost": 27.39, "Hash Cond": "(mk.movie_id = mi.movie_id)", "Plans": [{"Actual Startup Time": 0.02, "Plan Rows": 4523930, "Actual Loops": 1, "Startup Cost": 0.0, "Alias": "mk", "Node Type": "Seq Scan", "Actual Total Time": 0.02, "Actual Rows": 1, "Parent Relationship": "Outer", "Relation Name": "movie_keyword", "Total Cost": 69693.3, "Plan Width": 8}, {"Actual Startup Time": 0.034, "Plan Rows": 1, "Peak Memory Usage": 8, "Actual Loops": 1, "Startup Cost": 27.38, "Original Hash Batches": 1, "Plans": [{"Actual Startup Time": 0.034, "Plan Rows": 1, "Join Filter": "(it1.id = mi.info_type_id)", "Actual Loops": 1, "Startup Cost": 0.0, "Rows Removed by Join Filter": 0, "Plans": [{"Actual Startup Time": 0.013, "Plan Rows": 1, "Actual Loops": 1, "Rows Removed by Filter": 112, "Startup Cost": 0.0, "Alias": "it1", "Node Type": "Seq Scan", "Actual Total Time": 0.031, "Actual Rows": 1, "Relation Name": "info_type", "Filter": "((info)::text = 'countries'::text)", "Parent Relationship": "Outer", "Total Cost": 2.41, "Plan Width": 4}, {"Actual Startup Time": 0.001, "Plan Rows": 27, "Actual Loops": 1, "Rows Removed by Filter": 0, "Startup Cost": 0.0, "Alias": "mi", "Node Type": "Seq Scan", "Actual Total Time": 0.001, "Actual Rows": 0, "Relation Name": "movie_info", "Filter": "(info = ANY ('{Yemen,Palestine,Syria,\"French Guiana\",Djibouti,\"Serbia and Montenegro\",France}'::text[]))", "Parent Relationship": "Inner", "Total Cost": 24.62, "Plan Width": 8}], "Join Type": "Inner", "Node Type": "Nested Loop", "Actual Total Time": 0.034, "Actual Rows": 0, "Parent Relationship": "Outer", "Total Cost": 27.38, "Plan Width": 4}], "Hash Buckets": 1024, "Original Hash Buckets": 1024, "Node Type": "Hash", "Actual Total Time": 0.034, "Actual Rows": 0, "Parent Relationship": "Inner", "Hash Batches": 1, "Total Cost": 27.38, "Plan Width": 4}], "Join Type": "Inner", "Node Type": "Hash Join", "Actual Total Time": 0.095, "Actual Rows": 0, "Parent Relationship": "Outer", "Total Cost": 86685.9, "Plan Width": 12}, {"Index Name": "keyword_pkey", "Actual Startup Time": 0.0, "Relation Name": "keyword", "Actual Loops": 0, "Plan Rows": 1, "Startup Cost": 0.42, "Rows Removed by Index Recheck": 0, "Rows Removed by Filter": 0, "Alias": "k", "Node Type": "Index Scan", "Scan Direction": "Forward", "Actual Total Time": 0.0, "Actual Rows": 0, "Index Cond": "(id = mk.keyword_id)", "Filter": "(keyword = ANY ('{reference-to-pat-nixon,hanged-to-death,reference-to-shakespeare''s-the-merchant-of-venice,return-of-father,fall-to-death,caring-for-another,ballet-interlude}'::text[]))", "Parent Relationship": "Inner", "Total Cost": 0.45, "Plan Width": 4}], "Join Type": "Inner", "Node Type": "Nested Loop", "Actual Total Time": 0.095, "Actual Rows": 0, "Parent Relationship": "Outer", "Total Cost": 86707.4, "Plan Width": 8}, {"Actual Startup Time": 0.0, "Plan Rows": 4573, "Actual Loops": 0, "Startup Cost": 2.43, "Hash Cond": "(mi_idx.info_type_id = it2.id)", "Plans": [{"Actual Startup Time": 0.0, "Plan Rows": 516788, "Actual Loops": 0, "Rows Removed by Filter": 0, "Startup Cost": 0.0, "Alias": "mi_idx", "Node Type": "Seq Scan", "Actual Total Time": 0.0, "Actual Rows": 0, "Relation Name": "movie_info_idx", "Filter": "(info > '5.1'::text)", "Parent Relationship": "Outer", "Total Cost": 25185.44, "Plan Width": 13}, {"Actual Startup Time": 0.0, "Plan Rows": 1, "Node Type": "Hash", "Actual Loops": 0, "Actual Total Time": 0.0, "Actual Rows": 0, "Startup Cost": 2.41, "Plan Width": 4, "Parent Relationship": "Inner", "Total Cost": 2.41, "Plans": [{"Actual Startup Time": 0.0, "Plan Rows": 1, "Actual Loops": 0, "Rows Removed by Filter": 0, "Startup Cost": 0.0, "Alias": "it2", "Node Type": "Seq Scan", "Actual Total Time": 0.0, "Actual Rows": 0, "Relation Name": "info_type", "Filter": "((info)::text = 'rating'::text)", "Parent Relationship": "Outer", "Total Cost": 2.41, "Plan Width": 4}]}], "Join Type": "Inner", "Node Type": "Hash Join", "Actual Total Time": 0.0, "Actual Rows": 0, "Parent Relationship": "Inner", "Total Cost": 27171.55, "Plan Width": 9}], "Join Type": "Inner", "Node Type": "Nested Loop", "Actual Total Time": 0.096, "Actual Rows": 0, "Parent Relationship": "Outer", "Total Cost": 113936.11, "Plan Width": 17}, {"Index Name": "title_pkey", "Actual Startup Time": 0.0, "Relation Name": "title", "Actual Loops": 0, "Plan Rows": 1, "Startup Cost": 0.43, "Rows Removed by Index Recheck": 0, "Rows Removed by Filter": 0, "Alias": "t", "Node Type": "Index Scan", "Scan Direction": "Forward", "Actual Total Time": 0.0, "Actual Rows": 0, "Index Cond": "(id = mk.movie_id)", "Filter": "((production_year > 1933) AND ((title ~~ '%Jeunes%'::text) OR (title ~~ '%the%'::text) OR (title ~~ '%Peril%'::text)))", "Parent Relationship": "Inner", "Total Cost": 0.5, "Plan Width": 25}], "Join Type": "Inner", "Node Type": "Nested Loop", "Actual Total Time": 0.096, "Actual Rows": 0, "Parent Relationship": "Outer", "Total Cost": 113936.62, "Plan Width": 26}, {"Index Name": "kind_type_pkey", "Actual Startup Time": 0.0, "Relation Name": "kind_type", "Actual Loops": 0, "Plan Rows": 1, "Startup Cost": 0.15, "Rows Removed by Index Recheck": 0, "Rows Removed by Filter": 0, "Alias": "kt", "Node Type": "Index Scan", "Scan Direction": "Forward", "Actual Total Time": 0.0, "Actual Rows": 0, "Index Cond": "(id = t.kind_id)", "Filter": "((kind)::text = 'movie'::text)", "Parent Relationship": "Inner", "Total Cost": 0.17, "Plan Width": 4}], "Join Type": "Inner", "Node Type": "Nested Loop", "Actual Total Time": 0.096, "Actual Rows": 0, "Parent Relationship": "Outer", "Total Cost": 113936.8, "Plan Width": 22}]}, "Triggers": [], "Planning Time": 6.56, "Execution Time": 0.325}]]]}
