{"start_time": 1569073699.1823766, "plan": [[[{"Plan": {"Actual Startup Time": 0.094, "Plan Rows": 1, "Node Type": "Aggregate", "Actual Loops": 1, "Actual Total Time": 0.094, "Actual Rows": 1, "Plan Width": 22, "Startup Cost": 114641.12, "Strategy": "Plain", "Total Cost": 114641.13, "Plans": [{"Actual Startup Time": 0.091, "Plan Rows": 1, "Actual Loops": 1, "Startup Cost": 28.78, "Plans": [{"Actual Startup Time": 0.091, "Plan Rows": 1, "Join Filter": "(mi.movie_id = t.id)", "Actual Loops": 1, "Startup Cost": 28.63, "Rows Removed by Join Filter": 0, "Plans": [{"Actual Startup Time": 0.091, "Plan Rows": 1, "Join Filter": "(mi_idx.movie_id = mi.movie_id)", "Actual Loops": 1, "Startup Cost": 28.2, "Rows Removed by Join Filter": 0, "Plans": [{"Actual Startup Time": 0.091, "Plan Rows": 1, "Actual Loops": 1, "Startup Cost": 25.77, "Plans": [{"Actual Startup Time": 0.09, "Plan Rows": 47, "Actual Loops": 1, "Startup Cost": 25.35, "Hash Cond": "(mk.movie_id = mi.movie_id)", "Plans": [{"Actual Startup Time": 0.015, "Plan Rows": 4523930, "Actual Loops": 1, "Startup Cost": 0.0, "Alias": "mk", "Node Type": "Seq Scan", "Actual Total Time": 0.015, "Actual Rows": 1, "Parent Relationship": "Outer", "Relation Name": "movie_keyword", "Total Cost": 69693.3, "Plan Width": 8}, {"Actual Startup Time": 0.033, "Plan Rows": 1, "Peak Memory Usage": 8, "Actual Loops": 1, "Startup Cost": 25.34, "Original Hash Batches": 1, "Plans": [{"Actual Startup Time": 0.033, "Plan Rows": 1, "Join Filter": "(it1.id = mi.info_type_id)", "Actual Loops": 1, "Startup Cost": 0.0, "Rows Removed by Join Filter": 0, "Plans": [{"Actual Startup Time": 0.011, "Plan Rows": 1, "Actual Loops": 1, "Rows Removed by Filter": 112, "Startup Cost": 0.0, "Alias": "it1", "Node Type": "Seq Scan", "Actual Total Time": 0.031, "Actual Rows": 1, "Relation Name": "info_type", "Filter": "((info)::text = 'countries'::text)", "Parent Relationship": "Outer", "Total Cost": 2.41, "Plan Width": 4}, {"Actual Startup Time": 0.0, "Plan Rows": 20, "Actual Loops": 1, "Rows Removed by Filter": 0, "Startup Cost": 0.0, "Alias": "mi", "Node Type": "Seq Scan", "Actual Total Time": 0.0, "Actual Rows": 0, "Relation Name": "movie_info", "Filter": "(info = ANY ('{Chad,Peru,USA,Luxembourg,\"United States Minor Outlying Islands\"}'::text[]))", "Parent Relationship": "Inner", "Total Cost": 22.68, "Plan Width": 8}], "Join Type": "Inner", "Node Type": "Nested Loop", "Actual Total Time": 0.033, "Actual Rows": 0, "Parent Relationship": "Outer", "Total Cost": 25.34, "Plan Width": 4}], "Hash Buckets": 1024, "Original Hash Buckets": 1024, "Node Type": "Hash", "Actual Total Time": 0.033, "Actual Rows": 0, "Parent Relationship": "Inner", "Hash Batches": 1, "Total Cost": 25.34, "Plan Width": 4}], "Join Type": "Inner", "Node Type": "Hash Join", "Actual Total Time": 0.09, "Actual Rows": 0, "Parent Relationship": "Outer", "Total Cost": 86683.86, "Plan Width": 12}, {"Index Name": "keyword_pkey", "Actual Startup Time": 0.0, "Relation Name": "keyword", "Actual Loops": 0, "Plan Rows": 1, "Startup Cost": 0.42, "Rows Removed by Index Recheck": 0, "Rows Removed by Filter": 0, "Alias": "k", "Node Type": "Index Scan", "Scan Direction": "Forward", "Actual Total Time": 0.0, "Actual Rows": 0, "Index Cond": "(id = mk.keyword_id)", "Filter": "(keyword = ANY ('{self-centered-husband,alternative-technology,bathing-in-a-sink,7-year-old,animal-cage,reference-to-atlas-shrugged,gothic-daughter,animal-fight,quail-feather}'::text[]))", "Parent Relationship": "Inner", "Total Cost": 0.45, "Plan Width": 4}], "Join Type": "Inner", "Node Type": "Nested Loop", "Actual Total Time": 0.091, "Actual Rows": 0, "Parent Relationship": "Outer", "Total Cost": 86705.48, "Plan Width": 8}, {"Actual Startup Time": 0.0, "Plan Rows": 6156, "Actual Loops": 0, "Startup Cost": 2.43, "Hash Cond": "(mi_idx.info_type_id = it2.id)", "Plans": [{"Actual Startup Time": 0.0, "Plan Rows": 695619, "Actual Loops": 0, "Rows Removed by Filter": 0, "Startup Cost": 0.0, "Alias": "mi_idx", "Node Type": "Seq Scan", "Actual Total Time": 0.0, "Actual Rows": 0, "Relation Name": "movie_info_idx", "Filter": "(info > '3.2'::text)", "Parent Relationship": "Outer", "Total Cost": 25185.44, "Plan Width": 13}, {"Actual Startup Time": 0.0, "Plan Rows": 1, "Node Type": "Hash", "Actual Loops": 0, "Actual Total Time": 0.0, "Actual Rows": 0, "Startup Cost": 2.41, "Plan Width": 4, "Parent Relationship": "Inner", "Total Cost": 2.41, "Plans": [{"Actual Startup Time": 0.0, "Plan Rows": 1, "Actual Loops": 0, "Rows Removed by Filter": 0, "Startup Cost": 0.0, "Alias": "it2", "Node Type": "Seq Scan", "Actual Total Time": 0.0, "Actual Rows": 0, "Relation Name": "info_type", "Filter": "((info)::text = 'rating'::text)", "Parent Relationship": "Outer", "Total Cost": 2.41, "Plan Width": 4}]}], "Join Type": "Inner", "Node Type": "Hash Join", "Actual Total Time": 0.0, "Actual Rows": 0, "Parent Relationship": "Inner", "Total Cost": 27857.99, "Plan Width": 9}], "Join Type": "Inner", "Node Type": "Nested Loop", "Actual Total Time": 0.091, "Actual Rows": 0, "Parent Relationship": "Outer", "Total Cost": 114640.42, "Plan Width": 17}, {"Index Name": "title_pkey", "Actual Startup Time": 0.0, "Relation Name": "title", "Actual Loops": 0, "Plan Rows": 1, "Startup Cost": 0.43, "Rows Removed by Index Recheck": 0, "Rows Removed by Filter": 0, "Alias": "t", "Node Type": "Index Scan", "Scan Direction": "Forward", "Actual Total Time": 0.0, "Actual Rows": 0, "Index Cond": "(id = mk.movie_id)", "Filter": "((production_year > 1972) AND ((title ~~ '%Homes%'::text) OR (title ~~ '%Forbidden%'::text) OR (title ~~ '%The%'::text)))", "Parent Relationship": "Inner", "Total Cost": 0.5, "Plan Width": 25}], "Join Type": "Inner", "Node Type": "Nested Loop", "Actual Total Time": 0.091, "Actual Rows": 0, "Parent Relationship": "Outer", "Total Cost": 114640.93, "Plan Width": 26}, {"Index Name": "kind_type_pkey", "Actual Startup Time": 0.0, "Relation Name": "kind_type", "Actual Loops": 0, "Plan Rows": 1, "Startup Cost": 0.15, "Rows Removed by Index Recheck": 0, "Rows Removed by Filter": 0, "Alias": "kt", "Node Type": "Index Scan", "Scan Direction": "Forward", "Actual Total Time": 0.0, "Actual Rows": 0, "Index Cond": "(id = t.kind_id)", "Filter": "((kind)::text = 'video game'::text)", "Parent Relationship": "Inner", "Total Cost": 0.17, "Plan Width": 4}], "Join Type": "Inner", "Node Type": "Nested Loop", "Actual Total Time": 0.091, "Actual Rows": 0, "Parent Relationship": "Outer", "Total Cost": 114641.11, "Plan Width": 22}]}, "Triggers": [], "Planning Time": 6.572, "Execution Time": 0.315}]]]}
{"start_time": 1569073699.7022114, "plan": [[[{"Plan": {"Actual Startup Time": 0.094, "Plan Rows": 1, "Node Type": "Aggregate", "Actual Loops": 1, "Actual Total Time": 0.095, "Actual Rows": 1, "Plan Width": 22, "Startup Cost": 113712.89, "Strategy": "Plain", "Total Cost": 113712.9, "Plans": [{"Actual Startup Time": 0.091, "Plan Rows": 1, "Actual Loops": 1, "Startup Cost": 23.23, "Plans": [{"Actual Startup Time": 0.091, "Plan Rows": 1, "Join Filter": "(mi.movie_id = t.id)", "Actual Loops": 1, "Startup Cost": 23.08, "Rows Removed by Join Filter": 0, "Plans": [{"Actual Startup Time": 0.09, "Plan Rows": 1, "Join Filter": "(mi_idx.movie_id = mi.movie_id)", "Actual Loops": 1, "Startup Cost": 22.65, "Rows Removed by Join Filter": 0, "Plans": [{"Actual Startup Time": 0.09, "Plan Rows": 1, "Actual Loops": 1, "Startup Cost": 20.22, "Plans": [{"Actual Startup Time": 0.09, "Plan Rows": 47, "Join Filter": "(mi.info_type_id = it1.id)", "Actual Loops": 1, "Startup Cost": 19.8, "Rows Removed by Join Filter": 0, "Plans": [{"Actual Startup Time": 0.013, "Plan Rows": 1, "Actual Loops": 1, "Rows Removed by Filter": 112, "Startup Cost": 0.0, "Alias": "it1", "Node Type": "Seq Scan", "Actual Total Time": 0.033, "Actual Rows": 1, "Relation Name": "info_type", "Filter": "((info)::text = 'countries'::text)", "Parent Relationship": "Outer", "Total Cost": 2.41, "Plan Width": 4}, {"Actual Startup Time": 0.053, "Plan Rows": 187, "Actual Loops": 1, "Startup Cost": 19.8, "Hash Cond": "(mk.movie_id = mi.movie_id)", "Plans": [{"Actual Startup Time": 0.013, "Plan Rows": 4523930, "Actual Loops": 1, "Startup Cost": 0.0, "Alias": "mk", "Node Type": "Seq Scan", "Actual Total Time": 0.013, "Actual Rows": 1, "Parent Relationship": "Outer", "Relation Name": "movie_keyword", "Total Cost": 69693.3, "Plan Width": 8}, {"Actual Startup Time": 0.001, "Plan Rows": 4, "Peak Memory Usage": 8, "Actual Loops": 1, "Startup Cost": 19.75, "Original Hash Batches": 1, "Plans": [{"Actual Startup Time": 0.001, "Plan Rows": 4, "Actual Loops": 1, "Rows Removed by Filter": 0, "Startup Cost": 0.0, "Alias": "mi", "Node Type": "Seq Scan", "Actual Total Time": 0.001, "Actual Rows": 0, "Relation Name": "movie_info", "Filter": "(info = 'USA'::text)", "Parent Relationship": "Outer", "Total Cost": 19.75, "Plan Width": 8}], "Hash Buckets": 1024, "Original Hash Buckets": 1024, "Node Type": "Hash", "Actual Total Time": 0.001, "Actual Rows": 0, "Parent Relationship": "Inner", "Hash Batches": 1, "Total Cost": 19.75, "Plan Width": 8}], "Join Type": "Inner", "Node Type": "Hash Join", "Actual Total Time": 0.053, "Actual Rows": 0, "Parent Relationship": "Inner", "Total Cost": 86679.71, "Plan Width": 16}], "Join Type": "Inner", "Node Type": "Nested Loop", "Actual Total Time": 0.09, "Actual Rows": 0, "Parent Relationship": "Outer", "Total Cost": 86684.46, "Plan Width": 12}, {"Index Name": "keyword_pkey", "Actual Startup Time": 0.0, "Relation Name": "keyword", "Actual Loops": 0, "Plan Rows": 1, "Startup Cost": 0.42, "Rows Removed by Index Recheck": 0, "Rows Removed by Filter": 0, "Alias": "k", "Node Type": "Index Scan", "Scan Direction": "Forward", "Actual Total Time": 0.0, "Actual Rows": 0, "Index Cond": "(id = mk.keyword_id)", "Filter": "(keyword = ANY ('{broken-mirror,ex-hippie,girl-power,cellular-memory,munitions-train}'::text[]))", "Parent Relationship": "Inner", "Total Cost": 0.45, "Plan Width": 4}], "Join Type": "Inner", "Node Type": "Nested Loop", "Actual Total Time": 0.09, "Actual Rows": 0, "Parent Relationship": "Outer", "Total Cost": 86705.84, "Plan Width": 8}, {"Actual Startup Time": 0.0, "Plan Rows": 4075, "Actual Loops": 0, "Startup Cost": 2.43, "Hash Cond": "(mi_idx.info_type_id = it2.id)", "Plans": [{"Actual Startup Time": 0.0, "Plan Rows": 460481, "Actual Loops": 0, "Rows Removed by Filter": 0, "Startup Cost": 0.0, "Alias": "mi_idx", "Node Type": "Seq Scan", "Actual Total Time": 0.0, "Actual Rows": 0, "Relation Name": "movie_info_idx", "Filter": "(info > '5.6'::text)", "Parent Relationship": "Outer", "Total Cost": 25185.44, "Plan Width": 13}, {"Actual Startup Time": 0.0, "Plan Rows": 1, "Node Type": "Hash", "Actual Loops": 0, "Actual Total Time": 0.0, "Actual Rows": 0, "Startup Cost": 2.41, "Plan Width": 4, "Parent Relationship": "Inner", "Total Cost": 2.41, "Plans": [{"Actual Startup Time": 0.0, "Plan Rows": 1, "Actual Loops": 0, "Rows Removed by Filter": 0, "Startup Cost": 0.0, "Alias": "it2", "Node Type": "Seq Scan", "Actual Total Time": 0.0, "Actual Rows": 0, "Relation Name": "info_type", "Filter": "((info)::text = 'rating'::text)", "Parent Relationship": "Outer", "Total Cost": 2.41, "Plan Width": 4}]}], "Join Type": "Inner", "Node Type": "Hash Join", "Actual Total Time": 0.0, "Actual Rows": 0, "Parent Relationship": "Inner", "Total Cost": 26955.42, "Plan Width": 9}], "Join Type": "Inner", "Node Type": "Nested Loop", "Actual Total Time": 0.09, "Actual Rows": 0, "Parent Relationship": "Outer", "Total Cost": 113712.2, "Plan Width": 17}, {"Index Name": "title_pkey", "Actual Startup Time": 0.0, "Relation Name": "title", "Actual Loops": 0, "Plan Rows": 1, "Startup Cost": 0.43, "Rows Removed by Index Recheck": 0, "Rows Removed by Filter": 0, "Alias": "t", "Node Type": "Index Scan", "Scan Direction": "Forward", "Actual Total Time": 0.0, "Actual Rows": 0, "Index Cond": "(id = mk.movie_id)", "Filter": "((production_year > 1891) AND ((title ~~ '%The%'::text) OR (title ~~ '%Girls%'::text) OR (title ~~ '%Wager:%'::text)))", "Parent Relationship": "Inner", "Total Cost": 0.5, "Plan Width": 25}], "Join Type": "Inner", "Node Type": "Nested Loop", "Actual Total Time": 0.091, "Actual Rows": 0, "Parent Relationship": "Outer", "Total Cost": 113712.71, "Plan Width": 26}, {"Index Name": "kind_type_pkey", "Actual Startup Time": 0.0, "Relation Name": "kind_type", "Actual Loops": 0, "Plan Rows": 1, "Startup Cost": 0.15, "Rows Removed by Index Recheck": 0, "Rows Removed by Filter": 0, "Alias": "kt", "Node Type": "Index Scan", "Scan Direction": "Forward", "Actual Total Time": 0.0, "Actual Rows": 0, "Index Cond": "(id = t.kind_id)", "Filter": "((kind)::text = 'video movie'::text)", "Parent Relationship": "Inner", "Total Cost": 0.17, "Plan Width": 4}], "Join Type": "Inner", "Node Type": "Nested Loop", "Actual Total Time": 0.091, "Actual Rows": 0, "Parent Relationship": "Outer", "Total Cost": 113712.89, "Plan Width": 22}]}, "Triggers": [], "Planning Time": 6.607, "Execution Time": 0.33}]]]}
{"start_time": 1569073699.7022114, "plan": [[[{"Plan": {"Actual Startup Time": 0.06, "Plan Rows": 1, "Node Type": "Aggregate", "Actual Loops": 1, "Actual Total Time": 0.06, "Actual Rows": 1, "Plan Width": 22, "Startup Cost": 113345.2, "Strategy": "Plain", "Total Cost": 113345.21, "Plans": [{"Actual Startup Time": 0.057, "Plan Rows": 1, "Actual Loops": 1, "Startup Cost": 33.57, "Plans": [{"Actual Startup Time": 0.057, "Plan Rows": 1, "Join Filter": "(mi.movie_id = t.id)", "Actual Loops": 1, "Startup Cost": 33.42, "Rows Removed by Join Filter": 0, "Plans": [{"Actual Startup Time": 0.057, "Plan Rows": 1, "Join Filter": "(mi_idx.movie_id = mi.movie_id)", "Actual Loops": 1, "Startup Cost": 32.99, "Rows Removed by Join Filter": 0, "Plans": [{"Actual Startup Time": 0.057, "Plan Rows": 1, "Actual Loops": 1, "Startup Cost": 30.56, "Plans": [{"Actual Startup Time": 0.055, "Plan Rows": 47, "Actual Loops": 1, "Startup Cost": 30.14, "Hash Cond": "(mk.movie_id = mi.movie_id)", "Plans": [{"Actual Startup Time": 0.015, "Plan Rows": 4523930, "Actual Loops": 1, "Startup Cost": 0.0, "Alias": "mk", "Node Type": "Seq Scan", "Actual Total Time": 0.015, "Actual Rows": 1, "Parent Relationship": "Outer", "Relation Name": "movie_keyword", "Total Cost": 69693.3, "Plan Width": 8}, {"Actual Startup Time": 0.001, "Plan Rows": 1, "Peak Memory Usage": 8, "Actual Loops": 1, "Startup Cost": 30.13, "Original Hash Batches": 1, "Plans": [{"Actual Startup Time": 0.001, "Plan Rows": 1, "Actual Loops": 1, "Startup Cost": 2.43, "Hash Cond": "(mi.info_type_id = it1.id)", "Plans": [{"Actual Startup Time": 0.001, "Plan Rows": 39, "Actual Loops": 1, "Rows Removed by Filter": 0, "Startup Cost": 0.0, "Alias": "mi", "Node Type": "Seq Scan", "Actual Total Time": 0.001, "Actual Rows": 0, "Relation Name": "movie_info", "Filter": "(info = ANY ('{Belarus,Hungary,Rwanda,Djibouti,Zimbabwe,Belize,\"Central African Republic\",Australia,Afghanistan,Nicaragua}'::text[]))", "Parent Relationship": "Outer", "Total Cost": 27.55, "Plan Width": 8}, {"Actual Startup Time": 0.0, "Plan Rows": 1, "Node Type": "Hash", "Actual Loops": 0, "Actual Total Time": 0.0, "Actual Rows": 0, "Startup Cost": 2.41, "Plan Width": 4, "Parent Relationship": "Inner", "Total Cost": 2.41, "Plans": [{"Actual Startup Time": 0.0, "Plan Rows": 1, "Actual Loops": 0, "Rows Removed by Filter": 0, "Startup Cost": 0.0, "Alias": "it1", "Node Type": "Seq Scan", "Actual Total Time": 0.0, "Actual Rows": 0, "Relation Name": "info_type", "Filter": "((info)::text = 'countries'::text)", "Parent Relationship": "Outer", "Total Cost": 2.41, "Plan Width": 4}]}], "Join Type": "Inner", "Node Type": "Hash Join", "Actual Total Time": 0.001, "Actual Rows": 0, "Parent Relationship": "Outer", "Total Cost": 30.13, "Plan Width": 4}], "Hash Buckets": 1024, "Original Hash Buckets": 1024, "Node Type": "Hash", "Actual Total Time": 0.001, "Actual Rows": 0, "Parent Relationship": "Inner", "Hash Batches": 1, "Total Cost": 30.13, "Plan Width": 4}], "Join Type": "Inner", "Node Type": "Hash Join", "Actual Total Time": 0.055, "Actual Rows": 0, "Parent Relationship": "Outer", "Total Cost": 86688.65, "Plan Width": 12}, {"Index Name": "keyword_pkey", "Actual Startup Time": 0.0, "Relation Name": "keyword", "Actual Loops": 0, "Plan Rows": 1, "Startup Cost": 0.42, "Rows Removed by Index Recheck": 0, "Rows Removed by Filter": 0, "Alias": "k", "Node Type": "Index Scan", "Scan Direction": "Forward", "Actual Total Time": 0.0, "Actual Rows": 0, "Index Cond": "(id = mk.keyword_id)", "Filter": "(keyword = ANY ('{examination,secret-identity,army-psychiatric-hospital,costa-verda-california,worried-parents,madman-in-cell,political-rally,lesbian-parenthood}'::text[]))", "Parent Relationship": "Inner", "Total Cost": 0.45, "Plan Width": 4}], "Join Type": "Inner", "Node Type": "Nested Loop", "Actual Total Time": 0.057, "Actual Rows": 0, "Parent Relationship": "Outer", "Total Cost": 86710.21, "Plan Width": 8}, {"Actual Startup Time": 0.0, "Plan Rows": 3241, "Actual Loops": 0, "Startup Cost": 2.43, "Hash Cond": "(mi_idx.info_type_id = it2.id)", "Plans": [{"Actual Startup Time": 0.0, "Plan Rows": 366269, "Actual Loops": 0, "Rows Removed by Filter": 0, "Startup Cost": 0.0, "Alias": "mi_idx", "Node Type": "Seq Scan", "Actual Total Time": 0.0, "Actual Rows": 0, "Relation Name": "movie_info_idx", "Filter": "(info > '6.1'::text)", "Parent Relationship": "Outer", "Total Cost": 25185.44, "Plan Width": 13}, {"Actual Startup Time": 0.0, "Plan Rows": 1, "Node Type": "Hash", "Actual Loops": 0, "Actual Total Time": 0.0, "Actual Rows": 0, "Startup Cost": 2.41, "Plan Width": 4, "Parent Relationship": "Inner", "Total Cost": 2.41, "Plans": [{"Actual Startup Time": 0.0, "Plan Rows": 1, "Actual Loops": 0, "Rows Removed by Filter": 0, "Startup Cost": 0.0, "Alias": "it2", "Node Type": "Seq Scan", "Actual Total Time": 0.0, "Actual Rows": 0, "Relation Name": "info_type", "Filter": "((info)::text = 'rating'::text)", "Parent Relationship": "Outer", "Total Cost": 2.41, "Plan Width": 4}]}], "Join Type": "Inner", "Node Type": "Hash Join", "Actual Total Time": 0.0, "Actual Rows": 0, "Parent Relationship": "Inner", "Total Cost": 26593.78, "Plan Width": 9}], "Join Type": "Inner", "Node Type": "Nested Loop", "Actual Total Time": 0.057, "Actual Rows": 0, "Parent Relationship": "Outer", "Total Cost": 113344.51, "Plan Width": 17}, {"Index Name": "title_pkey", "Actual Startup Time": 0.0, "Relation Name": "title", "Actual Loops": 0, "Plan Rows": 1, "Startup Cost": 0.43, "Rows Removed by Index Recheck": 0, "Rows Removed by Filter": 0, "Alias": "t", "Node Type": "Index Scan", "Scan Direction": "Forward", "Actual Total Time": 0.0, "Actual Rows": 0, "Index Cond": "(id = mk.movie_id)", "Filter": "((production_year > 1964) AND ((title ~~ '%History%'::text) OR (title ~~ '%Rods%'::text) OR (title ~~ '%The%'::text)))", "Parent Relationship": "Inner", "Total Cost": 0.5, "Plan Width": 25}], "Join Type": "Inner", "Node Type": "Nested Loop", "Actual Total Time": 0.057, "Actual Rows": 0, "Parent Relationship": "Outer", "Total Cost": 113345.02, "Plan Width": 26}, {"Index Name": "kind_type_pkey", "Actual Startup Time": 0.0, "Relation Name": "kind_type", "Actual Loops": 0, "Plan Rows": 1, "Startup Cost": 0.15, "Rows Removed by Index Recheck": 0, "Rows Removed by Filter": 0, "Alias": "kt", "Node Type": "Index Scan", "Scan Direction": "Forward", "Actual Total Time": 0.0, "Actual Rows": 0, "Index Cond": "(id = t.kind_id)", "Filter": "((kind)::text = 'tv series'::text)", "Parent Relationship": "Inner", "Total Cost": 0.17, "Plan Width": 4}], "Join Type": "Inner", "Node Type": "Nested Loop", "Actual Total Time": 0.057, "Actual Rows": 0, "Parent Relationship": "Outer", "Total Cost": 113345.2, "Plan Width": 22}]}, "Triggers": [], "Planning Time": 6.695, "Execution Time": 0.293}]]]}
{"start_time": 1569073699.7022114, "plan": [[[{"Plan": {"Actual Startup Time": 0.09, "Plan Rows": 1, "Node Type": "Aggregate", "Actual Loops": 1, "Actual Total Time": 0.09, "Actual Rows": 1, "Plan Width": 22, "Startup Cost": 114142.52, "Strategy": "Plain", "Total Cost": 114142.53, "Plans": [{"Actual Startup Time": 0.089, "Plan Rows": 1, "Actual Loops": 1, "Startup Cost": 23.23, "Plans": [{"Actual Startup Time": 0.087, "Plan Rows": 1, "Join Filter": "(mi.movie_id = t.id)", "Actual Loops": 1, "Startup Cost": 23.08, "Rows Removed by Join Filter": 0, "Plans": [{"Actual Startup Time": 0.087, "Plan Rows": 1, "Join Filter": "(mi_idx.movie_id = mi.movie_id)", "Actual Loops": 1, "Startup Cost": 22.65, "Rows Removed by Join Filter": 0, "Plans": [{"Actual Startup Time": 0.087, "Plan Rows": 1, "Actual Loops": 1, "Startup Cost": 20.22, "Plans": [{"Actual Startup Time": 0.087, "Plan Rows": 47, "Join Filter": "(mi.info_type_id = it1.id)", "Actual Loops": 1, "Startup Cost": 19.8, "Rows Removed by Join Filter": 0, "Plans": [{"Actual Startup Time": 0.012, "Plan Rows": 1, "Actual Loops": 1, "Rows Removed by Filter": 112, "Startup Cost": 0.0, "Alias": "it1", "Node Type": "Seq Scan", "Actual Total Time": 0.032, "Actual Rows": 1, "Relation Name": "info_type", "Filter": "((info)::text = 'countries'::text)", "Parent Relationship": "Outer", "Total Cost": 2.41, "Plan Width": 4}, {"Actual Startup Time": 0.053, "Plan Rows": 187, "Actual Loops": 1, "Startup Cost": 19.8, "Hash Cond": "(mk.movie_id = mi.movie_id)", "Plans": [{"Actual Startup Time": 0.013, "Plan Rows": 4523930, "Actual Loops": 1, "Startup Cost": 0.0, "Alias": "mk", "Node Type": "Seq Scan", "Actual Total Time": 0.013, "Actual Rows": 1, "Parent Relationship": "Outer", "Relation Name": "movie_keyword", "Total Cost": 69693.3, "Plan Width": 8}, {"Actual Startup Time": 0.0, "Plan Rows": 4, "Peak Memory Usage": 8, "Actual Loops": 1, "Startup Cost": 19.75, "Original Hash Batches": 1, "Plans": [{"Actual Startup Time": 0.0, "Plan Rows": 4, "Actual Loops": 1, "Rows Removed by Filter": 0, "Startup Cost": 0.0, "Alias": "mi", "Node Type": "Seq Scan", "Actual Total Time": 0.0, "Actual Rows": 0, "Relation Name": "movie_info", "Filter": "(info = 'Canada'::text)", "Parent Relationship": "Outer", "Total Cost": 19.75, "Plan Width": 8}], "Hash Buckets": 1024, "Original Hash Buckets": 1024, "Node Type": "Hash", "Actual Total Time": 0.0, "Actual Rows": 0, "Parent Relationship": "Inner", "Hash Batches": 1, "Total Cost": 19.75, "Plan Width": 8}], "Join Type": "Inner", "Node Type": "Hash Join", "Actual Total Time": 0.053, "Actual Rows": 0, "Parent Relationship": "Inner", "Total Cost": 86679.71, "Plan Width": 16}], "Join Type": "Inner", "Node Type": "Nested Loop", "Actual Total Time": 0.087, "Actual Rows": 0, "Parent Relationship": "Outer", "Total Cost": 86684.46, "Plan Width": 12}, {"Index Name": "keyword_pkey", "Actual Startup Time": 0.0, "Relation Name": "keyword", "Actual Loops": 0, "Plan Rows": 1, "Startup Cost": 0.42, "Rows Removed by Index Recheck": 0, "Rows Removed by Filter": 0, "Alias": "k", "Node Type": "Index Scan", "Scan Direction": "Forward", "Actual Total Time": 0.0, "Actual Rows": 0, "Index Cond": "(id = mk.keyword_id)", "Filter": "(keyword = ANY ('{letter-to-santa-claus,digging-for-potatoes,teacher,woman-in-politics,province-name-in-title}'::text[]))", "Parent Relationship": "Inner", "Total Cost": 0.45, "Plan Width": 4}], "Join Type": "Inner", "Node Type": "Nested Loop", "Actual Total Time": 0.087, "Actual Rows": 0, "Parent Relationship": "Outer", "Total Cost": 86705.84, "Plan Width": 8}, {"Actual Startup Time": 0.0, "Plan Rows": 5038, "Actual Loops": 0, "Startup Cost": 2.43, "Hash Cond": "(mi_idx.info_type_id = it2.id)", "Plans": [{"Actual Startup Time": 0.0, "Plan Rows": 569253, "Actual Loops": 0, "Rows Removed by Filter": 0, "Startup Cost": 0.0, "Alias": "mi_idx", "Node Type": "Seq Scan", "Actual Total Time": 0.0, "Actual Rows": 0, "Relation Name": "movie_info_idx", "Filter": "(info > '4.8'::text)", "Parent Relationship": "Outer", "Total Cost": 25185.44, "Plan Width": 13}, {"Actual Startup Time": 0.0, "Plan Rows": 1, "Node Type": "Hash", "Actual Loops": 0, "Actual Total Time": 0.0, "Actual Rows": 0, "Startup Cost": 2.41, "Plan Width": 4, "Parent Relationship": "Inner", "Total Cost": 2.41, "Plans": [{"Actual Startup Time": 0.0, "Plan Rows": 1, "Actual Loops": 0, "Rows Removed by Filter": 0, "Startup Cost": 0.0, "Alias": "it2", "Node Type": "Seq Scan", "Actual Total Time": 0.0, "Actual Rows": 0, "Relation Name": "info_type", "Filter": "((info)::text = 'rating'::text)", "Parent Relationship": "Outer", "Total Cost": 2.41, "Plan Width": 4}]}], "Join Type": "Inner", "Node Type": "Hash Join", "Actual Total Time": 0.0, "Actual Rows": 0, "Parent Relationship": "Inner", "Total Cost": 27372.94, "Plan Width": 9}], "Join Type": "Inner", "Node Type": "Nested Loop", "Actual Total Time": 0.087, "Actual Rows": 0, "Parent Relationship": "Outer", "Total Cost": 114141.76, "Plan Width": 17}, {"Index Name": "title_pkey", "Actual Startup Time": 0.0, "Relation Name": "title", "Actual Loops": 0, "Plan Rows": 1, "Startup Cost": 0.43, "Rows Removed by Index Recheck": 0, "Rows Removed by Filter": 0, "Alias": "t", "Node Type": "Index Scan", "Scan Direction": "Forward", "Actual Total Time": 0.0, "Actual Rows": 0, "Index Cond": "(id = mk.movie_id)", "Filter": "((production_year > 1890) AND ((title ~~ '%Herman%'::text) OR (title ~~ '%Night%'::text) OR (title ~~ '%Lund%'::text)))", "Parent Relationship": "Inner", "Total Cost": 0.5, "Plan Width": 25}], "Join Type": "Inner", "Node Type": "Nested Loop", "Actual Total Time": 0.087, "Actual Rows": 0, "Parent Relationship": "Outer", "Total Cost": 114142.27, "Plan Width": 26}, {"Index Name": "kind_type_pkey", "Actual Startup Time": 0.0, "Relation Name": "kind_type", "Actual Loops": 0, "Plan Rows": 1, "Startup Cost": 0.15, "Rows Removed by Index Recheck": 0, "Rows Removed by Filter": 0, "Alias": "kt", "Node Type": "Index Scan", "Scan Direction": "Forward", "Actual Total Time": 0.0, "Actual Rows": 0, "Index Cond": "(id = t.kind_id)", "Filter": "((kind)::text = 'movie'::text)", "Parent Relationship": "Inner", "Total Cost": 0.24, "Plan Width": 4}], "Join Type": "Inner", "Node Type": "Nested Loop", "Actual Total Time": 0.089, "Actual Rows": 0, "Parent Relationship": "Outer", "Total Cost": 114142.52, "Plan Width": 22}]}, "Triggers": [], "Planning Time": 6.715, "Execution Time": 0.312}]]]}
{"start_time": 1569073700.2247481, "plan": [[[{"Plan": {"Actual Startup Time": 0.104, "Plan Rows": 1, "Node Type": "Aggregate", "Actual Loops": 1, "Actual Total Time": 0.104, "Actual Rows": 1, "Plan Width": 22, "Startup Cost": 115411.34, "Strategy": "Plain", "Total Cost": 115411.35, "Plans": [{"Actual Startup Time": 0.1, "Plan Rows": 1, "Actual Loops": 1, "Startup Cost": 31.84, "Plans": [{"Actual Startup Time": 0.1, "Plan Rows": 1, "Join Filter": "(mi.movie_id = t.id)", "Actual Loops": 1, "Startup Cost": 31.69, "Rows Removed by Join Filter": 0, "Plans": [{"Actual Startup Time": 0.1, "Plan Rows": 1, "Join Filter": "(mi_idx.movie_id = mi.movie_id)", "Actual Loops": 1, "Startup Cost": 31.26, "Rows Removed by Join Filter": 0, "Plans": [{"Actual Startup Time": 0.099, "Plan Rows": 1, "Actual Loops": 1, "Startup Cost": 28.83, "Plans": [{"Actual Startup Time": 0.099, "Plan Rows": 47, "Actual Loops": 1, "Startup Cost": 28.41, "Hash Cond": "(mk.movie_id = mi.movie_id)", "Plans": [{"Actual Startup Time": 0.016, "Plan Rows": 4523930, "Actual Loops": 1, "Startup Cost": 0.0, "Alias": "mk", "Node Type": "Seq Scan", "Actual Total Time": 0.016, "Actual Rows": 1, "Parent Relationship": "Outer", "Relation Name": "movie_keyword", "Total Cost": 69693.3, "Plan Width": 8}, {"Actual Startup Time": 0.035, "Plan Rows": 1, "Peak Memory Usage": 8, "Actual Loops": 1, "Startup Cost": 28.4, "Original Hash Batches": 1, "Plans": [{"Actual Startup Time": 0.035, "Plan Rows": 1, "Join Filter": "(it1.id = mi.info_type_id)", "Actual Loops": 1, "Startup Cost": 0.0, "Rows Removed by Join Filter": 0, "Plans": [{"Actual Startup Time": 0.013, "Plan Rows": 1, "Actual Loops": 1, "Rows Removed by Filter": 112, "Startup Cost": 0.0, "Alias": "it1", "Node Type": "Seq Scan", "Actual Total Time": 0.033, "Actual Rows": 1, "Relation Name": "info_type", "Filter": "((info)::text = 'countries'::text)", "Parent Relationship": "Outer", "Total Cost": 2.41, "Plan Width": 4}, {"Actual Startup Time": 0.0, "Plan Rows": 31, "Actual Loops": 1, "Rows Removed by Filter": 0, "Startup Cost": 0.0, "Alias": "mi", "Node Type": "Seq Scan", "Actual Total Time": 0.0, "Actual Rows": 0, "Relation Name": "movie_info", "Filter": "(info = ANY ('{Canada,Bhutan,Ethiopia,Mauritius,\"Netherlands Antilles\",USA,Germany,\"United States Minor Outlying Islands\"}'::text[]))", "Parent Relationship": "Inner", "Total Cost": 25.6, "Plan Width": 8}], "Join Type": "Inner", "Node Type": "Nested Loop", "Actual Total Time": 0.035, "Actual Rows": 0, "Parent Relationship": "Outer", "Total Cost": 28.4, "Plan Width": 4}], "Hash Buckets": 1024, "Original Hash Buckets": 1024, "Node Type": "Hash", "Actual Total Time": 0.035, "Actual Rows": 0, "Parent Relationship": "Inner", "Hash Batches": 1, "Total Cost": 28.4, "Plan Width": 4}], "Join Type": "Inner", "Node Type": "Hash Join", "Actual Total Time": 0.099, "Actual Rows": 0, "Parent Relationship": "Outer", "Total Cost": 86686.92, "Plan Width": 12}, {"Index Name": "keyword_pkey", "Actual Startup Time": 0.0, "Relation Name": "keyword", "Actual Loops": 0, "Plan Rows": 1, "Startup Cost": 0.42, "Rows Removed by Index Recheck": 0, "Rows Removed by Filter": 0, "Alias": "k", "Node Type": "Index Scan", "Scan Direction": "Forward", "Actual Total Time": 0.0, "Actual Rows": 0, "Index Cond": "(id = mk.keyword_id)", "Filter": "(keyword = ANY ('{gold-prospector,science-professor,theatre,paleolithic,tintype,hand-over-mouth,suitcase-of-money,domestic-tragedy,categorical-denial}'::text[]))", "Parent Relationship": "Inner", "Total Cost": 0.45, "Plan Width": 4}], "Join Type": "Inner", "Node Type": "Nested Loop", "Actual Total Time": 0.099, "Actual Rows": 0, "Parent Relationship": "Outer", "Total Cost": 86708.54, "Plan Width": 8}, {"Actual Startup Time": 0.0, "Plan Rows": 7875, "Actual Loops": 0, "Startup Cost": 2.43, "Hash Cond": "(mi_idx.info_type_id = it2.id)", "Plans": [{"Actual Startup Time": 0.0, "Plan Rows": 889882, "Actual Loops": 0, "Rows Removed by Filter": 0, "Startup Cost": 0.0, "Alias": "mi_idx", "Node Type": "Seq Scan", "Actual Total Time": 0.0, "Actual Rows": 0, "Relation Name": "movie_info_idx", "Filter": "(info > '1.7'::text)", "Parent Relationship": "Outer", "Total Cost": 25185.44, "Plan Width": 13}, {"Actual Startup Time": 0.0, "Plan Rows": 1, "Node Type": "Hash", "Actual Loops": 0, "Actual Total Time": 0.0, "Actual Rows": 0, "Startup Cost": 2.41, "Plan Width": 4, "Parent Relationship": "Inner", "Total Cost": 2.41, "Plans": [{"Actual Startup Time": 0.0, "Plan Rows": 1, "Actual Loops": 0, "Rows Removed by Filter": 0, "Startup Cost": 0.0, "Alias": "it2", "Node Type": "Seq Scan", "Actual Total Time": 0.0, "Actual Rows": 0, "Relation Name": "info_type", "Filter": "((info)::text = 'rating'::text)", "Parent Relationship": "Outer", "Total Cost": 2.41, "Plan Width": 4}]}], "Join Type": "Inner", "Node Type": "Hash Join", "Actual Total Time": 0.0, "Actual Rows": 0, "Parent Relationship": "Inner", "Total Cost": 28603.67, "Plan Width": 9}], "Join Type": "Inner", "Node Type": "Nested Loop", "Actual Total Time": 0.1, "Actual Rows": 0, "Parent Relationship": "Outer", "Total Cost": 115410.65, "Plan Width": 17}, {"Index Name": "title_pkey", "Actual Startup Time": 0.0, "Relation Name": "title", "Actual Loops": 0, "Plan Rows": 1, "Startup Cost": 0.43, "Rows Removed by Index Recheck": 0, "Rows Removed by Filter": 0, "Alias": "t", "Node Type": "Index Scan", "Scan Direction": "Forward", "Actual Total Time": 0.0, "Actual Rows": 0, "Index Cond": "(id = mk.movie_id)", "Filter": "((production_year > 1925) AND ((title ~~ '%Challenge%'::text) OR (title ~~ '%the%'::text) OR (title ~~ '%Moon%'::text)))", "Parent Relationship": "Inner", "Total Cost": 0.5, "Plan Width": 25}], "Join Type": "Inner", "Node Type": "Nested Loop", "Actual Total Time": 0.1, "Actual Rows": 0, "Parent Relationship": "Outer", "Total Cost": 115411.16, "Plan Width": 26}, {"Index Name": "kind_type_pkey", "Actual Startup Time": 0.0, "Relation Name": "kind_type", "Actual Loops": 0, "Plan Rows": 1, "Startup Cost": 0.15, "Rows Removed by Index Recheck": 0, "Rows Removed by Filter": 0, "Alias": "kt", "Node Type": "Index Scan", "Scan Direction": "Forward", "Actual Total Time": 0.0, "Actual Rows": 0, "Index Cond": "(id = t.kind_id)", "Filter": "((kind)::text = 'tv series'::text)", "Parent Relationship": "Inner", "Total Cost": 0.17, "Plan Width": 4}], "Join Type": "Inner", "Node Type": "Nested Loop", "Actual Total Time": 0.1, "Actual Rows": 0, "Parent Relationship": "Outer", "Total Cost": 115411.34, "Plan Width": 22}]}, "Triggers": [], "Planning Time": 6.824, "Execution Time": 0.346}]]]}
{"start_time": 1569073700.2247481, "plan": [[[{"Plan": {"Actual Startup Time": 0.091, "Plan Rows": 1, "Node Type": "Aggregate", "Actual Loops": 1, "Actual Total Time": 0.091, "Actual Rows": 1, "Plan Width": 22, "Startup Cost": 115356.37, "Strategy": "Plain", "Total Cost": 115356.38, "Plans": [{"Actual Startup Time": 0.09, "Plan Rows": 1, "Actual Loops": 1, "Startup Cost": 30.81, "Plans": [{"Actual Startup Time": 0.088, "Plan Rows": 1, "Join Filter": "(mi.movie_id = t.id)", "Actual Loops": 1, "Startup Cost": 30.66, "Rows Removed by Join Filter": 0, "Plans": [{"Actual Startup Time": 0.088, "Plan Rows": 1, "Join Filter": "(mi_idx.movie_id = mi.movie_id)", "Actual Loops": 1, "Startup Cost": 30.23, "Rows Removed by Join Filter": 0, "Plans": [{"Actual Startup Time": 0.088, "Plan Rows": 1, "Actual Loops": 1, "Startup Cost": 27.81, "Plans": [{"Actual Startup Time": 0.088, "Plan Rows": 47, "Actual Loops": 1, "Startup Cost": 27.39, "Hash Cond": "(mk.movie_id = mi.movie_id)", "Plans": [{"Actual Startup Time": 0.015, "Plan Rows": 4523930, "Actual Loops": 1, "Startup Cost": 0.0, "Alias": "mk", "Node Type": "Seq Scan", "Actual Total Time": 0.015, "Actual Rows": 1, "Parent Relationship": "Outer", "Relation Name": "movie_keyword", "Total Cost": 69693.3, "Plan Width": 8}, {"Actual Startup Time": 0.033, "Plan Rows": 1, "Peak Memory Usage": 8, "Actual Loops": 1, "Startup Cost": 27.38, "Original Hash Batches": 1, "Plans": [{"Actual Startup Time": 0.033, "Plan Rows": 1, "Join Filter": "(it1.id = mi.info_type_id)", "Actual Loops": 1, "Startup Cost": 0.0, "Rows Removed by Join Filter": 0, "Plans": [{"Actual Startup Time": 0.011, "Plan Rows": 1, "Actual Loops": 1, "Rows Removed by Filter": 112, "Startup Cost": 0.0, "Alias": "it1", "Node Type": "Seq Scan", "Actual Total Time": 0.03, "Actual Rows": 1, "Relation Name": "info_type", "Filter": "((info)::text = 'countries'::text)", "Parent Relationship": "Outer", "Total Cost": 2.41, "Plan Width": 4}, {"Actual Startup Time": 0.0, "Plan Rows": 27, "Actual Loops": 1, "Rows Removed by Filter": 0, "Startup Cost": 0.0, "Alias": "mi", "Node Type": "Seq Scan", "Actual Total Time": 0.0, "Actual Rows": 0, "Relation Name": "movie_info", "Filter": "(info = ANY ('{Madagascar,Croatia,UK,Poland,Kazakhstan,Namibia,Germany}'::text[]))", "Parent Relationship": "Inner", "Total Cost": 24.62, "Plan Width": 8}], "Join Type": "Inner", "Node Type": "Nested Loop", "Actual Total Time": 0.033, "Actual Rows": 0, "Parent Relationship": "Outer", "Total Cost": 27.38, "Plan Width": 4}], "Hash Buckets": 1024, "Original Hash Buckets": 1024, "Node Type": "Hash", "Actual Total Time": 0.033, "Actual Rows": 0, "Parent Relationship": "Inner", "Hash Batches": 1, "Total Cost": 27.38, "Plan Width": 4}], "Join Type": "Inner", "Node Type": "Hash Join", "Actual Total Time": 0.088, "Actual Rows": 0, "Parent Relationship": "Outer", "Total Cost": 86685.9, "Plan Width": 12}, {"Index Name": "keyword_pkey", "Actual Startup Time": 0.0, "Relation Name": "keyword", "Actual Loops": 0, "Plan Rows": 1, "Startup Cost": 0.42, "Rows Removed by Index Recheck": 0, "Rows Removed by Filter": 0, "Alias": "k", "Node Type": "Index Scan", "Scan Direction": "Forward", "Actual Total Time": 0.0, "Actual Rows": 0, "Index Cond": "(id = mk.keyword_id)", "Filter": "(keyword = ANY ('{sport-record,st.-louis-rams,afghan-soviet-war}'::text[]))", "Parent Relationship": "Inner", "Total Cost": 0.44, "Plan Width": 4}], "Join Type": "Inner", "Node Type": "Nested Loop", "Actual Total Time": 0.088, "Actual Rows": 0, "Parent Relationship": "Outer", "Total Cost": 86707.16, "Plan Width": 8}, {"Actual Startup Time": 0.0, "Plan Rows": 7755, "Actual Loops": 0, "Startup Cost": 2.43, "Hash Cond": "(mi_idx.info_type_id = it2.id)", "Plans": [{"Actual Startup Time": 0.0, "Plan Rows": 876310, "Actual Loops": 0, "Rows Removed by Filter": 0, "Startup Cost": 0.0, "Alias": "mi_idx", "Node Type": "Seq Scan", "Actual Total Time": 0.0, "Actual Rows": 0, "Relation Name": "movie_info_idx", "Filter": "(info > '1.8'::text)", "Parent Relationship": "Outer", "Total Cost": 25185.44, "Plan Width": 13}, {"Actual Startup Time": 0.0, "Plan Rows": 1, "Node Type": "Hash", "Actual Loops": 0, "Actual Total Time": 0.0, "Actual Rows": 0, "Startup Cost": 2.41, "Plan Width": 4, "Parent Relationship": "Inner", "Total Cost": 2.41, "Plans": [{"Actual Startup Time": 0.0, "Plan Rows": 1, "Actual Loops": 0, "Rows Removed by Filter": 0, "Startup Cost": 0.0, "Alias": "it2", "Node Type": "Seq Scan", "Actual Total Time": 0.0, "Actual Rows": 0, "Relation Name": "info_type", "Filter": "((info)::text = 'rating'::text)", "Parent Relationship": "Outer", "Total Cost": 2.41, "Plan Width": 4}]}], "Join Type": "Inner", "Node Type": "Hash Join", "Actual Total Time": 0.0, "Actual Rows": 0, "Parent Relationship": "Inner", "Total Cost": 28551.58, "Plan Width": 9}], "Join Type": "Inner", "Node Type": "Nested Loop", "Actual Total Time": 0.088, "Actual Rows": 0, "Parent Relationship": "Outer", "Total Cost": 115355.68, "Plan Width": 17}, {"Index Name": "title_pkey", "Actual Startup Time": 0.0, "Relation Name": "title", "Actual Loops": 0, "Plan Rows": 1, "Startup Cost": 0.43, "Rows Removed by Index Recheck": 0, "Rows Removed by Filter": 0, "Alias": "t", "Node Type": "Index Scan", "Scan Direction": "Forward", "Actual Total Time": 0.0, "Actual Rows": 0, "Index Cond": "(id = mk.movie_id)", "Filter": "((production_year > 1957) AND ((title ~~ '%Hullu%'::text) OR (title ~~ '%Companions%'::text) OR (title ~~ '%The%'::text)))", "Parent Relationship": "Inner", "Total Cost": 0.5, "Plan Width": 25}], "Join Type": "Inner", "Node Type": "Nested Loop", "Actual Total Time": 0.088, "Actual Rows": 0, "Parent Relationship": "Outer", "Total Cost": 115356.19, "Plan Width": 26}, {"Index Name": "kind_type_pkey", "Actual Startup Time": 0.0, "Relation Name": "kind_type", "Actual Loops": 0, "Plan Rows": 1, "Startup Cost": 0.15, "Rows Removed by Index Recheck": 0, "Rows Removed by Filter": 0, "Alias": "kt", "Node Type": "Index Scan", "Scan Direction": "Forward", "Actual Total Time": 0.0, "Actual Rows": 0, "Index Cond": "(id = t.kind_id)", "Filter": "((kind)::text = 'tv series'::text)", "Parent Relationship": "Inner", "Total Cost": 0.17, "Plan Width": 4}], "Join Type": "Inner", "Node Type": "Nested Loop", "Actual Total Time": 0.09, "Actual Rows": 0, "Parent Relationship": "Outer", "Total Cost": 115356.37, "Plan Width": 22}]}, "Triggers": [], "Planning Time": 6.587, "Execution Time": 0.324}]]]}
{"start_time": 1569073700.2247481, "plan": [[[{"Plan": {"Actual Startup Time": 0.055, "Plan Rows": 1, "Node Type": "Aggregate", "Actual Loops": 1, "Actual Total Time": 0.055, "Actual Rows": 1, "Plan Width": 22, "Startup Cost": 114475.2, "Strategy": "Plain", "Total Cost": 114475.21, "Plans": [{"Actual Startup Time": 0.053, "Plan Rows": 1, "Actual Loops": 1, "Startup Cost": 33.57, "Plans": [{"Actual Startup Time": 0.053, "Plan Rows": 1, "Join Filter": "(mi.movie_id = t.id)", "Actual Loops": 1, "Startup Cost": 33.42, "Rows Removed by Join Filter": 0, "Plans": [{"Actual Startup Time": 0.052, "Plan Rows": 1, "Join Filter": "(mi_idx.movie_id = mi.movie_id)", "Actual Loops": 1, "Startup Cost": 32.99, "Rows Removed by Join Filter": 0, "Plans": [{"Actual Startup Time": 0.052, "Plan Rows": 1, "Actual Loops": 1, "Startup Cost": 30.56, "Plans": [{"Actual Startup Time": 0.052, "Plan Rows": 47, "Actual Loops": 1, "Startup Cost": 30.14, "Hash Cond": "(mk.movie_id = mi.movie_id)", "Plans": [{"Actual Startup Time": 0.013, "Plan Rows": 4523930, "Actual Loops": 1, "Startup Cost": 0.0, "Alias": "mk", "Node Type": "Seq Scan", "Actual Total Time": 0.013, "Actual Rows": 1, "Parent Relationship": "Outer", "Relation Name": "movie_keyword", "Total Cost": 69693.3, "Plan Width": 8}, {"Actual Startup Time": 0.001, "Plan Rows": 1, "Peak Memory Usage": 8, "Actual Loops": 1, "Startup Cost": 30.13, "Original Hash Batches": 1, "Plans": [{"Actual Startup Time": 0.001, "Plan Rows": 1, "Actual Loops": 1, "Startup Cost": 2.43, "Hash Cond": "(mi.info_type_id = it1.id)", "Plans": [{"Actual Startup Time": 0.001, "Plan Rows": 39, "Actual Loops": 1, "Rows Removed by Filter": 0, "Startup Cost": 0.0, "Alias": "mi", "Node Type": "Seq Scan", "Actual Total Time": 0.001, "Actual Rows": 0, "Relation Name": "movie_info", "Filter": "(info = ANY ('{Suriname,Burma,Zambia,Aruba,\"French Guiana\",\"Cayman Islands\",USA,Algeria,Jamaica,Tanzania}'::text[]))", "Parent Relationship": "Outer", "Total Cost": 27.55, "Plan Width": 8}, {"Actual Startup Time": 0.0, "Plan Rows": 1, "Node Type": "Hash", "Actual Loops": 0, "Actual Total Time": 0.0, "Actual Rows": 0, "Startup Cost": 2.41, "Plan Width": 4, "Parent Relationship": "Inner", "Total Cost": 2.41, "Plans": [{"Actual Startup Time": 0.0, "Plan Rows": 1, "Actual Loops": 0, "Rows Removed by Filter": 0, "Startup Cost": 0.0, "Alias": "it1", "Node Type": "Seq Scan", "Actual Total Time": 0.0, "Actual Rows": 0, "Relation Name": "info_type", "Filter": "((info)::text = 'countries'::text)", "Parent Relationship": "Outer", "Total Cost": 2.41, "Plan Width": 4}]}], "Join Type": "Inner", "Node Type": "Hash Join", "Actual Total Time": 0.001, "Actual Rows": 0, "Parent Relationship": "Outer", "Total Cost": 30.13, "Plan Width": 4}], "Hash Buckets": 1024, "Original Hash Buckets": 1024, "Node Type": "Hash", "Actual Total Time": 0.001, "Actual Rows": 0, "Parent Relationship": "Inner", "Hash Batches": 1, "Total Cost": 30.13, "Plan Width": 4}], "Join Type": "Inner", "Node Type": "Hash Join", "Actual Total Time": 0.052, "Actual Rows": 0, "Parent Relationship": "Outer", "Total Cost": 86688.65, "Plan Width": 12}, {"Index Name": "keyword_pkey", "Actual Startup Time": 0.0, "Relation Name": "keyword", "Actual Loops": 0, "Plan Rows": 1, "Startup Cost": 0.42, "Rows Removed by Index Recheck": 0, "Rows Removed by Filter": 0, "Alias": "k", "Node Type": "Index Scan", "Scan Direction": "Forward", "Actual Total Time": 0.0, "Actual Rows": 0, "Index Cond": "(id = mk.keyword_id)", "Filter": "(keyword = ANY ('{no-title-at-beginning,geta}'::text[]))", "Parent Relationship": "Inner", "Total Cost": 0.44, "Plan Width": 4}], "Join Type": "Inner", "Node Type": "Nested Loop", "Actual Total Time": 0.052, "Actual Rows": 0, "Parent Relationship": "Outer", "Total Cost": 86709.86, "Plan Width": 8}, {"Actual Startup Time": 0.0, "Plan Rows": 5774, "Actual Loops": 0, "Startup Cost": 2.43, "Hash Cond": "(mi_idx.info_type_id = it2.id)", "Plans": [{"Actual Startup Time": 0.0, "Plan Rows": 652497, "Actual Loops": 0, "Rows Removed by Filter": 0, "Startup Cost": 0.0, "Alias": "mi_idx", "Node Type": "Seq Scan", "Actual Total Time": 0.0, "Actual Rows": 0, "Relation Name": "movie_info_idx", "Filter": "(info > '3.9'::text)", "Parent Relationship": "Outer", "Total Cost": 25185.44, "Plan Width": 13}, {"Actual Startup Time": 0.0, "Plan Rows": 1, "Node Type": "Hash", "Actual Loops": 0, "Actual Total Time": 0.0, "Actual Rows": 0, "Startup Cost": 2.41, "Plan Width": 4, "Parent Relationship": "Inner", "Total Cost": 2.41, "Plans": [{"Actual Startup Time": 0.0, "Plan Rows": 1, "Actual Loops": 0, "Rows Removed by Filter": 0, "Startup Cost": 0.0, "Alias": "it2", "Node Type": "Seq Scan", "Actual Total Time": 0.0, "Actual Rows": 0, "Relation Name": "info_type", "Filter": "((info)::text = 'rating'::text)", "Parent Relationship": "Outer", "Total Cost": 2.41, "Plan Width": 4}]}], "Join Type": "Inner", "Node Type": "Hash Join", "Actual Total Time": 0.0, "Actual Rows": 0, "Parent Relationship": "Inner", "Total Cost": 27692.47, "Plan Width": 9}], "Join Type": "Inner", "Node Type": "Nested Loop", "Actual Total Time": 0.052, "Actual Rows": 0, "Parent Relationship": "Outer", "Total Cost": 114474.5, "Plan Width": 17}, {"Index Name": "title_pkey", "Actual Startup Time": 0.0, "Relation Name": "title", "Actual Loops": 0, "Plan Rows": 1, "Startup Cost": 0.43, "Rows Removed by Index Recheck": 0, "Rows Removed by Filter": 0, "Alias": "t", "Node Type": "Index Scan", "Scan Direction": "Forward", "Actual Total Time": 0.0, "Actual Rows": 0, "Index Cond": "(id = mk.movie_id)", "Filter": "((production_year > 1942) AND ((title ~~ '%the%'::text) OR (title ~~ '%Omenavaras%'::text) OR (title ~~ '%Combatir%'::text)))", "Parent Relationship": "Inner", "Total Cost": 0.5, "Plan Width": 25}], "Join Type": "Inner", "Node Type": "Nested Loop", "Actual Total Time": 0.053, "Actual Rows": 0, "Parent Relationship": "Outer", "Total Cost": 114475.01, "Plan Width": 26}, {"Index Name": "kind_type_pkey", "Actual Startup Time": 0.0, "Relation Name": "kind_type", "Actual Loops": 0, "Plan Rows": 1, "Startup Cost": 0.15, "Rows Removed by Index Recheck": 0, "Rows Removed by Filter": 0, "Alias": "kt", "Node Type": "Index Scan", "Scan Direction": "Forward", "Actual Total Time": 0.0, "Actual Rows": 0, "Index Cond": "(id = t.kind_id)", "Filter": "((kind)::text = 'movie'::text)", "Parent Relationship": "Inner", "Total Cost": 0.17, "Plan Width": 4}], "Join Type": "Inner", "Node Type": "Nested Loop", "Actual Total Time": 0.053, "Actual Rows": 0, "Parent Relationship": "Outer", "Total Cost": 114475.19, "Plan Width": 22}]}, "Triggers": [], "Planning Time": 6.345, "Execution Time": 0.276}]]]}
{"start_time": 1569073700.2247481, "plan": [[[{"Plan": {"Actual Startup Time": 0.059, "Plan Rows": 1, "Node Type": "Aggregate", "Actual Loops": 1, "Actual Total Time": 0.059, "Actual Rows": 1, "Plan Width": 22, "Startup Cost": 114242.19, "Strategy": "Plain", "Total Cost": 114242.2, "Plans": [{"Actual Startup Time": 0.057, "Plan Rows": 1, "Actual Loops": 1, "Startup Cost": 34.56, "Plans": [{"Actual Startup Time": 0.056, "Plan Rows": 1, "Join Filter": "(mi.movie_id = t.id)", "Actual Loops": 1, "Startup Cost": 34.41, "Rows Removed by Join Filter": 0, "Plans": [{"Actual Startup Time": 0.056, "Plan Rows": 1, "Join Filter": "(mi_idx.movie_id = mi.movie_id)", "Actual Loops": 1, "Startup Cost": 33.98, "Rows Removed by Join Filter": 0, "Plans": [{"Actual Startup Time": 0.056, "Plan Rows": 1, "Actual Loops": 1, "Startup Cost": 31.55, "Plans": [{"Actual Startup Time": 0.056, "Plan Rows": 47, "Actual Loops": 1, "Startup Cost": 31.13, "Hash Cond": "(mk.movie_id = mi.movie_id)", "Plans": [{"Actual Startup Time": 0.015, "Plan Rows": 4523930, "Actual Loops": 1, "Startup Cost": 0.0, "Alias": "mk", "Node Type": "Seq Scan", "Actual Total Time": 0.015, "Actual Rows": 1, "Parent Relationship": "Outer", "Relation Name": "movie_keyword", "Total Cost": 69693.3, "Plan Width": 8}, {"Actual Startup Time": 0.002, "Plan Rows": 1, "Peak Memory Usage": 8, "Actual Loops": 1, "Startup Cost": 31.12, "Original Hash Batches": 1, "Plans": [{"Actual Startup Time": 0.0, "Plan Rows": 1, "Actual Loops": 1, "Startup Cost": 2.43, "Hash Cond": "(mi.info_type_id = it1.id)", "Plans": [{"Actual Startup Time": 0.0, "Plan Rows": 43, "Actual Loops": 1, "Rows Removed by Filter": 0, "Startup Cost": 0.0, "Alias": "mi", "Node Type": "Seq Scan", "Actual Total Time": 0.0, "Actual Rows": 0, "Relation Name": "movie_info", "Filter": "(info = ANY ('{Korea,Mexico,Finland,\"Saint Vincent and the Grenadines\",Guyana,\"South Africa\",Botswana,\"American Samoa\",\"New Zealand\",Sweden,Tuvalu}'::text[]))", "Parent Relationship": "Outer", "Total Cost": 28.52, "Plan Width": 8}, {"Actual Startup Time": 0.0, "Plan Rows": 1, "Node Type": "Hash", "Actual Loops": 0, "Actual Total Time": 0.0, "Actual Rows": 0, "Startup Cost": 2.41, "Plan Width": 4, "Parent Relationship": "Inner", "Total Cost": 2.41, "Plans": [{"Actual Startup Time": 0.0, "Plan Rows": 1, "Actual Loops": 0, "Rows Removed by Filter": 0, "Startup Cost": 0.0, "Alias": "it1", "Node Type": "Seq Scan", "Actual Total Time": 0.0, "Actual Rows": 0, "Relation Name": "info_type", "Filter": "((info)::text = 'countries'::text)", "Parent Relationship": "Outer", "Total Cost": 2.41, "Plan Width": 4}]}], "Join Type": "Inner", "Node Type": "Hash Join", "Actual Total Time": 0.0, "Actual Rows": 0, "Parent Relationship": "Outer", "Total Cost": 31.12, "Plan Width": 4}], "Hash Buckets": 1024, "Original Hash Buckets": 1024, "Node Type": "Hash", "Actual Total Time": 0.002, "Actual Rows": 0, "Parent Relationship": "Inner", "Hash Batches": 1, "Total Cost": 31.12, "Plan Width": 4}], "Join Type": "Inner", "Node Type": "Hash Join", "Actual Total Time": 0.056, "Actual Rows": 0, "Parent Relationship": "Outer", "Total Cost": 86689.64, "Plan Width": 12}, {"Index Name": "keyword_pkey", "Actual Startup Time": 0.0, "Relation Name": "keyword", "Actual Loops": 0, "Plan Rows": 1, "Startup Cost": 0.42, "Rows Removed by Index Recheck": 0, "Rows Removed by Filter": 0, "Alias": "k", "Node Type": "Index Scan", "Scan Direction": "Forward", "Actual Total Time": 0.0, "Actual Rows": 0, "Index Cond": "(id = mk.keyword_id)", "Filter": "(keyword = ANY ('{playback,machine-gun}'::text[]))", "Parent Relationship": "Inner", "Total Cost": 0.44, "Plan Width": 4}], "Join Type": "Inner", "Node Type": "Nested Loop", "Actual Total Time": 0.056, "Actual Rows": 0, "Parent Relationship": "Outer", "Total Cost": 86710.85, "Plan Width": 8}, {"Actual Startup Time": 0.0, "Plan Rows": 5250, "Actual Loops": 0, "Startup Cost": 2.43, "Hash Cond": "(mi_idx.info_type_id = it2.id)", "Plans": [{"Actual Startup Time": 0.0, "Plan Rows": 593241, "Actual Loops": 0, "Rows Removed by Filter": 0, "Startup Cost": 0.0, "Alias": "mi_idx", "Node Type": "Seq Scan", "Actual Total Time": 0.0, "Actual Rows": 0, "Relation Name": "movie_info_idx", "Filter": "(info > '4.5'::text)", "Parent Relationship": "Outer", "Total Cost": 25185.44, "Plan Width": 13}, {"Actual Startup Time": 0.0, "Plan Rows": 1, "Node Type": "Hash", "Actual Loops": 0, "Actual Total Time": 0.0, "Actual Rows": 0, "Startup Cost": 2.41, "Plan Width": 4, "Parent Relationship": "Inner", "Total Cost": 2.41, "Plans": [{"Actual Startup Time": 0.0, "Plan Rows": 1, "Actual Loops": 0, "Rows Removed by Filter": 0, "Startup Cost": 0.0, "Alias": "it2", "Node Type": "Seq Scan", "Actual Total Time": 0.0, "Actual Rows": 0, "Relation Name": "info_type", "Filter": "((info)::text = 'rating'::text)", "Parent Relationship": "Outer", "Total Cost": 2.41, "Plan Width": 4}]}], "Join Type": "Inner", "Node Type": "Hash Join", "Actual Total Time": 0.0, "Actual Rows": 0, "Parent Relationship": "Inner", "Total Cost": 27465.02, "Plan Width": 9}], "Join Type": "Inner", "Node Type": "Nested Loop", "Actual Total Time": 0.056, "Actual Rows": 0, "Parent Relationship": "Outer", "Total Cost": 114241.49, "Plan Width": 17}, {"Index Name": "title_pkey", "Actual Startup Time": 0.0, "Relation Name": "title", "Actual Loops": 0, "Plan Rows": 1, "Startup Cost": 0.43, "Rows Removed by Index Recheck": 0, "Rows Removed by Filter": 0, "Alias": "t", "Node Type": "Index Scan", "Scan Direction": "Forward", "Actual Total Time": 0.0, "Actual Rows": 0, "Index Cond": "(id = mk.movie_id)", "Filter": "((production_year > 1943) AND ((title ~~ '%Our%'::text) OR (title ~~ '%Soccer%'::text) OR (title ~~ '%The%'::text)))", "Parent Relationship": "Inner", "Total Cost": 0.5, "Plan Width": 25}], "Join Type": "Inner", "Node Type": "Nested Loop", "Actual Total Time": 0.056, "Actual Rows": 0, "Parent Relationship": "Outer", "Total Cost": 114242.0, "Plan Width": 26}, {"Index Name": "kind_type_pkey", "Actual Startup Time": 0.0, "Relation Name": "kind_type", "Actual Loops": 0, "Plan Rows": 1, "Startup Cost": 0.15, "Rows Removed by Index Recheck": 0, "Rows Removed by Filter": 0, "Alias": "kt", "Node Type": "Index Scan", "Scan Direction": "Forward", "Actual Total Time": 0.0, "Actual Rows": 0, "Index Cond": "(id = t.kind_id)", "Filter": "((kind)::text = 'video game'::text)", "Parent Relationship": "Inner", "Total Cost": 0.17, "Plan Width": 4}], "Join Type": "Inner", "Node Type": "Nested Loop", "Actual Total Time": 0.057, "Actual Rows": 0, "Parent Relationship": "Outer", "Total Cost": 114242.18, "Plan Width": 22}]}, "Triggers": [], "Planning Time": 6.826, "Execution Time": 0.295}]]]}
{"start_time": 1569073700.7477076, "plan": [[[{"Plan": {"Actual Startup Time": 0.072, "Plan Rows": 1, "Node Type": "Aggregate", "Actual Loops": 1, "Actual Total Time": 0.072, "Actual Rows": 1, "Plan Width": 22, "Startup Cost": 113845.61, "Strategy": "Plain", "Total Cost": 113845.62, "Plans": [{"Actual Startup Time": 0.068, "Plan Rows": 1, "Actual Loops": 1, "Startup Cost": 35.55, "Plans": [{"Actual Startup Time": 0.067, "Plan Rows": 1, "Join Filter": "(mi.movie_id = t.id)", "Actual Loops": 1, "Startup Cost": 35.4, "Rows Removed by Join Filter": 0, "Plans": [{"Actual Startup Time": 0.067, "Plan Rows": 1, "Join Filter": "(mi_idx.movie_id = mi.movie_id)", "Actual Loops": 1, "Startup Cost": 34.97, "Rows Removed by Join Filter": 0, "Plans": [{"Actual Startup Time": 0.067, "Plan Rows": 1, "Actual Loops": 1, "Startup Cost": 32.54, "Plans": [{"Actual Startup Time": 0.066, "Plan Rows": 47, "Actual Loops": 1, "Startup Cost": 32.12, "Hash Cond": "(mk.movie_id = mi.movie_id)", "Plans": [{"Actual Startup Time": 0.017, "Plan Rows": 4523930, "Actual Loops": 1, "Startup Cost": 0.0, "Alias": "mk", "Node Type": "Seq Scan", "Actual Total Time": 0.017, "Actual Rows": 1, "Parent Relationship": "Outer", "Relation Name": "movie_keyword", "Total Cost": 69693.3, "Plan Width": 8}, {"Actual Startup Time": 0.002, "Plan Rows": 1, "Peak Memory Usage": 8, "Actual Loops": 1, "Startup Cost": 32.11, "Original Hash Batches": 1, "Plans": [{"Actual Startup Time": 0.001, "Plan Rows": 1, "Actual Loops": 1, "Startup Cost": 2.43, "Hash Cond": "(mi.info_type_id = it1.id)", "Plans": [{"Actual Startup Time": 0.0, "Plan Rows": 47, "Actual Loops": 1, "Rows Removed by Filter": 0, "Startup Cost": 0.0, "Alias": "mi", "Node Type": "Seq Scan", "Actual Total Time": 0.0, "Actual Rows": 0, "Relation Name": "movie_info", "Filter": "(info = ANY ('{Jordan,Morocco,\"Papua New Guinea\",\"Republic of Macedonia\",\"Hong Kong\",Cuba,Gabon,USA,France,Albania,\"West Germany\",Armenia}'::text[]))", "Parent Relationship": "Outer", "Total Cost": 29.5, "Plan Width": 8}, {"Actual Startup Time": 0.0, "Plan Rows": 1, "Node Type": "Hash", "Actual Loops": 0, "Actual Total Time": 0.0, "Actual Rows": 0, "Startup Cost": 2.41, "Plan Width": 4, "Parent Relationship": "Inner", "Total Cost": 2.41, "Plans": [{"Actual Startup Time": 0.0, "Plan Rows": 1, "Actual Loops": 0, "Rows Removed by Filter": 0, "Startup Cost": 0.0, "Alias": "it1", "Node Type": "Seq Scan", "Actual Total Time": 0.0, "Actual Rows": 0, "Relation Name": "info_type", "Filter": "((info)::text = 'countries'::text)", "Parent Relationship": "Outer", "Total Cost": 2.41, "Plan Width": 4}]}], "Join Type": "Inner", "Node Type": "Hash Join", "Actual Total Time": 0.001, "Actual Rows": 0, "Parent Relationship": "Outer", "Total Cost": 32.11, "Plan Width": 4}], "Hash Buckets": 1024, "Original Hash Buckets": 1024, "Node Type": "Hash", "Actual Total Time": 0.002, "Actual Rows": 0, "Parent Relationship": "Inner", "Hash Batches": 1, "Total Cost": 32.11, "Plan Width": 4}], "Join Type": "Inner", "Node Type": "Hash Join", "Actual Total Time": 0.066, "Actual Rows": 0, "Parent Relationship": "Outer", "Total Cost": 86690.63, "Plan Width": 12}, {"Index Name": "keyword_pkey", "Actual Startup Time": 0.0, "Relation Name": "keyword", "Actual Loops": 0, "Plan Rows": 1, "Startup Cost": 0.42, "Rows Removed by Index Recheck": 0, "Rows Removed by Filter": 0, "Alias": "k", "Node Type": "Index Scan", "Scan Direction": "Forward", "Actual Total Time": 0.0, "Actual Rows": 0, "Index Cond": "(id = mk.keyword_id)", "Filter": "(keyword = ANY ('{eino-leino,alien-intelligence,pumpkin,halitosis,oca\u00f1a,rapids,haile-selassie,napoleon-brandy,made-up-word,entrance-fees}'::text[]))", "Parent Relationship": "Inner", "Total Cost": 0.45, "Plan Width": 4}], "Join Type": "Inner", "Node Type": "Nested Loop", "Actual Total Time": 0.067, "Actual Rows": 0, "Parent Relationship": "Outer", "Total Cost": 86712.31, "Plan Width": 8}, {"Actual Startup Time": 0.0, "Plan Rows": 4358, "Actual Loops": 0, "Startup Cost": 2.43, "Hash Cond": "(mi_idx.info_type_id = it2.id)", "Plans": [{"Actual Startup Time": 0.0, "Plan Rows": 492429, "Actual Loops": 0, "Rows Removed by Filter": 0, "Startup Cost": 0.0, "Alias": "mi_idx", "Node Type": "Seq Scan", "Actual Total Time": 0.0, "Actual Rows": 0, "Relation Name": "movie_info_idx", "Filter": "(info > '5.3'::text)", "Parent Relationship": "Outer", "Total Cost": 25185.44, "Plan Width": 13}, {"Actual Startup Time": 0.0, "Plan Rows": 1, "Node Type": "Hash", "Actual Loops": 0, "Actual Total Time": 0.0, "Actual Rows": 0, "Startup Cost": 2.41, "Plan Width": 4, "Parent Relationship": "Inner", "Total Cost": 2.41, "Plans": [{"Actual Startup Time": 0.0, "Plan Rows": 1, "Actual Loops": 0, "Rows Removed by Filter": 0, "Startup Cost": 0.0, "Alias": "it2", "Node Type": "Seq Scan", "Actual Total Time": 0.0, "Actual Rows": 0, "Relation Name": "info_type", "Filter": "((info)::text = 'rating'::text)", "Parent Relationship": "Outer", "Total Cost": 2.41, "Plan Width": 4}]}], "Join Type": "Inner", "Node Type": "Hash Join", "Actual Total Time": 0.0, "Actual Rows": 0, "Parent Relationship": "Inner", "Total Cost": 27078.05, "Plan Width": 9}], "Join Type": "Inner", "Node Type": "Nested Loop", "Actual Total Time": 0.067, "Actual Rows": 0, "Parent Relationship": "Outer", "Total Cost": 113844.84, "Plan Width": 17}, {"Index Name": "title_pkey", "Actual Startup Time": 0.0, "Relation Name": "title", "Actual Loops": 0, "Plan Rows": 1, "Startup Cost": 0.43, "Rows Removed by Index Recheck": 0, "Rows Removed by Filter": 0, "Alias": "t", "Node Type": "Index Scan", "Scan Direction": "Forward", "Actual Total Time": 0.0, "Actual Rows": 0, "Index Cond": "(id = mk.movie_id)", "Filter": "((production_year > 1958) AND ((title ~~ '%Big%'::text) OR (title ~~ '%Time%'::text) OR (title ~~ '%Continent%'::text)))", "Parent Relationship": "Inner", "Total Cost": 0.5, "Plan Width": 25}], "Join Type": "Inner", "Node Type": "Nested Loop", "Actual Total Time": 0.067, "Actual Rows": 0, "Parent Relationship": "Outer", "Total Cost": 113845.35, "Plan Width": 26}, {"Index Name": "kind_type_pkey", "Actual Startup Time": 0.0, "Relation Name": "kind_type", "Actual Loops": 0, "Plan Rows": 1, "Startup Cost": 0.15, "Rows Removed by Index Recheck": 0, "Rows Removed by Filter": 0, "Alias": "kt", "Node Type": "Index Scan", "Scan Direction": "Forward", "Actual Total Time": 0.0, "Actual Rows": 0, "Index Cond": "(id = t.kind_id)", "Filter": "((kind)::text = 'movie'::text)", "Parent Relationship": "Inner", "Total Cost": 0.25, "Plan Width": 4}], "Join Type": "Inner", "Node Type": "Nested Loop", "Actual Total Time": 0.068, "Actual Rows": 0, "Parent Relationship": "Outer", "Total Cost": 113845.6, "Plan Width": 22}]}, "Triggers": [], "Planning Time": 6.905, "Execution Time": 0.321}]]]}
{"start_time": 1569073700.7477076, "plan": [[[{"Plan": {"Actual Startup Time": 0.092, "Plan Rows": 1, "Node Type": "Aggregate", "Actual Loops": 1, "Actual Total Time": 0.092, "Actual Rows": 1, "Plan Width": 22, "Startup Cost": 114833.81, "Strategy": "Plain", "Total Cost": 114833.82, "Plans": [{"Actual Startup Time": 0.09, "Plan Rows": 1, "Actual Loops": 1, "Startup Cost": 27.75, "Plans": [{"Actual Startup Time": 0.089, "Plan Rows": 1, "Join Filter": "(mi.movie_id = t.id)", "Actual Loops": 1, "Startup Cost": 27.6, "Rows Removed by Join Filter": 0, "Plans": [{"Actual Startup Time": 0.089, "Plan Rows": 1, "Join Filter": "(mi_idx.movie_id = mi.movie_id)", "Actual Loops": 1, "Startup Cost": 27.17, "Rows Removed by Join Filter": 0, "Plans": [{"Actual Startup Time": 0.089, "Plan Rows": 1, "Actual Loops": 1, "Startup Cost": 24.75, "Plans": [{"Actual Startup Time": 0.089, "Plan Rows": 47, "Actual Loops": 1, "Startup Cost": 24.32, "Hash Cond": "(mk.movie_id = mi.movie_id)", "Plans": [{"Actual Startup Time": 0.015, "Plan Rows": 4523930, "Actual Loops": 1, "Startup Cost": 0.0, "Alias": "mk", "Node Type": "Seq Scan", "Actual Total Time": 0.015, "Actual Rows": 1, "Parent Relationship": "Outer", "Relation Name": "movie_keyword", "Total Cost": 69693.3, "Plan Width": 8}, {"Actual Startup Time": 0.032, "Plan Rows": 1, "Peak Memory Usage": 8, "Actual Loops": 1, "Startup Cost": 24.31, "Original Hash Batches": 1, "Plans": [{"Actual Startup Time": 0.032, "Plan Rows": 1, "Join Filter": "(it1.id = mi.info_type_id)", "Actual Loops": 1, "Startup Cost": 0.0, "Rows Removed by Join Filter": 0, "Plans": [{"Actual Startup Time": 0.01, "Plan Rows": 1, "Actual Loops": 1, "Rows Removed by Filter": 112, "Startup Cost": 0.0, "Alias": "it1", "Node Type": "Seq Scan", "Actual Total Time": 0.029, "Actual Rows": 1, "Relation Name": "info_type", "Filter": "((info)::text = 'countries'::text)", "Parent Relationship": "Outer", "Total Cost": 2.41, "Plan Width": 4}, {"Actual Startup Time": 0.001, "Plan Rows": 16, "Actual Loops": 1, "Rows Removed by Filter": 0, "Startup Cost": 0.0, "Alias": "mi", "Node Type": "Seq Scan", "Actual Total Time": 0.001, "Actual Rows": 0, "Relation Name": "movie_info", "Filter": "(info = ANY ('{Bulgaria,Mexico,Botswana,Colombia}'::text[]))", "Parent Relationship": "Inner", "Total Cost": 21.7, "Plan Width": 8}], "Join Type": "Inner", "Node Type": "Nested Loop", "Actual Total Time": 0.032, "Actual Rows": 0, "Parent Relationship": "Outer", "Total Cost": 24.31, "Plan Width": 4}], "Hash Buckets": 1024, "Original Hash Buckets": 1024, "Node Type": "Hash", "Actual Total Time": 0.032, "Actual Rows": 0, "Parent Relationship": "Inner", "Hash Batches": 1, "Total Cost": 24.31, "Plan Width": 4}], "Join Type": "Inner", "Node Type": "Hash Join", "Actual Total Time": 0.089, "Actual Rows": 0, "Parent Relationship": "Outer", "Total Cost": 86682.83, "Plan Width": 12}, {"Index Name": "keyword_pkey", "Actual Startup Time": 0.0, "Relation Name": "keyword", "Actual Loops": 0, "Plan Rows": 1, "Startup Cost": 0.42, "Rows Removed by Index Recheck": 0, "Rows Removed by Filter": 0, "Alias": "k", "Node Type": "Index Scan", "Scan Direction": "Forward", "Actual Total Time": 0.0, "Actual Rows": 0, "Index Cond": "(id = mk.keyword_id)", "Filter": "(keyword = ANY ('{tranquilizer-gun,laundromat,portal,foot-closeup,junkyard,hitmen-on-a-motorcycle,straight-brother-gay-brother-relationship,canton-ohio,disguised-as-police,dead-plant,ceramic,gun-running}'::text[]))", "Parent Relationship": "Inner", "Total Cost": 0.45, "Plan Width": 4}], "Join Type": "Inner", "Node Type": "Nested Loop", "Actual Total Time": 0.089, "Actual Rows": 0, "Parent Relationship": "Outer", "Total Cost": 86704.63, "Plan Width": 8}, {"Actual Startup Time": 0.0, "Plan Rows": 6590, "Actual Loops": 0, "Startup Cost": 2.43, "Hash Cond": "(mi_idx.info_type_id = it2.id)", "Plans": [{"Actual Startup Time": 0.0, "Plan Rows": 744625, "Actual Loops": 0, "Rows Removed by Filter": 0, "Startup Cost": 0.0, "Alias": "mi_idx", "Node Type": "Seq Scan", "Actual Total Time": 0.0, "Actual Rows": 0, "Relation Name": "movie_info_idx", "Filter": "(info > '2.7'::text)", "Parent Relationship": "Outer", "Total Cost": 25185.44, "Plan Width": 13}, {"Actual Startup Time": 0.0, "Plan Rows": 1, "Node Type": "Hash", "Actual Loops": 0, "Actual Total Time": 0.0, "Actual Rows": 0, "Startup Cost": 2.41, "Plan Width": 4, "Parent Relationship": "Inner", "Total Cost": 2.41, "Plans": [{"Actual Startup Time": 0.0, "Plan Rows": 1, "Actual Loops": 0, "Rows Removed by Filter": 0, "Startup Cost": 0.0, "Alias": "it2", "Node Type": "Seq Scan", "Actual Total Time": 0.0, "Actual Rows": 0, "Relation Name": "info_type", "Filter": "((info)::text = 'rating'::text)", "Parent Relationship": "Outer", "Total Cost": 2.41, "Plan Width": 4}]}], "Join Type": "Inner", "Node Type": "Hash Join", "Actual Total Time": 0.0, "Actual Rows": 0, "Parent Relationship": "Inner", "Total Cost": 28046.11, "Plan Width": 9}], "Join Type": "Inner", "Node Type": "Nested Loop", "Actual Total Time": 0.089, "Actual Rows": 0, "Parent Relationship": "Outer", "Total Cost": 114833.11, "Plan Width": 17}, {"Index Name": "title_pkey", "Actual Startup Time": 0.0, "Relation Name": "title", "Actual Loops": 0, "Plan Rows": 1, "Startup Cost": 0.43, "Rows Removed by Index Recheck": 0, "Rows Removed by Filter": 0, "Alias": "t", "Node Type": "Index Scan", "Scan Direction": "Forward", "Actual Total Time": 0.0, "Actual Rows": 0, "Index Cond": "(id = mk.movie_id)", "Filter": "((production_year > 1929) AND ((title ~~ '%Help%'::text) OR (title ~~ '%and%'::text) OR (title ~~ '%Hunted%'::text)))", "Parent Relationship": "Inner", "Total Cost": 0.5, "Plan Width": 25}], "Join Type": "Inner", "Node Type": "Nested Loop", "Actual Total Time": 0.089, "Actual Rows": 0, "Parent Relationship": "Outer", "Total Cost": 114833.62, "Plan Width": 26}, {"Index Name": "kind_type_pkey", "Actual Startup Time": 0.0, "Relation Name": "kind_type", "Actual Loops": 0, "Plan Rows": 1, "Startup Cost": 0.15, "Rows Removed by Index Recheck": 0, "Rows Removed by Filter": 0, "Alias": "kt", "Node Type": "Index Scan", "Scan Direction": "Forward", "Actual Total Time": 0.0, "Actual Rows": 0, "Index Cond": "(id = t.kind_id)", "Filter": "((kind)::text = 'movie'::text)", "Parent Relationship": "Inner", "Total Cost": 0.17, "Plan Width": 4}], "Join Type": "Inner", "Node Type": "Nested Loop", "Actual Total Time": 0.09, "Actual Rows": 0, "Parent Relationship": "Outer", "Total Cost": 114833.8, "Plan Width": 22}]}, "Triggers": [], "Planning Time": 6.608, "Execution Time": 0.311}]]]}
