{"start_time": 1569073679.6406674, "plan": [[[{"Plan": {"Actual Startup Time": 0.105, "Plan Rows": 1, "Node Type": "Aggregate", "Actual Loops": 1, "Actual Total Time": 0.105, "Actual Rows": 1, "Plan Width": 22, "Startup Cost": 114790.77, "Strategy": "Plain", "Total Cost": 114790.78, "Plans": [{"Actual Startup Time": 0.1, "Plan Rows": 1, "Actual Loops": 1, "Startup Cost": 23.28, "Plans": [{"Actual Startup Time": 0.099, "Plan Rows": 1, "Join Filter": "(mi.movie_id = t.id)", "Actual Loops": 1, "Startup Cost": 23.13, "Rows Removed by Join Filter": 0, "Plans": [{"Actual Startup Time": 0.099, "Plan Rows": 1, "Join Filter": "(mi_idx.movie_id = mi.movie_id)", "Actual Loops": 1, "Startup Cost": 22.7, "Rows Removed by Join Filter": 0, "Plans": [{"Actual Startup Time": 0.098, "Plan Rows": 1, "Actual Loops": 1, "Startup Cost": 20.27, "Plans": [{"Actual Startup Time": 0.098, "Plan Rows": 47, "Join Filter": "(mi.info_type_id = it1.id)", "Actual Loops": 1, "Startup Cost": 19.85, "Rows Removed by Join Filter": 0, "Plans": [{"Actual Startup Time": 0.016, "Plan Rows": 1, "Actual Loops": 1, "Rows Removed by Filter": 112, "Startup Cost": 0.0, "Alias": "it1", "Node Type": "Seq Scan", "Actual Total Time": 0.036, "Actual Rows": 1, "p": "info_type", "Filter": "((info)::text = 'countries'::text)", "Parent Relationship": "Outer", "Total Cost": 2.41, "Plan Width": 4}, {"Actual Startup Time": 0.059, "Plan Rows": 374, "Actual Loops": 1, "Startup Cost": 19.85, "Hash Cond": "(mk.movie_id = mi.movie_id)", "Plans": [{"Actual Startup Time": 0.017, "Plan Rows": 4523930, "Actual Loops": 1, "Startup Cost": 0.0, "Alias": "mk", "Node Type": "Seq Scan", "Actual Total Time": 0.017, "Actual Rows": 1, "Parent Relationship": "Outer", "Relation Name": "movie_keyword", "Total Cost": 69693.3, "Plan Width": 8}, {"Actual Startup Time": 0.001, "Plan Rows": 8, "Peak Memory Usage": 8, "Actual Loops": 1, "Startup Cost": 19.75, "Original Hash Batches": 1, "Plans": [{"Actual Startup Time": 0.0, "Plan Rows": 8, "Actual Loops": 1, "Rows Removed by Filter": 0, "Startup Cost": 0.0, "Alias": "mi", "Node Type": "Seq Scan", "Actual Total Time": 0.0, "Actual Rows": 0, "Relation Name": "movie_info", "Filter": "(info = ANY ('{Romania,Japan}'::text[]))", "Parent Relationship": "Outer", "Total Cost": 19.75, "Plan Width": 8}], "Hash Buckets": 1024, "Original Hash Buckets": 1024, "Node Type": "Hash", "Actual Total Time": 0.001, "Actual Rows": 0, "Parent Relationship": "Inner", "Hash Batches": 1, "Total Cost": 19.75, "Plan Width": 8}], "Join Type": "Inner", "Node Type": "Hash Join", "Actual Total Time": 0.059, "Actual Rows": 0, "Parent Relationship": "Inner", "Total Cost": 86681.63, "Plan Width": 16}], "Join Type": "Inner", "Node Type": "Nested Loop", "Actual Total Time": 0.098, "Actual Rows": 0, "Parent Relationship": "Outer", "Total Cost": 86688.72, "Plan Width": 12}, {"Index Name": "keyword_pkey", "Actual Startup Time": 0.0, "Relation Name": "keyword", "Actual Loops": 0, "Plan Rows": 1, "Startup Cost": 0.42, "Rows Removed by Index Recheck": 0, "Rows Removed by Filter": 0, "Alias": "k", "Node Type": "Index Scan", "Scan Direction": "Forward", "Actual Total Time": 0.0, "Actual Rows": 0, "Index Cond": "(id = mk.keyword_id)", "Filter": "(keyword = ANY ('{tahlequah-oklahoma,reference-to-goliath,post-detox}'::text[]))", "Parent Relationship": "Inner", "Total Cost": 0.44, "Plan Width": 4}], "Join Type": "Inner", "Node Type": "Nested Loop", "Actual Total Time": 0.098, "Actual Rows": 0, "Parent Relationship": "Outer", "Total Cost": 86709.98, "Plan Width": 8}, {"Actual Startup Time": 0.0, "Plan Rows": 6481, "Actual Loops": 0, "Startup Cost": 2.43, "Hash Cond": "(mi_idx.info_type_id = it2.id)", "Plans": [{"Actual Startup Time": 0.0, "Plan Rows": 732376, "Actual Loops": 0, "Rows Removed by Filter": 0, "Startup Cost": 0.0, "Alias": "mi_idx", "Node Type": "Seq Scan", "Actual Total Time": 0.0, "Actual Rows": 0, "Relation Name": "movie_info_idx", "Filter": "(info > '2.9'::text)", "Parent Relationship": "Outer", "Total Cost": 25185.44, "Plan Width": 13}, {"Actual Startup Time": 0.0, "Plan Rows": 1, "Node Type": "Hash", "Actual Loops": 0, "Actual Total Time": 0.0, "Actual Rows": 0, "Startup Cost": 2.41, "Plan Width": 4, "Parent Relationship": "Inner", "Total Cost": 2.41, "Plans": [{"Actual Startup Time": 0.0, "Plan Rows": 1, "Actual Loops": 0, "Rows Removed by Filter": 0, "Startup Cost": 0.0, "Alias": "it2", "Node Type": "Seq Scan", "Actual Total Time": 0.0, "Actual Rows": 0, "Relation Name": "info_type", "Filter": "((info)::text = 'rating'::text)", "Parent Relationship": "Outer", "Total Cost": 2.41, "Plan Width": 4}]}], "Join Type": "Inner", "Node Type": "Hash Join", "Actual Total Time": 0.0, "Actual Rows": 0, "Parent Relationship": "Inner", "Total Cost": 27999.08, "Plan Width": 9}], "Join Type": "Inner", "Node Type": "Nested Loop", "Actual Total Time": 0.099, "Actual Rows": 0, "Parent Relationship": "Outer", "Total Cost": 114790.08, "Plan Width": 17}, {"Index Name": "title_pkey", "Actual Startup Time": 0.0, "Relation Name": "title", "Actual Loops": 0, "Plan Rows": 1, "Startup Cost": 0.43, "Rows Removed by Index Recheck": 0, "Rows Removed by Filter": 0, "Alias": "t", "Node Type": "Index Scan", "Scan Direction": "Forward", "Actual Total Time": 0.0, "Actual Rows": 0, "Index Cond": "(id = mk.movie_id)", "Filter": "((production_year > 1917) AND ((title ~~ '%The%'::text) OR (title ~~ '%Nacht%'::text) OR (title ~~ '%Locale%'::text)))", "Parent Relationship": "Inner", "Total Cost": 0.5, "Plan Width": 25}], "Join Type": "Inner", "Node Type": "Nested Loop", "Actual Total Time": 0.099, "Actual Rows": 0, "Parent Relationship": "Outer", "Total Cost": 114790.59, "Plan Width": 26}, {"Index Name": "kind_type_pkey", "Actual Startup Time": 0.0, "Relation Name": "kind_type", "Actual Loops": 0, "Plan Rows": 1, "Startup Cost": 0.15, "Rows Removed by Index Recheck": 0, "Rows Removed by Filter": 0, "Alias": "kt", "Node Type": "Index Scan", "Scan Direction": "Forward", "Actual Total Time": 0.0, "Actual Rows": 0, "Index Cond": "(id = t.kind_id)", "Filter": "((kind)::text = 'movie'::text)", "Parent Relationship": "Inner", "Total Cost": 0.17, "Plan Width": 4}], "Join Type": "Inner", "Node Type": "Nested Loop", "Actual Total Time": 0.1, "Actual Rows": 0, "Parent Relationship": "Outer", "Total Cost": 114790.77, "Plan Width": 22}]}, "Triggers": [], "Planning Time": 6.917, "Execution Time": 0.351}]]]}
{"start_time": 1569073679.6406674, "plan": [[[{"Plan": {"Actual Startup Time": 0.088, "Plan Rows": 1, "Node Type": "Aggregate", "Actual Loops": 1, "Actual Total Time": 0.088, "Actual Rows": 1, "Plan Width": 22, "Startup Cost": 113400.88, "Strategy": "Plain", "Total Cost": 113400.89, "Plans": [{"Actual Startup Time": 0.086, "Plan Rows": 1, "Actual Loops": 1, "Startup Cost": 31.84, "Plans": [{"Actual Startup Time": 0.085, "Plan Rows": 1, "Join Filter": "(mi.movie_id = t.id)", "Actual Loops": 1, "Startup Cost": 31.69, "Rows Removed by Join Filter": 0, "Plans": [{"Actual Startup Time": 0.085, "Plan Rows": 1, "Join Filter": "(mi_idx.movie_id = mi.movie_id)", "Actual Loops": 1, "Startup Cost": 31.26, "Rows Removed by Join Filter": 0, "Plans": [{"Actual Startup Time": 0.085, "Plan Rows": 1, "Actual Loops": 1, "Startup Cost": 28.83, "Plans": [{"Actual Startup Time": 0.085, "Plan Rows": 47, "Actual Loops": 1, "Startup Cost": 28.41, "Hash Cond": "(mk.movie_id = mi.movie_id)", "Plans": [{"Actual Startup Time": 0.014, "Plan Rows": 4523930, "Actual Loops": 1, "Startup Cost": 0.0, "Alias": "mk", "Node Type": "Seq Scan", "Actual Total Time": 0.014, "Actual Rows": 1, "Parent Relationship": "Outer", "Relation Name": "movie_keyword", "Total Cost": 69693.3, "Plan Width": 8}, {"Actual Startup Time": 0.031, "Plan Rows": 1, "Peak Memory Usage": 8, "Actual Loops": 1, "Startup Cost": 28.4, "Original Hash Batches": 1, "Plans": [{"Actual Startup Time": 0.03, "Plan Rows": 1, "Join Filter": "(it1.id = mi.info_type_id)", "Actual Loops": 1, "Startup Cost": 0.0, "Rows Removed by Join Filter": 0, "Plans": [{"Actual Startup Time": 0.01, "Plan Rows": 1, "Actual Loops": 1, "Rows Removed by Filter": 112, "Startup Cost": 0.0, "Alias": "it1", "Node Type": "Seq Scan", "Actual Total Time": 0.027, "Actual Rows": 1, "Relation Name": "info_type", "Filter": "((info)::text = 'countries'::text)", "Parent Relationship": "Outer", "Total Cost": 2.41, "Plan Width": 4}, {"Actual Startup Time": 0.0, "Plan Rows": 31, "Actual Loops": 1, "Rows Removed by Filter": 0, "Startup Cost": 0.0, "Alias": "mi", "Node Type": "Seq Scan", "Actual Total Time": 0.0, "Actual Rows": 0, "Relation Name": "movie_info", "Filter": "(info = ANY ('{\"Saint Kitts and Nevis\",\"Soviet Union\",UK,\"Dominican Republic\",Nigeria,Maldives,Slovenia,Tonga}'::text[]))", "Parent Relationship": "Inner", "Total Cost": 25.6, "Plan Width": 8}], "Join Type": "Inner", "Node Type": "Nested Loop", "Actual Total Time": 0.03, "Actual Rows": 0, "Parent Relationship": "Outer", "Total Cost": 28.4, "Plan Width": 4}], "Hash Buckets": 1024, "Original Hash Buckets": 1024, "Node Type": "Hash", "Actual Total Time": 0.031, "Actual Rows": 0, "Parent Relationship": "Inner", "Hash Batches": 1, "Total Cost": 28.4, "Plan Width": 4}], "Join Type": "Inner", "Node Type": "Hash Join", "Actual Total Time": 0.085, "Actual Rows": 0, "Parent Relationship": "Outer", "Total Cost": 86686.92, "Plan Width": 12}, {"Index Name": "keyword_pkey", "Actual Startup Time": 0.0, "Relation Name": "keyword", "Actual Loops": 0, "Plan Rows": 1, "Startup Cost": 0.42, "Rows Removed by Index Recheck": 0, "Rows Removed by Filter": 0, "Alias": "k", "Node Type": "Index Scan", "Scan Direction": "Forward", "Actual Total Time": 0.0, "Actual Rows": 0, "Index Cond": "(id = mk.keyword_id)", "Filter": "(keyword = ANY ('{wasted-away,violence-against-women,ear-horn,grapes,shipping-company,repertory-company,air-space-violation,walking-in-front-of-a-car}'::text[]))", "Parent Relationship": "Inner", "Total Cost": 0.45, "Plan Width": 4}], "Join Type": "Inner", "Node Type": "Nested Loop", "Actual Total Time": 0.085, "Actual Rows": 0, "Parent Relationship": "Outer", "Total Cost": 86708.48, "Plan Width": 8}, {"Actual Startup Time": 0.0, "Plan Rows": 3370, "Actual Loops": 0, "Startup Cost": 2.43, "Hash Cond": "(mi_idx.info_type_id = it2.id)", "Plans": [{"Actual Startup Time": 0.0, "Plan Rows": 380805, "Actual Loops": 0, "Rows Removed by Filter": 0, "Startup Cost": 0.0, "Alias": "mi_idx", "Node Type": "Seq Scan", "Actual Total Time": 0.0, "Actual Rows": 0, "Relation Name": "movie_info_idx", "Filter": "(info > '6.0'::text)", "Parent Relationship": "Outer", "Total Cost": 25185.44, "Plan Width": 13}, {"Actual Startup Time": 0.0, "Plan Rows": 1, "Node Type": "Hash", "Actual Loops": 0, "Actual Total Time": 0.0, "Actual Rows": 0, "Startup Cost": 2.41, "Plan Width": 4, "Parent Relationship": "Inner", "Total Cost": 2.41, "Plans": [{"Actual Startup Time": 0.0, "Plan Rows": 1, "Actual Loops": 0, "Rows Removed by Filter": 0, "Startup Cost": 0.0, "Alias": "it2", "Node Type": "Seq Scan", "Actual Total Time": 0.0, "Actual Rows": 0, "Relation Name": "info_type", "Filter": "((info)::text = 'rating'::text)", "Parent Relationship": "Outer", "Total Cost": 2.41, "Plan Width": 4}]}], "Join Type": "Inner", "Node Type": "Hash Join", "Actual Total Time": 0.0, "Actual Rows": 0, "Parent Relationship": "Inner", "Total Cost": 26649.58, "Plan Width": 9}], "Join Type": "Inner", "Node Type": "Nested Loop", "Actual Total Time": 0.085, "Actual Rows": 0, "Parent Relationship": "Outer", "Total Cost": 113400.19, "Plan Width": 17}, {"Index Name": "title_pkey", "Actual Startup Time": 0.0, "Relation Name": "title", "Actual Loops": 0, "Plan Rows": 1, "Startup Cost": 0.43, "Rows Removed by Index Recheck": 0, "Rows Removed by Filter": 0, "Alias": "t", "Node Type": "Index Scan", "Scan Direction": "Forward", "Actual Total Time": 0.0, "Actual Rows": 0, "Index Cond": "(id = mk.movie_id)", "Filter": "((production_year > 2005) AND ((title ~~ '%the%'::text) OR (title ~~ '%Krise%'::text) OR (title ~~ '%Hugs%'::text)))", "Parent Relationship": "Inner", "Total Cost": 0.5, "Plan Width": 25}], "Join Type": "Inner", "Node Type": "Nested Loop", "Actual Total Time": 0.085, "Actual Rows": 0, "Parent Relationship": "Outer", "Total Cost": 113400.7, "Plan Width": 26}, {"Index Name": "kind_type_pkey", "Actual Startup Time": 0.0, "Relation Name": "kind_type", "Actual Loops": 0, "Plan Rows": 1, "Startup Cost": 0.15, "Rows Removed by Index Recheck": 0, "Rows Removed by Filter": 0, "Alias": "kt", "Node Type": "Index Scan", "Scan Direction": "Forward", "Actual Total Time": 0.0, "Actual Rows": 0, "Index Cond": "(id = t.kind_id)", "Filter": "((kind)::text = 'movie'::text)", "Parent Relationship": "Inner", "Total Cost": 0.17, "Plan Width": 4}], "Join Type": "Inner", "Node Type": "Nested Loop", "Actual Total Time": 0.086, "Actual Rows": 0, "Parent Relationship": "Outer", "Total Cost": 113400.88, "Plan Width": 22}]}, "Triggers": [], "Planning Time": 7.608, "Execution Time": 0.311}]]]}
{"start_time": 1569073679.6406674, "plan": [[[{"Plan": {"Actual Startup Time": 0.06, "Plan Rows": 1, "Node Type": "Aggregate", "Actual Loops": 1, "Actual Total Time": 0.06, "Actual Rows": 1, "Plan Width": 22, "Startup Cost": 112899.81, "Strategy": "Plain", "Total Cost": 112899.82, "Plans": [{"Actual Startup Time": 0.057, "Plan Rows": 1, "Actual Loops": 1, "Startup Cost": 34.56, "Plans": [{"Actual Startup Time": 0.057, "Plan Rows": 1, "Join Filter": "(mi.movie_id = t.id)", "Actual Loops": 1, "Startup Cost": 34.41, "Rows Removed by Join Filter": 0, "Plans": [{"Actual Startup Time": 0.057, "Plan Rows": 1, "Join Filter": "(mi_idx.movie_id = mi.movie_id)", "Actual Loops": 1, "Startup Cost": 33.98, "Rows Removed by Join Filter": 0, "Plans": [{"Actual Startup Time": 0.057, "Plan Rows": 1, "Actual Loops": 1, "Startup Cost": 31.55, "Plans": [{"Actual Startup Time": 0.057, "Plan Rows": 47, "Actual Loops": 1, "Startup Cost": 31.13, "Hash Cond": "(mk.movie_id = mi.movie_id)", "Plans": [{"Actual Startup Time": 0.014, "Plan Rows": 4523930, "Actual Loops": 1, "Startup Cost": 0.0, "Alias": "mk", "Node Type": "Seq Scan", "Actual Total Time": 0.014, "Actual Rows": 1, "Parent Relationship": "Outer", "Relation Name": "movie_keyword", "Total Cost": 69693.3, "Plan Width": 8}, {"Actual Startup Time": 0.001, "Plan Rows": 1, "Peak Memory Usage": 8, "Actual Loops": 1, "Startup Cost": 31.12, "Original Hash Batches": 1, "Plans": [{"Actual Startup Time": 0.001, "Plan Rows": 1, "Actual Loops": 1, "Startup Cost": 2.43, "Hash Cond": "(mi.info_type_id = it1.id)", "Plans": [{"Actual Startup Time": 0.0, "Plan Rows": 43, "Actual Loops": 1, "Rows Removed by Filter": 0, "Startup Cost": 0.0, "Alias": "mi", "Node Type": "Seq Scan", "Actual Total Time": 0.0, "Actual Rows": 0, "Relation Name": "movie_info", "Filter": "(info = ANY ('{Colombia,Taiwan,Siam,Greenland,Slovakia,\"French Guiana\",Lebanon,Nigeria,USA,Dominica,Samoa}'::text[]))", "Parent Relationship": "Outer", "Total Cost": 28.52, "Plan Width": 8}, {"Actual Startup Time": 0.0, "Plan Rows": 1, "Node Type": "Hash", "Actual Loops": 0, "Actual Total Time": 0.0, "Actual Rows": 0, "Startup Cost": 2.41, "Plan Width": 4, "Parent Relationship": "Inner", "Total Cost": 2.41, "Plans": [{"Actual Startup Time": 0.0, "Plan Rows": 1, "Actual Loops": 0, "Rows Removed by Filter": 0, "Startup Cost": 0.0, "Alias": "it1", "Node Type": "Seq Scan", "Actual Total Time": 0.0, "Actual Rows": 0, "Relation Name": "info_type", "Filter": "((info)::text = 'countries'::text)", "Parent Relationship": "Outer", "Total Cost": 2.41, "Plan Width": 4}]}], "Join Type": "Inner", "Node Type": "Hash Join", "Actual Total Time": 0.001, "Actual Rows": 0, "Parent Relationship": "Outer", "Total Cost": 31.12, "Plan Width": 4}], "Hash Buckets": 1024, "Original Hash Buckets": 1024, "Node Type": "Hash", "Actual Total Time": 0.001, "Actual Rows": 0, "Parent Relationship": "Inner", "Hash Batches": 1, "Total Cost": 31.12, "Plan Width": 4}], "Join Type": "Inner", "Node Type": "Hash Join", "Actual Total Time": 0.057, "Actual Rows": 0, "Parent Relationship": "Outer", "Total Cost": 86689.64, "Plan Width": 12}, {"Index Name": "keyword_pkey", "Actual Startup Time": 0.0, "Relation Name": "keyword", "Actual Loops": 0, "Plan Rows": 1, "Startup Cost": 0.42, "Rows Removed by Index Recheck": 0, "Rows Removed by Filter": 0, "Alias": "k", "Node Type": "Index Scan", "Scan Direction": "Forward", "Actual Total Time": 0.0, "Actual Rows": 0, "Index Cond": "(id = mk.keyword_id)", "Filter": "(keyword = ANY ('{sexiness,council-house,uncle,hiding-in-church,throwing-self-against-window,mysterious-female-figure}'::text[]))", "Parent Relationship": "Inner", "Total Cost": 0.45, "Plan Width": 4}], "Join Type": "Inner", "Node Type": "Nested Loop", "Actual Total Time": 0.057, "Actual Rows": 0, "Parent Relationship": "Outer", "Total Cost": 86711.09, "Plan Width": 8}, {"Actual Startup Time": 0.0, "Plan Rows": 2241, "Actual Loops": 0, "Startup Cost": 2.43, "Hash Cond": "(mi_idx.info_type_id = it2.id)", "Plans": [{"Actual Startup Time": 0.0, "Plan Rows": 253264, "Actual Loops": 0, "Rows Removed by Filter": 0, "Startup Cost": 0.0, "Alias": "mi_idx", "Node Type": "Seq Scan", "Actual Total Time": 0.0, "Actual Rows": 0, "Relation Name": "movie_info_idx", "Filter": "(info > '6.8'::text)", "Parent Relationship": "Outer", "Total Cost": 25185.44, "Plan Width": 13}, {"Actual Startup Time": 0.0, "Plan Rows": 1, "Node Type": "Hash", "Actual Loops": 0, "Actual Total Time": 0.0, "Actual Rows": 0, "Startup Cost": 2.41, "Plan Width": 4, "Parent Relationship": "Inner", "Total Cost": 2.41, "Plans": [{"Actual Startup Time": 0.0, "Plan Rows": 1, "Actual Loops": 0, "Rows Removed by Filter": 0, "Startup Cost": 0.0, "Alias": "it2", "Node Type": "Seq Scan", "Actual Total Time": 0.0, "Actual Rows": 0, "Relation Name": "info_type", "Filter": "((info)::text = 'rating'::text)", "Parent Relationship": "Outer", "Total Cost": 2.41, "Plan Width": 4}]}], "Join Type": "Inner", "Node Type": "Hash Join", "Actual Total Time": 0.0, "Actual Rows": 0, "Parent Relationship": "Inner", "Total Cost": 26160.01, "Plan Width": 9}], "Join Type": "Inner", "Node Type": "Nested Loop", "Actual Total Time": 0.057, "Actual Rows": 0, "Parent Relationship": "Outer", "Total Cost": 112899.11, "Plan Width": 17}, {"Index Name": "title_pkey", "Actual Startup Time": 0.0, "Relation Name": "title", "Actual Loops": 0, "Plan Rows": 1, "Startup Cost": 0.43, "Rows Removed by Index Recheck": 0, "Rows Removed by Filter": 0, "Alias": "t", "Node Type": "Index Scan", "Scan Direction": "Forward", "Actual Total Time": 0.0, "Actual Rows": 0, "Index Cond": "(id = mk.movie_id)", "Filter": "((production_year > 1924) AND ((title ~~ '%The%'::text) OR (title ~~ '%The%'::text) OR (title ~~ '%alcobas%'::text)))", "Parent Relationship": "Inner", "Total Cost": 0.5, "Plan Width": 25}], "Join Type": "Inner", "Node Type": "Nested Loop", "Actual Total Time": 0.057, "Actual Rows": 0, "Parent Relationship": "Outer", "Total Cost": 112899.62, "Plan Width": 26}, {"Index Name": "kind_type_pkey", "Actual Startup Time": 0.0, "Relation Name": "kind_type", "Actual Loops": 0, "Plan Rows": 1, "Startup Cost": 0.15, "Rows Removed by Index Recheck": 0, "Rows Removed by Filter": 0, "Alias": "kt", "Node Type": "Index Scan", "Scan Direction": "Forward", "Actual Total Time": 0.0, "Actual Rows": 0, "Index Cond": "(id = t.kind_id)", "Filter": "((kind)::text = 'episode'::text)", "Parent Relationship": "Inner", "Total Cost": 0.17, "Plan Width": 4}], "Join Type": "Inner", "Node Type": "Nested Loop", "Actual Total Time": 0.057, "Actual Rows": 0, "Parent Relationship": "Outer", "Total Cost": 112899.8, "Plan Width": 22}]}, "Triggers": [], "Planning Time": 6.706, "Execution Time": 0.304}]]]}
{"start_time": 1569073679.6406674, "plan": [[[{"Plan": {"Actual Startup Time": 0.11, "Plan Rows": 1, "Node Type": "Aggregate", "Actual Loops": 1, "Actual Total Time": 0.11, "Actual Rows": 1, "Plan Width": 22, "Startup Cost": 114988.76, "Strategy": "Plain", "Total Cost": 114988.77, "Plans": [{"Actual Startup Time": 0.101, "Plan Rows": 1, "Actual Loops": 1, "Startup Cost": 29.79, "Plans": [{"Actual Startup Time": 0.101, "Plan Rows": 1, "Join Filter": "(mi.movie_id = t.id)", "Actual Loops": 1, "Startup Cost": 29.64, "Rows Removed by Join Filter": 0, "Plans": [{"Actual Startup Time": 0.101, "Plan Rows": 1, "Join Filter": "(mi_idx.movie_id = mi.movie_id)", "Actual Loops": 1, "Startup Cost": 29.21, "Rows Removed by Join Filter": 0, "Plans": [{"Actual Startup Time": 0.1, "Plan Rows": 1, "Actual Loops": 1, "Startup Cost": 26.78, "Plans": [{"Actual Startup Time": 0.099, "Plan Rows": 47, "Actual Loops": 1, "Startup Cost": 26.36, "Hash Cond": "(mk.movie_id = mi.movie_id)", "Plans": [{"Actual Startup Time": 0.02, "Plan Rows": 4523930, "Actual Loops": 1, "Startup Cost": 0.0, "Alias": "mk", "Node Type": "Seq Scan", "Actual Total Time": 0.02, "Actual Rows": 1, "Parent Relationship": "Outer", "Relation Name": "movie_keyword", "Total Cost": 69693.3, "Plan Width": 8}, {"Actual Startup Time": 0.037, "Plan Rows": 1, "Peak Memory Usage": 8, "Actual Loops": 1, "Startup Cost": 26.35, "Original Hash Batches": 1, "Plans": [{"Actual Startup Time": 0.037, "Plan Rows": 1, "Join Filter": "(it1.id = mi.info_type_id)", "Actual Loops": 1, "Startup Cost": 0.0, "Rows Removed by Join Filter": 0, "Plans": [{"Actual Startup Time": 0.014, "Plan Rows": 1, "Actual Loops": 1, "Rows Removed by Filter": 112, "Startup Cost": 0.0, "Alias": "it1", "Node Type": "Seq Scan", "Actual Total Time": 0.033, "Actual Rows": 1, "Relation Name": "info_type", "Filter": "((info)::text = 'countries'::text)", "Parent Relationship": "Outer", "Total Cost": 2.41, "Plan Width": 4}, {"Actual Startup Time": 0.001, "Plan Rows": 23, "Actual Loops": 1, "Rows Removed by Filter": 0, "Startup Cost": 0.0, "Alias": "mi", "Node Type": "Seq Scan", "Actual Total Time": 0.001, "Actual Rows": 0, "Relation Name": "movie_info", "Filter": "(info = ANY ('{Chad,Bangladesh,USA,Malawi,Australia,Uruguay}'::text[]))", "Parent Relationship": "Inner", "Total Cost": 23.65, "Plan Width": 8}], "Join Type": "Inner", "Node Type": "Nested Loop", "Actual Total Time": 0.037, "Actual Rows": 0, "Parent Relationship": "Outer", "Total Cost": 26.35, "Plan Width": 4}], "Hash Buckets": 1024, "Original Hash Buckets": 1024, "Node Type": "Hash", "Actual Total Time": 0.037, "Actual Rows": 0, "Parent Relationship": "Inner", "Hash Batches": 1, "Total Cost": 26.35, "Plan Width": 4}], "Join Type": "Inner", "Node Type": "Hash Join", "Actual Total Time": 0.099, "Actual Rows": 0, "Parent Relationship": "Outer", "Total Cost": 86684.87, "Plan Width": 12}, {"Index Name": "keyword_pkey", "Actual Startup Time": 0.0, "Relation Name": "keyword", "Actual Loops": 0, "Plan Rows": 1, "Startup Cost": 0.42, "Rows Removed by Index Recheck": 0, "Rows Removed by Filter": 0, "Alias": "k", "Node Type": "Index Scan", "Scan Direction": "Forward", "Actual Total Time": 0.0, "Actual Rows": 0, "Index Cond": "(id = mk.keyword_id)", "Filter": "(keyword = ANY ('{shooting-blanks,osage-tribe,woman-kills-attacker,yellow-rose,activism,cinematheque,fancy-rhino,no-man''s-land,reference-to-sister-sledge,undercover-brother,insertion,handprint-on-butt}'::text[]))", "Parent Relationship": "Inner", "Total Cost": 0.45, "Plan Width": 4}], "Join Type": "Inner", "Node Type": "Nested Loop", "Actual Total Time": 0.1, "Actual Rows": 0, "Parent Relationship": "Outer", "Total Cost": 86706.67, "Plan Width": 8}, {"Actual Startup Time": 0.0, "Plan Rows": 6932, "Actual Loops": 0, "Startup Cost": 2.43, "Hash Cond": "(mi_idx.info_type_id = it2.id)", "Plans": [{"Actual Startup Time": 0.0, "Plan Rows": 783352, "Actual Loops": 0, "Rows Removed by Filter": 0, "Startup Cost": 0.0, "Alias": "mi_idx", "Node Type": "Seq Scan", "Actual Total Time": 0.0, "Actual Rows": 0, "Relation Name": "movie_info_idx", "Filter": "(info > '2.3'::text)", "Parent Relationship": "Outer", "Total Cost": 25185.44, "Plan Width": 13}, {"Actual Startup Time": 0.0, "Plan Rows": 1, "Node Type": "Hash", "Actual Loops": 0, "Actual Total Time": 0.0, "Actual Rows": 0, "Startup Cost": 2.41, "Plan Width": 4, "Parent Relationship": "Inner", "Total Cost": 2.41, "Plans": [{"Actual Startup Time": 0.0, "Plan Rows": 1, "Actual Loops": 0, "Rows Removed by Filter": 0, "Startup Cost": 0.0, "Alias": "it2", "Node Type": "Seq Scan", "Actual Total Time": 0.0, "Actual Rows": 0, "Relation Name": "info_type", "Filter": "((info)::text = 'rating'::text)", "Parent Relationship": "Outer", "Total Cost": 2.41, "Plan Width": 4}]}], "Join Type": "Inner", "Node Type": "Hash Join", "Actual Total Time": 0.0, "Actual Rows": 0, "Parent Relationship": "Inner", "Total Cost": 28194.75, "Plan Width": 9}], "Join Type": "Inner", "Node Type": "Nested Loop", "Actual Total Time": 0.101, "Actual Rows": 0, "Parent Relationship": "Outer", "Total Cost": 114988.07, "Plan Width": 17}, {"Index Name": "title_pkey", "Actual Startup Time": 0.0, "Relation Name": "title", "Actual Loops": 0, "Plan Rows": 1, "Startup Cost": 0.43, "Rows Removed by Index Recheck": 0, "Rows Removed by Filter": 0, "Alias": "t", "Node Type": "Index Scan", "Scan Direction": "Forward", "Actual Total Time": 0.0, "Actual Rows": 0, "Index Cond": "(id = mk.movie_id)", "Filter": "((production_year > 1969) AND ((title ~~ '%Sucker%'::text) OR (title ~~ '%The%'::text) OR (title ~~ '%and%'::text)))", "Parent Relationship": "Inner", "Total Cost": 0.5, "Plan Width": 25}], "Join Type": "Inner", "Node Type": "Nested Loop", "Actual Total Time": 0.101, "Actual Rows": 0, "Parent Relationship": "Outer", "Total Cost": 114988.58, "Plan Width": 26}, {"Index Name": "kind_type_pkey", "Actual Startup Time": 0.0, "Relation Name": "kind_type", "Actual Loops": 0, "Plan Rows": 1, "Startup Cost": 0.15, "Rows Removed by Index Recheck": 0, "Rows Removed by Filter": 0, "Alias": "kt", "Node Type": "Index Scan", "Scan Direction": "Forward", "Actual Total Time": 0.0, "Actual Rows": 0, "Index Cond": "(id = t.kind_id)", "Filter": "((kind)::text = 'video movie'::text)", "Parent Relationship": "Inner", "Total Cost": 0.17, "Plan Width": 4}], "Join Type": "Inner", "Node Type": "Nested Loop", "Actual Total Time": 0.101, "Actual Rows": 0, "Parent Relationship": "Outer", "Total Cost": 114988.76, "Plan Width": 22}]}, "Triggers": [], "Planning Time": 6.973, "Execution Time": 0.355}]]]}
{"start_time": 1569073679.6406674, "plan": [[[{"Plan": {"Actual Startup Time": 0.092, "Plan Rows": 1, "Node Type": "Aggregate", "Actual Loops": 1, "Actual Total Time": 0.092, "Actual Rows": 1, "Plan Width": 22, "Startup Cost": 115189.16, "Strategy": "Plain", "Total Cost": 115189.17, "Plans": [{"Actual Startup Time": 0.09, "Plan Rows": 1, "Actual Loops": 1, "Startup Cost": 31.84, "Plans": [{"Actual Startup Time": 0.089, "Plan Rows": 1, "Join Filter": "(mi.movie_id = t.id)", "Actual Loops": 1, "Startup Cost": 31.69, "Rows Removed by Join Filter": 0, "Plans": [{"Actual Startup Time": 0.089, "Plan Rows": 1, "Join Filter": "(mi_idx.movie_id = mi.movie_id)", "Actual Loops": 1, "Startup Cost": 31.26, "Rows Removed by Join Filter": 0, "Plans": [{"Actual Startup Time": 0.089, "Plan Rows": 1, "Actual Loops": 1, "Startup Cost": 28.83, "Plans": [{"Actual Startup Time": 0.088, "Plan Rows": 47, "Actual Loops": 1, "Startup Cost": 28.41, "Hash Cond": "(mk.movie_id = mi.movie_id)", "Plans": [{"Actual Startup Time": 0.015, "Plan Rows": 4523930, "Actual Loops": 1, "Startup Cost": 0.0, "Alias": "mk", "Node Type": "Seq Scan", "Actual Total Time": 0.015, "Actual Rows": 1, "Parent Relationship": "Outer", "Relation Name": "movie_keyword", "Total Cost": 69693.3, "Plan Width": 8}, {"Actual Startup Time": 0.033, "Plan Rows": 1, "Peak Memory Usage": 8, "Actual Loops": 1, "Startup Cost": 28.4, "Original Hash Batches": 1, "Plans": [{"Actual Startup Time": 0.033, "Plan Rows": 1, "Join Filter": "(it1.id = mi.info_type_id)", "Actual Loops": 1, "Startup Cost": 0.0, "Rows Removed by Join Filter": 0, "Plans": [{"Actual Startup Time": 0.01, "Plan Rows": 1, "Actual Loops": 1, "Rows Removed by Filter": 112, "Startup Cost": 0.0, "Alias": "it1", "Node Type": "Seq Scan", "Actual Total Time": 0.03, "Actual Rows": 1, "Relation Name": "info_type", "Filter": "((info)::text = 'countries'::text)", "Parent Relationship": "Outer", "Total Cost": 2.41, "Plan Width": 4}, {"Actual Startup Time": 0.0, "Plan Rows": 31, "Actual Loops": 1, "Rows Removed by Filter": 0, "Startup Cost": 0.0, "Alias": "mi", "Node Type": "Seq Scan", "Actual Total Time": 0.0, "Actual Rows": 0, "Relation Name": "movie_info", "Filter": "(info = ANY ('{Haiti,Bhutan,\"Serbia and Montenegro\",Bolivia,Laos,Norway,Sweden,Fiji}'::text[]))", "Parent Relationship": "Inner", "Total Cost": 25.6, "Plan Width": 8}], "Join Type": "Inner", "Node Type": "Nested Loop", "Actual Total Time": 0.033, "Actual Rows": 0, "Parent Relationship": "Outer", "Total Cost": 28.4, "Plan Width": 4}], "Hash Buckets": 1024, "Original Hash Buckets": 1024, "Node Type": "Hash", "Actual Total Time": 0.033, "Actual Rows": 0, "Parent Relationship": "Inner", "Hash Batches": 1, "Total Cost": 28.4, "Plan Width": 4}], "Join Type": "Inner", "Node Type": "Hash Join", "Actual Total Time": 0.088, "Actual Rows": 0, "Parent Relationship": "Outer", "Total Cost": 86686.92, "Plan Width": 12}, {"Index Name": "keyword_pkey", "Actual Startup Time": 0.0, "Relation Name": "keyword", "Actual Loops": 0, "Plan Rows": 1, "Startup Cost": 0.42, "Rows Removed by Index Recheck": 0, "Rows Removed by Filter": 0, "Alias": "k", "Node Type": "Index Scan", "Scan Direction": "Forward", "Actual Total Time": 0.0, "Actual Rows": 0, "Index Cond": "(id = mk.keyword_id)", "Filter": "(keyword = ANY ('{twilight-years,well-digger,baby-boy,verbosity,cia-operative,train-yard,burial-mound,false-miracle}'::text[]))", "Parent Relationship": "Inner", "Total Cost": 0.45, "Plan Width": 4}], "Join Type": "Inner", "Node Type": "Nested Loop", "Actual Total Time": 0.089, "Actual Rows": 0, "Parent Relationship": "Outer", "Total Cost": 86708.48, "Plan Width": 8}, {"Actual Startup Time": 0.0, "Plan Rows": 7377, "Actual Loops": 0, "Startup Cost": 2.43, "Hash Cond": "(mi_idx.info_type_id = it2.id)", "Plans": [{"Actual Startup Time": 0.0, "Plan Rows": 833637, "Actual Loops": 0, "Rows Removed by Filter": 0, "Startup Cost": 0.0, "Alias": "mi_idx", "Node Type": "Seq Scan", "Actual Total Time": 0.0, "Actual Rows": 0, "Relation Name": "movie_info_idx", "Filter": "(info > '2.1'::text)", "Parent Relationship": "Outer", "Total Cost": 25185.44, "Plan Width": 13}, {"Actual Startup Time": 0.0, "Plan Rows": 1, "Node Type": "Hash", "Actual Loops": 0, "Actual Total Time": 0.0, "Actual Rows": 0, "Startup Cost": 2.41, "Plan Width": 4, "Parent Relationship": "Inner", "Total Cost": 2.41, "Plans": [{"Actual Startup Time": 0.0, "Plan Rows": 1, "Actual Loops": 0, "Rows Removed by Filter": 0, "Startup Cost": 0.0, "Alias": "it2", "Node Type": "Seq Scan", "Actual Total Time": 0.0, "Actual Rows": 0, "Relation Name": "info_type", "Filter": "((info)::text = 'rating'::text)", "Parent Relationship": "Outer", "Total Cost": 2.41, "Plan Width": 4}]}], "Join Type": "Inner", "Node Type": "Hash Join", "Actual Total Time": 0.0, "Actual Rows": 0, "Parent Relationship": "Inner", "Total Cost": 28387.77, "Plan Width": 9}], "Join Type": "Inner", "Node Type": "Nested Loop", "Actual Total Time": 0.089, "Actual Rows": 0, "Parent Relationship": "Outer", "Total Cost": 115188.47, "Plan Width": 17}, {"Index Name": "title_pkey", "Actual Startup Time": 0.0, "Relation Name": "title", "Actual Loops": 0, "Plan Rows": 1, "Startup Cost": 0.43, "Rows Removed by Index Recheck": 0, "Rows Removed by Filter": 0, "Alias": "t", "Node Type": "Index Scan", "Scan Direction": "Forward", "Actual Total Time": 0.0, "Actual Rows": 0, "Index Cond": "(id = mk.movie_id)", "Filter": "((production_year > 1994) AND ((title ~~ '%Fossil%'::text) OR (title ~~ '%The%'::text) OR (title ~~ '%kake%'::text)))", "Parent Relationship": "Inner", "Total Cost": 0.5, "Plan Width": 25}], "Join Type": "Inner", "Node Type": "Nested Loop", "Actual Total Time": 0.089, "Actual Rows": 0, "Parent Relationship": "Outer", "Total Cost": 115188.98, "Plan Width": 26}, {"Index Name": "kind_type_pkey", "Actual Startup Time": 0.0, "Relation Name": "kind_type", "Actual Loops": 0, "Plan Rows": 1, "Startup Cost": 0.15, "Rows Removed by Index Recheck": 0, "Rows Removed by Filter": 0, "Alias": "kt", "Node Type": "Index Scan", "Scan Direction": "Forward", "Actual Total Time": 0.0, "Actual Rows": 0, "Index Cond": "(id = t.kind_id)", "Filter": "((kind)::text = 'movie'::text)", "Parent Relationship": "Inner", "Total Cost": 0.17, "Plan Width": 4}], "Join Type": "Inner", "Node Type": "Nested Loop", "Actual Total Time": 0.09, "Actual Rows": 0, "Parent Relationship": "Outer", "Total Cost": 115189.16, "Plan Width": 22}]}, "Triggers": [], "Planning Time": 6.663, "Execution Time": 0.331}]]]}
{"start_time": 1569073679.6406674, "plan": [[[{"Plan": {"Actual Startup Time": 0.085, "Plan Rows": 1, "Node Type": "Aggregate", "Actual Loops": 1, "Actual Total Time": 0.085, "Actual Rows": 1, "Plan Width": 22, "Startup Cost": 113909.69, "Strategy": "Plain", "Total Cost": 113909.7, "Plans": [{"Actual Startup Time": 0.083, "Plan Rows": 1, "Actual Loops": 1, "Startup Cost": 29.79, "Plans": [{"Actual Startup Time": 0.083, "Plan Rows": 1, "Join Filter": "(mi.movie_id = t.id)", "Actual Loops": 1, "Startup Cost": 29.64, "Rows Removed by Join Filter": 0, "Plans": [{"Actual Startup Time": 0.082, "Plan Rows": 1, "Join Filter": "(mi_idx.movie_id = mi.movie_id)", "Actual Loops": 1, "Startup Cost": 29.21, "Rows Removed by Join Filter": 0, "Plans": [{"Actual Startup Time": 0.082, "Plan Rows": 1, "Actual Loops": 1, "Startup Cost": 26.78, "Plans": [{"Actual Startup Time": 0.082, "Plan Rows": 47, "Actual Loops": 1, "Startup Cost": 26.36, "Hash Cond": "(mk.movie_id = mi.movie_id)", "Plans": [{"Actual Startup Time": 0.014, "Plan Rows": 4523930, "Actual Loops": 1, "Startup Cost": 0.0, "Alias": "mk", "Node Type": "Seq Scan", "Actual Total Time": 0.014, "Actual Rows": 1, "Parent Relationship": "Outer", "Relation Name": "movie_keyword", "Total Cost": 69693.3, "Plan Width": 8}, {"Actual Startup Time": 0.03, "Plan Rows": 1, "Peak Memory Usage": 8, "Actual Loops": 1, "Startup Cost": 26.35, "Original Hash Batches": 1, "Plans": [{"Actual Startup Time": 0.03, "Plan Rows": 1, "Join Filter": "(it1.id = mi.info_type_id)", "Actual Loops": 1, "Startup Cost": 0.0, "Rows Removed by Join Filter": 0, "Plans": [{"Actual Startup Time": 0.01, "Plan Rows": 1, "Actual Loops": 1, "Rows Removed by Filter": 112, "Startup Cost": 0.0, "Alias": "it1", "Node Type": "Seq Scan", "Actual Total Time": 0.028, "Actual Rows": 1, "Relation Name": "info_type", "Filter": "((info)::text = 'countries'::text)", "Parent Relationship": "Outer", "Total Cost": 2.41, "Plan Width": 4}, {"Actual Startup Time": 0.001, "Plan Rows": 23, "Actual Loops": 1, "Rows Removed by Filter": 0, "Startup Cost": 0.0, "Alias": "mi", "Node Type": "Seq Scan", "Actual Total Time": 0.001, "Actual Rows": 0, "Relation Name": "movie_info", "Filter": "(info = ANY ('{Togo,Siam,Djibouti,Poland,Slovenia,Barbados}'::text[]))", "Parent Relationship": "Inner", "Total Cost": 23.65, "Plan Width": 8}], "Join Type": "Inner", "Node Type": "Nested Loop", "Actual Total Time": 0.03, "Actual Rows": 0, "Parent Relationship": "Outer", "Total Cost": 26.35, "Plan Width": 4}], "Hash Buckets": 1024, "Original Hash Buckets": 1024, "Node Type": "Hash", "Actual Total Time": 0.03, "Actual Rows": 0, "Parent Relationship": "Inner", "Hash Batches": 1, "Total Cost": 26.35, "Plan Width": 4}], "Join Type": "Inner", "Node Type": "Hash Join", "Actual Total Time": 0.082, "Actual Rows": 0, "Parent Relationship": "Outer", "Total Cost": 86684.87, "Plan Width": 12}, {"Index Name": "keyword_pkey", "Actual Startup Time": 0.0, "Relation Name": "keyword", "Actual Loops": 0, "Plan Rows": 1, "Startup Cost": 0.42, "Rows Removed by Index Recheck": 0, "Rows Removed by Filter": 0, "Alias": "k", "Node Type": "Index Scan", "Scan Direction": "Forward", "Actual Total Time": 0.0, "Actual Rows": 0, "Index Cond": "(id = mk.keyword_id)", "Filter": "(keyword = ANY ('{subversive-activities,techno-music,fictionalized-account,abandoned-bus,red-meat,bicycle-theft,skeet,scratching-someone''s-face}'::text[]))", "Parent Relationship": "Inner", "Total Cost": 0.45, "Plan Width": 4}], "Join Type": "Inner", "Node Type": "Nested Loop", "Actual Total Time": 0.082, "Actual Rows": 0, "Parent Relationship": "Outer", "Total Cost": 86706.43, "Plan Width": 8}, {"Actual Startup Time": 0.0, "Plan Rows": 4515, "Actual Loops": 0, "Startup Cost": 2.43, "Hash Cond": "(mi_idx.info_type_id = it2.id)", "Plans": [{"Actual Startup Time": 0.0, "Plan Rows": 510164, "Actual Loops": 0, "Rows Removed by Filter": 0, "Startup Cost": 0.0, "Alias": "mi_idx", "Node Type": "Seq Scan", "Actual Total Time": 0.0, "Actual Rows": 0, "Relation Name": "movie_info_idx", "Filter": "(info > '5.2'::text)", "Parent Relationship": "Outer", "Total Cost": 25185.44, "Plan Width": 13}, {"Actual Startup Time": 0.0, "Plan Rows": 1, "Node Type": "Hash", "Actual Loops": 0, "Actual Total Time": 0.0, "Actual Rows": 0, "Startup Cost": 2.41, "Plan Width": 4, "Parent Relationship": "Inner", "Total Cost": 2.41, "Plans": [{"Actual Startup Time": 0.0, "Plan Rows": 1, "Actual Loops": 0, "Rows Removed by Filter": 0, "Startup Cost": 0.0, "Alias": "it2", "Node Type": "Seq Scan", "Actual Total Time": 0.0, "Actual Rows": 0, "Relation Name": "info_type", "Filter": "((info)::text = 'rating'::text)", "Parent Relationship": "Outer", "Total Cost": 2.41, "Plan Width": 4}]}], "Join Type": "Inner", "Node Type": "Hash Join", "Actual Total Time": 0.0, "Actual Rows": 0, "Parent Relationship": "Inner", "Total Cost": 27146.13, "Plan Width": 9}], "Join Type": "Inner", "Node Type": "Nested Loop", "Actual Total Time": 0.082, "Actual Rows": 0, "Parent Relationship": "Outer", "Total Cost": 113909.0, "Plan Width": 17}, {"Index Name": "title_pkey", "Actual Startup Time": 0.0, "Relation Name": "title", "Actual Loops": 0, "Plan Rows": 1, "Startup Cost": 0.43, "Rows Removed by Index Recheck": 0, "Rows Removed by Filter": 0, "Alias": "t", "Node Type": "Index Scan", "Scan Direction": "Forward", "Actual Total Time": 0.0, "Actual Rows": 0, "Index Cond": "(id = mk.movie_id)", "Filter": "((production_year > 1960) AND ((title ~~ '%Please%'::text) OR (title ~~ '%Bahtalo%'::text) OR (title ~~ '%the%'::text)))", "Parent Relationship": "Inner", "Total Cost": 0.5, "Plan Width": 25}], "Join Type": "Inner", "Node Type": "Nested Loop", "Actual Total Time": 0.083, "Actual Rows": 0, "Parent Relationship": "Outer", "Total Cost": 113909.51, "Plan Width": 26}, {"Index Name": "kind_type_pkey", "Actual Startup Time": 0.0, "Relation Name": "kind_type", "Actual Loops": 0, "Plan Rows": 1, "Startup Cost": 0.15, "Rows Removed by Index Recheck": 0, "Rows Removed by Filter": 0, "Alias": "kt", "Node Type": "Index Scan", "Scan Direction": "Forward", "Actual Total Time": 0.0, "Actual Rows": 0, "Index Cond": "(id = t.kind_id)", "Filter": "((kind)::text = 'movie'::text)", "Parent Relationship": "Inner", "Total Cost": 0.17, "Plan Width": 4}], "Join Type": "Inner", "Node Type": "Nested Loop", "Actual Total Time": 0.083, "Actual Rows": 0, "Parent Relationship": "Outer", "Total Cost": 113909.69, "Plan Width": 22}]}, "Triggers": [], "Planning Time": 6.46, "Execution Time": 0.314}]]]}
{"start_time": 1569073679.6406674, "plan": [[[{"Plan": {"Actual Startup Time": 0.088, "Plan Rows": 1, "Node Type": "Aggregate", "Actual Loops": 1, "Actual Total Time": 0.088, "Actual Rows": 1, "Plan Width": 22, "Startup Cost": 113566.76, "Strategy": "Plain", "Total Cost": 113566.77, "Plans": [{"Actual Startup Time": 0.085, "Plan Rows": 1, "Actual Loops": 1, "Startup Cost": 28.78, "Plans": [{"Actual Startup Time": 0.085, "Plan Rows": 1, "Join Filter": "(mi.movie_id = t.id)", "Actual Loops": 1, "Startup Cost": 28.63, "Rows Removed by Join Filter": 0, "Plans": [{"Actual Startup Time": 0.085, "Plan Rows": 1, "Join Filter": "(mi_idx.movie_id = mi.movie_id)", "Actual Loops": 1, "Startup Cost": 28.2, "Rows Removed by Join Filter": 0, "Plans": [{"Actual Startup Time": 0.085, "Plan Rows": 1, "Actual Loops": 1, "Startup Cost": 25.77, "Plans": [{"Actual Startup Time": 0.083, "Plan Rows": 47, "Actual Loops": 1, "Startup Cost": 25.35, "Hash Cond": "(mk.movie_id = mi.movie_id)", "Plans": [{"Actual Startup Time": 0.014, "Plan Rows": 4523930, "Actual Loops": 1, "Startup Cost": 0.0, "Alias": "mk", "Node Type": "Seq Scan", "Actual Total Time": 0.014, "Actual Rows": 1, "Parent Relationship": "Outer", "Relation Name": "movie_keyword", "Total Cost": 69693.3, "Plan Width": 8}, {"Actual Startup Time": 0.03, "Plan Rows": 1, "Peak Memory Usage": 8, "Actual Loops": 1, "Startup Cost": 25.34, "Original Hash Batches": 1, "Plans": [{"Actual Startup Time": 0.03, "Plan Rows": 1, "Join Filter": "(it1.id = mi.info_type_id)", "Actual Loops": 1, "Startup Cost": 0.0, "Rows Removed by Join Filter": 0, "Plans": [{"Actual Startup Time": 0.01, "Plan Rows": 1, "Actual Loops": 1, "Rows Removed by Filter": 112, "Startup Cost": 0.0, "Alias": "it1", "Node Type": "Seq Scan", "Actual Total Time": 0.028, "Actual Rows": 1, "Relation Name": "info_type", "Filter": "((info)::text = 'countries'::text)", "Parent Relationship": "Outer", "Total Cost": 2.41, "Plan Width": 4}, {"Actual Startup Time": 0.0, "Plan Rows": 20, "Actual Loops": 1, "Rows Removed by Filter": 0, "Startup Cost": 0.0, "Alias": "mi", "Node Type": "Seq Scan", "Actual Total Time": 0.0, "Actual Rows": 0, "Relation Name": "movie_info", "Filter": "(info = ANY ('{Chile,Germany,Macau,Djibouti,Kazakhstan}'::text[]))", "Parent Relationship": "Inner", "Total Cost": 22.68, "Plan Width": 8}], "Join Type": "Inner", "Node Type": "Nested Loop", "Actual Total Time": 0.03, "Actual Rows": 0, "Parent Relationship": "Outer", "Total Cost": 25.34, "Plan Width": 4}], "Hash Buckets": 1024, "Original Hash Buckets": 1024, "Node Type": "Hash", "Actual Total Time": 0.03, "Actual Rows": 0, "Parent Relationship": "Inner", "Hash Batches": 1, "Total Cost": 25.34, "Plan Width": 4}], "Join Type": "Inner", "Node Type": "Hash Join", "Actual Total Time": 0.083, "Actual Rows": 0, "Parent Relationship": "Outer", "Total Cost": 86683.86, "Plan Width": 12}, {"Index Name": "keyword_pkey", "Actual Startup Time": 0.0, "Relation Name": "keyword", "Actual Loops": 0, "Plan Rows": 1, "Startup Cost": 0.42, "Rows Removed by Index Recheck": 0, "Rows Removed by Filter": 0, "Alias": "k", "Node Type": "Index Scan", "Scan Direction": "Forward", "Actual Total Time": 0.0, "Actual Rows": 0, "Index Cond": "(id = mk.keyword_id)", "Filter": "(keyword = ANY ('{green-lakes-state-park,intermarriage,clicking-heels,diedre,pillory,martial-arts,cadillac-convertible,auto-fellatio,sex-in-a-field,immigration-detention-center,snow-angel}'::text[]))", "Parent Relationship": "Inner", "Total Cost": 0.45, "Plan Width": 4}], "Join Type": "Inner", "Node Type": "Nested Loop", "Actual Total Time": 0.085, "Actual Rows": 0, "Parent Relationship": "Outer", "Total Cost": 86705.6, "Plan Width": 8}, {"Actual Startup Time": 0.0, "Plan Rows": 3748, "Actual Loops": 0, "Startup Cost": 2.43, "Hash Cond": "(mi_idx.info_type_id = it2.id)", "Plans": [{"Actual Startup Time": 0.0, "Plan Rows": 423541, "Actual Loops": 0, "Rows Removed by Filter": 0, "Startup Cost": 0.0, "Alias": "mi_idx", "Node Type": "Seq Scan", "Actual Total Time": 0.0, "Actual Rows": 0, "Relation Name": "movie_info_idx", "Filter": "(info > '5.9'::text)", "Parent Relationship": "Outer", "Total Cost": 25185.44, "Plan Width": 13}, {"Actual Startup Time": 0.0, "Plan Rows": 1, "Node Type": "Hash", "Actual Loops": 0, "Actual Total Time": 0.0, "Actual Rows": 0, "Startup Cost": 2.41, "Plan Width": 4, "Parent Relationship": "Inner", "Total Cost": 2.41, "Plans": [{"Actual Startup Time": 0.0, "Plan Rows": 1, "Actual Loops": 0, "Rows Removed by Filter": 0, "Startup Cost": 0.0, "Alias": "it2", "Node Type": "Seq Scan", "Actual Total Time": 0.0, "Actual Rows": 0, "Relation Name": "info_type", "Filter": "((info)::text = 'rating'::text)", "Parent Relationship": "Outer", "Total Cost": 2.41, "Plan Width": 4}]}], "Join Type": "Inner", "Node Type": "Hash Join", "Actual Total Time": 0.0, "Actual Rows": 0, "Parent Relationship": "Inner", "Total Cost": 26813.62, "Plan Width": 9}], "Join Type": "Inner", "Node Type": "Nested Loop", "Actual Total Time": 0.085, "Actual Rows": 0, "Parent Relationship": "Outer", "Total Cost": 113566.07, "Plan Width": 17}, {"Index Name": "title_pkey", "Actual Startup Time": 0.0, "Relation Name": "title", "Actual Loops": 0, "Plan Rows": 1, "Startup Cost": 0.43, "Rows Removed by Index Recheck": 0, "Rows Removed by Filter": 0, "Alias": "t", "Node Type": "Index Scan", "Scan Direction": "Forward", "Actual Total Time": 0.0, "Actual Rows": 0, "Index Cond": "(id = mk.movie_id)", "Filter": "((production_year > 1966) AND ((title ~~ '%The%'::text) OR (title ~~ '%Crisis%'::text) OR (title ~~ '%Confesi\u00f3n%'::text)))", "Parent Relationship": "Inner", "Total Cost": 0.5, "Plan Width": 25}], "Join Type": "Inner", "Node Type": "Nested Loop", "Actual Total Time": 0.085, "Actual Rows": 0, "Parent Relationship": "Outer", "Total Cost": 113566.58, "Plan Width": 26}, {"Index Name": "kind_type_pkey", "Actual Startup Time": 0.0, "Relation Name": "kind_type", "Actual Loops": 0, "Plan Rows": 1, "Startup Cost": 0.15, "Rows Removed by Index Recheck": 0, "Rows Removed by Filter": 0, "Alias": "kt", "Node Type": "Index Scan", "Scan Direction": "Forward", "Actual Total Time": 0.0, "Actual Rows": 0, "Index Cond": "(id = t.kind_id)", "Filter": "((kind)::text = 'movie'::text)", "Parent Relationship": "Inner", "Total Cost": 0.17, "Plan Width": 4}], "Join Type": "Inner", "Node Type": "Nested Loop", "Actual Total Time": 0.085, "Actual Rows": 0, "Parent Relationship": "Outer", "Total Cost": 113566.76, "Plan Width": 22}]}, "Triggers": [], "Planning Time": 6.574, "Execution Time": 0.304}]]]}
{"start_time": 1569073679.6406674, "plan": [[[{"Plan": {"Actual Startup Time": 0.094, "Plan Rows": 1, "Node Type": "Aggregate", "Actual Loops": 1, "Actual Total Time": 0.094, "Actual Rows": 1, "Plan Width": 22, "Startup Cost": 114838.33, "Strategy": "Plain", "Total Cost": 114838.34, "Plans": [{"Actual Startup Time": 0.091, "Plan Rows": 1, "Actual Loops": 1, "Startup Cost": 32.86, "Plans": [{"Actual Startup Time": 0.091, "Plan Rows": 1, "Join Filter": "(mi.movie_id = t.id)", "Actual Loops": 1, "Startup Cost": 32.71, "Rows Removed by Join Filter": 0, "Plans": [{"Actual Startup Time": 0.091, "Plan Rows": 1, "Join Filter": "(mi_idx.movie_id = mi.movie_id)", "Actual Loops": 1, "Startup Cost": 32.28, "Rows Removed by Join Filter": 0, "Plans": [{"Actual Startup Time": 0.089, "Plan Rows": 1, "Actual Loops": 1, "Startup Cost": 29.86, "Plans": [{"Actual Startup Time": 0.089, "Plan Rows": 47, "Actual Loops": 1, "Startup Cost": 29.44, "Hash Cond": "(mk.movie_id = mi.movie_id)", "Plans": [{"Actual Startup Time": 0.015, "Plan Rows": 4523930, "Actual Loops": 1, "Startup Cost": 0.0, "Alias": "mk", "Node Type": "Seq Scan", "Actual Total Time": 0.015, "Actual Rows": 1, "Parent Relationship": "Outer", "Relation Name": "movie_keyword", "Total Cost": 69693.3, "Plan Width": 8}, {"Actual Startup Time": 0.033, "Plan Rows": 1, "Peak Memory Usage": 8, "Actual Loops": 1, "Startup Cost": 29.43, "Original Hash Batches": 1, "Plans": [{"Actual Startup Time": 0.032, "Plan Rows": 1, "Join Filter": "(it1.id = mi.info_type_id)", "Actual Loops": 1, "Startup Cost": 0.0, "Rows Removed by Join Filter": 0, "Plans": [{"Actual Startup Time": 0.01, "Plan Rows": 1, "Actual Loops": 1, "Rows Removed by Filter": 112, "Startup Cost": 0.0, "Alias": "it1", "Node Type": "Seq Scan", "Actual Total Time": 0.029, "Actual Rows": 1, "Relation Name": "info_type", "Filter": "((info)::text = 'countries'::text)", "Parent Relationship": "Outer", "Total Cost": 2.41, "Plan Width": 4}, {"Actual Startup Time": 0.0, "Plan Rows": 35, "Actual Loops": 1, "Rows Removed by Filter": 0, "Startup Cost": 0.0, "Alias": "mi", "Node Type": "Seq Scan", "Actual Total Time": 0.0, "Actual Rows": 0, "Relation Name": "movie_info", "Filter": "(info = ANY ('{Nepal,Iraq,Korea,Cuba,\"Czech Republic\",\"Costa Rica\",USA,Netherlands,China}'::text[]))", "Parent Relationship": "Inner", "Total Cost": 26.57, "Plan Width": 8}], "Join Type": "Inner", "Node Type": "Nested Loop", "Actual Total Time": 0.032, "Actual Rows": 0, "Parent Relationship": "Outer", "Total Cost": 29.43, "Plan Width": 4}], "Hash Buckets": 1024, "Original Hash Buckets": 1024, "Node Type": "Hash", "Actual Total Time": 0.033, "Actual Rows": 0, "Parent Relationship": "Inner", "Hash Batches": 1, "Total Cost": 29.43, "Plan Width": 4}], "Join Type": "Inner", "Node Type": "Hash Join", "Actual Total Time": 0.089, "Actual Rows": 0, "Parent Relationship": "Outer", "Total Cost": 86687.95, "Plan Width": 12}, {"Index Name": "keyword_pkey", "Actual Startup Time": 0.0, "Relation Name": "keyword", "Actual Loops": 0, "Plan Rows": 1, "Startup Cost": 0.42, "Rows Removed by Index Recheck": 0, "Rows Removed by Filter": 0, "Alias": "k", "Node Type": "Index Scan", "Scan Direction": "Forward", "Actual Total Time": 0.0, "Actual Rows": 0, "Index Cond": "(id = mk.keyword_id)", "Filter": "(keyword = 'aids'::text)", "Parent Relationship": "Inner", "Total Cost": 0.44, "Plan Width": 4}], "Join Type": "Inner", "Node Type": "Nested Loop", "Actual Total Time": 0.089, "Actual Rows": 0, "Parent Relationship": "Outer", "Total Cost": 86709.15, "Plan Width": 8}, {"Actual Startup Time": 0.0, "Plan Rows": 6590, "Actual Loops": 0, "Startup Cost": 2.43, "Hash Cond": "(mi_idx.info_type_id = it2.id)", "Plans": [{"Actual Startup Time": 0.0, "Plan Rows": 744625, "Actual Loops": 0, "Rows Removed by Filter": 0, "Startup Cost": 0.0, "Alias": "mi_idx", "Node Type": "Seq Scan", "Actual Total Time": 0.0, "Actual Rows": 0, "Relation Name": "movie_info_idx", "Filter": "(info > '2.7'::text)", "Parent Relationship": "Outer", "Total Cost": 25185.44, "Plan Width": 13}, {"Actual Startup Time": 0.0, "Plan Rows": 1, "Node Type": "Hash", "Actual Loops": 0, "Actual Total Time": 0.0, "Actual Rows": 0, "Startup Cost": 2.41, "Plan Width": 4, "Parent Relationship": "Inner", "Total Cost": 2.41, "Plans": [{"Actual Startup Time": 0.0, "Plan Rows": 1, "Actual Loops": 0, "Rows Removed by Filter": 0, "Startup Cost": 0.0, "Alias": "it2", "Node Type": "Seq Scan", "Actual Total Time": 0.0, "Actual Rows": 0, "Relation Name": "info_type", "Filter": "((info)::text = 'rating'::text)", "Parent Relationship": "Outer", "Total Cost": 2.41, "Plan Width": 4}]}], "Join Type": "Inner", "Node Type": "Hash Join", "Actual Total Time": 0.0, "Actual Rows": 0, "Parent Relationship": "Inner", "Total Cost": 28046.11, "Plan Width": 9}], "Join Type": "Inner", "Node Type": "Nested Loop", "Actual Total Time": 0.091, "Actual Rows": 0, "Parent Relationship": "Outer", "Total Cost": 114837.64, "Plan Width": 17}, {"Index Name": "title_pkey", "Actual Startup Time": 0.0, "Relation Name": "title", "Actual Loops": 0, "Plan Rows": 1, "Startup Cost": 0.43, "Rows Removed by Index Recheck": 0, "Rows Removed by Filter": 0, "Alias": "t", "Node Type": "Index Scan", "Scan Direction": "Forward", "Actual Total Time": 0.0, "Actual Rows": 0, "Index Cond": "(id = mk.movie_id)", "Filter": "((production_year > 1880) AND ((title ~~ '%The%'::text) OR (title ~~ '%Love%'::text) OR (title ~~ '%Place%'::text)))", "Parent Relationship": "Inner", "Total Cost": 0.5, "Plan Width": 25}], "Join Type": "Inner", "Node Type": "Nested Loop", "Actual Total Time": 0.091, "Actual Rows": 0, "Parent Relationship": "Outer", "Total Cost": 114838.15, "Plan Width": 26}, {"Index Name": "kind_type_pkey", "Actual Startup Time": 0.0, "Relation Name": "kind_type", "Actual Loops": 0, "Plan Rows": 1, "Startup Cost": 0.15, "Rows Removed by Index Recheck": 0, "Rows Removed by Filter": 0, "Alias": "kt", "Node Type": "Index Scan", "Scan Direction": "Forward", "Actual Total Time": 0.0, "Actual Rows": 0, "Index Cond": "(id = t.kind_id)", "Filter": "((kind)::text = 'tv movie'::text)", "Parent Relationship": "Inner", "Total Cost": 0.17, "Plan Width": 4}], "Join Type": "Inner", "Node Type": "Nested Loop", "Actual Total Time": 0.091, "Actual Rows": 0, "Parent Relationship": "Outer", "Total Cost": 114838.33, "Plan Width": 22}]}, "Triggers": [], "Planning Time": 6.634, "Execution Time": 0.386}]]]}
{"start_time": 1569073679.6406674, "plan": [[[{"Plan": {"Actual Startup Time": 0.096, "Plan Rows": 1, "Node Type": "Aggregate", "Actual Loops": 1, "Actual Total Time": 0.096, "Actual Rows": 1, "Plan Width": 22, "Startup Cost": 113757.77, "Strategy": "Plain", "Total Cost": 113757.78, "Plans": [{"Actual Startup Time": 0.093, "Plan Rows": 1, "Actual Loops": 1, "Startup Cost": 28.78, "Plans": [{"Actual Startup Time": 0.093, "Plan Rows": 1, "Join Filter": "(mi.movie_id = t.id)", "Actual Loops": 1, "Startup Cost": 28.63, "Rows Removed by Join Filter": 0, "Plans": [{"Actual Startup Time": 0.092, "Plan Rows": 1, "Join Filter": "(mi_idx.movie_id = mi.movie_id)", "Actual Loops": 1, "Startup Cost": 28.2, "Rows Removed by Join Filter": 0, "Plans": [{"Actual Startup Time": 0.092, "Plan Rows": 1, "Actual Loops": 1, "Startup Cost": 25.77, "Plans": [{"Actual Startup Time": 0.092, "Plan Rows": 47, "Actual Loops": 1, "Startup Cost": 25.35, "Hash Cond": "(mk.movie_id = mi.movie_id)", "Plans": [{"Actual Startup Time": 0.015, "Plan Rows": 4523930, "Actual Loops": 1, "Startup Cost": 0.0, "Alias": "mk", "Node Type": "Seq Scan", "Actual Total Time": 0.015, "Actual Rows": 1, "Parent Relationship": "Outer", "Relation Name": "movie_keyword", "Total Cost": 69693.3, "Plan Width": 8}, {"Actual Startup Time": 0.033, "Plan Rows": 1, "Peak Memory Usage": 8, "Actual Loops": 1, "Startup Cost": 25.34, "Original Hash Batches": 1, "Plans": [{"Actual Startup Time": 0.033, "Plan Rows": 1, "Join Filter": "(it1.id = mi.info_type_id)", "Actual Loops": 1, "Startup Cost": 0.0, "Rows Removed by Join Filter": 0, "Plans": [{"Actual Startup Time": 0.011, "Plan Rows": 1, "Actual Loops": 1, "Rows Removed by Filter": 112, "Startup Cost": 0.0, "Alias": "it1", "Node Type": "Seq Scan", "Actual Total Time": 0.03, "Actual Rows": 1, "Relation Name": "info_type", "Filter": "((info)::text = 'countries'::text)", "Parent Relationship": "Outer", "Total Cost": 2.41, "Plan Width": 4}, {"Actual Startup Time": 0.0, "Plan Rows": 20, "Actual Loops": 1, "Rows Removed by Filter": 0, "Startup Cost": 0.0, "Alias": "mi", "Node Type": "Seq Scan", "Actual Total Time": 0.0, "Actual Rows": 0, "Relation Name": "movie_info", "Filter": "(info = ANY ('{Portugal,USA,Slovakia,\"American Samoa\",Belarus}'::text[]))", "Parent Relationship": "Inner", "Total Cost": 22.68, "Plan Width": 8}], "Join Type": "Inner", "Node Type": "Nested Loop", "Actual Total Time": 0.033, "Actual Rows": 0, "Parent Relationship": "Outer", "Total Cost": 25.34, "Plan Width": 4}], "Hash Buckets": 1024, "Original Hash Buckets": 1024, "Node Type": "Hash", "Actual Total Time": 0.033, "Actual Rows": 0, "Parent Relationship": "Inner", "Hash Batches": 1, "Total Cost": 25.34, "Plan Width": 4}], "Join Type": "Inner", "Node Type": "Hash Join", "Actual Total Time": 0.092, "Actual Rows": 0, "Parent Relationship": "Outer", "Total Cost": 86683.86, "Plan Width": 12}, {"Index Name": "keyword_pkey", "Actual Startup Time": 0.0, "Relation Name": "keyword", "Actual Loops": 0, "Plan Rows": 1, "Startup Cost": 0.42, "Rows Removed by Index Recheck": 0, "Rows Removed by Filter": 0, "Alias": "k", "Node Type": "Index Scan", "Scan Direction": "Forward", "Actual Total Time": 0.0, "Actual Rows": 0, "Index Cond": "(id = mk.keyword_id)", "Filter": "(keyword = ANY ('{father-child-reunion,m270-multiple-launch-rocket-system,sister-sister-relationship}'::text[]))", "Parent Relationship": "Inner", "Total Cost": 0.44, "Plan Width": 4}], "Join Type": "Inner", "Node Type": "Nested Loop", "Actual Total Time": 0.092, "Actual Rows": 0, "Parent Relationship": "Outer", "Total Cost": 86705.13, "Plan Width": 8}, {"Actual Startup Time": 0.0, "Plan Rows": 4177, "Actual Loops": 0, "Startup Cost": 2.43, "Hash Cond": "(mi_idx.info_type_id = it2.id)", "Plans": [{"Actual Startup Time": 0.0, "Plan Rows": 472027, "Actual Loops": 0, "Rows Removed by Filter": 0, "Startup Cost": 0.0, "Alias": "mi_idx", "Node Type": "Seq Scan", "Actual Total Time": 0.0, "Actual Rows": 0, "Relation Name": "movie_info_idx", "Filter": "(info > '5.5'::text)", "Parent Relationship": "Outer", "Total Cost": 25185.44, "Plan Width": 13}, {"Actual Startup Time": 0.0, "Plan Rows": 1, "Node Type": "Hash", "Actual Loops": 0, "Actual Total Time": 0.0, "Actual Rows": 0, "Startup Cost": 2.41, "Plan Width": 4, "Parent Relationship": "Inner", "Total Cost": 2.41, "Plans": [{"Actual Startup Time": 0.0, "Plan Rows": 1, "Actual Loops": 0, "Rows Removed by Filter": 0, "Startup Cost": 0.0, "Alias": "it2", "Node Type": "Seq Scan", "Actual Total Time": 0.0, "Actual Rows": 0, "Relation Name": "info_type", "Filter": "((info)::text = 'rating'::text)", "Parent Relationship": "Outer", "Total Cost": 2.41, "Plan Width": 4}]}], "Join Type": "Inner", "Node Type": "Hash Join", "Actual Total Time": 0.0, "Actual Rows": 0, "Parent Relationship": "Inner", "Total Cost": 26999.73, "Plan Width": 9}], "Join Type": "Inner", "Node Type": "Nested Loop", "Actual Total Time": 0.092, "Actual Rows": 0, "Parent Relationship": "Outer", "Total Cost": 113757.07, "Plan Width": 17}, {"Index Name": "title_pkey", "Actual Startup Time": 0.0, "Relation Name": "title", "Actual Loops": 0, "Plan Rows": 1, "Startup Cost": 0.43, "Rows Removed by Index Recheck": 0, "Rows Removed by Filter": 0, "Alias": "t", "Node Type": "Index Scan", "Scan Direction": "Forward", "Actual Total Time": 0.0, "Actual Rows": 0, "Index Cond": "(id = mk.movie_id)", "Filter": "((production_year > 1959) AND ((title ~~ '%dem%'::text) OR (title ~~ '%Miracle%'::text) OR (title ~~ '%The%'::text)))", "Parent Relationship": "Inner", "Total Cost": 0.5, "Plan Width": 25}], "Join Type": "Inner", "Node Type": "Nested Loop", "Actual Total Time": 0.093, "Actual Rows": 0, "Parent Relationship": "Outer", "Total Cost": 113757.58, "Plan Width": 26}, {"Index Name": "kind_type_pkey", "Actual Startup Time": 0.0, "Relation Name": "kind_type", "Actual Loops": 0, "Plan Rows": 1, "Startup Cost": 0.15, "Rows Removed by Index Recheck": 0, "Rows Removed by Filter": 0, "Alias": "kt", "Node Type": "Index Scan", "Scan Direction": "Forward", "Actual Total Time": 0.0, "Actual Rows": 0, "Index Cond": "(id = t.kind_id)", "Filter": "((kind)::text = 'video movie'::text)", "Parent Relationship": "Inner", "Total Cost": 0.17, "Plan Width": 4}], "Join Type": "Inner", "Node Type": "Nested Loop", "Actual Total Time": 0.093, "Actual Rows": 0, "Parent Relationship": "Outer", "Total Cost": 113757.76, "Plan Width": 22}]}, "Triggers": [], "Planning Time": 6.998, "Execution Time": 0.334}]]]}
{"start_time": 1569073680.1732461, "plan": [[[{"Plan": {"Actual Startup Time": 0.074, "Plan Rows": 1, "Node Type": "Aggregate", "Actual Loops": 1, "Actual Total Time": 0.074, "Actual Rows": 1, "Plan Width": 22, "Startup Cost": 114869.58, "Strategy": "Plain", "Total Cost": 114869.59, "Plans": [{"Actual Startup Time": 0.07, "Plan Rows": 1, "Actual Loops": 1, "Startup Cost": 35.55, "Plans": [{"Actual Startup Time": 0.07, "Plan Rows": 1, "Join Filter": "(mi.movie_id = t.id)", "Actual Loops": 1, "Startup Cost": 35.4, "Rows Removed by Join Filter": 0, "Plans": [{"Actual Startup Time": 0.069, "Plan Rows": 1, "Join Filter": "(mi_idx.movie_id = mi.movie_id)", "Actual Loops": 1, "Startup Cost": 34.97, "Rows Removed by Join Filter": 0, "Plans": [{"Actual Startup Time": 0.068, "Plan Rows": 1, "Actual Loops": 1, "Startup Cost": 32.54, "Plans": [{"Actual Startup Time": 0.068, "Plan Rows": 47, "Actual Loops": 1, "Startup Cost": 32.12, "Hash Cond": "(mk.movie_id = mi.movie_id)", "Plans": [{"Actual Startup Time": 0.019, "Plan Rows": 4523930, "Actual Loops": 1, "Startup Cost": 0.0, "Alias": "mk", "Node Type": "Seq Scan", "Actual Total Time": 0.019, "Actual Rows": 1, "Parent Relationship": "Outer", "Relation Name": "movie_keyword", "Total Cost": 69693.3, "Plan Width": 8}, {"Actual Startup Time": 0.001, "Plan Rows": 1, "Peak Memory Usage": 8, "Actual Loops": 1, "Startup Cost": 32.11, "Original Hash Batches": 1, "Plans": [{"Actual Startup Time": 0.001, "Plan Rows": 1, "Actual Loops": 1, "Startup Cost": 2.43, "Hash Cond": "(mi.info_type_id = it1.id)", "Plans": [{"Actual Startup Time": 0.0, "Plan Rows": 47, "Actual Loops": 1, "Rows Removed by Filter": 0, "Startup Cost": 0.0, "Alias": "mi", "Node Type": "Seq Scan", "Actual Total Time": 0.0, "Actual Rows": 0, "Relation Name": "movie_info", "Filter": "(info = ANY ('{Macao,\"Papua New Guinea\",Italy,Libya,\"Saint Kitts and Nevis\",Lithuania,Bhutan,Djibouti,Philippines,Ghana,\"East Germany\",Albania}'::text[]))", "Parent Relationship": "Outer", "Total Cost": 29.5, "Plan Width": 8}, {"Actual Startup Time": 0.0, "Plan Rows": 1, "Node Type": "Hash", "Actual Loops": 0, "Actual Total Time": 0.0, "Actual Rows": 0, "Startup Cost": 2.41, "Plan Width": 4, "Parent Relationship": "Inner", "Total Cost": 2.41, "Plans": [{"Actual Startup Time": 0.0, "Plan Rows": 1, "Actual Loops": 0, "Rows Removed by Filter": 0, "Startup Cost": 0.0, "Alias": "it1", "Node Type": "Seq Scan", "Actual Total Time": 0.0, "Actual Rows": 0, "Relation Name": "info_type", "Filter": "((info)::text = 'countries'::text)", "Parent Relationship": "Outer", "Total Cost": 2.41, "Plan Width": 4}]}], "Join Type": "Inner", "Node Type": "Hash Join", "Actual Total Time": 0.001, "Actual Rows": 0, "Parent Relationship": "Outer", "Total Cost": 32.11, "Plan Width": 4}], "Hash Buckets": 1024, "Original Hash Buckets": 1024, "Node Type": "Hash", "Actual Total Time": 0.001, "Actual Rows": 0, "Parent Relationship": "Inner", "Hash Batches": 1, "Total Cost": 32.11, "Plan Width": 4}], "Join Type": "Inner", "Node Type": "Hash Join", "Actual Total Time": 0.068, "Actual Rows": 0, "Parent Relationship": "Outer", "Total Cost": 86690.63, "Plan Width": 12}, {"Index Name": "keyword_pkey", "Actual Startup Time": 0.0, "Relation Name": "keyword", "Actual Loops": 0, "Plan Rows": 1, "Startup Cost": 0.42, "Rows Removed by Index Recheck": 0, "Rows Removed by Filter": 0, "Alias": "k", "Node Type": "Index Scan", "Scan Direction": "Forward", "Actual Total Time": 0.0, "Actual Rows": 0, "Index Cond": "(id = mk.keyword_id)", "Filter": "(keyword = ANY ('{drammen-norway,animated-money,rich-man-poor-woman,high-school-comedy,sock,verdeant,record-hop}'::text[]))", "Parent Relationship": "Inner", "Total Cost": 0.45, "Plan Width": 4}], "Join Type": "Inner", "Node Type": "Nested Loop", "Actual Total Time": 0.068, "Actual Rows": 0, "Parent Relationship": "Outer", "Total Cost": 86712.13, "Plan Width": 8}, {"Actual Startup Time": 0.0, "Plan Rows": 6653, "Actual Loops": 0, "Startup Cost": 2.43, "Hash Cond": "(mi_idx.info_type_id = it2.id)", "Plans": [{"Actual Startup Time": 0.0, "Plan Rows": 751784, "Actual Loops": 0, "Rows Removed by Filter": 0, "Startup Cost": 0.0, "Alias": "mi_idx", "Node Type": "Seq Scan", "Actual Total Time": 0.0, "Actual Rows": 0, "Relation Name": "movie_info_idx", "Filter": "(info > '2.6'::text)", "Parent Relationship": "Outer", "Total Cost": 25185.44, "Plan Width": 13}, {"Actual Startup Time": 0.0, "Plan Rows": 1, "Node Type": "Hash", "Actual Loops": 0, "Actual Total Time": 0.0, "Actual Rows": 0, "Startup Cost": 2.41, "Plan Width": 4, "Parent Relationship": "Inner", "Total Cost": 2.41, "Plans": [{"Actual Startup Time": 0.0, "Plan Rows": 1, "Actual Loops": 0, "Rows Removed by Filter": 0, "Startup Cost": 0.0, "Alias": "it2", "Node Type": "Seq Scan", "Actual Total Time": 0.0, "Actual Rows": 0, "Relation Name": "info_type", "Filter": "((info)::text = 'rating'::text)", "Parent Relationship": "Outer", "Total Cost": 2.41, "Plan Width": 4}]}], "Join Type": "Inner", "Node Type": "Hash Join", "Actual Total Time": 0.0, "Actual Rows": 0, "Parent Relationship": "Inner", "Total Cost": 28073.58, "Plan Width": 9}], "Join Type": "Inner", "Node Type": "Nested Loop", "Actual Total Time": 0.069, "Actual Rows": 0, "Parent Relationship": "Outer", "Total Cost": 114868.88, "Plan Width": 17}, {"Index Name": "title_pkey", "Actual Startup Time": 0.0, "Relation Name": "title", "Actual Loops": 0, "Plan Rows": 1, "Startup Cost": 0.43, "Rows Removed by Index Recheck": 0, "Rows Removed by Filter": 0, "Alias": "t", "Node Type": "Index Scan", "Scan Direction": "Forward", "Actual Total Time": 0.0, "Actual Rows": 0, "Index Cond": "(id = mk.movie_id)", "Filter": "((production_year > 2002) AND ((title ~~ '%Off%'::text) OR (title ~~ '%The%'::text) OR (title ~~ '%famille%'::text)))", "Parent Relationship": "Inner", "Total Cost": 0.5, "Plan Width": 25}], "Join Type": "Inner", "Node Type": "Nested Loop", "Actual Total Time": 0.07, "Actual Rows": 0, "Parent Relationship": "Outer", "Total Cost": 114869.39, "Plan Width": 26}, {"Index Name": "kind_type_pkey", "Actual Startup Time": 0.0, "Relation Name": "kind_type", "Actual Loops": 0, "Plan Rows": 1, "Startup Cost": 0.15, "Rows Removed by Index Recheck": 0, "Rows Removed by Filter": 0, "Alias": "kt", "Node Type": "Index Scan", "Scan Direction": "Forward", "Actual Total Time": 0.0, "Actual Rows": 0, "Index Cond": "(id = t.kind_id)", "Filter": "((kind)::text = 'movie'::text)", "Parent Relationship": "Inner", "Total Cost": 0.17, "Plan Width": 4}], "Join Type": "Inner", "Node Type": "Nested Loop", "Actual Total Time": 0.07, "Actual Rows": 0, "Parent Relationship": "Outer", "Total Cost": 114869.57, "Plan Width": 22}]}, "Triggers": [], "Planning Time": 6.819, "Execution Time": 0.322}]]]}
